Wrote 13 bonds to ../bond_distances_MINDO_C4H10.csv
[MINDO/3]
Nuclear Repulsion Energy is 3907.87 eV.
Electron Energy is -1551.73 eV.
x
     -38.287      18.4971  1.49541e-13   1.9005e-14     -16.9065      15.1524  -2.3328e-14  1.63182e-15      -2.7961       7.4654 -1.88959e-14 -2.09656e-15     0.511274     -3.44717  6.38359e-14 -2.99324e-15     -3.63187     -7.91019     -7.91019     -11.7767     -11.7767     0.247715     0.247715    0.0723455    -0.696055    -0.696055
     18.4971     -66.7373 -2.88785e-13 -6.25363e-15      -16.479     -3.21326  4.09587e-14  2.57288e-14     -5.46503      18.6608  4.35096e-14 -1.23349e-14      5.15411     -6.08151 -9.16909e-14 -1.85946e-15    -0.325064     -2.49589     -2.49589      2.33469      2.33469     0.855428     0.855428     -1.08475     -2.99798     -2.99798
 1.49541e-13 -2.88785e-13     -40.5129  -3.8671e-14  2.55348e-14 -2.19738e-14     -26.4274 -1.00814e-14 -5.70804e-15  1.49925e-14     -3.93552 -1.27752e-14  3.89143e-14   4.7905e-14       13.642  3.74918e-14 -7.36935e-14     -8.22977      8.22977     -11.9092      11.9092      2.48597     -2.48597 -2.93606e-15     -2.02609      2.02609
  1.9005e-14 -6.25363e-15  -3.8671e-14     -61.2654  1.50106e-14 -2.44993e-14 -1.50612e-14     -33.4175  1.27633e-14  2.57876e-15 -7.19337e-15     -9.23689  9.03844e-16  4.30476e-15 -5.32095e-14      13.8128 -6.64712e-15 -1.60898e-14    -2.27e-14  4.06237e-14 -6.33744e-14 -1.52342e-14  2.58393e-14 -4.74846e-15  2.65411e-14 -2.89224e-14
    -16.9065      -16.479  2.55348e-14  1.50106e-14     -23.3207      1.47896  1.50444e-14  8.90504e-15     -13.8834      13.2645 -4.29992e-16 -4.51818e-15     -2.43973      4.70414 -4.28049e-15 -4.16084e-16     -1.60009     -2.76381     -2.76381     -9.65138     -9.65138     -3.79968     -3.79968    -0.495542    -0.628382    -0.628382
     15.1524     -3.21326 -2.19738e-14 -2.44993e-14      1.47896     -15.7859  1.11916e-14 -1.87638e-14     -12.2063     -5.16707  1.75176e-15  2.81385e-15     -8.46664      15.8584 -2.00156e-14  6.45682e-15       1.2755      5.96266      5.96266      2.17717      2.17717     -6.43526     -6.43526    -0.136757      1.77403      1.77403
 -2.3328e-14  4.09587e-14     -26.4274 -1.50612e-14  1.50444e-14  1.11916e-14     -24.9232 -1.74036e-16   1.5935e-15 -9.61109e-16     -14.7401 -6.75388e-15  1.39625e-14  1.90995e-14     -2.46403   9.7369e-15 -9.35883e-15     0.357877    -0.357877     -11.1721      11.1721     -3.86266      3.86266 -1.32593e-14     0.776981    -0.776981
 1.63182e-15  2.57288e-14 -1.00814e-14     -33.4175  8.90504e-15 -1.87638e-14 -1.74036e-16     -22.1178  2.09354e-15 -3.02458e-15  3.48065e-15     -13.8442 -1.75425e-15  1.59193e-14 -1.23073e-14     -7.76562 -7.71365e-15  3.70251e-14 -3.29615e-14  8.02336e-15 -3.62307e-14  2.92564e-15  1.34257e-15 -3.77538e-15 -3.03432e-14  3.56365e-14
     -2.7961     -5.46503 -5.70804e-15  1.27633e-14     -13.8834     -12.2063   1.5935e-15  2.09354e-15     -23.0085     -1.51706 -9.58614e-16  7.47694e-15     -16.9849      17.2581 -2.73521e-15 -2.69433e-16    -0.424108    -0.310506    -0.310506      -3.9674      -3.9674     -9.24518     -9.24518     -1.78794     -2.83534     -2.83534
      7.4654      18.6608  1.49925e-14  2.57876e-15      13.2645     -5.16707 -9.61109e-16 -3.02458e-15     -1.51706     -17.6267 -3.22602e-15  7.11745e-15     -14.2556       2.2755 -7.20529e-15 -1.03863e-14     0.576793     -2.00324     -2.00324      6.79289      6.79289     -1.62868     -1.62868     -2.15497     -5.88734     -5.88734
-1.88959e-14  4.35096e-14     -3.93552 -7.19337e-15 -4.29992e-16  1.75176e-15     -14.7401  3.48065e-15 -9.58614e-16 -3.22602e-15     -24.2676 -1.36832e-14  2.09052e-15  2.00487e-14     -26.6334 -4.08118e-14  2.26397e-14      1.18405     -1.18405     -4.13908      4.13908      -10.525       10.525 -7.67457e-15      0.38201     -0.38201
-2.09656e-15 -1.23349e-14 -1.27752e-14     -9.23689 -4.51818e-15  2.81385e-15 -6.75388e-15     -13.8442  7.47694e-15  7.11745e-15 -1.36832e-14     -21.3266  3.20256e-15 -9.64231e-15  1.68279e-14     -32.5519 -7.01044e-15  1.75257e-15   2.2664e-14 -2.13793e-15 -2.15539e-14  1.95426e-15  2.40574e-14  1.69862e-15 -1.14752e-14 -1.37039e-14
    0.511274      5.15411  3.89143e-14  9.03844e-16     -2.43973     -8.46664  1.39625e-14 -1.75425e-15     -16.9849     -14.2556  2.09052e-15  3.20256e-15     -28.5829      2.46127 -9.26094e-15  2.18706e-15     0.201555     -1.12769     -1.12769     0.269296     0.269296     -5.58057     -5.58057     -9.35597     -13.1974     -13.1974
    -3.44717     -6.08151   4.7905e-14  4.30476e-15      4.70414      15.8584  1.90995e-14  1.59193e-14      17.2581       2.2755  2.00487e-14 -9.64231e-15      2.46127     -33.0551   1.3379e-14  2.18402e-14     0.623053      2.32514      2.32514     -1.44295     -1.44295      10.6036      10.6036     -10.4145     -9.70189     -9.70189
 6.38359e-14 -9.16909e-14       13.642 -5.32095e-14 -4.28049e-15 -2.00156e-14     -2.46403 -1.23073e-14 -2.73521e-15 -7.20529e-15     -26.6334  1.68279e-14 -9.26094e-15   1.3379e-14     -43.9946  1.81307e-14 -2.53714e-14     -2.48921      2.48921      3.69219     -3.69219     -12.5468      12.5468  1.43124e-14     -6.46181      6.46181
-2.99324e-15 -1.85946e-15  3.74918e-14      13.8128 -4.16084e-16  6.45682e-15   9.7369e-15     -7.76562 -2.69433e-16 -1.03863e-14 -4.08118e-14     -32.5519  2.18706e-15  2.18402e-14  1.81307e-14     -63.2902  2.67007e-15 -2.90275e-14   6.2338e-15  1.43612e-14  8.36159e-15 -1.90306e-14  3.56551e-14 -3.32287e-15  1.38036e-14 -1.24226e-14
    -3.63187    -0.325064 -7.36935e-14 -6.64712e-15     -1.60009       1.2755 -9.35883e-15 -7.71365e-15    -0.424108     0.576793  2.26397e-14 -7.01044e-15     0.201555     0.623053 -2.53714e-14  2.67007e-15     -35.3945       1.2545       1.2545       2.3963       2.3963    -0.212843    -0.212843    -0.146242    -0.166338    -0.166338
    -7.91019     -2.49589     -8.22977 -1.60898e-14     -2.76381      5.96266     0.357877  3.70251e-14    -0.310506     -2.00324      1.18405  1.75257e-15     -1.12769      2.32514     -2.48921 -2.90275e-14       1.2545     -31.3136       1.1635      8.42774     0.706764    -0.515212    -0.533594   -0.0309488     0.609348   -0.0765346
    -7.91019     -2.49589      8.22977    -2.27e-14     -2.76381      5.96266    -0.357877 -3.29615e-14    -0.310506     -2.00324     -1.18405   2.2664e-14     -1.12769      2.32514      2.48921   6.2338e-15       1.2545       1.1635     -31.3136     0.706764      8.42774    -0.533594    -0.515212   -0.0309488   -0.0765346     0.609348
    -11.7767      2.33469     -11.9092  4.06237e-14     -9.65138      2.17717     -11.1721  8.02336e-15      -3.9674      6.79289     -4.13908 -2.13793e-15     0.269296     -1.44295      3.69219  1.43612e-14       2.3963      8.42774     0.706764     -13.1084      -2.1751    -0.506418    -0.200172    -0.129951    -0.679548    -0.211133
    -11.7767      2.33469      11.9092 -6.33744e-14     -9.65138      2.17717      11.1721 -3.62307e-14      -3.9674      6.79289      4.13908 -2.15539e-14     0.269296     -1.44295     -3.69219  8.36159e-15       2.3963     0.706764      8.42774      -2.1751     -13.1084    -0.200172    -0.506418    -0.129951    -0.211133    -0.679548
    0.247715     0.855428      2.48597 -1.52342e-14     -3.79968     -6.43526     -3.86266  2.92564e-15     -9.24518     -1.62868      -10.525  1.95426e-15     -5.58057      10.6036     -12.5468 -1.90306e-14    -0.212843    -0.515212    -0.533594    -0.506418    -0.200172     -8.67314      1.02875    -0.592247      4.71874     -2.11883
    0.247715     0.855428     -2.48597  2.58393e-14     -3.79968     -6.43526      3.86266  1.34257e-15     -9.24518     -1.62868       10.525  2.40574e-14     -5.58057      10.6036      12.5468  3.56551e-14    -0.212843    -0.533594    -0.515212    -0.200172    -0.506418      1.02875     -8.67314    -0.592247     -2.11883      4.71874
   0.0723455     -1.08475 -2.93606e-15 -4.74846e-15    -0.495542    -0.136757 -1.32593e-14 -3.77538e-15     -1.78794     -2.15497 -7.67457e-15  1.69862e-15     -9.35597     -10.4145  1.43124e-14 -3.32287e-15    -0.146242   -0.0309488   -0.0309488    -0.129951    -0.129951    -0.592247    -0.592247     -32.7603      3.96698      3.96698
   -0.696055     -2.99798     -2.02609  2.65411e-14    -0.628382      1.77403     0.776981 -3.03432e-14     -2.83534     -5.88734      0.38201 -1.14752e-14     -13.1974     -9.70189     -6.46181  1.38036e-14    -0.166338     0.609348   -0.0765346    -0.679548    -0.211133      4.71874     -2.11883      3.96698      -29.377      4.21145
   -0.696055     -2.99798      2.02609 -2.89224e-14    -0.628382      1.77403    -0.776981  3.56365e-14     -2.83534     -5.88734     -0.38201 -1.37039e-14     -13.1974     -9.70189      6.46181 -1.24226e-14    -0.166338   -0.0765346     0.609348    -0.211133    -0.679548     -2.11883      4.71874      3.96698      4.21145      -29.377
y
 -18.5475         0         0         0   -18.541         0         0         0  -17.9525         0         0         0   -16.108         0         0         0   -3.1146  -3.39251  -3.39251  -4.40994  -4.40994  -4.48259  -4.48259  -3.24307  -3.42361  -3.42361
        0         0         0         0         0         0         0         0         0         0         0         0         0         0         0         0         0         0         0         0         0         0         0         0         0         0
        0         0         0         0         0         0         0         0         0         0         0         0         0         0         0         0         0         0         0         0         0         0         0         0         0         0
        0         0         0         0         0         0         0         0         0         0         0         0         0         0         0         0         0         0         0         0         0         0         0         0         0         0
  -18.541         0         0         0  -12.7427         0         0         0  -12.4759         0         0         0  -16.1612         0         0         0  -5.88563  -5.46554  -5.46554  -3.59411  -3.59411  -3.02949  -3.02949  -5.59825  -5.23409  -5.23409
        0         0         0         0         0         0         0         0         0         0         0         0         0         0         0         0         0         0         0         0         0         0         0         0         0         0
        0         0         0         0         0         0         0         0         0         0         0         0         0         0         0         0         0         0         0         0         0         0         0         0         0         0
        0         0         0         0         0         0         0         0         0         0         0         0         0         0         0         0         0         0         0         0         0         0         0         0         0         0
 -17.9525         0         0         0  -12.4759         0         0         0  -12.7448         0         0         0  -16.7695         0         0         0  -5.88171  -5.44309  -5.44309  -3.51481  -3.51481  -3.10169  -3.10169  -5.60086  -5.25436  -5.25436
        0         0         0         0         0         0         0         0         0         0         0         0         0         0         0         0         0         0         0         0         0         0         0         0         0         0
        0         0         0         0         0         0         0         0         0         0         0         0         0         0         0         0         0         0         0         0         0         0         0         0         0         0
        0         0         0         0         0         0         0         0         0         0         0         0         0         0         0         0         0         0         0         0         0         0         0         0         0         0
  -16.108         0         0         0  -16.1612         0         0         0  -16.7695         0         0         0  -18.2282         0         0         0    -3.979   -3.9909   -3.9909  -4.01474  -4.01474  -4.17861  -4.17861  -4.09087  -4.15836  -4.15836
        0         0         0         0         0         0         0         0         0         0         0         0         0         0         0         0         0         0         0         0         0         0         0         0         0         0
        0         0         0         0         0         0         0         0         0         0         0         0         0         0         0         0         0         0         0         0         0         0         0         0         0         0
        0         0         0         0         0         0         0         0         0         0         0         0         0         0         0         0         0         0         0         0         0         0         0         0         0         0
  -3.1146         0         0         0  -5.88563         0         0         0  -5.88171         0         0         0    -3.979         0         0         0  -1.99943 -0.287664 -0.287664  -1.27148  -1.27148   -1.5008   -1.5008 -0.207604 -0.389251 -0.389251
 -3.39251         0         0         0  -5.46554         0         0         0  -5.44309         0         0         0   -3.9909         0         0         0 -0.287664  -1.96611 -0.455012  -1.31061  -1.20178  -1.38366  -1.38369  -0.39348 -0.533076 -0.532512
 -3.39251         0         0         0  -5.46554         0         0         0  -5.44309         0         0         0   -3.9909         0         0         0 -0.287664 -0.455012  -1.96611  -1.20178  -1.31061  -1.38369  -1.38366  -0.39348 -0.532512 -0.533076
 -4.40994         0         0         0  -3.59411         0         0         0  -3.51481         0         0         0  -4.01474         0         0         0  -1.27148  -1.31061  -1.20178  -1.19132 -0.933449 -0.859582 -0.859248  -1.22287  -1.17248  -1.17183
 -4.40994         0         0         0  -3.59411         0         0         0  -3.51481         0         0         0  -4.01474         0         0         0  -1.27148  -1.20178  -1.31061 -0.933449  -1.19132 -0.859248 -0.859582  -1.22287  -1.17183  -1.17248
 -4.48259         0         0         0  -3.02949         0         0         0  -3.10169         0         0         0  -4.17861         0         0         0   -1.5008  -1.38366  -1.38369 -0.859582 -0.859248 -0.847597 -0.733144  -1.42544  -1.36187  -1.33443
 -4.48259         0         0         0  -3.02949         0         0         0  -3.10169         0         0         0  -4.17861         0         0         0   -1.5008  -1.38369  -1.38366 -0.859248 -0.859582 -0.733144 -0.847597  -1.42544  -1.33443  -1.36187
 -3.24307         0         0         0  -5.59825         0         0         0  -5.60086         0         0         0  -4.09087         0         0         0 -0.207604  -0.39348  -0.39348  -1.22287  -1.22287  -1.42544  -1.42544   -1.9838 -0.505992 -0.505992
 -3.42361         0         0         0  -5.23409         0         0         0  -5.25436         0         0         0  -4.15836         0         0         0 -0.389251 -0.533076 -0.532512  -1.17248  -1.17183  -1.36187  -1.33443 -0.505992  -1.93231 -0.627879
 -3.42361         0         0         0  -5.23409         0         0         0  -5.25436         0         0         0  -4.15836         0         0         0 -0.389251 -0.532512 -0.533076  -1.17183  -1.17248  -1.33443  -1.36187 -0.505992 -0.627879  -1.93231
Suv_RA (A is the center of u)
s 00/dR_A is: x:-292.3860 y:-0.0000 z: -0.0000
s 01/dR_A is: x:-0.0000 y:-0.0000 z: -0.0000
s 02/dR_A is: x:-0.0000 y:-0.0000 z: -0.0000
s 03/dR_A is: x:+0.0000 y:+0.0000 z: -0.0000
s 04/dR_A is: x:+0.3147 y:+0.0000 z: +0.0000
s 05/dR_A is: x:+0.0401 y:+0.0000 z: +0.0000
s 06/dR_A is: x:+0.0000 y:+0.3307 z: +0.0000
s 07/dR_A is: x:+0.0000 y:+0.0000 z: +0.3307
s 08/dR_A is: x:+0.2139 y:+0.0000 z: +0.0000
s 09/dR_A is: x:-0.1912 y:+0.0000 z: +0.0000
s 010/dR_A is: x:+0.0000 y:+0.0986 z: +0.0000
s 011/dR_A is: x:+0.0000 y:+0.0000 z: +0.0986
s 012/dR_A is: x:+0.0654 y:+0.0000 z: +0.0000
s 013/dR_A is: x:-0.0857 y:+0.0000 z: +0.0000
s 014/dR_A is: x:+0.0000 y:+0.0185 z: +0.0000
s 015/dR_A is: x:+0.0000 y:+0.0000 z: +0.0185
s 016/dR_A is: x:-0.2873 y:+0.0000 z: +0.0000
s 017/dR_A is: x:+0.0000 y:+0.2873 z: +0.0000
s 018/dR_A is: x:+0.0000 y:-0.2873 z: +0.0000
s 019/dR_A is: x:+0.2584 y:+0.1829 z: +0.0000
s 020/dR_A is: x:+0.2584 y:-0.1829 z: +0.0000
s 021/dR_A is: x:+0.1599 y:+0.0566 z: +0.0000
s 022/dR_A is: x:+0.1599 y:-0.0566 z: +0.0000
s 023/dR_A is: x:+0.0198 y:+0.0000 z: +0.0000
s 024/dR_A is: x:+0.0510 y:+0.0120 z: +0.0000
s 025/dR_A is: x:+0.0510 y:-0.0120 z: +0.0000
s 10/dR_A is: x:-0.0000 y:-0.0000 z: +0.0000
s 11/dR_A is: x:-283.9070 y:-0.0000 z: -0.0000
s 12/dR_A is: x:-0.0000 y:-0.0000 z: -0.0000
s 13/dR_A is: x:-0.0000 y:+0.0000 z: +0.0000
s 14/dR_A is: x:-0.0401 y:+0.0000 z: +0.0000
s 15/dR_A is: x:+0.6107 y:+0.0000 z: +0.0000
s 16/dR_A is: x:+0.0000 y:+0.3862 z: +0.0000
s 17/dR_A is: x:+0.0000 y:+0.0000 z: +0.3862
s 18/dR_A is: x:+0.1912 y:+0.0000 z: +0.0000
s 19/dR_A is: x:-0.1032 y:+0.0000 z: +0.0000
s 110/dR_A is: x:+0.0000 y:+0.1418 z: +0.0000
s 111/dR_A is: x:+0.0000 y:+0.0000 z: +0.1418
s 112/dR_A is: x:+0.0857 y:+0.0000 z: +0.0000
s 113/dR_A is: x:-0.0968 y:+0.0000 z: +0.0000
s 114/dR_A is: x:+0.0000 y:+0.0302 z: +0.0000
s 115/dR_A is: x:+0.0000 y:+0.0000 z: +0.0302
s 116/dR_A is: x:-0.1556 y:+0.0000 z: +0.0000
s 117/dR_A is: x:-0.4732 y:+0.0000 z: +0.0000
s 118/dR_A is: x:-0.4732 y:+0.0000 z: +0.0000
s 119/dR_A is: x:+0.0146 y:+0.1966 z: +0.0000
s 120/dR_A is: x:+0.0146 y:-0.1966 z: +0.0000
s 121/dR_A is: x:+0.1391 y:+0.0746 z: +0.0000
s 122/dR_A is: x:+0.1391 y:-0.0746 z: +0.0000
s 123/dR_A is: x:+0.0282 y:+0.0000 z: +0.0000
s 124/dR_A is: x:+0.0612 y:+0.0178 z: +0.0000
s 125/dR_A is: x:+0.0612 y:-0.0178 z: +0.0000
s 20/dR_A is: x:-0.0000 y:-0.0000 z: -0.0000
s 21/dR_A is: x:-0.0000 y:-0.0000 z: -0.0000
s 22/dR_A is: x:-324.3660 y:-0.0000 z: -0.0000
s 23/dR_A is: x:-0.0000 y:-0.0000 z: -0.0000
s 24/dR_A is: x:+0.0000 y:-0.3307 z: +0.0000
s 25/dR_A is: x:+0.0000 y:+0.3862 z: +0.0000
s 26/dR_A is: x:+0.3862 y:+0.0000 z: +0.0000
s 27/dR_A is: x:+0.0000 y:+0.0000 z: +0.0000
s 28/dR_A is: x:+0.0000 y:-0.0986 z: +0.0000
s 29/dR_A is: x:+0.0000 y:+0.1418 z: +0.0000
s 210/dR_A is: x:+0.1418 y:+0.0000 z: +0.0000
s 211/dR_A is: x:+0.0000 y:+0.0000 z: +0.0000
s 212/dR_A is: x:+0.0000 y:-0.0185 z: +0.0000
s 213/dR_A is: x:+0.0000 y:+0.0302 z: +0.0000
s 214/dR_A is: x:+0.0302 y:+0.0000 z: +0.0000
s 215/dR_A is: x:+0.0000 y:+0.0000 z: +0.0000
s 216/dR_A is: x:+0.0000 y:-0.4732 z: +0.0000
s 217/dR_A is: x:+0.0000 y:-0.1556 z: +0.0000
s 218/dR_A is: x:+0.0000 y:-0.1556 z: +0.0000
s 219/dR_A is: x:+0.1966 y:-0.1240 z: +0.0000
s 220/dR_A is: x:-0.1966 y:-0.1240 z: +0.0000
s 221/dR_A is: x:+0.0746 y:-0.0453 z: +0.0000
s 222/dR_A is: x:-0.0746 y:-0.0453 z: +0.0000
s 223/dR_A is: x:+0.0000 y:-0.0044 z: +0.0000
s 224/dR_A is: x:+0.0178 y:-0.0103 z: +0.0000
s 225/dR_A is: x:-0.0178 y:-0.0103 z: +0.0000
s 30/dR_A is: x:+0.0000 y:-0.0000 z: -0.0000
s 31/dR_A is: x:-0.0000 y:-0.0000 z: -0.0000
s 32/dR_A is: x:-0.0000 y:-0.0000 z: -0.0000
s 33/dR_A is: x:-324.3660 y:-0.0000 z: -0.0000
s 34/dR_A is: x:+0.0000 y:+0.0000 z: -0.3307
s 35/dR_A is: x:+0.0000 y:+0.0000 z: +0.3862
s 36/dR_A is: x:+0.0000 y:+0.0000 z: +0.0000
s 37/dR_A is: x:+0.3862 y:+0.0000 z: +0.0000
s 38/dR_A is: x:+0.0000 y:+0.0000 z: -0.0986
s 39/dR_A is: x:+0.0000 y:+0.0000 z: +0.1418
s 310/dR_A is: x:+0.0000 y:+0.0000 z: +0.0000
s 311/dR_A is: x:+0.1418 y:+0.0000 z: +0.0000
s 312/dR_A is: x:+0.0000 y:+0.0000 z: -0.0185
s 313/dR_A is: x:+0.0000 y:+0.0000 z: +0.0302
s 314/dR_A is: x:+0.0000 y:+0.0000 z: +0.0000
s 315/dR_A is: x:+0.0302 y:+0.0000 z: +0.0000
s 316/dR_A is: x:+0.0000 y:+0.0000 z: -0.4732
s 317/dR_A is: x:+0.0000 y:+0.0000 z: -0.4732
s 318/dR_A is: x:+0.0000 y:+0.0000 z: -0.4732
s 319/dR_A is: x:+0.0000 y:+0.0000 z: -0.2631
s 320/dR_A is: x:+0.0000 y:+0.0000 z: -0.2631
s 321/dR_A is: x:+0.0000 y:+0.0000 z: -0.0717
s 322/dR_A is: x:+0.0000 y:+0.0000 z: -0.0717
s 323/dR_A is: x:+0.0000 y:+0.0000 z: -0.0044
s 324/dR_A is: x:+0.0000 y:+0.0000 z: -0.0145
s 325/dR_A is: x:+0.0000 y:+0.0000 z: -0.0145
s 40/dR_A is: x:-0.3147 y:+0.0000 z: +0.0000
s 41/dR_A is: x:+0.0401 y:+0.0000 z: +0.0000
s 42/dR_A is: x:+0.0000 y:+0.3307 z: +0.0000
s 43/dR_A is: x:+0.0000 y:+0.0000 z: +0.3307
s 44/dR_A is: x:-292.3860 y:+0.0000 z: -0.0000
s 45/dR_A is: x:-0.0000 y:-0.0000 z: -0.0000
s 46/dR_A is: x:-0.1265 y:+0.1722 z: +0.0406
s 47/dR_A is: x:-1.4037 y:+1.0446 z: -0.7393
s 48/dR_A is: x:+0.3147 y:+0.0000 z: +0.0000
s 49/dR_A is: x:+0.0401 y:+0.0000 z: +0.0000
s 410/dR_A is: x:+0.0000 y:+0.3307 z: +0.0000
s 411/dR_A is: x:+0.0000 y:+0.0000 z: +0.3307
s 412/dR_A is: x:+0.2139 y:+0.0000 z: +0.0000
s 413/dR_A is: x:-0.1912 y:+0.0000 z: +0.0000
s 414/dR_A is: x:+0.0000 y:+0.0986 z: +0.0000
s 415/dR_A is: x:+0.0000 y:+0.0000 z: +0.0986
s 416/dR_A is: x:-0.2444 y:+0.0000 z: +0.0000
s 417/dR_A is: x:-0.2584 y:+0.1829 z: +0.0000
s 418/dR_A is: x:-0.2584 y:-0.1829 z: +0.0000
s 419/dR_A is: x:+0.0000 y:+0.2873 z: +0.0000
s 420/dR_A is: x:+0.0000 y:-0.2873 z: +0.0000
s 421/dR_A is: x:+0.2584 y:+0.1829 z: +0.0000
s 422/dR_A is: x:+0.2584 y:-0.1829 z: +0.0000
s 423/dR_A is: x:+0.0868 y:+0.0000 z: +0.0000
s 424/dR_A is: x:+0.1599 y:+0.0566 z: +0.0000
s 425/dR_A is: x:+0.1599 y:-0.0566 z: +0.0000
s 50/dR_A is: x:-0.0401 y:+0.0000 z: +0.0000
s 51/dR_A is: x:-0.6107 y:+0.0000 z: +0.0000
s 52/dR_A is: x:+0.0000 y:-0.3862 z: +0.0000
s 53/dR_A is: x:+0.0000 y:+0.0000 z: -0.3862
s 54/dR_A is: x:-0.0000 y:+0.0423 z: +0.1265
s 55/dR_A is: x:-283.9070 y:+0.0000 z: +0.0000
s 56/dR_A is: x:-0.0000 y:-0.0000 z: -0.0000
s 57/dR_A is: x:-0.0000 y:-0.0000 z: -0.0000
s 58/dR_A is: x:-0.0401 y:+0.0000 z: +0.0000
s 59/dR_A is: x:+0.6107 y:+0.0000 z: +0.0000
s 510/dR_A is: x:+0.0000 y:+0.3862 z: +0.0000
s 511/dR_A is: x:+0.0000 y:+0.0000 z: +0.3862
s 512/dR_A is: x:+0.1912 y:+0.0000 z: +0.0000
s 513/dR_A is: x:-0.1032 y:+0.0000 z: +0.0000
s 514/dR_A is: x:+0.0000 y:+0.1418 z: +0.0000
s 515/dR_A is: x:+0.0000 y:+0.0000 z: +0.1418
s 516/dR_A is: x:+0.2032 y:+0.0000 z: +0.0000
s 517/dR_A is: x:+0.0146 y:-0.1966 z: +0.0000
s 518/dR_A is: x:+0.0146 y:+0.1966 z: +0.0000
s 519/dR_A is: x:-0.4732 y:+0.0000 z: +0.0000
s 520/dR_A is: x:-0.4732 y:-0.0000 z: +0.0000
s 521/dR_A is: x:+0.0146 y:+0.1966 z: +0.0000
s 522/dR_A is: x:+0.0146 y:-0.1966 z: +0.0000
s 523/dR_A is: x:+0.0991 y:+0.0000 z: +0.0000
s 524/dR_A is: x:+0.1391 y:+0.0746 z: +0.0000
s 525/dR_A is: x:+0.1391 y:-0.0746 z: +0.0000
s 60/dR_A is: x:+0.0000 y:-0.3307 z: +0.0000
s 61/dR_A is: x:+0.0000 y:-0.3862 z: +0.0000
s 62/dR_A is: x:-0.3862 y:+0.0000 z: +0.0000
s 63/dR_A is: x:+0.0000 y:+0.0000 z: +0.0000
s 64/dR_A is: x:+0.1265 y:+0.5199 z: +0.5199
s 65/dR_A is: x:+0.0000 y:+0.0000 z: +0.0000
s 66/dR_A is: x:-271.5713 y:-0.0000 z: -0.0000
s 67/dR_A is: x:-0.0000 y:-0.0000 z: -0.0000
s 68/dR_A is: x:+0.0000 y:-0.3307 z: +0.0000
s 69/dR_A is: x:+0.0000 y:+0.3862 z: +0.0000
s 610/dR_A is: x:+0.3862 y:+0.0000 z: +0.0000
s 611/dR_A is: x:+0.0000 y:+0.0000 z: +0.0000
s 612/dR_A is: x:+0.0000 y:-0.0986 z: +0.0000
s 613/dR_A is: x:+0.0000 y:+0.1418 z: +0.0000
s 614/dR_A is: x:+0.1418 y:+0.0000 z: +0.0000
s 615/dR_A is: x:+0.0000 y:+0.0000 z: +0.0000
s 616/dR_A is: x:+0.0000 y:-0.1344 z: +0.0000
s 617/dR_A is: x:-0.1966 y:-0.1240 z: +0.0000
s 618/dR_A is: x:+0.1966 y:-0.1240 z: +0.0000
s 619/dR_A is: x:+0.0000 y:-0.1556 z: +0.0000
s 620/dR_A is: x:-0.0000 y:-0.1556 z: +0.0000
s 621/dR_A is: x:+0.1966 y:-0.1240 z: +0.0000
s 622/dR_A is: x:-0.1966 y:-0.1240 z: +0.0000
s 623/dR_A is: x:+0.0000 y:-0.0277 z: +0.0000
s 624/dR_A is: x:+0.0746 y:-0.0453 z: +0.0000
s 625/dR_A is: x:-0.0746 y:-0.0453 z: +0.0000
s 70/dR_A is: x:+0.0000 y:+0.0000 z: -0.3307
s 71/dR_A is: x:+0.0000 y:+0.0000 z: -0.3862
s 72/dR_A is: x:+0.0000 y:+0.0000 z: +0.0000
s 73/dR_A is: x:-0.3862 y:+0.0000 z: +0.0000
s 74/dR_A is: x:+1.4037 y:+1.4037 z: +2.0528
s 75/dR_A is: x:+0.0000 y:+0.0000 z: +0.0000
s 76/dR_A is: x:-0.0000 y:-0.0000 z: -0.0000
s 77/dR_A is: x:-309.1947 y:-0.0000 z: -0.0000
s 78/dR_A is: x:+0.0000 y:+0.0000 z: -0.3307
s 79/dR_A is: x:+0.0000 y:+0.0000 z: +0.3862
s 710/dR_A is: x:+0.0000 y:+0.0000 z: +0.0000
s 711/dR_A is: x:+0.3862 y:+0.0000 z: +0.0000
s 712/dR_A is: x:+0.0000 y:+0.0000 z: -0.0986
s 713/dR_A is: x:+0.0000 y:+0.0000 z: +0.1418
s 714/dR_A is: x:+0.0000 y:+0.0000 z: +0.0000
s 715/dR_A is: x:+0.1418 y:+0.0000 z: +0.0000
s 716/dR_A is: x:+0.0000 y:+0.0000 z: -0.1344
s 717/dR_A is: x:+0.0000 y:+0.0000 z: -0.2631
s 718/dR_A is: x:+0.0000 y:+0.0000 z: -0.2631
s 719/dR_A is: x:+0.0000 y:+0.0000 z: -0.4732
s 720/dR_A is: x:+0.0000 y:+0.0000 z: -0.4732
s 721/dR_A is: x:+0.0000 y:+0.0000 z: -0.2631
s 722/dR_A is: x:+0.0000 y:+0.0000 z: -0.2631
s 723/dR_A is: x:+0.0000 y:+0.0000 z: -0.0277
s 724/dR_A is: x:+0.0000 y:+0.0000 z: -0.0717
s 725/dR_A is: x:+0.0000 y:+0.0000 z: -0.0717
s 80/dR_A is: x:-0.2139 y:+0.0000 z: +0.0000
s 81/dR_A is: x:-0.1912 y:+0.0000 z: +0.0000
s 82/dR_A is: x:+0.0000 y:+0.0986 z: +0.0000
s 83/dR_A is: x:+0.0000 y:+0.0000 z: +0.0986
s 84/dR_A is: x:-0.3147 y:+0.0000 z: +0.0000
s 85/dR_A is: x:+0.0401 y:+0.0000 z: +0.0000
s 86/dR_A is: x:+0.0000 y:+0.3307 z: +0.0000
s 87/dR_A is: x:+0.0000 y:+0.0000 z: +0.3307
s 88/dR_A is: x:-271.5713 y:-0.0000 z: -0.1265
s 89/dR_A is: x:-0.0143 y:+0.0181 z: +0.0500
s 810/dR_A is: x:+0.0633 y:+0.0083 z: +0.0105
s 811/dR_A is: x:-0.0000 y:+0.0000 z: +0.0000
s 812/dR_A is: x:+0.3147 y:+0.0000 z: +0.0000
s 813/dR_A is: x:+0.0401 y:+0.0000 z: +0.0000
s 814/dR_A is: x:+0.0000 y:+0.3307 z: +0.0000
s 815/dR_A is: x:+0.0000 y:+0.0000 z: +0.3307
s 816/dR_A is: x:-0.0868 y:+0.0000 z: +0.0000
s 817/dR_A is: x:-0.1599 y:+0.0566 z: +0.0000
s 818/dR_A is: x:-0.1599 y:-0.0566 z: +0.0000
s 819/dR_A is: x:-0.2584 y:+0.1829 z: +0.0000
s 820/dR_A is: x:-0.2584 y:-0.1829 z: +0.0000
s 821/dR_A is: x:+0.0000 y:+0.2873 z: +0.0000
s 822/dR_A is: x:+0.0000 y:-0.2873 z: +0.0000
s 823/dR_A is: x:+0.2444 y:+0.0000 z: +0.0000
s 824/dR_A is: x:+0.2584 y:+0.1829 z: +0.0000
s 825/dR_A is: x:+0.2584 y:-0.1829 z: +0.0000
s 90/dR_A is: x:+0.1912 y:+0.0000 z: +0.0000
s 91/dR_A is: x:+0.1032 y:+0.0000 z: +0.0000
s 92/dR_A is: x:+0.0000 y:-0.1418 z: +0.0000
s 93/dR_A is: x:+0.0000 y:+0.0000 z: -0.1418
s 94/dR_A is: x:-0.0401 y:+0.0000 z: +0.0000
s 95/dR_A is: x:-0.6107 y:+0.0000 z: +0.0000
s 96/dR_A is: x:+0.0000 y:-0.3862 z: +0.0000
s 97/dR_A is: x:+0.0000 y:+0.0000 z: -0.3862
s 98/dR_A is: x:-0.1722 y:+0.0406 z: -0.0000
s 99/dR_A is: x:+0.0500 y:-0.0000 z: +0.0000
s 910/dR_A is: x:+0.0105 y:-0.1804 z: +0.0383
s 911/dR_A is: x:-0.0000 y:+0.0333 z: +0.0651
s 912/dR_A is: x:-0.0401 y:+0.0000 z: +0.0000
s 913/dR_A is: x:+0.6107 y:+0.0000 z: +0.0000
s 914/dR_A is: x:+0.0000 y:+0.3862 z: +0.0000
s 915/dR_A is: x:+0.0000 y:+0.0000 z: +0.3862
s 916/dR_A is: x:+0.0991 y:+0.0000 z: +0.0000
s 917/dR_A is: x:+0.1391 y:-0.0746 z: +0.0000
s 918/dR_A is: x:+0.1391 y:+0.0746 z: +0.0000
s 919/dR_A is: x:+0.0146 y:-0.1966 z: +0.0000
s 920/dR_A is: x:+0.0146 y:+0.1966 z: +0.0000
s 921/dR_A is: x:-0.4732 y:+0.0000 z: +0.0000
s 922/dR_A is: x:-0.4732 y:-0.0000 z: +0.0000
s 923/dR_A is: x:+0.2032 y:+0.0000 z: +0.0000
s 924/dR_A is: x:+0.0146 y:+0.1966 z: +0.0000
s 925/dR_A is: x:+0.0146 y:-0.1966 z: +0.0000
s 100/dR_A is: x:+0.0000 y:-0.0986 z: +0.0000
s 101/dR_A is: x:+0.0000 y:-0.1418 z: +0.0000
s 102/dR_A is: x:-0.1418 y:+0.0000 z: +0.0000
s 103/dR_A is: x:+0.0000 y:+0.0000 z: +0.0000
s 104/dR_A is: x:+0.0000 y:-0.3307 z: +0.0000
s 105/dR_A is: x:+0.0000 y:-0.3862 z: +0.0000
s 106/dR_A is: x:-0.3862 y:+0.0000 z: +0.0000
s 107/dR_A is: x:+0.0000 y:+0.0000 z: +0.0000
s 108/dR_A is: x:-0.5199 y:-0.5695 z: +0.2015
s 109/dR_A is: x:+0.4823 y:+0.0000 z: -0.0000
s 1010/dR_A is: x:+0.0000 y:+0.0000 z: -0.0176
s 1011/dR_A is: x:+0.0000 y:-0.0000 z: +0.1653
s 1012/dR_A is: x:+0.0000 y:-0.3307 z: +0.0000
s 1013/dR_A is: x:+0.0000 y:+0.3862 z: +0.0000
s 1014/dR_A is: x:+0.3862 y:+0.0000 z: +0.0000
s 1015/dR_A is: x:+0.0000 y:+0.0000 z: +0.0000
s 1016/dR_A is: x:+0.0000 y:-0.0277 z: +0.0000
s 1017/dR_A is: x:-0.0746 y:-0.0453 z: +0.0000
s 1018/dR_A is: x:+0.0746 y:-0.0453 z: +0.0000
s 1019/dR_A is: x:-0.1966 y:-0.1240 z: +0.0000
s 1020/dR_A is: x:+0.1966 y:-0.1240 z: +0.0000
s 1021/dR_A is: x:+0.0000 y:-0.1556 z: +0.0000
s 1022/dR_A is: x:-0.0000 y:-0.1556 z: +0.0000
s 1023/dR_A is: x:+0.0000 y:-0.1344 z: +0.0000
s 1024/dR_A is: x:+0.1966 y:-0.1240 z: +0.0000
s 1025/dR_A is: x:-0.1966 y:-0.1240 z: +0.0000
s 110/dR_A is: x:+0.0000 y:+0.0000 z: -0.0986
s 111/dR_A is: x:+0.0000 y:+0.0000 z: -0.1418
s 112/dR_A is: x:+0.0000 y:+0.0000 z: +0.0000
s 113/dR_A is: x:-0.1418 y:+0.0000 z: +0.0000
s 114/dR_A is: x:+0.0000 y:+0.0000 z: -0.3307
s 115/dR_A is: x:+0.0000 y:+0.0000 z: -0.3862
s 116/dR_A is: x:+0.0000 y:+0.0000 z: +0.0000
s 117/dR_A is: x:-0.3862 y:+0.0000 z: +0.0000
s 118/dR_A is: x:-0.0000 y:-1.4037 z: -1.0446
s 119/dR_A is: x:+0.0000 y:+0.3146 z: +0.0000
s 1110/dR_A is: x:+0.1879 y:-0.0000 z: +0.0000
s 1111/dR_A is: x:+0.1453 y:-0.0000 z: -0.0000
s 1112/dR_A is: x:+0.0000 y:+0.0000 z: -0.3307
s 1113/dR_A is: x:+0.0000 y:+0.0000 z: +0.3862
s 1114/dR_A is: x:+0.0000 y:+0.0000 z: +0.0000
s 1115/dR_A is: x:+0.3862 y:+0.0000 z: +0.0000
s 1116/dR_A is: x:+0.0000 y:+0.0000 z: -0.0277
s 1117/dR_A is: x:+0.0000 y:+0.0000 z: -0.0717
s 1118/dR_A is: x:+0.0000 y:+0.0000 z: -0.0717
s 1119/dR_A is: x:+0.0000 y:+0.0000 z: -0.2631
s 1120/dR_A is: x:+0.0000 y:+0.0000 z: -0.2631
s 1121/dR_A is: x:+0.0000 y:+0.0000 z: -0.4732
s 1122/dR_A is: x:+0.0000 y:+0.0000 z: -0.4732
s 1123/dR_A is: x:+0.0000 y:+0.0000 z: -0.1344
s 1124/dR_A is: x:+0.0000 y:+0.0000 z: -0.2631
s 1125/dR_A is: x:+0.0000 y:+0.0000 z: -0.2631
s 120/dR_A is: x:-0.0654 y:+0.0000 z: +0.0000
s 121/dR_A is: x:-0.0857 y:+0.0000 z: +0.0000
s 122/dR_A is: x:+0.0000 y:+0.0185 z: +0.0000
s 123/dR_A is: x:+0.0000 y:+0.0000 z: +0.0185
s 124/dR_A is: x:-0.2139 y:+0.0000 z: +0.0000
s 125/dR_A is: x:-0.1912 y:+0.0000 z: +0.0000
s 126/dR_A is: x:+0.0000 y:+0.0986 z: +0.0000
s 127/dR_A is: x:+0.0000 y:+0.0000 z: +0.0986
s 128/dR_A is: x:-0.3147 y:+0.0000 z: +0.0000
s 129/dR_A is: x:+0.0401 y:+0.0000 z: +0.0000
s 1210/dR_A is: x:+0.0000 y:+0.3307 z: +0.0000
s 1211/dR_A is: x:+0.0000 y:+0.0000 z: +0.3307
s 1212/dR_A is: x:-0.0000 y:-0.0000 z: +0.0000
s 1213/dR_A is: x:+0.0000 y:+0.0000 z: +0.3171
s 1214/dR_A is: x:+0.0052 y:+0.0334 z: -0.0197
s 1215/dR_A is: x:+0.0661 y:-0.1132 z: -0.0690
s 1216/dR_A is: x:-0.0198 y:+0.0000 z: +0.0000
s 1217/dR_A is: x:-0.0510 y:+0.0120 z: +0.0000
s 1218/dR_A is: x:-0.0510 y:-0.0120 z: +0.0000
s 1219/dR_A is: x:-0.1599 y:+0.0566 z: +0.0000
s 1220/dR_A is: x:-0.1599 y:-0.0566 z: +0.0000
s 1221/dR_A is: x:-0.2584 y:+0.1829 z: +0.0000
s 1222/dR_A is: x:-0.2584 y:-0.1829 z: +0.0000
s 1223/dR_A is: x:+0.2873 y:+0.0000 z: +0.0000
s 1224/dR_A is: x:-0.0000 y:+0.2873 z: +0.0000
s 1225/dR_A is: x:-0.0000 y:-0.2873 z: +0.0000
s 130/dR_A is: x:+0.0857 y:+0.0000 z: +0.0000
s 131/dR_A is: x:+0.0968 y:+0.0000 z: +0.0000
s 132/dR_A is: x:+0.0000 y:-0.0302 z: +0.0000
s 133/dR_A is: x:+0.0000 y:+0.0000 z: -0.0302
s 134/dR_A is: x:+0.1912 y:+0.0000 z: +0.0000
s 135/dR_A is: x:+0.1032 y:+0.0000 z: +0.0000
s 136/dR_A is: x:+0.0000 y:-0.1418 z: +0.0000
s 137/dR_A is: x:+0.0000 y:+0.0000 z: -0.1418
s 138/dR_A is: x:-0.0401 y:+0.0000 z: +0.0000
s 139/dR_A is: x:-0.6107 y:+0.0000 z: +0.0000
s 1310/dR_A is: x:+0.0000 y:-0.3862 z: +0.0000
s 1311/dR_A is: x:+0.0000 y:+0.0000 z: -0.3862
s 1312/dR_A is: x:+0.2539 y:-0.0000 z: +0.0000
s 1313/dR_A is: x:-0.0000 y:+0.0000 z: -0.0000
s 1314/dR_A is: x:-0.0000 y:+0.0188 z: -0.0388
s 1315/dR_A is: x:+0.0000 y:-0.0045 z: +0.0240
s 1316/dR_A is: x:+0.0282 y:+0.0000 z: +0.0000
s 1317/dR_A is: x:+0.0612 y:-0.0178 z: +0.0000
s 1318/dR_A is: x:+0.0612 y:+0.0178 z: +0.0000
s 1319/dR_A is: x:+0.1391 y:-0.0746 z: +0.0000
s 1320/dR_A is: x:+0.1391 y:+0.0746 z: +0.0000
s 1321/dR_A is: x:+0.0146 y:-0.1966 z: +0.0000
s 1322/dR_A is: x:+0.0146 y:+0.1966 z: +0.0000
s 1323/dR_A is: x:-0.1556 y:+0.0000 z: +0.0000
s 1324/dR_A is: x:-0.4732 y:-0.0000 z: +0.0000
s 1325/dR_A is: x:-0.4732 y:+0.0000 z: +0.0000
s 140/dR_A is: x:+0.0000 y:-0.0185 z: +0.0000
s 141/dR_A is: x:+0.0000 y:-0.0302 z: +0.0000
s 142/dR_A is: x:-0.0302 y:+0.0000 z: +0.0000
s 143/dR_A is: x:+0.0000 y:+0.0000 z: +0.0000
s 144/dR_A is: x:+0.0000 y:-0.0986 z: +0.0000
s 145/dR_A is: x:+0.0000 y:-0.1418 z: +0.0000
s 146/dR_A is: x:-0.1418 y:+0.0000 z: +0.0000
s 147/dR_A is: x:+0.0000 y:+0.0000 z: +0.0000
s 148/dR_A is: x:+0.0000 y:-0.3307 z: +0.0000
s 149/dR_A is: x:+0.0000 y:-0.3862 z: +0.0000
s 1410/dR_A is: x:-0.3862 y:+0.0000 z: +0.0000
s 1411/dR_A is: x:+0.0000 y:+0.0000 z: +0.0000
s 1412/dR_A is: x:-0.0000 y:+0.3875 z: +0.0000
s 1413/dR_A is: x:+0.5237 y:-0.0000 z: +0.0000
s 1414/dR_A is: x:+0.0415 y:+0.0000 z: -0.0348
s 1415/dR_A is: x:+0.0615 y:-0.0000 z: -0.0666
s 1416/dR_A is: x:+0.0000 y:-0.0044 z: +0.0000
s 1417/dR_A is: x:-0.0178 y:-0.0103 z: +0.0000
s 1418/dR_A is: x:+0.0178 y:-0.0103 z: +0.0000
s 1419/dR_A is: x:-0.0746 y:-0.0453 z: +0.0000
s 1420/dR_A is: x:+0.0746 y:-0.0453 z: +0.0000
s 1421/dR_A is: x:-0.1966 y:-0.1240 z: +0.0000
s 1422/dR_A is: x:+0.1966 y:-0.1240 z: +0.0000
s 1423/dR_A is: x:+0.0000 y:-0.4732 z: +0.0000
s 1424/dR_A is: x:-0.0000 y:-0.1556 z: +0.0000
s 1425/dR_A is: x:+0.0000 y:-0.1556 z: +0.0000
s 150/dR_A is: x:+0.0000 y:+0.0000 z: -0.0185
s 151/dR_A is: x:+0.0000 y:+0.0000 z: -0.0302
s 152/dR_A is: x:+0.0000 y:+0.0000 z: +0.0000
s 153/dR_A is: x:-0.0302 y:+0.0000 z: +0.0000
s 154/dR_A is: x:+0.0000 y:+0.0000 z: -0.0986
s 155/dR_A is: x:+0.0000 y:+0.0000 z: -0.1418
s 156/dR_A is: x:+0.0000 y:+0.0000 z: +0.0000
s 157/dR_A is: x:-0.1418 y:+0.0000 z: +0.0000
s 158/dR_A is: x:+0.0000 y:+0.0000 z: -0.3307
s 159/dR_A is: x:+0.0000 y:+0.0000 z: -0.3862
s 1510/dR_A is: x:+0.0000 y:+0.0000 z: +0.0000
s 1511/dR_A is: x:-0.3862 y:+0.0000 z: +0.0000
s 1512/dR_A is: x:-0.0000 y:-0.0000 z: +0.0000
s 1513/dR_A is: x:+0.0415 y:-0.0415 z: -0.0615
s 1514/dR_A is: x:+0.8698 y:-0.0323 z: -0.2341
s 1515/dR_A is: x:-0.0196 y:-0.2341 z: +0.0604
s 1516/dR_A is: x:+0.0000 y:+0.0000 z: -0.0044
s 1517/dR_A is: x:+0.0000 y:+0.0000 z: -0.0145
s 1518/dR_A is: x:+0.0000 y:+0.0000 z: -0.0145
s 1519/dR_A is: x:+0.0000 y:+0.0000 z: -0.0717
s 1520/dR_A is: x:+0.0000 y:+0.0000 z: -0.0717
s 1521/dR_A is: x:+0.0000 y:+0.0000 z: -0.2631
s 1522/dR_A is: x:+0.0000 y:+0.0000 z: -0.2631
s 1523/dR_A is: x:+0.0000 y:+0.0000 z: -0.4732
s 1524/dR_A is: x:+0.0000 y:+0.0000 z: -0.4732
s 1525/dR_A is: x:+0.0000 y:+0.0000 z: -0.4732
s 160/dR_A is: x:+0.2873 y:+0.0000 z: +0.0000
s 161/dR_A is: x:+0.1556 y:+0.0000 z: +0.0000
s 162/dR_A is: x:+0.0000 y:+0.4732 z: +0.0000
s 163/dR_A is: x:+0.0000 y:+0.0000 z: +0.4732
s 164/dR_A is: x:+0.2444 y:+0.0000 z: +0.0000
s 165/dR_A is: x:-0.2032 y:+0.0000 z: +0.0000
s 166/dR_A is: x:+0.0000 y:+0.1344 z: +0.0000
s 167/dR_A is: x:+0.0000 y:+0.0000 z: +0.1344
s 168/dR_A is: x:+0.0868 y:+0.0000 z: +0.0000
s 169/dR_A is: x:-0.0991 y:+0.0000 z: +0.0000
s 1610/dR_A is: x:+0.0000 y:+0.0277 z: +0.0000
s 1611/dR_A is: x:+0.0000 y:+0.0000 z: +0.0277
s 1612/dR_A is: x:+0.0198 y:+0.0000 z: +0.0000
s 1613/dR_A is: x:-0.0282 y:+0.0000 z: +0.0000
s 1614/dR_A is: x:+0.0000 y:+0.0044 z: +0.0000
s 1615/dR_A is: x:+0.0000 y:+0.0000 z: +0.0044
s 1616/dR_A is: x:+0.0036 y:+0.0165 z: +0.0165
s 1617/dR_A is: x:+0.2410 y:+0.2410 z: +0.0000
s 1618/dR_A is: x:+0.2410 y:-0.2410 z: +0.0000
s 1619/dR_A is: x:+0.1784 y:+0.0739 z: +0.0000
s 1620/dR_A is: x:+0.1784 y:-0.0739 z: +0.0000
s 1621/dR_A is: x:+0.0670 y:+0.0175 z: +0.0000
s 1622/dR_A is: x:+0.0670 y:-0.0175 z: +0.0000
s 1623/dR_A is: x:+0.0060 y:+0.0000 z: +0.0000
s 1624/dR_A is: x:+0.0173 y:+0.0033 z: +0.0000
s 1625/dR_A is: x:+0.0173 y:-0.0033 z: +0.0000
s 170/dR_A is: x:+0.0000 y:-0.2873 z: +0.0000
s 171/dR_A is: x:+0.4732 y:+0.0000 z: +0.0000
s 172/dR_A is: x:+0.0000 y:+0.1556 z: +0.0000
s 173/dR_A is: x:+0.0000 y:+0.0000 z: +0.4732
s 174/dR_A is: x:+0.2584 y:-0.1829 z: +0.0000
s 175/dR_A is: x:-0.0146 y:+0.1966 z: +0.0000
s 176/dR_A is: x:+0.1966 y:+0.1240 z: +0.0000
s 177/dR_A is: x:+0.0000 y:+0.0000 z: +0.2631
s 178/dR_A is: x:+0.1599 y:-0.0566 z: +0.0000
s 179/dR_A is: x:-0.1391 y:+0.0746 z: +0.0000
s 1710/dR_A is: x:+0.0746 y:+0.0453 z: +0.0000
s 1711/dR_A is: x:+0.0000 y:+0.0000 z: +0.0717
s 1712/dR_A is: x:+0.0510 y:-0.0120 z: +0.0000
s 1713/dR_A is: x:-0.0612 y:+0.0178 z: +0.0000
s 1714/dR_A is: x:+0.0178 y:+0.0103 z: +0.0000
s 1715/dR_A is: x:+0.0000 y:+0.0000 z: +0.0145
s 1716/dR_A is: x:-0.2410 y:-0.2410 z: +0.0000
s 1717/dR_A is: x:+0.0000 y:-0.0000 z: +0.0000
s 1718/dR_A is: x:+0.0000 y:-0.2773 z: +0.0000
s 1719/dR_A is: x:+0.3409 y:+0.0000 z: +0.0000
s 1720/dR_A is: x:+0.1238 y:-0.1753 z: +0.0000
s 1721/dR_A is: x:+0.1669 y:+0.0000 z: +0.0000
s 1722/dR_A is: x:+0.0849 y:-0.0601 z: +0.0000
s 1723/dR_A is: x:+0.0173 y:-0.0033 z: +0.0000
s 1724/dR_A is: x:+0.0537 y:+0.0000 z: +0.0000
s 1725/dR_A is: x:+0.0316 y:-0.0149 z: +0.0000
s 180/dR_A is: x:+0.0000 y:+0.2873 z: +0.0000
s 181/dR_A is: x:+0.4732 y:+0.0000 z: +0.0000
s 182/dR_A is: x:+0.0000 y:+0.1556 z: +0.0000
s 183/dR_A is: x:+0.0000 y:+0.0000 z: +0.4732
s 184/dR_A is: x:+0.2584 y:+0.1829 z: +0.0000
s 185/dR_A is: x:-0.0146 y:-0.1966 z: +0.0000
s 186/dR_A is: x:-0.1966 y:+0.1240 z: +0.0000
s 187/dR_A is: x:+0.0000 y:+0.0000 z: +0.2631
s 188/dR_A is: x:+0.1599 y:+0.0566 z: +0.0000
s 189/dR_A is: x:-0.1391 y:-0.0746 z: +0.0000
s 1810/dR_A is: x:-0.0746 y:+0.0453 z: +0.0000
s 1811/dR_A is: x:+0.0000 y:+0.0000 z: +0.0717
s 1812/dR_A is: x:+0.0510 y:+0.0120 z: +0.0000
s 1813/dR_A is: x:-0.0612 y:-0.0178 z: +0.0000
s 1814/dR_A is: x:-0.0178 y:+0.0103 z: +0.0000
s 1815/dR_A is: x:+0.0000 y:+0.0000 z: +0.0145
s 1816/dR_A is: x:-0.2410 y:+0.2410 z: +0.0000
s 1817/dR_A is: x:+0.0000 y:+0.2773 z: +0.0000
s 1818/dR_A is: x:-0.0000 y:-0.0000 z: +0.0000
s 1819/dR_A is: x:+0.1238 y:+0.1753 z: +0.0000
s 1820/dR_A is: x:+0.3409 y:+0.0000 z: +0.0000
s 1821/dR_A is: x:+0.0849 y:+0.0601 z: +0.0000
s 1822/dR_A is: x:+0.1669 y:+0.0000 z: +0.0000
s 1823/dR_A is: x:+0.0173 y:+0.0033 z: +0.0000
s 1824/dR_A is: x:+0.0316 y:+0.0149 z: +0.0000
s 1825/dR_A is: x:+0.0537 y:+0.0000 z: +0.0000
s 190/dR_A is: x:-0.2584 y:-0.1829 z: +0.0000
s 191/dR_A is: x:-0.0146 y:-0.1966 z: +0.0000
s 192/dR_A is: x:-0.1966 y:+0.1240 z: +0.0000
s 193/dR_A is: x:+0.0000 y:+0.0000 z: +0.2631
s 194/dR_A is: x:+0.0000 y:-0.2873 z: +0.0000
s 195/dR_A is: x:+0.4732 y:-0.0000 z: +0.0000
s 196/dR_A is: x:+0.0000 y:+0.1556 z: +0.0000
s 197/dR_A is: x:+0.0000 y:+0.0000 z: +0.4732
s 198/dR_A is: x:+0.2584 y:-0.1829 z: +0.0000
s 199/dR_A is: x:-0.0146 y:+0.1966 z: +0.0000
s 1910/dR_A is: x:+0.1966 y:+0.1240 z: +0.0000
s 1911/dR_A is: x:+0.0000 y:+0.0000 z: +0.2631
s 1912/dR_A is: x:+0.1599 y:-0.0566 z: +0.0000
s 1913/dR_A is: x:-0.1391 y:+0.0746 z: +0.0000
s 1914/dR_A is: x:+0.0746 y:+0.0453 z: +0.0000
s 1915/dR_A is: x:+0.0000 y:+0.0000 z: +0.0717
s 1916/dR_A is: x:-0.1784 y:-0.0739 z: +0.0000
s 1917/dR_A is: x:-0.3409 y:+0.0000 z: +0.0000
s 1918/dR_A is: x:-0.1238 y:-0.1753 z: +0.0000
s 1919/dR_A is: x:+0.0000 y:+0.0000 z: -0.0000
s 1920/dR_A is: x:-0.0000 y:-0.2773 z: +0.0000
s 1921/dR_A is: x:+0.3409 y:+0.0000 z: +0.0000
s 1922/dR_A is: x:+0.1238 y:-0.1753 z: +0.0000
s 1923/dR_A is: x:+0.0670 y:-0.0175 z: +0.0000
s 1924/dR_A is: x:+0.1669 y:+0.0000 z: +0.0000
s 1925/dR_A is: x:+0.0849 y:-0.0601 z: +0.0000
s 200/dR_A is: x:-0.2584 y:+0.1829 z: +0.0000
s 201/dR_A is: x:-0.0146 y:+0.1966 z: +0.0000
s 202/dR_A is: x:+0.1966 y:+0.1240 z: +0.0000
s 203/dR_A is: x:+0.0000 y:+0.0000 z: +0.2631
s 204/dR_A is: x:+0.0000 y:+0.2873 z: +0.0000
s 205/dR_A is: x:+0.4732 y:+0.0000 z: +0.0000
s 206/dR_A is: x:-0.0000 y:+0.1556 z: +0.0000
s 207/dR_A is: x:+0.0000 y:+0.0000 z: +0.4732
s 208/dR_A is: x:+0.2584 y:+0.1829 z: +0.0000
s 209/dR_A is: x:-0.0146 y:-0.1966 z: +0.0000
s 2010/dR_A is: x:-0.1966 y:+0.1240 z: +0.0000
s 2011/dR_A is: x:+0.0000 y:+0.0000 z: +0.2631
s 2012/dR_A is: x:+0.1599 y:+0.0566 z: +0.0000
s 2013/dR_A is: x:-0.1391 y:-0.0746 z: +0.0000
s 2014/dR_A is: x:-0.0746 y:+0.0453 z: +0.0000
s 2015/dR_A is: x:+0.0000 y:+0.0000 z: +0.0717
s 2016/dR_A is: x:-0.1784 y:+0.0739 z: +0.0000
s 2017/dR_A is: x:-0.1238 y:+0.1753 z: +0.0000
s 2018/dR_A is: x:-0.3409 y:+0.0000 z: +0.0000
s 2019/dR_A is: x:-0.0000 y:+0.2773 z: +0.0000
s 2020/dR_A is: x:-0.0000 y:-0.0000 z: -0.2055
s 2021/dR_A is: x:+0.1238 y:+0.1753 z: +0.0000
s 2022/dR_A is: x:+0.3409 y:+0.0000 z: +0.0000
s 2023/dR_A is: x:+0.0670 y:+0.0175 z: +0.0000
s 2024/dR_A is: x:+0.0849 y:+0.0601 z: +0.0000
s 2025/dR_A is: x:+0.1669 y:+0.0000 z: +0.0000
s 210/dR_A is: x:-0.1599 y:-0.0566 z: +0.0000
s 211/dR_A is: x:-0.1391 y:-0.0746 z: +0.0000
s 212/dR_A is: x:-0.0746 y:+0.0453 z: +0.0000
s 213/dR_A is: x:+0.0000 y:+0.0000 z: +0.0717
s 214/dR_A is: x:-0.2584 y:-0.1829 z: +0.0000
s 215/dR_A is: x:-0.0146 y:-0.1966 z: +0.0000
s 216/dR_A is: x:-0.1966 y:+0.1240 z: +0.0000
s 217/dR_A is: x:+0.0000 y:+0.0000 z: +0.2631
s 218/dR_A is: x:+0.0000 y:-0.2873 z: +0.0000
s 219/dR_A is: x:+0.4732 y:-0.0000 z: +0.0000
s 2110/dR_A is: x:+0.0000 y:+0.1556 z: +0.0000
s 2111/dR_A is: x:+0.0000 y:+0.0000 z: +0.4732
s 2112/dR_A is: x:+0.2584 y:-0.1829 z: +0.0000
s 2113/dR_A is: x:-0.0146 y:+0.1966 z: +0.0000
s 2114/dR_A is: x:+0.1966 y:+0.1240 z: +0.0000
s 2115/dR_A is: x:+0.0000 y:+0.0000 z: +0.2631
s 2116/dR_A is: x:-0.0670 y:-0.0175 z: +0.0000
s 2117/dR_A is: x:-0.1669 y:+0.0000 z: +0.0000
s 2118/dR_A is: x:-0.0849 y:-0.0601 z: +0.0000
s 2119/dR_A is: x:-0.3409 y:+0.0000 z: +0.0000
s 2120/dR_A is: x:-0.1238 y:-0.1753 z: +0.0000
s 2121/dR_A is: x:-0.0096 y:-0.0000 z: +0.0000
s 2122/dR_A is: x:-0.0000 y:-0.2773 z: +0.0000
s 2123/dR_A is: x:+0.1784 y:-0.0739 z: +0.0000
s 2124/dR_A is: x:+0.3409 y:+0.0000 z: +0.0000
s 2125/dR_A is: x:+0.1238 y:-0.1753 z: +0.0000
s 220/dR_A is: x:-0.1599 y:+0.0566 z: +0.0000
s 221/dR_A is: x:-0.1391 y:+0.0746 z: +0.0000
s 222/dR_A is: x:+0.0746 y:+0.0453 z: +0.0000
s 223/dR_A is: x:+0.0000 y:+0.0000 z: +0.0717
s 224/dR_A is: x:-0.2584 y:+0.1829 z: +0.0000
s 225/dR_A is: x:-0.0146 y:+0.1966 z: +0.0000
s 226/dR_A is: x:+0.1966 y:+0.1240 z: +0.0000
s 227/dR_A is: x:+0.0000 y:+0.0000 z: +0.2631
s 228/dR_A is: x:+0.0000 y:+0.2873 z: +0.0000
s 229/dR_A is: x:+0.4732 y:+0.0000 z: +0.0000
s 2210/dR_A is: x:-0.0000 y:+0.1556 z: +0.0000
s 2211/dR_A is: x:+0.0000 y:+0.0000 z: +0.4732
s 2212/dR_A is: x:+0.2584 y:+0.1829 z: +0.0000
s 2213/dR_A is: x:-0.0146 y:-0.1966 z: +0.0000
s 2214/dR_A is: x:-0.1966 y:+0.1240 z: +0.0000
s 2215/dR_A is: x:+0.0000 y:+0.0000 z: +0.2631
s 2216/dR_A is: x:-0.0670 y:+0.0175 z: +0.0000
s 2217/dR_A is: x:-0.0849 y:+0.0601 z: +0.0000
s 2218/dR_A is: x:-0.1669 y:+0.0000 z: +0.0000
s 2219/dR_A is: x:-0.1238 y:+0.1753 z: +0.0000
s 2220/dR_A is: x:-0.3409 y:+0.0000 z: +0.0000
s 2221/dR_A is: x:-0.0000 y:+0.2773 z: +0.0000
s 2222/dR_A is: x:-0.0045 y:+0.0240 z: -0.0615
s 2223/dR_A is: x:+0.1784 y:+0.0739 z: +0.0000
s 2224/dR_A is: x:+0.1238 y:+0.1753 z: +0.0000
s 2225/dR_A is: x:+0.3409 y:+0.0000 z: +0.0000
s 230/dR_A is: x:-0.0198 y:+0.0000 z: +0.0000
s 231/dR_A is: x:-0.0282 y:+0.0000 z: +0.0000
s 232/dR_A is: x:+0.0000 y:+0.0044 z: +0.0000
s 233/dR_A is: x:+0.0000 y:+0.0000 z: +0.0044
s 234/dR_A is: x:-0.0868 y:+0.0000 z: +0.0000
s 235/dR_A is: x:-0.0991 y:+0.0000 z: +0.0000
s 236/dR_A is: x:+0.0000 y:+0.0277 z: +0.0000
s 237/dR_A is: x:+0.0000 y:+0.0000 z: +0.0277
s 238/dR_A is: x:-0.2444 y:+0.0000 z: +0.0000
s 239/dR_A is: x:-0.2032 y:+0.0000 z: +0.0000
s 2310/dR_A is: x:+0.0000 y:+0.1344 z: +0.0000
s 2311/dR_A is: x:+0.0000 y:+0.0000 z: +0.1344
s 2312/dR_A is: x:-0.2873 y:+0.0000 z: +0.0000
s 2313/dR_A is: x:+0.1556 y:+0.0000 z: +0.0000
s 2314/dR_A is: x:+0.0000 y:+0.4732 z: +0.0000
s 2315/dR_A is: x:+0.0000 y:+0.0000 z: +0.4732
s 2316/dR_A is: x:-0.0060 y:+0.0000 z: +0.0000
s 2317/dR_A is: x:-0.0173 y:+0.0033 z: +0.0000
s 2318/dR_A is: x:-0.0173 y:-0.0033 z: +0.0000
s 2319/dR_A is: x:-0.0670 y:+0.0175 z: +0.0000
s 2320/dR_A is: x:-0.0670 y:-0.0175 z: +0.0000
s 2321/dR_A is: x:-0.1784 y:+0.0739 z: +0.0000
s 2322/dR_A is: x:-0.1784 y:-0.0739 z: +0.0000
s 2323/dR_A is: x:-0.0000 y:+0.0059 z: +0.0148
s 2324/dR_A is: x:-0.2410 y:+0.2410 z: +0.0000
s 2325/dR_A is: x:-0.2410 y:-0.2410 z: +0.0000
s 240/dR_A is: x:-0.0510 y:-0.0120 z: +0.0000
s 241/dR_A is: x:-0.0612 y:-0.0178 z: +0.0000
s 242/dR_A is: x:-0.0178 y:+0.0103 z: +0.0000
s 243/dR_A is: x:+0.0000 y:+0.0000 z: +0.0145
s 244/dR_A is: x:-0.1599 y:-0.0566 z: +0.0000
s 245/dR_A is: x:-0.1391 y:-0.0746 z: +0.0000
s 246/dR_A is: x:-0.0746 y:+0.0453 z: +0.0000
s 247/dR_A is: x:+0.0000 y:+0.0000 z: +0.0717
s 248/dR_A is: x:-0.2584 y:-0.1829 z: +0.0000
s 249/dR_A is: x:-0.0146 y:-0.1966 z: +0.0000
s 2410/dR_A is: x:-0.1966 y:+0.1240 z: +0.0000
s 2411/dR_A is: x:+0.0000 y:+0.0000 z: +0.2631
s 2412/dR_A is: x:-0.0000 y:-0.2873 z: +0.0000
s 2413/dR_A is: x:+0.4732 y:+0.0000 z: +0.0000
s 2414/dR_A is: x:-0.0000 y:+0.1556 z: +0.0000
s 2415/dR_A is: x:+0.0000 y:+0.0000 z: +0.4732
s 2416/dR_A is: x:-0.0173 y:-0.0033 z: +0.0000
s 2417/dR_A is: x:-0.0537 y:+0.0000 z: +0.0000
s 2418/dR_A is: x:-0.0316 y:-0.0149 z: +0.0000
s 2419/dR_A is: x:-0.1669 y:+0.0000 z: +0.0000
s 2420/dR_A is: x:-0.0849 y:-0.0601 z: +0.0000
s 2421/dR_A is: x:-0.3409 y:+0.0000 z: +0.0000
s 2422/dR_A is: x:-0.1238 y:-0.1753 z: +0.0000
s 2423/dR_A is: x:+0.2410 y:-0.2410 z: +0.0000
s 2424/dR_A is: x:-0.0169 y:+0.0059 z: +0.0189
s 2425/dR_A is: x:-0.0000 y:-0.2773 z: +0.0000
s 250/dR_A is: x:-0.0510 y:+0.0120 z: +0.0000
s 251/dR_A is: x:-0.0612 y:+0.0178 z: +0.0000
s 252/dR_A is: x:+0.0178 y:+0.0103 z: +0.0000
s 253/dR_A is: x:+0.0000 y:+0.0000 z: +0.0145
s 254/dR_A is: x:-0.1599 y:+0.0566 z: +0.0000
s 255/dR_A is: x:-0.1391 y:+0.0746 z: +0.0000
s 256/dR_A is: x:+0.0746 y:+0.0453 z: +0.0000
s 257/dR_A is: x:+0.0000 y:+0.0000 z: +0.0717
s 258/dR_A is: x:-0.2584 y:+0.1829 z: +0.0000
s 259/dR_A is: x:-0.0146 y:+0.1966 z: +0.0000
s 2510/dR_A is: x:+0.1966 y:+0.1240 z: +0.0000
s 2511/dR_A is: x:+0.0000 y:+0.0000 z: +0.2631
s 2512/dR_A is: x:-0.0000 y:+0.2873 z: +0.0000
s 2513/dR_A is: x:+0.4732 y:-0.0000 z: +0.0000
s 2514/dR_A is: x:+0.0000 y:+0.1556 z: +0.0000
s 2515/dR_A is: x:+0.0000 y:+0.0000 z: +0.4732
s 2516/dR_A is: x:-0.0173 y:+0.0033 z: +0.0000
s 2517/dR_A is: x:-0.0316 y:+0.0149 z: +0.0000
s 2518/dR_A is: x:-0.0537 y:+0.0000 z: +0.0000
s 2519/dR_A is: x:-0.0849 y:+0.0601 z: +0.0000
s 2520/dR_A is: x:-0.1669 y:+0.0000 z: +0.0000
s 2521/dR_A is: x:-0.1238 y:+0.1753 z: +0.0000
s 2522/dR_A is: x:-0.3409 y:+0.0000 z: +0.0000
s 2523/dR_A is: x:+0.2410 y:+0.2410 z: +0.0000
s 2524/dR_A is: x:-0.0000 y:+0.2773 z: +0.0000
s 2525/dR_A is: x:+0.1453 y:-0.0000 z: +0.0000
gammaAB_RA
gamma 00/dR_A is: x:+0.0000 y:+0.0000 z: +0.0000
gamma 01/dR_A is: x:+3.5456 y:+0.0000 z: +0.0000
gamma 02/dR_A is: x:+2.4886 y:+0.0000 z: +0.0000
gamma 03/dR_A is: x:+1.2643 y:+0.0000 z: +0.0000
gamma 04/dR_A is: x:-3.9383 y:+0.0000 z: +0.0000
gamma 05/dR_A is: x:+0.0000 y:+3.9383 z: +0.0000
gamma 06/dR_A is: x:+0.0000 y:-3.9383 z: +0.0000
gamma 07/dR_A is: x:+3.3500 y:+2.3711 z: +0.0000
gamma 08/dR_A is: x:+3.3500 y:-2.3711 z: +0.0000
gamma 09/dR_A is: x:+2.2145 y:+0.7837 z: +0.0000
gamma 010/dR_A is: x:+2.2145 y:-0.7837 z: +0.0000
gamma 011/dR_A is: x:+0.8340 y:+0.0000 z: +0.0000
gamma 012/dR_A is: x:+1.1687 y:+0.2757 z: +0.0000
gamma 013/dR_A is: x:+1.1687 y:-0.2757 z: +0.0000
gamma 10/dR_A is: x:-3.5456 y:+0.0000 z: +0.0000
gamma 11/dR_A is: x:+0.0000 y:+0.0000 z: +0.0000
gamma 12/dR_A is: x:+0.0000 y:+0.0000 z: +0.0000
gamma 13/dR_A is: x:+0.0000 y:+0.0000 z: +0.0000
gamma 14/dR_A is: x:+0.0000 y:+0.0000 z: +0.0000
gamma 15/dR_A is: x:+0.0000 y:+0.0000 z: +0.0000
gamma 16/dR_A is: x:+0.0000 y:+0.0000 z: +0.0000
gamma 17/dR_A is: x:+0.0000 y:+0.0000 z: +0.0000
gamma 18/dR_A is: x:+0.0000 y:+0.0000 z: +0.0000
gamma 19/dR_A is: x:+0.0000 y:+0.0000 z: +0.0000
gamma 110/dR_A is: x:+0.0000 y:+0.0000 z: +0.0000
gamma 111/dR_A is: x:+0.0000 y:+0.0000 z: +0.0000
gamma 112/dR_A is: x:+0.0000 y:+0.0000 z: +0.0000
gamma 113/dR_A is: x:+0.0000 y:+0.0000 z: +0.0000
gamma 20/dR_A is: x:-2.4886 y:+0.0000 z: +0.0000
gamma 21/dR_A is: x:+0.0000 y:+0.0000 z: +0.0000
gamma 22/dR_A is: x:+0.0000 y:+0.0000 z: +0.0000
gamma 23/dR_A is: x:+0.0000 y:+0.0000 z: +0.0000
gamma 24/dR_A is: x:+0.0000 y:+0.0000 z: +0.0000
gamma 25/dR_A is: x:+0.0000 y:+0.0000 z: +0.0000
gamma 26/dR_A is: x:+0.0000 y:+0.0000 z: +0.0000
gamma 27/dR_A is: x:+0.0000 y:+0.0000 z: +0.0000
gamma 28/dR_A is: x:+0.0000 y:+0.0000 z: +0.0000
gamma 29/dR_A is: x:+0.0000 y:+0.0000 z: +0.0000
gamma 210/dR_A is: x:+0.0000 y:+0.0000 z: +0.0000
gamma 211/dR_A is: x:+0.0000 y:+0.0000 z: +0.0000
gamma 212/dR_A is: x:+0.0000 y:+0.0000 z: +0.0000
gamma 213/dR_A is: x:+0.0000 y:+0.0000 z: +0.0000
gamma 30/dR_A is: x:-1.2643 y:+0.0000 z: +0.0000
gamma 31/dR_A is: x:+0.0000 y:+0.0000 z: +0.0000
gamma 32/dR_A is: x:+0.0000 y:+0.0000 z: +0.0000
gamma 33/dR_A is: x:+0.0000 y:+0.0000 z: +0.0000
gamma 34/dR_A is: x:+0.0000 y:+0.0000 z: +0.0000
gamma 35/dR_A is: x:+0.0000 y:+0.0000 z: +0.0000
gamma 36/dR_A is: x:+0.0000 y:+0.0000 z: +0.0000
gamma 37/dR_A is: x:+0.0000 y:+0.0000 z: +0.0000
gamma 38/dR_A is: x:+0.0000 y:+0.0000 z: +0.0000
gamma 39/dR_A is: x:+0.0000 y:+0.0000 z: +0.0000
gamma 310/dR_A is: x:+0.0000 y:+0.0000 z: +0.0000
gamma 311/dR_A is: x:+0.0000 y:+0.0000 z: +0.0000
gamma 312/dR_A is: x:+0.0000 y:+0.0000 z: +0.0000
gamma 313/dR_A is: x:+0.0000 y:+0.0000 z: +0.0000
gamma 40/dR_A is: x:+3.9383 y:+0.0000 z: +0.0000
gamma 41/dR_A is: x:+0.0000 y:+0.0000 z: +0.0000
gamma 42/dR_A is: x:+0.0000 y:+0.0000 z: +0.0000
gamma 43/dR_A is: x:+0.0000 y:+0.0000 z: +0.0000
gamma 44/dR_A is: x:+0.0000 y:+0.0000 z: +0.0000
gamma 45/dR_A is: x:+0.0000 y:+0.0000 z: +0.0000
gamma 46/dR_A is: x:+0.0000 y:+0.0000 z: +0.0000
gamma 47/dR_A is: x:+0.0000 y:+0.0000 z: +0.0000
gamma 48/dR_A is: x:+0.0000 y:+0.0000 z: +0.0000
gamma 49/dR_A is: x:+0.0000 y:+0.0000 z: +0.0000
gamma 410/dR_A is: x:+0.0000 y:+0.0000 z: +0.0000
gamma 411/dR_A is: x:+0.0000 y:+0.0000 z: +0.0000
gamma 412/dR_A is: x:+0.0000 y:+0.0000 z: +0.0000
gamma 413/dR_A is: x:+0.0000 y:+0.0000 z: +0.0000
gamma 50/dR_A is: x:+0.0000 y:-3.9383 z: +0.0000
gamma 51/dR_A is: x:+0.0000 y:+0.0000 z: +0.0000
gamma 52/dR_A is: x:+0.0000 y:+0.0000 z: +0.0000
gamma 53/dR_A is: x:+0.0000 y:+0.0000 z: +0.0000
gamma 54/dR_A is: x:+0.0000 y:+0.0000 z: +0.0000
gamma 55/dR_A is: x:+0.0000 y:+0.0000 z: +0.0000
gamma 56/dR_A is: x:+0.0000 y:+0.0000 z: +0.0000
gamma 57/dR_A is: x:+0.0000 y:+0.0000 z: +0.0000
gamma 58/dR_A is: x:+0.0000 y:+0.0000 z: +0.0000
gamma 59/dR_A is: x:+0.0000 y:+0.0000 z: +0.0000
gamma 510/dR_A is: x:+0.0000 y:+0.0000 z: +0.0000
gamma 511/dR_A is: x:+0.0000 y:+0.0000 z: +0.0000
gamma 512/dR_A is: x:+0.0000 y:+0.0000 z: +0.0000
gamma 513/dR_A is: x:+0.0000 y:+0.0000 z: +0.0000
gamma 60/dR_A is: x:+0.0000 y:+3.9383 z: +0.0000
gamma 61/dR_A is: x:+0.0000 y:+0.0000 z: +0.0000
gamma 62/dR_A is: x:+0.0000 y:+0.0000 z: +0.0000
gamma 63/dR_A is: x:+0.0000 y:+0.0000 z: +0.0000
gamma 64/dR_A is: x:+0.0000 y:+0.0000 z: +0.0000
gamma 65/dR_A is: x:+0.0000 y:+0.0000 z: +0.0000
gamma 66/dR_A is: x:+0.0000 y:+0.0000 z: +0.0000
gamma 67/dR_A is: x:+0.0000 y:+0.0000 z: +0.0000
gamma 68/dR_A is: x:+0.0000 y:+0.0000 z: +0.0000
gamma 69/dR_A is: x:+0.0000 y:+0.0000 z: +0.0000
gamma 610/dR_A is: x:+0.0000 y:+0.0000 z: +0.0000
gamma 611/dR_A is: x:+0.0000 y:+0.0000 z: +0.0000
gamma 612/dR_A is: x:+0.0000 y:+0.0000 z: +0.0000
gamma 613/dR_A is: x:+0.0000 y:+0.0000 z: +0.0000
gamma 70/dR_A is: x:-3.3500 y:-2.3711 z: +0.0000
gamma 71/dR_A is: x:+0.0000 y:+0.0000 z: +0.0000
gamma 72/dR_A is: x:+0.0000 y:+0.0000 z: +0.0000
gamma 73/dR_A is: x:+0.0000 y:+0.0000 z: +0.0000
gamma 74/dR_A is: x:+0.0000 y:+0.0000 z: +0.0000
gamma 75/dR_A is: x:+0.0000 y:+0.0000 z: +0.0000
gamma 76/dR_A is: x:+0.0000 y:+0.0000 z: +0.0000
gamma 77/dR_A is: x:+0.0000 y:+0.0000 z: +0.0000
gamma 78/dR_A is: x:+0.0000 y:+0.0000 z: +0.0000
gamma 79/dR_A is: x:+0.0000 y:+0.0000 z: +0.0000
gamma 710/dR_A is: x:+0.0000 y:+0.0000 z: +0.0000
gamma 711/dR_A is: x:+0.0000 y:+0.0000 z: +0.0000
gamma 712/dR_A is: x:+0.0000 y:+0.0000 z: +0.0000
gamma 713/dR_A is: x:+0.0000 y:+0.0000 z: +0.0000
gamma 80/dR_A is: x:-3.3500 y:+2.3711 z: +0.0000
gamma 81/dR_A is: x:+0.0000 y:+0.0000 z: +0.0000
gamma 82/dR_A is: x:+0.0000 y:+0.0000 z: +0.0000
gamma 83/dR_A is: x:+0.0000 y:+0.0000 z: +0.0000
gamma 84/dR_A is: x:+0.0000 y:+0.0000 z: +0.0000
gamma 85/dR_A is: x:+0.0000 y:+0.0000 z: +0.0000
gamma 86/dR_A is: x:+0.0000 y:+0.0000 z: +0.0000
gamma 87/dR_A is: x:+0.0000 y:+0.0000 z: +0.0000
gamma 88/dR_A is: x:+0.0000 y:+0.0000 z: +0.0000
gamma 89/dR_A is: x:+0.0000 y:+0.0000 z: +0.0000
gamma 810/dR_A is: x:+0.0000 y:+0.0000 z: +0.0000
gamma 811/dR_A is: x:+0.0000 y:+0.0000 z: +0.0000
gamma 812/dR_A is: x:+0.0000 y:+0.0000 z: +0.0000
gamma 813/dR_A is: x:+0.0000 y:+0.0000 z: +0.0000
gamma 90/dR_A is: x:-2.2145 y:-0.7837 z: +0.0000
gamma 91/dR_A is: x:+0.0000 y:+0.0000 z: +0.0000
gamma 92/dR_A is: x:+0.0000 y:+0.0000 z: +0.0000
gamma 93/dR_A is: x:+0.0000 y:+0.0000 z: +0.0000
gamma 94/dR_A is: x:+0.0000 y:+0.0000 z: +0.0000
gamma 95/dR_A is: x:+0.0000 y:+0.0000 z: +0.0000
gamma 96/dR_A is: x:+0.0000 y:+0.0000 z: +0.0000
gamma 97/dR_A is: x:+0.0000 y:+0.0000 z: +0.0000
gamma 98/dR_A is: x:+0.0000 y:+0.0000 z: +0.0000
gamma 99/dR_A is: x:+0.0000 y:+0.0000 z: +0.0000
gamma 910/dR_A is: x:+0.0000 y:+0.0000 z: +0.0000
gamma 911/dR_A is: x:+0.0000 y:+0.0000 z: +0.0000
gamma 912/dR_A is: x:+0.0000 y:+0.0000 z: +0.0000
gamma 913/dR_A is: x:+0.0000 y:+0.0000 z: +0.0000
gamma 100/dR_A is: x:-2.2145 y:+0.7837 z: +0.0000
gamma 101/dR_A is: x:+0.0000 y:+0.0000 z: +0.0000
gamma 102/dR_A is: x:+0.0000 y:+0.0000 z: +0.0000
gamma 103/dR_A is: x:+0.0000 y:+0.0000 z: +0.0000
gamma 104/dR_A is: x:+0.0000 y:+0.0000 z: +0.0000
gamma 105/dR_A is: x:+0.0000 y:+0.0000 z: +0.0000
gamma 106/dR_A is: x:+0.0000 y:+0.0000 z: +0.0000
gamma 107/dR_A is: x:+0.0000 y:+0.0000 z: +0.0000
gamma 108/dR_A is: x:+0.0000 y:+0.0000 z: +0.0000
gamma 109/dR_A is: x:+0.0000 y:+0.0000 z: +0.0000
gamma 1010/dR_A is: x:+0.0000 y:+0.0000 z: +0.0000
gamma 1011/dR_A is: x:+0.0000 y:+0.0000 z: +0.0000
gamma 1012/dR_A is: x:+0.0000 y:+0.0000 z: +0.0000
gamma 1013/dR_A is: x:+0.0000 y:+0.0000 z: +0.0000
gamma 110/dR_A is: x:-0.8340 y:+0.0000 z: +0.0000
gamma 111/dR_A is: x:+0.0000 y:+0.0000 z: +0.0000
gamma 112/dR_A is: x:+0.0000 y:+0.0000 z: +0.0000
gamma 113/dR_A is: x:+0.0000 y:+0.0000 z: +0.0000
gamma 114/dR_A is: x:+0.0000 y:+0.0000 z: +0.0000
gamma 115/dR_A is: x:+0.0000 y:+0.0000 z: +0.0000
gamma 116/dR_A is: x:+0.0000 y:+0.0000 z: +0.0000
gamma 117/dR_A is: x:+0.0000 y:+0.0000 z: +0.0000
gamma 118/dR_A is: x:+0.0000 y:+0.0000 z: +0.0000
gamma 119/dR_A is: x:+0.0000 y:+0.0000 z: +0.0000
gamma 1110/dR_A is: x:+0.0000 y:+0.0000 z: +0.0000
gamma 1111/dR_A is: x:+0.0000 y:+0.0000 z: +0.0000
gamma 1112/dR_A is: x:+0.0000 y:+0.0000 z: +0.0000
gamma 1113/dR_A is: x:+0.0000 y:+0.0000 z: +0.0000
gamma 120/dR_A is: x:-1.1687 y:-0.2757 z: +0.0000
gamma 121/dR_A is: x:+0.0000 y:+0.0000 z: +0.0000
gamma 122/dR_A is: x:+0.0000 y:+0.0000 z: +0.0000
gamma 123/dR_A is: x:+0.0000 y:+0.0000 z: +0.0000
gamma 124/dR_A is: x:+0.0000 y:+0.0000 z: +0.0000
gamma 125/dR_A is: x:+0.0000 y:+0.0000 z: +0.0000
gamma 126/dR_A is: x:+0.0000 y:+0.0000 z: +0.0000
gamma 127/dR_A is: x:+0.0000 y:+0.0000 z: +0.0000
gamma 128/dR_A is: x:+0.0000 y:+0.0000 z: +0.0000
gamma 129/dR_A is: x:+0.0000 y:+0.0000 z: +0.0000
gamma 1210/dR_A is: x:+0.0000 y:+0.0000 z: +0.0000
gamma 1211/dR_A is: x:+0.0000 y:+0.0000 z: +0.0000
gamma 1212/dR_A is: x:+0.0000 y:+0.0000 z: +0.0000
gamma 1213/dR_A is: x:+0.0000 y:+0.0000 z: +0.0000
gamma 130/dR_A is: x:-1.1687 y:+0.2757 z: +0.0000
gamma 131/dR_A is: x:+0.0000 y:+0.0000 z: +0.0000
gamma 132/dR_A is: x:+0.0000 y:+0.0000 z: +0.0000
gamma 133/dR_A is: x:+0.0000 y:+0.0000 z: +0.0000
gamma 134/dR_A is: x:+0.0000 y:+0.0000 z: +0.0000
gamma 135/dR_A is: x:+0.0000 y:+0.0000 z: +0.0000
gamma 136/dR_A is: x:+0.0000 y:+0.0000 z: +0.0000
gamma 137/dR_A is: x:+0.0000 y:+0.0000 z: +0.0000
gamma 138/dR_A is: x:+0.0000 y:+0.0000 z: +0.0000
gamma 139/dR_A is: x:+0.0000 y:+0.0000 z: +0.0000
gamma 1310/dR_A is: x:+0.0000 y:+0.0000 z: +0.0000
gamma 1311/dR_A is: x:+0.0000 y:+0.0000 z: +0.0000
gamma 1312/dR_A is: x:+0.0000 y:+0.0000 z: +0.0000
gamma 1313/dR_A is: x:+0.0000 y:+0.0000 z: +0.0000
gradient (Nuclear part)
x: +240.1448 y: +0.0000 z: +0.0000
x: +55.6439 y: +0.0000 z: +0.0000
x: -55.6439 y: +0.0000 z: +0.0000
x: -240.1448 y: +0.0000 z: +0.0000
x: +144.3502 y: +0.0000 z: +0.0000
x: +52.2896 y: -132.4326 z: +0.0000
x: +52.2896 y: +132.4326 z: +0.0000
x: +12.3566 y: -145.0706 z: +0.0000
x: +12.3566 y: +145.0706 z: +0.0000
x: -12.3566 y: -145.0706 z: +0.0000
x: -12.3566 y: +145.0706 z: +0.0000
x: -144.3502 y: +0.0000 z: +0.0000
x: -52.2896 y: -132.4326 z: +0.0000
x: -52.2896 y: +132.4326 z: +0.0000
gradient (Electron part)
x: -50.0759 y: +38.1259 z: +0.0000
x: +2.1878 y: +0.0000 z: +0.0000
x: +1.3744 y: +0.0000 z: -0.0000
x: +45.1948 y: -0.0000 z: +0.0000
x: -119.8423 y: +11.7175 z: -0.0000
x: +0.7179 y: +1.9495 z: +0.0000
x: +0.7179 y: -1.9495 z: -0.0000
x: +1.2364 y: +3.1968 z: +0.0000
x: +70.1129 y: -77.9015 z: -0.0000
x: -1.7597 y: +4.2844 z: -0.0000
x: -1.7597 y: -4.2844 z: +0.0000
x: +0.3459 y: +0.0000 z: -0.0000
x: +55.6763 y: +27.6118 z: +0.0000
x: -4.0830 y: -2.7504 z: -0.0000
gradient
x: +190.0689 y: +38.1259 z: +0.0000
x: +57.8317 y: +0.0000 z: +0.0000
x: -54.2695 y: +0.0000 z: -0.0000
x: -194.9499 y: -0.0000 z: +0.0000
x: +24.5079 y: +11.7175 z: -0.0000
x: +53.0075 y: -130.4831 z: +0.0000
x: +53.0075 y: +130.4831 z: -0.0000
x: +13.5930 y: -141.8738 z: +0.0000
x: +82.4695 y: +67.1691 z: -0.0000
x: -14.1163 y: -140.7862 z: -0.0000
x: -14.1163 y: +140.7862 z: +0.0000
x: -144.0043 y: +0.0000 z: -0.0000
x: +3.3867 y: -104.8207 z: +0.0000
x: -56.3726 y: +129.6821 z: -0.0000
