Loaded molecule: hydrocarbon_structures/C4H10.txt
Number of atoms: 14
Alpha electrons: 13, Beta electrons: 13
[CNDO/S Simplified] Using overlap matrix with simplified model
Starting SCF iterations with fixed-damping DIIS...
Iteration 0 delta: 4.7727 (damping: 0.2, DIIS dim: 1, level shift: 0.01, error: 1941.51)
Iteration 10 delta: 1.31564 (damping: 0.2, DIIS dim: 5, level shift: 0.11, error: 512.589)
Iteration 20 delta: 1.35367 (damping: 0.2, DIIS dim: 5, level shift: 0.21, error: 522.603)
Applied small perturbation at iteration 29
Iteration 30 delta: 1.45887 (damping: 0.2, DIIS dim: 5, level shift: 0.31, error: 395.06)
Iteration 40 delta: 1.22824 (damping: 0.2, DIIS dim: 5, level shift: 0.41, error: 531.849)
Iteration 50 delta: 1.14735 (damping: 0.2, DIIS dim: 5, level shift: 0.51, error: 513.236)
Applied small perturbation at iteration 59
Iteration 60 delta: 1.32754 (damping: 0.2, DIIS dim: 5, level shift: 0.61, error: 639.05)
Iteration 70 delta: 1.37461 (damping: 0.2, DIIS dim: 5, level shift: 0.71, error: 496.936)
Iteration 80 delta: 1.48943 (damping: 0.2, DIIS dim: 5, level shift: 0.81, error: 543.24)
Applied small perturbation at iteration 89
Iteration 90 delta: 1.29371 (damping: 0.2, DIIS dim: 5, level shift: 0.91, error: 483.849)
Iteration 100 delta: 1.54905 (damping: 0.2, DIIS dim: 5, level shift: 1, error: 584.684)
Iteration 110 delta: 1.30707 (damping: 0.2, DIIS dim: 5, level shift: 1, error: 401.425)
Applied small perturbation at iteration 119
Iteration 120 delta: 0.798645 (damping: 0.2, DIIS dim: 5, level shift: 1, error: 448.52)
Iteration 130 delta: 1.42755 (damping: 0.2, DIIS dim: 5, level shift: 1, error: 415.883)
Iteration 140 delta: 1.06381 (damping: 0.2, DIIS dim: 5, level shift: 1, error: 566.12)
Applied small perturbation at iteration 149
WARNING: SCF did not converge after 150 iterations.
Returning best approximate solution.

Energy Results:
-------------------------------
Nuclear Repulsion Energy: 3907.811999 eV
Electronic Energy: -10730.106465 eV
Total Energy: -6822.294465 eV
-------------------------------
x
  -1.340637   -0.511221    0.202618    0.030303    1.937600   -4.231606   -0.097159   -0.013769   -1.248391    4.882699   -0.030683    0.028647   -0.357609   -0.184410    0.108376   -0.035735    0.332023    4.425612    4.505075   -0.263288   -0.395657    0.424630    0.254767   -0.257777   -0.530004   -0.183153
  -0.489811   -2.692539    0.043016    0.021566    2.754298   -6.754063    0.209940   -0.013621   -1.594628    6.638208    0.170849   -0.025744   -0.525703   -0.101867    0.014661    0.037054   -6.620409    0.299770    1.860581    3.641738    2.782467   -1.045038   -0.586122   -0.482373   -0.117422   -0.559747
   0.185686    0.033795   -2.340521   -0.003790   -0.096294   -0.216242    2.298241   -0.015697    0.201694   -0.211335   -1.627335    0.023792   -0.055085   -0.229060    1.036112    0.012956    0.666408    6.931948  -13.292246   -4.643065    8.242025    2.485006   -3.489184    0.441823   -1.225834    1.376999
   0.020944    0.020183    0.017662  -50.184718   -0.010318   -0.032293   -0.001540    3.134491   -0.020627    0.054990   -0.042497   -1.446775    0.009891   -0.004911    0.003111   -0.837927   -0.034138   -0.012984    0.007302    0.010508   -0.018811    0.027863   -0.006799    0.001586    0.010042    0.021189
   1.917015    2.755156   -0.112695   -0.023676  -16.381321   45.368647    0.768565   -0.030680    1.822820  -17.728167   -1.098690   -0.064113    0.431707    7.695323    1.035417    0.020904    3.333203    3.729148    1.148961    4.082993    7.975471   -1.218458   -8.549771   -3.055725    2.524049    4.353379
  -4.211657   -6.738305   -0.203621   -0.016795   45.361769 -147.422100   -2.132608    0.011535   10.298676    5.684042    2.733199    0.024411   -0.470536  -17.592381   -3.217177   -0.031492   -4.930578  -20.282718  -15.466540   -7.079017  -20.393960    9.785460   26.178524   15.376625   -4.509668   -8.644734
  -0.107046    0.216732    2.305366   -0.015515    0.745035   -2.147337   -5.624377    0.018323    0.549703   -1.235125    4.548364   -0.013518    0.149137   -0.599089   -2.656113   -0.048464   -1.039998   -7.439747   12.602328   12.810425  -24.010340   -7.137852   12.482672    0.060616    2.886675   -5.013208
  -0.020458   -0.017077   -0.019771    3.136536   -0.022957    0.001452    0.010376   -2.206533    0.022616   -0.012354    0.053954   -0.345614    0.027144   -0.009532   -0.012367   -0.172941    0.014898   -0.035442   -0.024743   -0.000381    0.018732   -0.036512   -0.018186    0.017050    0.002744    0.021476
  -1.270055   -1.624782    0.206617   -0.016186    1.837209   10.326005    0.529146    0.026490  -17.724731   47.887693   -0.097410   -0.027405    0.121599   -8.008713    0.261732   -0.026626   -0.495369    5.807393    6.823880    1.498091    4.869132    6.061514    5.640077   -5.228852   -3.780657   -4.040319
   4.865958    6.627695   -0.224027    0.040830  -17.730819    5.680579   -1.248660   -0.015982   47.900283 -151.066441   -0.017545    0.005219    7.711294    6.265164   -0.542289    0.006515   -3.328406   -8.196088  -13.280297   -8.619423  -15.984759   -9.070276  -13.007486   12.701372   14.689946   16.510238
  -0.035317    0.184160   -1.621079   -0.030115   -1.081741    2.724746    4.562464    0.041736   -0.108476   -0.026964   -6.159843   -0.022086   -0.256558    0.689344    4.279326   -0.038308    1.494367    5.793951   -8.815653  -10.842230   20.358480   13.231531  -21.786703   -0.048795   -5.093786    8.113418
   0.024785   -0.014113    0.021969   -1.454231   -0.056768    0.034100   -0.008111   -0.340210   -0.015826    0.005606   -0.029499   -0.138112    0.010317    0.022728   -0.006588   -0.112887   -0.000174   -0.027173    0.013986   -0.032393    0.035048   -0.005959    0.014449    0.017175    0.033719   -0.010512
  -0.349181   -0.535715   -0.040775    0.002597    0.438591   -0.486509    0.146233    0.009574    0.136857    7.714067   -0.243617    0.002560  -12.345328   32.861933   -0.053451    0.039425    3.893110   -1.797733   -1.503651    2.453510    3.008690    0.719973   -2.052136    1.201978    7.617859    6.415080
  -0.192201   -0.090706   -0.223126    0.003295    7.700537  -17.607381   -0.622593    0.013897   -8.004901    6.261406    0.691723    0.009899   32.858079 -108.252905    0.622604   -0.039261   -8.570080    2.341135    2.803274   -5.111113   -6.822801   -3.250399    5.686849   24.362127  -19.071692  -24.055641
   0.112193    0.031523    1.041828   -0.007249    1.011065   -3.199433   -2.645891    0.012848    0.250369   -0.558211    4.284299   -0.018443   -0.039751    0.635075   -4.971029   -0.013862   -1.106276   -4.154323    4.282731    6.138960  -11.681256   -9.365764   17.094157   -0.707297    9.649043  -13.908935
  -0.026908    0.023618    0.005563   -0.844286    0.027566   -0.003030   -0.022144   -0.191912   -0.007312    0.018336   -0.018579   -0.096093    0.037298   -0.051429    0.007736   -0.027513   -0.004178   -0.028859    0.014711    0.003609    0.016437    0.036092   -0.007703   -0.012917    0.002246    0.021011
   0.346128   -6.630444    0.662768   -0.012895    3.327395   -4.953558   -1.047336    0.006334   -0.495119   -3.314275    1.486795    0.005967    3.872792   -8.577480   -1.101054   -0.007950  -36.439488    4.877086    7.204100    0.743269   -4.304953   -3.704408    3.995333   -1.174947    1.477859   -2.106428
   4.433195    0.313681    6.933024   -0.003304    3.740722  -20.279973   -7.437228   -0.016513    5.818563   -8.209086    5.769944   -0.021994   -1.790247    2.344172   -4.153640   -0.015360    4.883701  -47.951622   13.184848   22.487908  -14.684959   -8.544333   11.217549    4.218441    4.457725   -6.614159
   4.495428    1.850236  -13.282507   -0.001614    1.154043  -15.478411   12.612610   -0.026456    6.825400  -13.277773   -8.820503    0.020316   -1.520003    2.807389    4.293214    0.015613    7.196579   13.180178  -78.716280  -15.544809   39.769924   10.761942  -12.751099    4.327892   -4.596271    7.616697
  -0.265044    3.645578   -4.650822   -0.004201    4.099021   -7.075010   12.810600   -0.010359    1.492121   -8.609163  -10.860761   -0.029735    2.457615   -5.122343    6.137394    0.016450    0.748424   22.492351  -15.545360  -65.961499   22.586909   28.805451  -12.244147    0.004076   -8.176515    7.463361
  -0.390938    2.780971    8.230589   -0.010062    7.978408  -20.386206  -24.017010    0.006204    4.886969  -15.999209   20.367080    0.024356    2.989246   -6.821351  -11.669983    0.006758   -4.302632  -14.687381   39.771207   22.595257 -115.078706  -14.414329   49.786528    1.611135    8.131701  -17.536903
   0.432318   -1.048033    2.481296    0.013567   -1.219545    9.775413   -7.129057   -0.030871    6.066434   -9.080067   13.240773   -0.009737    0.721977   -3.246460   -9.380484    0.033557   -3.702097   -8.547040   10.768092   28.801233  -14.414945  -66.652924   19.053334    1.817837   19.171300   -8.977257
   0.267758   -0.597525   -3.476516   -0.010258   -8.557610   26.173813   12.489010   -0.017606    5.631002  -13.010068  -21.787615    0.007597   -2.052172    5.665705   17.112614   -0.003519    3.987603   11.210107  -12.736169  -12.244132   49.786063   19.051572  -95.505526    4.264958  -10.027010   27.079776
  -0.274459   -0.481329    0.427725   -0.007650   -3.053983   15.371444    0.066580    0.029039   -5.235590   12.724363   -0.043748    0.012227    1.202824   24.379170   -0.705306   -0.012481   -1.171231    4.212902    4.322810    0.005449    1.610496    1.821524    4.260808  -69.026935    8.905567   12.190548
  -0.521288   -0.097162   -1.220837    0.023377    2.508408   -4.517847    2.887052   -0.013623   -3.782581   14.684462   -5.084483    0.024011    7.617014  -19.066709    9.656615    0.001634    1.474397    4.452651   -4.600417   -8.175824    8.132354   19.176067  -10.038166    8.910450  -57.626862   12.003637
  -0.175040   -0.568620    1.381391    0.012340    4.345185   -8.643415   -5.013134    0.026204   -4.038478   16.511648    8.124752   -0.012817    6.413326  -24.066400  -13.912788    0.005245   -2.103485   -6.609807    7.617636    7.456241  -17.535486   -8.977089   27.082464   12.191969   12.004844  -85.246210
y
-10.171581   0.000000   0.000000   0.000000 -16.270007   0.000000   0.000000   0.000000 -16.469977   0.000000   0.000000   0.000000 -13.323581   0.000000   0.000000   0.000000  -6.742961  -8.453675 -13.062383 -11.090817 -18.355519 -11.176646 -15.434108 -11.522250  -9.842479 -13.914038
  0.000000   0.000000   0.000000   0.000000   0.000000   0.000000   0.000000   0.000000   0.000000   0.000000   0.000000   0.000000   0.000000   0.000000   0.000000   0.000000   0.000000   0.000000   0.000000   0.000000   0.000000   0.000000   0.000000   0.000000   0.000000   0.000000
  0.000000   0.000000   0.000000   0.000000   0.000000   0.000000   0.000000   0.000000   0.000000   0.000000   0.000000   0.000000   0.000000   0.000000   0.000000   0.000000   0.000000   0.000000   0.000000   0.000000   0.000000   0.000000   0.000000   0.000000   0.000000   0.000000
  0.000000   0.000000   0.000000   0.000000   0.000000   0.000000   0.000000   0.000000   0.000000   0.000000   0.000000   0.000000   0.000000   0.000000   0.000000   0.000000   0.000000   0.000000   0.000000   0.000000   0.000000   0.000000   0.000000   0.000000   0.000000   0.000000
-16.269988   0.000000   0.000000   0.000000 -23.447229   0.000000   0.000000   0.000000 -16.129627   0.000000   0.000000   0.000000 -16.214332   0.000000   0.000000   0.000000  -3.950485  -4.157127  -3.956185  -3.905592  -4.130913  -3.849917  -4.146524  -3.892299  -3.829493  -3.744241
  0.000000   0.000000   0.000000   0.000000   0.000000   0.000000   0.000000   0.000000   0.000000   0.000000   0.000000   0.000000   0.000000   0.000000   0.000000   0.000000   0.000000   0.000000   0.000000   0.000000   0.000000   0.000000   0.000000   0.000000   0.000000   0.000000
  0.000000   0.000000   0.000000   0.000000   0.000000   0.000000   0.000000   0.000000   0.000000   0.000000   0.000000   0.000000   0.000000   0.000000   0.000000   0.000000   0.000000   0.000000   0.000000   0.000000   0.000000   0.000000   0.000000   0.000000   0.000000   0.000000
  0.000000   0.000000   0.000000   0.000000   0.000000   0.000000   0.000000   0.000000   0.000000   0.000000   0.000000   0.000000   0.000000   0.000000   0.000000   0.000000   0.000000   0.000000   0.000000   0.000000   0.000000   0.000000   0.000000   0.000000   0.000000   0.000000
-16.469942   0.000000   0.000000   0.000000 -16.129779   0.000000   0.000000   0.000000 -23.857045   0.000000   0.000000   0.000000 -16.244604   0.000000   0.000000   0.000000  -3.838354  -3.795600  -3.600793  -3.660882  -3.478550  -3.709240  -3.684085  -3.632473  -3.773194  -3.568280
  0.000000   0.000000   0.000000   0.000000   0.000000   0.000000   0.000000   0.000000   0.000000   0.000000   0.000000   0.000000   0.000000   0.000000   0.000000   0.000000   0.000000   0.000000   0.000000   0.000000   0.000000   0.000000   0.000000   0.000000   0.000000   0.000000
  0.000000   0.000000   0.000000   0.000000   0.000000   0.000000   0.000000   0.000000   0.000000   0.000000   0.000000   0.000000   0.000000   0.000000   0.000000   0.000000   0.000000   0.000000   0.000000   0.000000   0.000000   0.000000   0.000000   0.000000   0.000000   0.000000
  0.000000   0.000000   0.000000   0.000000   0.000000   0.000000   0.000000   0.000000   0.000000   0.000000   0.000000   0.000000   0.000000   0.000000   0.000000   0.000000   0.000000   0.000000   0.000000   0.000000   0.000000   0.000000   0.000000   0.000000   0.000000   0.000000
-13.323594   0.000000   0.000000   0.000000 -16.214546   0.000000   0.000000   0.000000 -16.244670   0.000000   0.000000   0.000000 -19.758960   0.000000   0.000000   0.000000  -5.098855  -5.698411  -7.437719  -6.760944  -9.619705  -6.843168  -8.882139  -7.243223  -6.524292  -8.244253
  0.000000   0.000000   0.000000   0.000000   0.000000   0.000000   0.000000   0.000000   0.000000   0.000000   0.000000   0.000000   0.000000   0.000000   0.000000   0.000000   0.000000   0.000000   0.000000   0.000000   0.000000   0.000000   0.000000   0.000000   0.000000   0.000000
  0.000000   0.000000   0.000000   0.000000   0.000000   0.000000   0.000000   0.000000   0.000000   0.000000   0.000000   0.000000   0.000000   0.000000   0.000000   0.000000   0.000000   0.000000   0.000000   0.000000   0.000000   0.000000   0.000000   0.000000   0.000000   0.000000
  0.000000   0.000000   0.000000   0.000000   0.000000   0.000000   0.000000   0.000000   0.000000   0.000000   0.000000   0.000000   0.000000   0.000000   0.000000   0.000000   0.000000   0.000000   0.000000   0.000000   0.000000   0.000000   0.000000   0.000000   0.000000   0.000000
 -6.743041   0.000000   0.000000   0.000000  -3.950586   0.000000   0.000000   0.000000  -3.838262   0.000000   0.000000   0.000000  -5.098876   0.000000   0.000000   0.000000  -2.020845   0.661999   2.360040   1.724048   4.488472   1.741352   3.385265   1.894173   1.250854   2.817286
 -8.453718   0.000000   0.000000   0.000000  -4.157103   0.000000   0.000000   0.000000  -3.795633   0.000000   0.000000   0.000000  -5.698348   0.000000   0.000000   0.000000   0.661890  -1.783060   4.266620   2.631745   7.598343   3.379156   5.940462   3.686965   2.632300   5.148653
-13.062180   0.000000   0.000000   0.000000  -3.956471   0.000000   0.000000   0.000000  -3.600799   0.000000   0.000000   0.000000  -7.437811   0.000000   0.000000   0.000000   2.360240   4.266894   0.800173   7.520019  14.656795   7.916966  13.269466   8.531829   6.393280  11.511772
-11.090884   0.000000   0.000000   0.000000  -3.905664   0.000000   0.000000   0.000000  -3.660991   0.000000   0.000000   0.000000  -6.760903   0.000000   0.000000   0.000000   1.724047   2.631397   7.519921  -0.658976  12.418611   4.895847  10.241413   6.553452   4.762731   8.868382
-18.355425   0.000000   0.000000   0.000000  -4.130923   0.000000   0.000000   0.000000  -3.479121   0.000000   0.000000   0.000000  -9.619643   0.000000   0.000000   0.000000   4.488485   7.598164  14.656563  12.418201   7.639875  13.256970  18.338595  14.284455  10.745056  18.671169
-11.176635   0.000000   0.000000   0.000000  -3.849769   0.000000   0.000000   0.000000  -3.709528   0.000000   0.000000   0.000000  -6.843258   0.000000   0.000000   0.000000   1.741366   3.379066   7.916724   4.896160  13.256940  -0.564144  10.061058   6.651388   4.368388   8.973484
-15.434054   0.000000   0.000000   0.000000  -4.146549   0.000000   0.000000   0.000000  -3.684133   0.000000   0.000000   0.000000  -8.882296   0.000000   0.000000   0.000000   3.385358   5.940657  13.270045  10.241422  18.338684  10.061241   3.283985  11.166812   8.321246  13.884122
-11.522247   0.000000   0.000000   0.000000  -3.892214   0.000000   0.000000   0.000000  -3.632841   0.000000   0.000000   0.000000  -7.243614   0.000000   0.000000   0.000000   1.894196   3.687015   8.531883   6.553451  14.284442   6.651324  11.166825  -0.322102   5.118259   9.351485
 -9.842464   0.000000   0.000000   0.000000  -3.829514   0.000000   0.000000   0.000000  -3.773041   0.000000   0.000000   0.000000  -6.524194   0.000000   0.000000   0.000000   1.250872   2.632365   6.393221   4.762748  10.745108   4.368109   8.320880   5.118118  -1.293651   7.001897
-13.914050   0.000000   0.000000   0.000000  -3.744178   0.000000   0.000000   0.000000  -3.568405   0.000000   0.000000   0.000000  -8.244530   0.000000   0.000000   0.000000   2.817326   5.148753  11.511744   8.868547  18.671231   8.973483  13.883751   9.351456   7.001852   1.689367
Suv_RA (A is the center of u)
s 00/dR_A is: x:+0.0000 y:+0.0000 z: +0.0000
s 01/dR_A is: x:+0.0000 y:+0.0000 z: +0.0000
s 02/dR_A is: x:+0.0000 y:+0.0000 z: +0.0000
s 03/dR_A is: x:+0.0000 y:+0.0000 z: +0.0000
s 04/dR_A is: x:+0.3147 y:+0.0000 z: +0.0000
s 05/dR_A is: x:+0.0401 y:+0.0000 z: +0.0000
s 06/dR_A is: x:+0.0000 y:+0.3307 z: +0.0000
s 07/dR_A is: x:+0.0000 y:+0.0000 z: +0.3307
s 08/dR_A is: x:+0.2139 y:+0.0000 z: +0.0000
s 09/dR_A is: x:-0.1912 y:+0.0000 z: +0.0000
s 010/dR_A is: x:+0.0000 y:+0.0986 z: +0.0000
s 011/dR_A is: x:+0.0000 y:+0.0000 z: +0.0986
s 012/dR_A is: x:+0.0654 y:+0.0000 z: +0.0000
s 013/dR_A is: x:-0.0857 y:+0.0000 z: +0.0000
s 014/dR_A is: x:+0.0000 y:+0.0185 z: +0.0000
s 015/dR_A is: x:+0.0000 y:+0.0000 z: +0.0185
s 016/dR_A is: x:-0.2873 y:+0.0000 z: +0.0000
s 017/dR_A is: x:+0.0000 y:+0.2873 z: +0.0000
s 018/dR_A is: x:+0.0000 y:-0.2873 z: +0.0000
s 019/dR_A is: x:+0.2584 y:+0.1829 z: +0.0000
s 020/dR_A is: x:+0.2584 y:-0.1829 z: +0.0000
s 021/dR_A is: x:+0.1599 y:+0.0566 z: +0.0000
s 022/dR_A is: x:+0.1599 y:-0.0566 z: +0.0000
s 023/dR_A is: x:+0.0198 y:+0.0000 z: +0.0000
s 024/dR_A is: x:+0.0510 y:+0.0120 z: +0.0000
s 025/dR_A is: x:+0.0510 y:-0.0120 z: +0.0000
s 10/dR_A is: x:+0.0000 y:+0.7018 z: -0.5093
s 11/dR_A is: x:+1.0000 y:+0.0000 z: +0.0000
s 12/dR_A is: x:+0.0000 y:+0.0000 z: +0.0000
s 13/dR_A is: x:+0.0000 y:+0.0000 z: +0.0000
s 14/dR_A is: x:-0.0401 y:+0.0000 z: +0.0000
s 15/dR_A is: x:+0.6107 y:+0.0000 z: +0.0000
s 16/dR_A is: x:+0.0000 y:+0.3862 z: +0.0000
s 17/dR_A is: x:+0.0000 y:+0.0000 z: +0.3862
s 18/dR_A is: x:+0.1912 y:+0.0000 z: +0.0000
s 19/dR_A is: x:-0.1032 y:+0.0000 z: +0.0000
s 110/dR_A is: x:+0.0000 y:+0.1418 z: +0.0000
s 111/dR_A is: x:+0.0000 y:+0.0000 z: +0.1418
s 112/dR_A is: x:+0.0857 y:+0.0000 z: +0.0000
s 113/dR_A is: x:-0.0968 y:+0.0000 z: +0.0000
s 114/dR_A is: x:+0.0000 y:+0.0302 z: +0.0000
s 115/dR_A is: x:+0.0000 y:+0.0000 z: +0.0302
s 116/dR_A is: x:-0.1556 y:+0.0000 z: +0.0000
s 117/dR_A is: x:-0.4732 y:+0.0000 z: +0.0000
s 118/dR_A is: x:-0.4732 y:+0.0000 z: +0.0000
s 119/dR_A is: x:+0.0146 y:+0.1966 z: +0.0000
s 120/dR_A is: x:+0.0146 y:-0.1966 z: +0.0000
s 121/dR_A is: x:+0.1391 y:+0.0746 z: +0.0000
s 122/dR_A is: x:+0.1391 y:-0.0746 z: +0.0000
s 123/dR_A is: x:+0.0282 y:+0.0000 z: +0.0000
s 124/dR_A is: x:+0.0612 y:+0.0178 z: +0.0000
s 125/dR_A is: x:+0.0612 y:-0.0178 z: +0.0000
s 20/dR_A is: x:+0.0000 y:+0.0000 z: +0.2605
s 21/dR_A is: x:+0.0000 y:+0.5444 z: +0.0000
s 22/dR_A is: x:+0.8388 y:+0.0000 z: +0.0000
s 23/dR_A is: x:+0.0000 y:+0.0000 z: +0.0000
s 24/dR_A is: x:+0.0000 y:-0.3307 z: +0.0000
s 25/dR_A is: x:+0.0000 y:+0.3862 z: +0.0000
s 26/dR_A is: x:+0.3862 y:+0.0000 z: +0.0000
s 27/dR_A is: x:+0.0000 y:+0.0000 z: +0.0000
s 28/dR_A is: x:+0.0000 y:-0.0986 z: +0.0000
s 29/dR_A is: x:+0.0000 y:+0.1418 z: +0.0000
s 210/dR_A is: x:+0.1418 y:+0.0000 z: +0.0000
s 211/dR_A is: x:+0.0000 y:+0.0000 z: +0.0000
s 212/dR_A is: x:+0.0000 y:-0.0185 z: +0.0000
s 213/dR_A is: x:+0.0000 y:+0.0302 z: +0.0000
s 214/dR_A is: x:+0.0302 y:+0.0000 z: +0.0000
s 215/dR_A is: x:+0.0000 y:+0.0000 z: +0.0000
s 216/dR_A is: x:+0.0000 y:-0.4732 z: +0.0000
s 217/dR_A is: x:+0.0000 y:-0.1556 z: +0.0000
s 218/dR_A is: x:+0.0000 y:-0.1556 z: +0.0000
s 219/dR_A is: x:+0.1966 y:-0.1240 z: +0.0000
s 220/dR_A is: x:-0.1966 y:-0.1240 z: +0.0000
s 221/dR_A is: x:+0.0746 y:-0.0453 z: +0.0000
s 222/dR_A is: x:-0.0746 y:-0.0453 z: +0.0000
s 223/dR_A is: x:+0.0000 y:-0.0044 z: +0.0000
s 224/dR_A is: x:+0.0178 y:-0.0103 z: +0.0000
s 225/dR_A is: x:-0.0178 y:-0.0103 z: +0.0000
s 30/dR_A is: x:-0.3036 y:+0.0000 z: +0.0000
s 31/dR_A is: x:+0.0000 y:+0.0000 z: +0.1384
s 32/dR_A is: x:+0.0000 y:+0.5592 z: +0.0000
s 33/dR_A is: x:+0.3784 y:+0.0000 z: +0.0000
s 34/dR_A is: x:+0.0000 y:+0.0000 z: -0.3307
s 35/dR_A is: x:+0.0000 y:+0.0000 z: +0.3862
s 36/dR_A is: x:+0.0000 y:+0.0000 z: +0.0000
s 37/dR_A is: x:+0.3862 y:+0.0000 z: +0.0000
s 38/dR_A is: x:+0.0000 y:+0.0000 z: -0.0986
s 39/dR_A is: x:+0.0000 y:+0.0000 z: +0.1418
s 310/dR_A is: x:+0.0000 y:+0.0000 z: +0.0000
s 311/dR_A is: x:+0.1418 y:+0.0000 z: +0.0000
s 312/dR_A is: x:+0.0000 y:+0.0000 z: -0.0185
s 313/dR_A is: x:+0.0000 y:+0.0000 z: +0.0302
s 314/dR_A is: x:+0.0000 y:+0.0000 z: +0.0000
s 315/dR_A is: x:+0.0302 y:+0.0000 z: +0.0000
s 316/dR_A is: x:+0.0000 y:+0.0000 z: -0.4732
s 317/dR_A is: x:+0.0000 y:+0.0000 z: -0.4732
s 318/dR_A is: x:+0.0000 y:+0.0000 z: -0.4732
s 319/dR_A is: x:+0.0000 y:+0.0000 z: -0.2631
s 320/dR_A is: x:+0.0000 y:+0.0000 z: -0.2631
s 321/dR_A is: x:+0.0000 y:+0.0000 z: -0.0717
s 322/dR_A is: x:+0.0000 y:+0.0000 z: -0.0717
s 323/dR_A is: x:+0.0000 y:+0.0000 z: -0.0044
s 324/dR_A is: x:+0.0000 y:+0.0000 z: -0.0145
s 325/dR_A is: x:+0.0000 y:+0.0000 z: -0.0145
s 40/dR_A is: x:-0.3147 y:+0.0000 z: +0.0000
s 41/dR_A is: x:+0.0401 y:+0.0000 z: +0.0000
s 42/dR_A is: x:+0.0000 y:+0.3307 z: +0.0000
s 43/dR_A is: x:+0.0000 y:+0.0000 z: +0.3307
s 44/dR_A is: x:+0.4934 y:+0.7698 z: +0.0000
s 45/dR_A is: x:+0.0000 y:+0.0000 z: +0.0000
s 46/dR_A is: x:+0.0000 y:+0.0000 z: +0.0000
s 47/dR_A is: x:+0.0000 y:+0.0000 z: +0.0000
s 48/dR_A is: x:+0.3147 y:+0.0000 z: +0.0000
s 49/dR_A is: x:+0.0401 y:+0.0000 z: +0.0000
s 410/dR_A is: x:+0.0000 y:+0.3307 z: +0.0000
s 411/dR_A is: x:+0.0000 y:+0.0000 z: +0.3307
s 412/dR_A is: x:+0.2139 y:+0.0000 z: +0.0000
s 413/dR_A is: x:-0.1912 y:+0.0000 z: +0.0000
s 414/dR_A is: x:+0.0000 y:+0.0986 z: +0.0000
s 415/dR_A is: x:+0.0000 y:+0.0000 z: +0.0986
s 416/dR_A is: x:-0.2444 y:+0.0000 z: +0.0000
s 417/dR_A is: x:-0.2584 y:+0.1829 z: +0.0000
s 418/dR_A is: x:-0.2584 y:-0.1829 z: +0.0000
s 419/dR_A is: x:+0.0000 y:+0.2873 z: +0.0000
s 420/dR_A is: x:+0.0000 y:-0.2873 z: +0.0000
s 421/dR_A is: x:+0.2584 y:+0.1829 z: +0.0000
s 422/dR_A is: x:+0.2584 y:-0.1829 z: +0.0000
s 423/dR_A is: x:+0.0868 y:+0.0000 z: +0.0000
s 424/dR_A is: x:+0.1599 y:+0.0566 z: +0.0000
s 425/dR_A is: x:+0.1599 y:-0.0566 z: +0.0000
s 50/dR_A is: x:-0.0401 y:+0.0000 z: +0.0000
s 51/dR_A is: x:-0.6107 y:+0.0000 z: +0.0000
s 52/dR_A is: x:+0.0000 y:-0.3862 z: +0.0000
s 53/dR_A is: x:+0.0000 y:+0.0000 z: -0.3862
s 54/dR_A is: x:+0.0000 y:+0.0081 z: -0.0096
s 55/dR_A is: x:+0.8147 y:+0.0000 z: +0.0000
s 56/dR_A is: x:+0.0000 y:+0.0000 z: +0.0000
s 57/dR_A is: x:+0.0000 y:+0.0000 z: +0.0000
s 58/dR_A is: x:-0.0401 y:+0.0000 z: +0.0000
s 59/dR_A is: x:+0.6107 y:+0.0000 z: +0.0000
s 510/dR_A is: x:+0.0000 y:+0.3862 z: +0.0000
s 511/dR_A is: x:+0.0000 y:+0.0000 z: +0.3862
s 512/dR_A is: x:+0.1912 y:+0.0000 z: +0.0000
s 513/dR_A is: x:-0.1032 y:+0.0000 z: +0.0000
s 514/dR_A is: x:+0.0000 y:+0.1418 z: +0.0000
s 515/dR_A is: x:+0.0000 y:+0.0000 z: +0.1418
s 516/dR_A is: x:+0.2032 y:+0.0000 z: +0.0000
s 517/dR_A is: x:+0.0146 y:-0.1966 z: +0.0000
s 518/dR_A is: x:+0.0146 y:+0.1966 z: +0.0000
s 519/dR_A is: x:-0.4732 y:+0.0000 z: +0.0000
s 520/dR_A is: x:-0.4732 y:-0.0000 z: +0.0000
s 521/dR_A is: x:+0.0146 y:+0.1966 z: +0.0000
s 522/dR_A is: x:+0.0146 y:-0.1966 z: +0.0000
s 523/dR_A is: x:+0.0991 y:+0.0000 z: +0.0000
s 524/dR_A is: x:+0.1391 y:+0.0746 z: +0.0000
s 525/dR_A is: x:+0.1391 y:-0.0746 z: +0.0000
s 60/dR_A is: x:+0.0000 y:-0.3307 z: +0.0000
s 61/dR_A is: x:+0.0000 y:-0.3862 z: +0.0000
s 62/dR_A is: x:-0.3862 y:+0.0000 z: +0.0000
s 63/dR_A is: x:+0.0000 y:+0.0000 z: +0.0000
s 64/dR_A is: x:-0.0096 y:+0.0027 z: +0.0027
s 65/dR_A is: x:+0.0000 y:+0.0000 z: +0.0000
s 66/dR_A is: x:+0.2798 y:+0.0219 z: +0.1124
s 67/dR_A is: x:+0.0000 y:+0.0000 z: +0.0000
s 68/dR_A is: x:+0.0000 y:-0.3307 z: +0.0000
s 69/dR_A is: x:+0.0000 y:+0.3862 z: +0.0000
s 610/dR_A is: x:+0.3862 y:+0.0000 z: +0.0000
s 611/dR_A is: x:+0.0000 y:+0.0000 z: +0.0000
s 612/dR_A is: x:+0.0000 y:-0.0986 z: +0.0000
s 613/dR_A is: x:+0.0000 y:+0.1418 z: +0.0000
s 614/dR_A is: x:+0.1418 y:+0.0000 z: +0.0000
s 615/dR_A is: x:+0.0000 y:+0.0000 z: +0.0000
s 616/dR_A is: x:+0.0000 y:-0.1344 z: +0.0000
s 617/dR_A is: x:-0.1966 y:-0.1240 z: +0.0000
s 618/dR_A is: x:+0.1966 y:-0.1240 z: +0.0000
s 619/dR_A is: x:+0.0000 y:-0.1556 z: +0.0000
s 620/dR_A is: x:-0.0000 y:-0.1556 z: +0.0000
s 621/dR_A is: x:+0.1966 y:-0.1240 z: +0.0000
s 622/dR_A is: x:-0.1966 y:-0.1240 z: +0.0000
s 623/dR_A is: x:+0.0000 y:-0.0277 z: +0.0000
s 624/dR_A is: x:+0.0746 y:-0.0453 z: +0.0000
s 625/dR_A is: x:-0.0746 y:-0.0453 z: +0.0000
s 70/dR_A is: x:+0.0000 y:+0.0000 z: -0.3307
s 71/dR_A is: x:+0.0000 y:+0.0000 z: -0.3862
s 72/dR_A is: x:+0.0000 y:+0.0000 z: +0.0000
s 73/dR_A is: x:-0.3862 y:+0.0000 z: +0.0000
s 74/dR_A is: x:-0.0206 y:-0.0206 z: +0.7636
s 75/dR_A is: x:+0.0000 y:+0.0000 z: +0.0000
s 76/dR_A is: x:+0.0117 y:+0.0359 z: -0.0057
s 77/dR_A is: x:+0.2719 y:+0.0851 z: -0.0072
s 78/dR_A is: x:+0.0000 y:+0.0000 z: -0.3307
s 79/dR_A is: x:+0.0000 y:+0.0000 z: +0.3862
s 710/dR_A is: x:+0.0000 y:+0.0000 z: +0.0000
s 711/dR_A is: x:+0.3862 y:+0.0000 z: +0.0000
s 712/dR_A is: x:+0.0000 y:+0.0000 z: -0.0986
s 713/dR_A is: x:+0.0000 y:+0.0000 z: +0.1418
s 714/dR_A is: x:+0.0000 y:+0.0000 z: +0.0000
s 715/dR_A is: x:+0.1418 y:+0.0000 z: +0.0000
s 716/dR_A is: x:+0.0000 y:+0.0000 z: -0.1344
s 717/dR_A is: x:+0.0000 y:+0.0000 z: -0.2631
s 718/dR_A is: x:+0.0000 y:+0.0000 z: -0.2631
s 719/dR_A is: x:+0.0000 y:+0.0000 z: -0.4732
s 720/dR_A is: x:+0.0000 y:+0.0000 z: -0.4732
s 721/dR_A is: x:+0.0000 y:+0.0000 z: -0.2631
s 722/dR_A is: x:+0.0000 y:+0.0000 z: -0.2631
s 723/dR_A is: x:+0.0000 y:+0.0000 z: -0.0277
s 724/dR_A is: x:+0.0000 y:+0.0000 z: -0.0717
s 725/dR_A is: x:+0.0000 y:+0.0000 z: -0.0717
s 80/dR_A is: x:-0.2139 y:+0.0000 z: +0.0000
s 81/dR_A is: x:-0.1912 y:+0.0000 z: +0.0000
s 82/dR_A is: x:+0.0000 y:+0.0986 z: +0.0000
s 83/dR_A is: x:+0.0000 y:+0.0000 z: +0.0986
s 84/dR_A is: x:-0.3147 y:+0.0000 z: +0.0000
s 85/dR_A is: x:+0.0401 y:+0.0000 z: +0.0000
s 86/dR_A is: x:+0.0000 y:+0.3307 z: +0.0000
s 87/dR_A is: x:+0.0000 y:+0.0000 z: +0.3307
s 88/dR_A is: x:+0.2712 y:+0.0834 z: +0.0000
s 89/dR_A is: x:+0.0538 y:-0.2030 z: +0.1155
s 810/dR_A is: x:+2.1908 y:-0.3695 z: -0.6563
s 811/dR_A is: x:+0.0000 y:+0.0000 z: +0.0000
s 812/dR_A is: x:+0.3147 y:+0.0000 z: +0.0000
s 813/dR_A is: x:+0.0401 y:+0.0000 z: +0.0000
s 814/dR_A is: x:+0.0000 y:+0.3307 z: +0.0000
s 815/dR_A is: x:+0.0000 y:+0.0000 z: +0.3307
s 816/dR_A is: x:-0.0868 y:+0.0000 z: +0.0000
s 817/dR_A is: x:-0.1599 y:+0.0566 z: +0.0000
s 818/dR_A is: x:-0.1599 y:-0.0566 z: +0.0000
s 819/dR_A is: x:-0.2584 y:+0.1829 z: +0.0000
s 820/dR_A is: x:-0.2584 y:-0.1829 z: +0.0000
s 821/dR_A is: x:+0.0000 y:+0.2873 z: +0.0000
s 822/dR_A is: x:+0.0000 y:-0.2873 z: +0.0000
s 823/dR_A is: x:+0.2444 y:+0.0000 z: +0.0000
s 824/dR_A is: x:+0.2584 y:+0.1829 z: +0.0000
s 825/dR_A is: x:+0.2584 y:-0.1829 z: +0.0000
s 90/dR_A is: x:+0.1912 y:+0.0000 z: +0.0000
s 91/dR_A is: x:+0.1032 y:+0.0000 z: +0.0000
s 92/dR_A is: x:+0.0000 y:-0.1418 z: +0.0000
s 93/dR_A is: x:+0.0000 y:+0.0000 z: -0.1418
s 94/dR_A is: x:-0.0401 y:+0.0000 z: +0.0000
s 95/dR_A is: x:-0.6107 y:+0.0000 z: +0.0000
s 96/dR_A is: x:+0.0000 y:-0.3862 z: +0.0000
s 97/dR_A is: x:+0.0000 y:+0.0000 z: -0.3862
s 98/dR_A is: x:+0.0000 y:+0.0000 z: +0.0000
s 99/dR_A is: x:+0.0840 y:+0.0000 z: +0.0000
s 910/dR_A is: x:-0.4775 y:+0.0000 z: +0.0000
s 911/dR_A is: x:+0.0000 y:+0.0000 z: +0.0000
s 912/dR_A is: x:-0.0401 y:+0.0000 z: +0.0000
s 913/dR_A is: x:+0.6107 y:+0.0000 z: +0.0000
s 914/dR_A is: x:+0.0000 y:+0.3862 z: +0.0000
s 915/dR_A is: x:+0.0000 y:+0.0000 z: +0.3862
s 916/dR_A is: x:+0.0991 y:+0.0000 z: +0.0000
s 917/dR_A is: x:+0.1391 y:-0.0746 z: +0.0000
s 918/dR_A is: x:+0.1391 y:+0.0746 z: +0.0000
s 919/dR_A is: x:+0.0146 y:-0.1966 z: +0.0000
s 920/dR_A is: x:+0.0146 y:+0.1966 z: +0.0000
s 921/dR_A is: x:-0.4732 y:+0.0000 z: +0.0000
s 922/dR_A is: x:-0.4732 y:-0.0000 z: +0.0000
s 923/dR_A is: x:+0.2032 y:+0.0000 z: +0.0000
s 924/dR_A is: x:+0.0146 y:+0.1966 z: +0.0000
s 925/dR_A is: x:+0.0146 y:-0.1966 z: +0.0000
s 100/dR_A is: x:+0.0000 y:-0.0986 z: +0.0000
s 101/dR_A is: x:+0.0000 y:-0.1418 z: +0.0000
s 102/dR_A is: x:-0.1418 y:+0.0000 z: +0.0000
s 103/dR_A is: x:+0.0000 y:+0.0000 z: +0.0000
s 104/dR_A is: x:+0.0000 y:-0.3307 z: +0.0000
s 105/dR_A is: x:+0.0000 y:-0.3862 z: +0.0000
s 106/dR_A is: x:-0.3862 y:+0.0000 z: +0.0000
s 107/dR_A is: x:+0.0000 y:+0.0000 z: +0.0000
s 108/dR_A is: x:+0.0000 y:+0.0000 z: +0.0000
s 109/dR_A is: x:+1.0000 y:+0.0000 z: +0.0000
s 1010/dR_A is: x:+0.0000 y:+0.0000 z: +0.0000
s 1011/dR_A is: x:+0.0000 y:+0.0000 z: +0.0000
s 1012/dR_A is: x:+0.0000 y:-0.3307 z: +0.0000
s 1013/dR_A is: x:+0.0000 y:+0.3862 z: +0.0000
s 1014/dR_A is: x:+0.3862 y:+0.0000 z: +0.0000
s 1015/dR_A is: x:+0.0000 y:+0.0000 z: +0.0000
s 1016/dR_A is: x:+0.0000 y:-0.0277 z: +0.0000
s 1017/dR_A is: x:-0.0746 y:-0.0453 z: +0.0000
s 1018/dR_A is: x:+0.0746 y:-0.0453 z: +0.0000
s 1019/dR_A is: x:-0.1966 y:-0.1240 z: +0.0000
s 1020/dR_A is: x:+0.1966 y:-0.1240 z: +0.0000
s 1021/dR_A is: x:+0.0000 y:-0.1556 z: +0.0000
s 1022/dR_A is: x:-0.0000 y:-0.1556 z: +0.0000
s 1023/dR_A is: x:+0.0000 y:-0.1344 z: +0.0000
s 1024/dR_A is: x:+0.1966 y:-0.1240 z: +0.0000
s 1025/dR_A is: x:-0.1966 y:-0.1240 z: +0.0000
s 110/dR_A is: x:+0.0000 y:+0.0000 z: -0.0986
s 111/dR_A is: x:+0.0000 y:+0.0000 z: -0.1418
s 112/dR_A is: x:+0.0000 y:+0.0000 z: +0.0000
s 113/dR_A is: x:-0.1418 y:+0.0000 z: +0.0000
s 114/dR_A is: x:+0.0000 y:+0.0000 z: -0.3307
s 115/dR_A is: x:+0.0000 y:+0.0000 z: -0.3862
s 116/dR_A is: x:+0.0000 y:+0.0000 z: +0.0000
s 117/dR_A is: x:-0.3862 y:+0.0000 z: +0.0000
s 118/dR_A is: x:+0.0000 y:+0.0000 z: +0.0000
s 119/dR_A is: x:+0.0000 y:-0.6490 z: +0.0000
s 1110/dR_A is: x:+2.6110 y:+0.0000 z: +0.0000
s 1111/dR_A is: x:+0.0000 y:+0.0000 z: +0.0000
s 1112/dR_A is: x:+0.0000 y:+0.0000 z: -0.3307
s 1113/dR_A is: x:+0.0000 y:+0.0000 z: +0.3862
s 1114/dR_A is: x:+0.0000 y:+0.0000 z: +0.0000
s 1115/dR_A is: x:+0.3862 y:+0.0000 z: +0.0000
s 1116/dR_A is: x:+0.0000 y:+0.0000 z: -0.0277
s 1117/dR_A is: x:+0.0000 y:+0.0000 z: -0.0717
s 1118/dR_A is: x:+0.0000 y:+0.0000 z: -0.0717
s 1119/dR_A is: x:+0.0000 y:+0.0000 z: -0.2631
s 1120/dR_A is: x:+0.0000 y:+0.0000 z: -0.2631
s 1121/dR_A is: x:+0.0000 y:+0.0000 z: -0.4732
s 1122/dR_A is: x:+0.0000 y:+0.0000 z: -0.4732
s 1123/dR_A is: x:+0.0000 y:+0.0000 z: -0.1344
s 1124/dR_A is: x:+0.0000 y:+0.0000 z: -0.2631
s 1125/dR_A is: x:+0.0000 y:+0.0000 z: -0.2631
s 120/dR_A is: x:-0.0654 y:+0.0000 z: +0.0000
s 121/dR_A is: x:-0.0857 y:+0.0000 z: +0.0000
s 122/dR_A is: x:+0.0000 y:+0.0185 z: +0.0000
s 123/dR_A is: x:+0.0000 y:+0.0000 z: +0.0185
s 124/dR_A is: x:-0.2139 y:+0.0000 z: +0.0000
s 125/dR_A is: x:-0.1912 y:+0.0000 z: +0.0000
s 126/dR_A is: x:+0.0000 y:+0.0986 z: +0.0000
s 127/dR_A is: x:+0.0000 y:+0.0000 z: +0.0986
s 128/dR_A is: x:-0.3147 y:+0.0000 z: +0.0000
s 129/dR_A is: x:+0.0401 y:+0.0000 z: +0.0000
s 1210/dR_A is: x:+0.0000 y:+0.3307 z: +0.0000
s 1211/dR_A is: x:+0.0000 y:+0.0000 z: +0.3307
s 1212/dR_A is: x:+0.0000 y:+0.0000 z: +0.0000
s 1213/dR_A is: x:+0.0000 y:+0.0000 z: +0.0000
s 1214/dR_A is: x:+0.0000 y:+0.0000 z: +0.0000
s 1215/dR_A is: x:+0.0000 y:+0.0000 z: +0.0000
s 1216/dR_A is: x:-0.0198 y:+0.0000 z: +0.0000
s 1217/dR_A is: x:-0.0510 y:+0.0120 z: +0.0000
s 1218/dR_A is: x:-0.0510 y:-0.0120 z: +0.0000
s 1219/dR_A is: x:-0.1599 y:+0.0566 z: +0.0000
s 1220/dR_A is: x:-0.1599 y:-0.0566 z: +0.0000
s 1221/dR_A is: x:-0.2584 y:+0.1829 z: +0.0000
s 1222/dR_A is: x:-0.2584 y:-0.1829 z: +0.0000
s 1223/dR_A is: x:+0.2873 y:+0.0000 z: +0.0000
s 1224/dR_A is: x:-0.0000 y:+0.2873 z: +0.0000
s 1225/dR_A is: x:-0.0000 y:-0.2873 z: +0.0000
s 130/dR_A is: x:+0.0857 y:+0.0000 z: +0.0000
s 131/dR_A is: x:+0.0968 y:+0.0000 z: +0.0000
s 132/dR_A is: x:+0.0000 y:-0.0302 z: +0.0000
s 133/dR_A is: x:+0.0000 y:+0.0000 z: -0.0302
s 134/dR_A is: x:+0.1912 y:+0.0000 z: +0.0000
s 135/dR_A is: x:+0.1032 y:+0.0000 z: +0.0000
s 136/dR_A is: x:+0.0000 y:-0.1418 z: +0.0000
s 137/dR_A is: x:+0.0000 y:+0.0000 z: -0.1418
s 138/dR_A is: x:-0.0401 y:+0.0000 z: +0.0000
s 139/dR_A is: x:-0.6107 y:+0.0000 z: +0.0000
s 1310/dR_A is: x:+0.0000 y:-0.3862 z: +0.0000
s 1311/dR_A is: x:+0.0000 y:+0.0000 z: -0.3862
s 1312/dR_A is: x:+1.2234 y:+0.0000 z: +0.0000
s 1313/dR_A is: x:+0.0000 y:+0.0000 z: +0.0000
s 1314/dR_A is: x:+0.0000 y:+0.0000 z: +0.0000
s 1315/dR_A is: x:+0.0000 y:+0.0000 z: +0.0000
s 1316/dR_A is: x:+0.0282 y:+0.0000 z: +0.0000
s 1317/dR_A is: x:+0.0612 y:-0.0178 z: +0.0000
s 1318/dR_A is: x:+0.0612 y:+0.0178 z: +0.0000
s 1319/dR_A is: x:+0.1391 y:-0.0746 z: +0.0000
s 1320/dR_A is: x:+0.1391 y:+0.0746 z: +0.0000
s 1321/dR_A is: x:+0.0146 y:-0.1966 z: +0.0000
s 1322/dR_A is: x:+0.0146 y:+0.1966 z: +0.0000
s 1323/dR_A is: x:-0.1556 y:+0.0000 z: +0.0000
s 1324/dR_A is: x:-0.4732 y:-0.0000 z: +0.0000
s 1325/dR_A is: x:-0.4732 y:+0.0000 z: +0.0000
s 140/dR_A is: x:+0.0000 y:-0.0185 z: +0.0000
s 141/dR_A is: x:+0.0000 y:-0.0302 z: +0.0000
s 142/dR_A is: x:-0.0302 y:+0.0000 z: +0.0000
s 143/dR_A is: x:+0.0000 y:+0.0000 z: +0.0000
s 144/dR_A is: x:+0.0000 y:-0.0986 z: +0.0000
s 145/dR_A is: x:+0.0000 y:-0.1418 z: +0.0000
s 146/dR_A is: x:-0.1418 y:+0.0000 z: +0.0000
s 147/dR_A is: x:+0.0000 y:+0.0000 z: +0.0000
s 148/dR_A is: x:+0.0000 y:-0.3307 z: +0.0000
s 149/dR_A is: x:+0.0000 y:-0.3862 z: +0.0000
s 1410/dR_A is: x:-0.3862 y:+0.0000 z: +0.0000
s 1411/dR_A is: x:+0.0000 y:+0.0000 z: +0.0000
s 1412/dR_A is: x:+0.0000 y:-0.8405 z: +0.0000
s 1413/dR_A is: x:+1.2274 y:+0.0000 z: +0.0000
s 1414/dR_A is: x:+0.0000 y:+0.0000 z: +0.0000
s 1415/dR_A is: x:+0.0000 y:+0.0000 z: +0.0000
s 1416/dR_A is: x:+0.0000 y:-0.0044 z: +0.0000
s 1417/dR_A is: x:-0.0178 y:-0.0103 z: +0.0000
s 1418/dR_A is: x:+0.0178 y:-0.0103 z: +0.0000
s 1419/dR_A is: x:-0.0746 y:-0.0453 z: +0.0000
s 1420/dR_A is: x:+0.0746 y:-0.0453 z: +0.0000
s 1421/dR_A is: x:-0.1966 y:-0.1240 z: +0.0000
s 1422/dR_A is: x:+0.1966 y:-0.1240 z: +0.0000
s 1423/dR_A is: x:+0.0000 y:-0.4732 z: +0.0000
s 1424/dR_A is: x:-0.0000 y:-0.1556 z: +0.0000
s 1425/dR_A is: x:+0.0000 y:-0.1556 z: +0.0000
s 150/dR_A is: x:+0.0000 y:+0.0000 z: -0.0185
s 151/dR_A is: x:+0.0000 y:+0.0000 z: -0.0302
s 152/dR_A is: x:+0.0000 y:+0.0000 z: +0.0000
s 153/dR_A is: x:-0.0302 y:+0.0000 z: +0.0000
s 154/dR_A is: x:+0.0000 y:+0.0000 z: -0.0986
s 155/dR_A is: x:+0.0000 y:+0.0000 z: -0.1418
s 156/dR_A is: x:+0.0000 y:+0.0000 z: +0.0000
s 157/dR_A is: x:-0.1418 y:+0.0000 z: +0.0000
s 158/dR_A is: x:+0.0000 y:+0.0000 z: -0.3307
s 159/dR_A is: x:+0.0000 y:+0.0000 z: -0.3862
s 1510/dR_A is: x:+0.0000 y:+0.0000 z: +0.0000
s 1511/dR_A is: x:-0.3862 y:+0.0000 z: +0.0000
s 1512/dR_A is: x:+0.0000 y:+0.0000 z: +0.0000
s 1513/dR_A is: x:-0.0020 y:+0.0030 z: -0.0115
s 1514/dR_A is: x:+3.3113 y:-1.3433 z: -1.4757
s 1515/dR_A is: x:+0.0000 y:+0.0000 z: +0.0000
s 1516/dR_A is: x:+0.0000 y:+0.0000 z: -0.0044
s 1517/dR_A is: x:+0.0000 y:+0.0000 z: -0.0145
s 1518/dR_A is: x:+0.0000 y:+0.0000 z: -0.0145
s 1519/dR_A is: x:+0.0000 y:+0.0000 z: -0.0717
s 1520/dR_A is: x:+0.0000 y:+0.0000 z: -0.0717
s 1521/dR_A is: x:+0.0000 y:+0.0000 z: -0.2631
s 1522/dR_A is: x:+0.0000 y:+0.0000 z: -0.2631
s 1523/dR_A is: x:+0.0000 y:+0.0000 z: -0.4732
s 1524/dR_A is: x:+0.0000 y:+0.0000 z: -0.4732
s 1525/dR_A is: x:+0.0000 y:+0.0000 z: -0.4732
s 160/dR_A is: x:+0.2873 y:+0.0000 z: +0.0000
s 161/dR_A is: x:+0.1556 y:+0.0000 z: +0.0000
s 162/dR_A is: x:+0.0000 y:+0.4732 z: +0.0000
s 163/dR_A is: x:+0.0000 y:+0.0000 z: +0.4732
s 164/dR_A is: x:+0.2444 y:+0.0000 z: +0.0000
s 165/dR_A is: x:-0.2032 y:+0.0000 z: +0.0000
s 166/dR_A is: x:+0.0000 y:+0.1344 z: +0.0000
s 167/dR_A is: x:+0.0000 y:+0.0000 z: +0.1344
s 168/dR_A is: x:+0.0868 y:+0.0000 z: +0.0000
s 169/dR_A is: x:-0.0991 y:+0.0000 z: +0.0000
s 1610/dR_A is: x:+0.0000 y:+0.0277 z: +0.0000
s 1611/dR_A is: x:+0.0000 y:+0.0000 z: +0.0277
s 1612/dR_A is: x:+0.0198 y:+0.0000 z: +0.0000
s 1613/dR_A is: x:-0.0282 y:+0.0000 z: +0.0000
s 1614/dR_A is: x:+0.0000 y:+0.0044 z: +0.0000
s 1615/dR_A is: x:+0.0000 y:+0.0000 z: +0.0044
s 1616/dR_A is: x:+0.0000 y:+0.0000 z: +0.0000
s 1617/dR_A is: x:+0.2410 y:+0.2410 z: +0.0000
s 1618/dR_A is: x:+0.2410 y:-0.2410 z: +0.0000
s 1619/dR_A is: x:+0.1784 y:+0.0739 z: +0.0000
s 1620/dR_A is: x:+0.1784 y:-0.0739 z: +0.0000
s 1621/dR_A is: x:+0.0670 y:+0.0175 z: +0.0000
s 1622/dR_A is: x:+0.0670 y:-0.0175 z: +0.0000
s 1623/dR_A is: x:+0.0060 y:+0.0000 z: +0.0000
s 1624/dR_A is: x:+0.0173 y:+0.0033 z: +0.0000
s 1625/dR_A is: x:+0.0173 y:-0.0033 z: +0.0000
s 170/dR_A is: x:+0.0000 y:-0.2873 z: +0.0000
s 171/dR_A is: x:+0.4732 y:+0.0000 z: +0.0000
s 172/dR_A is: x:+0.0000 y:+0.1556 z: +0.0000
s 173/dR_A is: x:+0.0000 y:+0.0000 z: +0.4732
s 174/dR_A is: x:+0.2584 y:-0.1829 z: +0.0000
s 175/dR_A is: x:-0.0146 y:+0.1966 z: +0.0000
s 176/dR_A is: x:+0.1966 y:+0.1240 z: +0.0000
s 177/dR_A is: x:+0.0000 y:+0.0000 z: +0.2631
s 178/dR_A is: x:+0.1599 y:-0.0566 z: +0.0000
s 179/dR_A is: x:-0.1391 y:+0.0746 z: +0.0000
s 1710/dR_A is: x:+0.0746 y:+0.0453 z: +0.0000
s 1711/dR_A is: x:+0.0000 y:+0.0000 z: +0.0717
s 1712/dR_A is: x:+0.0510 y:-0.0120 z: +0.0000
s 1713/dR_A is: x:-0.0612 y:+0.0178 z: +0.0000
s 1714/dR_A is: x:+0.0178 y:+0.0103 z: +0.0000
s 1715/dR_A is: x:+0.0000 y:+0.0000 z: +0.0145
s 1716/dR_A is: x:-0.2410 y:-0.2410 z: +0.0000
s 1717/dR_A is: x:+129.6875 y:+129.3268 z: -68.7311
s 1718/dR_A is: x:+0.0000 y:-0.2773 z: +0.0000
s 1719/dR_A is: x:+0.3409 y:+0.0000 z: +0.0000
s 1720/dR_A is: x:+0.1238 y:-0.1753 z: +0.0000
s 1721/dR_A is: x:+0.1669 y:+0.0000 z: +0.0000
s 1722/dR_A is: x:+0.0849 y:-0.0601 z: +0.0000
s 1723/dR_A is: x:+0.0173 y:-0.0033 z: +0.0000
s 1724/dR_A is: x:+0.0537 y:+0.0000 z: +0.0000
s 1725/dR_A is: x:+0.0316 y:-0.0149 z: +0.0000
s 180/dR_A is: x:+0.0000 y:+0.2873 z: +0.0000
s 181/dR_A is: x:+0.4732 y:+0.0000 z: +0.0000
s 182/dR_A is: x:+0.0000 y:+0.1556 z: +0.0000
s 183/dR_A is: x:+0.0000 y:+0.0000 z: +0.4732
s 184/dR_A is: x:+0.2584 y:+0.1829 z: +0.0000
s 185/dR_A is: x:-0.0146 y:-0.1966 z: +0.0000
s 186/dR_A is: x:-0.1966 y:+0.1240 z: +0.0000
s 187/dR_A is: x:+0.0000 y:+0.0000 z: +0.2631
s 188/dR_A is: x:+0.1599 y:+0.0566 z: +0.0000
s 189/dR_A is: x:-0.1391 y:-0.0746 z: +0.0000
s 1810/dR_A is: x:-0.0746 y:+0.0453 z: +0.0000
s 1811/dR_A is: x:+0.0000 y:+0.0000 z: +0.0717
s 1812/dR_A is: x:+0.0510 y:+0.0120 z: +0.0000
s 1813/dR_A is: x:-0.0612 y:-0.0178 z: +0.0000
s 1814/dR_A is: x:-0.0178 y:+0.0103 z: +0.0000
s 1815/dR_A is: x:+0.0000 y:+0.0000 z: +0.0145
s 1816/dR_A is: x:-0.2410 y:+0.2410 z: +0.0000
s 1817/dR_A is: x:+0.0000 y:+0.2773 z: +0.0000
s 1818/dR_A is: x:+0.0004 y:+0.0176 z: +2116.3933
s 1819/dR_A is: x:+0.1238 y:+0.1753 z: +0.0000
s 1820/dR_A is: x:+0.3409 y:+0.0000 z: +0.0000
s 1821/dR_A is: x:+0.0849 y:+0.0601 z: +0.0000
s 1822/dR_A is: x:+0.1669 y:+0.0000 z: +0.0000
s 1823/dR_A is: x:+0.0173 y:+0.0033 z: +0.0000
s 1824/dR_A is: x:+0.0316 y:+0.0149 z: +0.0000
s 1825/dR_A is: x:+0.0537 y:+0.0000 z: +0.0000
s 190/dR_A is: x:-0.2584 y:-0.1829 z: +0.0000
s 191/dR_A is: x:-0.0146 y:-0.1966 z: +0.0000
s 192/dR_A is: x:-0.1966 y:+0.1240 z: +0.0000
s 193/dR_A is: x:+0.0000 y:+0.0000 z: +0.2631
s 194/dR_A is: x:+0.0000 y:-0.2873 z: +0.0000
s 195/dR_A is: x:+0.4732 y:-0.0000 z: +0.0000
s 196/dR_A is: x:+0.0000 y:+0.1556 z: +0.0000
s 197/dR_A is: x:+0.0000 y:+0.0000 z: +0.4732
s 198/dR_A is: x:+0.2584 y:-0.1829 z: +0.0000
s 199/dR_A is: x:-0.0146 y:+0.1966 z: +0.0000
s 1910/dR_A is: x:+0.1966 y:+0.1240 z: +0.0000
s 1911/dR_A is: x:+0.0000 y:+0.0000 z: +0.2631
s 1912/dR_A is: x:+0.1599 y:-0.0566 z: +0.0000
s 1913/dR_A is: x:-0.1391 y:+0.0746 z: +0.0000
s 1914/dR_A is: x:+0.0746 y:+0.0453 z: +0.0000
s 1915/dR_A is: x:+0.0000 y:+0.0000 z: +0.0717
s 1916/dR_A is: x:-0.1784 y:-0.0739 z: +0.0000
s 1917/dR_A is: x:-0.3409 y:+0.0000 z: +0.0000
s 1918/dR_A is: x:-0.1238 y:-0.1753 z: +0.0000
s 1919/dR_A is: x:+0.0006 y:-0.0001 z: -25.7759
s 1920/dR_A is: x:-0.0000 y:-0.2773 z: +0.0000
s 1921/dR_A is: x:+0.3409 y:+0.0000 z: +0.0000
s 1922/dR_A is: x:+0.1238 y:-0.1753 z: +0.0000
s 1923/dR_A is: x:+0.0670 y:-0.0175 z: +0.0000
s 1924/dR_A is: x:+0.1669 y:+0.0000 z: +0.0000
s 1925/dR_A is: x:+0.0849 y:-0.0601 z: +0.0000
s 200/dR_A is: x:-0.2584 y:+0.1829 z: +0.0000
s 201/dR_A is: x:-0.0146 y:+0.1966 z: +0.0000
s 202/dR_A is: x:+0.1966 y:+0.1240 z: +0.0000
s 203/dR_A is: x:+0.0000 y:+0.0000 z: +0.2631
s 204/dR_A is: x:+0.0000 y:+0.2873 z: +0.0000
s 205/dR_A is: x:+0.4732 y:+0.0000 z: +0.0000
s 206/dR_A is: x:-0.0000 y:+0.1556 z: +0.0000
s 207/dR_A is: x:+0.0000 y:+0.0000 z: +0.4732
s 208/dR_A is: x:+0.2584 y:+0.1829 z: +0.0000
s 209/dR_A is: x:-0.0146 y:-0.1966 z: +0.0000
s 2010/dR_A is: x:-0.1966 y:+0.1240 z: +0.0000
s 2011/dR_A is: x:+0.0000 y:+0.0000 z: +0.2631
s 2012/dR_A is: x:+0.1599 y:+0.0566 z: +0.0000
s 2013/dR_A is: x:-0.1391 y:-0.0746 z: +0.0000
s 2014/dR_A is: x:-0.0746 y:+0.0453 z: +0.0000
s 2015/dR_A is: x:+0.0000 y:+0.0000 z: +0.0717
s 2016/dR_A is: x:-0.1784 y:+0.0739 z: +0.0000
s 2017/dR_A is: x:-0.1238 y:+0.1753 z: +0.0000
s 2018/dR_A is: x:-0.3409 y:+0.0000 z: +0.0000
s 2019/dR_A is: x:-0.0000 y:+0.2773 z: +0.0000
s 2020/dR_A is: x:+97.0052 y:+35.6147 z: +224.9703
s 2021/dR_A is: x:+0.1238 y:+0.1753 z: +0.0000
s 2022/dR_A is: x:+0.3409 y:+0.0000 z: +0.0000
s 2023/dR_A is: x:+0.0670 y:+0.0175 z: +0.0000
s 2024/dR_A is: x:+0.0849 y:+0.0601 z: +0.0000
s 2025/dR_A is: x:+0.1669 y:+0.0000 z: +0.0000
s 210/dR_A is: x:-0.1599 y:-0.0566 z: +0.0000
s 211/dR_A is: x:-0.1391 y:-0.0746 z: +0.0000
s 212/dR_A is: x:-0.0746 y:+0.0453 z: +0.0000
s 213/dR_A is: x:+0.0000 y:+0.0000 z: +0.0717
s 214/dR_A is: x:-0.2584 y:-0.1829 z: +0.0000
s 215/dR_A is: x:-0.0146 y:-0.1966 z: +0.0000
s 216/dR_A is: x:-0.1966 y:+0.1240 z: +0.0000
s 217/dR_A is: x:+0.0000 y:+0.0000 z: +0.2631
s 218/dR_A is: x:+0.0000 y:-0.2873 z: +0.0000
s 219/dR_A is: x:+0.4732 y:-0.0000 z: +0.0000
s 2110/dR_A is: x:+0.0000 y:+0.1556 z: +0.0000
s 2111/dR_A is: x:+0.0000 y:+0.0000 z: +0.4732
s 2112/dR_A is: x:+0.2584 y:-0.1829 z: +0.0000
s 2113/dR_A is: x:-0.0146 y:+0.1966 z: +0.0000
s 2114/dR_A is: x:+0.1966 y:+0.1240 z: +0.0000
s 2115/dR_A is: x:+0.0000 y:+0.0000 z: +0.2631
s 2116/dR_A is: x:-0.0670 y:-0.0175 z: +0.0000
s 2117/dR_A is: x:-0.1669 y:+0.0000 z: +0.0000
s 2118/dR_A is: x:-0.0849 y:-0.0601 z: +0.0000
s 2119/dR_A is: x:-0.3409 y:+0.0000 z: +0.0000
s 2120/dR_A is: x:-0.1238 y:-0.1753 z: +0.0000
s 2121/dR_A is: x:+0.0270 y:-880.3883 z: -386.4812
s 2122/dR_A is: x:-0.0000 y:-0.2773 z: +0.0000
s 2123/dR_A is: x:+0.1784 y:-0.0739 z: +0.0000
s 2124/dR_A is: x:+0.3409 y:+0.0000 z: +0.0000
s 2125/dR_A is: x:+0.1238 y:-0.1753 z: +0.0000
s 220/dR_A is: x:-0.1599 y:+0.0566 z: +0.0000
s 221/dR_A is: x:-0.1391 y:+0.0746 z: +0.0000
s 222/dR_A is: x:+0.0746 y:+0.0453 z: +0.0000
s 223/dR_A is: x:+0.0000 y:+0.0000 z: +0.0717
s 224/dR_A is: x:-0.2584 y:+0.1829 z: +0.0000
s 225/dR_A is: x:-0.0146 y:+0.1966 z: +0.0000
s 226/dR_A is: x:+0.1966 y:+0.1240 z: +0.0000
s 227/dR_A is: x:+0.0000 y:+0.0000 z: +0.2631
s 228/dR_A is: x:+0.0000 y:+0.2873 z: +0.0000
s 229/dR_A is: x:+0.4732 y:+0.0000 z: +0.0000
s 2210/dR_A is: x:-0.0000 y:+0.1556 z: +0.0000
s 2211/dR_A is: x:+0.0000 y:+0.0000 z: +0.4732
s 2212/dR_A is: x:+0.2584 y:+0.1829 z: +0.0000
s 2213/dR_A is: x:-0.0146 y:-0.1966 z: +0.0000
s 2214/dR_A is: x:-0.1966 y:+0.1240 z: +0.0000
s 2215/dR_A is: x:+0.0000 y:+0.0000 z: +0.2631
s 2216/dR_A is: x:-0.0670 y:+0.0175 z: +0.0000
s 2217/dR_A is: x:-0.0849 y:+0.0601 z: +0.0000
s 2218/dR_A is: x:-0.1669 y:+0.0000 z: +0.0000
s 2219/dR_A is: x:-0.1238 y:+0.1753 z: +0.0000
s 2220/dR_A is: x:-0.3409 y:+0.0000 z: +0.0000
s 2221/dR_A is: x:-0.0000 y:+0.2773 z: +0.0000
s 2222/dR_A is: x:-6.1709 y:+0.0001 z: -16.5253
s 2223/dR_A is: x:+0.1784 y:+0.0739 z: +0.0000
s 2224/dR_A is: x:+0.1238 y:+0.1753 z: +0.0000
s 2225/dR_A is: x:+0.3409 y:+0.0000 z: +0.0000
s 230/dR_A is: x:-0.0198 y:+0.0000 z: +0.0000
s 231/dR_A is: x:-0.0282 y:+0.0000 z: +0.0000
s 232/dR_A is: x:+0.0000 y:+0.0044 z: +0.0000
s 233/dR_A is: x:+0.0000 y:+0.0000 z: +0.0044
s 234/dR_A is: x:-0.0868 y:+0.0000 z: +0.0000
s 235/dR_A is: x:-0.0991 y:+0.0000 z: +0.0000
s 236/dR_A is: x:+0.0000 y:+0.0277 z: +0.0000
s 237/dR_A is: x:+0.0000 y:+0.0000 z: +0.0277
s 238/dR_A is: x:-0.2444 y:+0.0000 z: +0.0000
s 239/dR_A is: x:-0.2032 y:+0.0000 z: +0.0000
s 2310/dR_A is: x:+0.0000 y:+0.1344 z: +0.0000
s 2311/dR_A is: x:+0.0000 y:+0.0000 z: +0.1344
s 2312/dR_A is: x:-0.2873 y:+0.0000 z: +0.0000
s 2313/dR_A is: x:+0.1556 y:+0.0000 z: +0.0000
s 2314/dR_A is: x:+0.0000 y:+0.4732 z: +0.0000
s 2315/dR_A is: x:+0.0000 y:+0.0000 z: +0.4732
s 2316/dR_A is: x:-0.0060 y:+0.0000 z: +0.0000
s 2317/dR_A is: x:-0.0173 y:+0.0033 z: +0.0000
s 2318/dR_A is: x:-0.0173 y:-0.0033 z: +0.0000
s 2319/dR_A is: x:-0.0670 y:+0.0175 z: +0.0000
s 2320/dR_A is: x:-0.0670 y:-0.0175 z: +0.0000
s 2321/dR_A is: x:-0.1784 y:+0.0739 z: +0.0000
s 2322/dR_A is: x:-0.1784 y:-0.0739 z: +0.0000
s 2323/dR_A is: x:-2.2617 y:+70.7296 z: -0.0008
s 2324/dR_A is: x:-0.2410 y:+0.2410 z: +0.0000
s 2325/dR_A is: x:-0.2410 y:-0.2410 z: +0.0000
s 240/dR_A is: x:-0.0510 y:-0.0120 z: +0.0000
s 241/dR_A is: x:-0.0612 y:-0.0178 z: +0.0000
s 242/dR_A is: x:-0.0178 y:+0.0103 z: +0.0000
s 243/dR_A is: x:+0.0000 y:+0.0000 z: +0.0145
s 244/dR_A is: x:-0.1599 y:-0.0566 z: +0.0000
s 245/dR_A is: x:-0.1391 y:-0.0746 z: +0.0000
s 246/dR_A is: x:-0.0746 y:+0.0453 z: +0.0000
s 247/dR_A is: x:+0.0000 y:+0.0000 z: +0.0717
s 248/dR_A is: x:-0.2584 y:-0.1829 z: +0.0000
s 249/dR_A is: x:-0.0146 y:-0.1966 z: +0.0000
s 2410/dR_A is: x:-0.1966 y:+0.1240 z: +0.0000
s 2411/dR_A is: x:+0.0000 y:+0.0000 z: +0.2631
s 2412/dR_A is: x:-0.0000 y:-0.2873 z: +0.0000
s 2413/dR_A is: x:+0.4732 y:+0.0000 z: +0.0000
s 2414/dR_A is: x:-0.0000 y:+0.1556 z: +0.0000
s 2415/dR_A is: x:+0.0000 y:+0.0000 z: +0.4732
s 2416/dR_A is: x:-0.0173 y:-0.0033 z: +0.0000
s 2417/dR_A is: x:-0.0537 y:+0.0000 z: +0.0000
s 2418/dR_A is: x:-0.0316 y:-0.0149 z: +0.0000
s 2419/dR_A is: x:-0.1669 y:+0.0000 z: +0.0000
s 2420/dR_A is: x:-0.0849 y:-0.0601 z: +0.0000
s 2421/dR_A is: x:-0.3409 y:+0.0000 z: +0.0000
s 2422/dR_A is: x:-0.1238 y:-0.1753 z: +0.0000
s 2423/dR_A is: x:+0.2410 y:-0.2410 z: +0.0000
s 2424/dR_A is: x:-45.7137 y:+16.0967 z: -74.2435
s 2425/dR_A is: x:-0.0000 y:-0.2773 z: +0.0000
s 250/dR_A is: x:-0.0510 y:+0.0120 z: +0.0000
s 251/dR_A is: x:-0.0612 y:+0.0178 z: +0.0000
s 252/dR_A is: x:+0.0178 y:+0.0103 z: +0.0000
s 253/dR_A is: x:+0.0000 y:+0.0000 z: +0.0145
s 254/dR_A is: x:-0.1599 y:+0.0566 z: +0.0000
s 255/dR_A is: x:-0.1391 y:+0.0746 z: +0.0000
s 256/dR_A is: x:+0.0746 y:+0.0453 z: +0.0000
s 257/dR_A is: x:+0.0000 y:+0.0000 z: +0.0717
s 258/dR_A is: x:-0.2584 y:+0.1829 z: +0.0000
s 259/dR_A is: x:-0.0146 y:+0.1966 z: +0.0000
s 2510/dR_A is: x:+0.1966 y:+0.1240 z: +0.0000
s 2511/dR_A is: x:+0.0000 y:+0.0000 z: +0.2631
s 2512/dR_A is: x:-0.0000 y:+0.2873 z: +0.0000
s 2513/dR_A is: x:+0.4732 y:-0.0000 z: +0.0000
s 2514/dR_A is: x:+0.0000 y:+0.1556 z: +0.0000
s 2515/dR_A is: x:+0.0000 y:+0.0000 z: +0.4732
s 2516/dR_A is: x:-0.0173 y:+0.0033 z: +0.0000
s 2517/dR_A is: x:-0.0316 y:+0.0149 z: +0.0000
s 2518/dR_A is: x:-0.0537 y:+0.0000 z: +0.0000
s 2519/dR_A is: x:-0.0849 y:+0.0601 z: +0.0000
s 2520/dR_A is: x:-0.1669 y:+0.0000 z: +0.0000
s 2521/dR_A is: x:-0.1238 y:+0.1753 z: +0.0000
s 2522/dR_A is: x:-0.3409 y:+0.0000 z: +0.0000
s 2523/dR_A is: x:+0.2410 y:+0.2410 z: +0.0000
s 2524/dR_A is: x:-0.0000 y:+0.2773 z: +0.0000
s 2525/dR_A is: x:+27.9161 y:-100.4349 z: -78.2197
gammaAB_RA
gamma 00/dR_A is: x:+0.0000 y:+0.0000 z: +0.0000
gamma 01/dR_A is: x:+3.5455 y:+0.0000 z: +0.0000
gamma 02/dR_A is: x:+2.4885 y:+0.0000 z: +0.0000
gamma 03/dR_A is: x:+1.2643 y:+0.0000 z: +0.0000
gamma 04/dR_A is: x:-3.9383 y:+0.0000 z: +0.0000
gamma 05/dR_A is: x:+0.0000 y:+3.9383 z: +0.0000
gamma 06/dR_A is: x:+0.0000 y:-3.9383 z: +0.0000
gamma 07/dR_A is: x:+3.3500 y:+2.3711 z: +0.0000
gamma 08/dR_A is: x:+3.3500 y:-2.3711 z: +0.0000
gamma 09/dR_A is: x:+2.2145 y:+0.7837 z: +0.0000
gamma 010/dR_A is: x:+2.2145 y:-0.7837 z: +0.0000
gamma 011/dR_A is: x:+0.8340 y:+0.0000 z: +0.0000
gamma 012/dR_A is: x:+1.1687 y:+0.2757 z: +0.0000
gamma 013/dR_A is: x:+1.1687 y:-0.2757 z: +0.0000
gamma 10/dR_A is: x:-3.5455 y:+0.0000 z: +0.0000
gamma 11/dR_A is: x:+0.0000 y:+0.0000 z: +0.0000
gamma 12/dR_A is: x:+0.0000 y:+0.0000 z: +0.0000
gamma 13/dR_A is: x:+0.0000 y:+0.0000 z: +0.0000
gamma 14/dR_A is: x:+0.0000 y:+0.0000 z: +0.0000
gamma 15/dR_A is: x:+0.0000 y:+0.0000 z: +0.0000
gamma 16/dR_A is: x:+0.0000 y:+0.0000 z: +0.0000
gamma 17/dR_A is: x:+0.0000 y:+0.0000 z: +0.0000
gamma 18/dR_A is: x:+0.0000 y:+0.0000 z: +0.0000
gamma 19/dR_A is: x:+0.0000 y:+0.0000 z: +0.0000
gamma 110/dR_A is: x:+0.0000 y:+0.0000 z: +0.0000
gamma 111/dR_A is: x:+0.0000 y:+0.0000 z: +0.0000
gamma 112/dR_A is: x:+0.0000 y:+0.0000 z: +0.0000
gamma 113/dR_A is: x:+0.0000 y:+0.0000 z: +0.0000
gamma 20/dR_A is: x:-2.4885 y:+0.0000 z: +0.0000
gamma 21/dR_A is: x:+0.0000 y:+0.0000 z: +0.0000
gamma 22/dR_A is: x:+0.0000 y:+0.0000 z: +0.0000
gamma 23/dR_A is: x:+0.0000 y:+0.0000 z: +0.0000
gamma 24/dR_A is: x:+0.0000 y:+0.0000 z: +0.0000
gamma 25/dR_A is: x:+0.0000 y:+0.0000 z: +0.0000
gamma 26/dR_A is: x:+0.0000 y:+0.0000 z: +0.0000
gamma 27/dR_A is: x:+0.0000 y:+0.0000 z: +0.0000
gamma 28/dR_A is: x:+0.0000 y:+0.0000 z: +0.0000
gamma 29/dR_A is: x:+0.0000 y:+0.0000 z: +0.0000
gamma 210/dR_A is: x:+0.0000 y:+0.0000 z: +0.0000
gamma 211/dR_A is: x:+0.0000 y:+0.0000 z: +0.0000
gamma 212/dR_A is: x:+0.0000 y:+0.0000 z: +0.0000
gamma 213/dR_A is: x:+0.0000 y:+0.0000 z: +0.0000
gamma 30/dR_A is: x:-1.2643 y:+0.0000 z: +0.0000
gamma 31/dR_A is: x:+0.0000 y:+0.0000 z: +0.0000
gamma 32/dR_A is: x:+0.0000 y:+0.0000 z: +0.0000
gamma 33/dR_A is: x:+0.0000 y:+0.0000 z: +0.0000
gamma 34/dR_A is: x:+0.0000 y:+0.0000 z: +0.0000
gamma 35/dR_A is: x:+0.0000 y:+0.0000 z: +0.0000
gamma 36/dR_A is: x:+0.0000 y:+0.0000 z: +0.0000
gamma 37/dR_A is: x:+0.0000 y:+0.0000 z: +0.0000
gamma 38/dR_A is: x:+0.0000 y:+0.0000 z: +0.0000
gamma 39/dR_A is: x:+0.0000 y:+0.0000 z: +0.0000
gamma 310/dR_A is: x:+0.0000 y:+0.0000 z: +0.0000
gamma 311/dR_A is: x:+0.0000 y:+0.0000 z: +0.0000
gamma 312/dR_A is: x:+0.0000 y:+0.0000 z: +0.0000
gamma 313/dR_A is: x:+0.0000 y:+0.0000 z: +0.0000
gamma 40/dR_A is: x:+3.9383 y:+0.0000 z: +0.0000
gamma 41/dR_A is: x:+0.0000 y:+0.0000 z: +0.0000
gamma 42/dR_A is: x:+0.0000 y:+0.0000 z: +0.0000
gamma 43/dR_A is: x:+0.0000 y:+0.0000 z: +0.0000
gamma 44/dR_A is: x:+0.0000 y:+0.0000 z: +0.0000
gamma 45/dR_A is: x:+0.0000 y:+0.0000 z: +0.0000
gamma 46/dR_A is: x:+0.0000 y:+0.0000 z: +0.0000
gamma 47/dR_A is: x:+0.0000 y:+0.0000 z: +0.0000
gamma 48/dR_A is: x:+0.0000 y:+0.0000 z: +0.0000
gamma 49/dR_A is: x:+0.0000 y:+0.0000 z: +0.0000
gamma 410/dR_A is: x:+0.0000 y:+0.0000 z: +0.0000
gamma 411/dR_A is: x:+0.0000 y:+0.0000 z: +0.0000
gamma 412/dR_A is: x:+0.0000 y:+0.0000 z: +0.0000
gamma 413/dR_A is: x:+0.0000 y:+0.0000 z: +0.0000
gamma 50/dR_A is: x:+0.0000 y:-3.9383 z: +0.0000
gamma 51/dR_A is: x:+0.0000 y:+0.0000 z: +0.0000
gamma 52/dR_A is: x:+0.0000 y:+0.0000 z: +0.0000
gamma 53/dR_A is: x:+0.0000 y:+0.0000 z: +0.0000
gamma 54/dR_A is: x:+0.0000 y:+0.0000 z: +0.0000
gamma 55/dR_A is: x:+0.0000 y:+0.0000 z: +0.0000
gamma 56/dR_A is: x:+0.0000 y:+0.0000 z: +0.0000
gamma 57/dR_A is: x:+0.0000 y:+0.0000 z: +0.0000
gamma 58/dR_A is: x:+0.0000 y:+0.0000 z: +0.0000
gamma 59/dR_A is: x:+0.0000 y:+0.0000 z: +0.0000
gamma 510/dR_A is: x:+0.0000 y:+0.0000 z: +0.0000
gamma 511/dR_A is: x:+0.0000 y:+0.0000 z: +0.0000
gamma 512/dR_A is: x:+0.0000 y:+0.0000 z: +0.0000
gamma 513/dR_A is: x:+0.0000 y:+0.0000 z: +0.0000
gamma 60/dR_A is: x:+0.0000 y:+3.9383 z: +0.0000
gamma 61/dR_A is: x:+0.0000 y:+0.0000 z: +0.0000
gamma 62/dR_A is: x:+0.0000 y:+0.0000 z: +0.0000
gamma 63/dR_A is: x:+0.0000 y:+0.0000 z: +0.0000
gamma 64/dR_A is: x:+0.0000 y:+0.0000 z: +0.0000
gamma 65/dR_A is: x:+0.0000 y:+0.0000 z: +0.0000
gamma 66/dR_A is: x:+0.0000 y:+0.0000 z: +0.0000
gamma 67/dR_A is: x:+0.0000 y:+0.0000 z: +0.0000
gamma 68/dR_A is: x:+0.0000 y:+0.0000 z: +0.0000
gamma 69/dR_A is: x:+0.0000 y:+0.0000 z: +0.0000
gamma 610/dR_A is: x:+0.0000 y:+0.0000 z: +0.0000
gamma 611/dR_A is: x:+0.0000 y:+0.0000 z: +0.0000
gamma 612/dR_A is: x:+0.0000 y:+0.0000 z: +0.0000
gamma 613/dR_A is: x:+0.0000 y:+0.0000 z: +0.0000
gamma 70/dR_A is: x:-3.3500 y:-2.3711 z: +0.0000
gamma 71/dR_A is: x:+0.0000 y:+0.0000 z: +0.0000
gamma 72/dR_A is: x:+0.0000 y:+0.0000 z: +0.0000
gamma 73/dR_A is: x:+0.0000 y:+0.0000 z: +0.0000
gamma 74/dR_A is: x:+0.0000 y:+0.0000 z: +0.0000
gamma 75/dR_A is: x:+0.0000 y:+0.0000 z: +0.0000
gamma 76/dR_A is: x:+0.0000 y:+0.0000 z: +0.0000
gamma 77/dR_A is: x:+0.0000 y:+0.0000 z: +0.0000
gamma 78/dR_A is: x:+0.0000 y:+0.0000 z: +0.0000
gamma 79/dR_A is: x:+0.0000 y:+0.0000 z: +0.0000
gamma 710/dR_A is: x:+0.0000 y:+0.0000 z: +0.0000
gamma 711/dR_A is: x:+0.0000 y:+0.0000 z: +0.0000
gamma 712/dR_A is: x:+0.0000 y:+0.0000 z: +0.0000
gamma 713/dR_A is: x:+0.0000 y:+0.0000 z: +0.0000
gamma 80/dR_A is: x:-3.3500 y:+2.3711 z: +0.0000
gamma 81/dR_A is: x:+0.0000 y:+0.0000 z: +0.0000
gamma 82/dR_A is: x:+0.0000 y:+0.0000 z: +0.0000
gamma 83/dR_A is: x:+0.0000 y:+0.0000 z: +0.0000
gamma 84/dR_A is: x:+0.0000 y:+0.0000 z: +0.0000
gamma 85/dR_A is: x:+0.0000 y:+0.0000 z: +0.0000
gamma 86/dR_A is: x:+0.0000 y:+0.0000 z: +0.0000
gamma 87/dR_A is: x:+0.0000 y:+0.0000 z: +0.0000
gamma 88/dR_A is: x:+0.0000 y:+0.0000 z: +0.0000
gamma 89/dR_A is: x:+0.0000 y:+0.0000 z: +0.0000
gamma 810/dR_A is: x:+0.0000 y:+0.0000 z: +0.0000
gamma 811/dR_A is: x:+0.0000 y:+0.0000 z: +0.0000
gamma 812/dR_A is: x:+0.0000 y:+0.0000 z: +0.0000
gamma 813/dR_A is: x:+0.0000 y:+0.0000 z: +0.0000
gamma 90/dR_A is: x:-2.2145 y:-0.7837 z: +0.0000
gamma 91/dR_A is: x:+0.0000 y:+0.0000 z: +0.0000
gamma 92/dR_A is: x:+0.0000 y:+0.0000 z: +0.0000
gamma 93/dR_A is: x:+0.0000 y:+0.0000 z: +0.0000
gamma 94/dR_A is: x:+0.0000 y:+0.0000 z: +0.0000
gamma 95/dR_A is: x:+0.0000 y:+0.0000 z: +0.0000
gamma 96/dR_A is: x:+0.0000 y:+0.0000 z: +0.0000
gamma 97/dR_A is: x:+0.0000 y:+0.0000 z: +0.0000
gamma 98/dR_A is: x:+0.0000 y:+0.0000 z: +0.0000
gamma 99/dR_A is: x:+0.0000 y:+0.0000 z: +0.0000
gamma 910/dR_A is: x:+0.0000 y:+0.0000 z: +0.0000
gamma 911/dR_A is: x:+0.0000 y:+0.0000 z: +0.0000
gamma 912/dR_A is: x:+0.0000 y:+0.0000 z: +0.0000
gamma 913/dR_A is: x:+0.0000 y:+0.0000 z: +0.0000
gamma 100/dR_A is: x:-2.2145 y:+0.7837 z: +0.0000
gamma 101/dR_A is: x:+0.0000 y:+0.0000 z: +0.0000
gamma 102/dR_A is: x:+0.0000 y:+0.0000 z: +0.0000
gamma 103/dR_A is: x:+0.0000 y:+0.0000 z: +0.0000
gamma 104/dR_A is: x:+0.0000 y:+0.0000 z: +0.0000
gamma 105/dR_A is: x:+0.0000 y:+0.0000 z: +0.0000
gamma 106/dR_A is: x:+0.0000 y:+0.0000 z: +0.0000
gamma 107/dR_A is: x:+0.0000 y:+0.0000 z: +0.0000
gamma 108/dR_A is: x:+0.0000 y:+0.0000 z: +0.0000
gamma 109/dR_A is: x:+0.0000 y:+0.0000 z: +0.0000
gamma 1010/dR_A is: x:+0.0000 y:+0.0000 z: +0.0000
gamma 1011/dR_A is: x:+0.0000 y:+0.0000 z: +0.0000
gamma 1012/dR_A is: x:+0.0000 y:+0.0000 z: +0.0000
gamma 1013/dR_A is: x:+0.0000 y:+0.0000 z: +0.0000
gamma 110/dR_A is: x:-0.8340 y:+0.0000 z: +0.0000
gamma 111/dR_A is: x:+0.0000 y:+0.0000 z: +0.0000
gamma 112/dR_A is: x:+0.0000 y:+0.0000 z: +0.0000
gamma 113/dR_A is: x:+0.0000 y:+0.0000 z: +0.0000
gamma 114/dR_A is: x:+0.0000 y:+0.0000 z: +0.0000
gamma 115/dR_A is: x:+0.0000 y:+0.0000 z: +0.0000
gamma 116/dR_A is: x:+0.0000 y:+0.0000 z: +0.0000
gamma 117/dR_A is: x:+0.0000 y:+0.0000 z: +0.0000
gamma 118/dR_A is: x:+0.0000 y:+0.0000 z: +0.0000
gamma 119/dR_A is: x:+0.0000 y:+0.0000 z: +0.0000
gamma 1110/dR_A is: x:+0.0000 y:+0.0000 z: +0.0000
gamma 1111/dR_A is: x:+0.0000 y:+0.0000 z: +0.0000
gamma 1112/dR_A is: x:+0.0000 y:+0.0000 z: +0.0000
gamma 1113/dR_A is: x:+0.0000 y:+0.0000 z: +0.0000
gamma 120/dR_A is: x:-1.1687 y:-0.2757 z: +0.0000
gamma 121/dR_A is: x:+0.0000 y:+0.0000 z: +0.0000
gamma 122/dR_A is: x:+0.0000 y:+0.0000 z: +0.0000
gamma 123/dR_A is: x:+0.0000 y:+0.0000 z: +0.0000
gamma 124/dR_A is: x:+0.0000 y:+0.0000 z: +0.0000
gamma 125/dR_A is: x:+0.0000 y:+0.0000 z: +0.0000
gamma 126/dR_A is: x:+0.0000 y:+0.0000 z: +0.0000
gamma 127/dR_A is: x:+0.0000 y:+0.0000 z: +0.0000
gamma 128/dR_A is: x:+0.0000 y:+0.0000 z: +0.0000
gamma 129/dR_A is: x:+0.0000 y:+0.0000 z: +0.0000
gamma 1210/dR_A is: x:+0.0000 y:+0.0000 z: +0.0000
gamma 1211/dR_A is: x:+0.0000 y:+0.0000 z: +0.0000
gamma 1212/dR_A is: x:+0.0000 y:+0.0000 z: +0.0000
gamma 1213/dR_A is: x:+0.0000 y:+0.0000 z: +0.0000
gamma 130/dR_A is: x:-1.1687 y:+0.2757 z: +0.0000
gamma 131/dR_A is: x:+0.0000 y:+0.0000 z: +0.0000
gamma 132/dR_A is: x:+0.0000 y:+0.0000 z: +0.0000
gamma 133/dR_A is: x:+0.0000 y:+0.0000 z: +0.0000
gamma 134/dR_A is: x:+0.0000 y:+0.0000 z: +0.0000
gamma 135/dR_A is: x:+0.0000 y:+0.0000 z: +0.0000
gamma 136/dR_A is: x:+0.0000 y:+0.0000 z: +0.0000
gamma 137/dR_A is: x:+0.0000 y:+0.0000 z: +0.0000
gamma 138/dR_A is: x:+0.0000 y:+0.0000 z: +0.0000
gamma 139/dR_A is: x:+0.0000 y:+0.0000 z: +0.0000
gamma 1310/dR_A is: x:+0.0000 y:+0.0000 z: +0.0000
gamma 1311/dR_A is: x:+0.0000 y:+0.0000 z: +0.0000
gamma 1312/dR_A is: x:+0.0000 y:+0.0000 z: +0.0000
gamma 1313/dR_A is: x:+0.0000 y:+0.0000 z: +0.0000
gradient (Nuclear part)
x: +240.1412 y: +0.0000 z: +0.0000
x: +55.6431 y: +0.0000 z: +0.0000
x: -55.6431 y: +0.0000 z: +0.0000
x: -240.1412 y: +0.0000 z: +0.0000
x: +144.3480 y: +0.0000 z: +0.0000
x: +52.2888 y: -132.4306 z: +0.0000
x: +52.2888 y: +132.4306 z: +0.0000
x: +12.3564 y: -145.0685 z: +0.0000
x: +12.3564 y: +145.0685 z: +0.0000
x: -12.3564 y: -145.0685 z: +0.0000
x: -12.3564 y: +145.0685 z: +0.0000
x: -144.3480 y: +0.0000 z: +0.0000
x: -52.2888 y: -132.4306 z: +0.0000
x: -52.2888 y: +132.4306 z: +0.0000
gradient (Electron part)
x: -24.9084 y: +38.7055 z: +0.0093
x: +14.7825 y: -1.1291 z: -0.0011
x: +8.2552 y: -2.5912 z: -0.0004
x: +14.2344 y: +2.9943 z: -0.0248
x: -117.8361 y: +15.8311 z: -0.0051
x: +6.4443 y: -9.2959 z: -0.0077
x: +11.2144 y: +8.2521 z: -0.0060
x: -0.7820 y: -5.8802 z: -0.0127
x: +69.2089 y: -66.7334 z: +0.0072
x: -5.9666 y: -5.9318 z: -0.0029
x: -11.8673 y: +6.2393 z: -0.0027
x: -5.5139 y: -1.3364 z: -0.0035
x: +48.5846 y: +17.2578 z: +0.0065
x: -11.8394 y: +7.6036 z: +0.0012
gradient
x: +215.2329 y: +38.7055 z: +0.0093
x: +70.4256 y: -1.1291 z: -0.0011
x: -47.3879 y: -2.5912 z: -0.0004
x: -225.9068 y: +2.9943 z: -0.0248
x: +26.5119 y: +15.8311 z: -0.0051
x: +58.7332 y: -141.7265 z: -0.0077
x: +63.5033 y: +140.6827 z: -0.0060
x: +11.5744 y: -150.9487 z: -0.0127
x: +81.5652 y: +78.3351 z: +0.0072
x: -18.3229 y: -151.0003 z: -0.0029
x: -24.2237 y: +151.3078 z: -0.0027
x: -149.8620 y: -1.3364 z: -0.0035
x: -3.7042 y: -115.1728 z: +0.0065
x: -64.1282 y: +140.0342 z: +0.0012
