Wrote 12 bonds to ../bond_distances_MINDO_C6H6.csv
[MINDO/3]
Nuclear Repulsion Energy is 5283.48 eV.
Electron Energy is -2016.25 eV.
x
    -27.3833      -9.4873 -5.53557e-05 -5.30719e-15     -18.2886     -14.8714      7.56059  5.84916e-15     -7.33297     -6.55732      1.60618  3.72602e-15     -5.37215     -1.92655 -7.43722e-05 -1.04813e-14     -7.33296     -6.55745     -1.60612 -5.10501e-15     -18.2886     -14.8712     -7.56053  8.72663e-15     -1.18894     0.349332    0.0778898     0.333809    0.0778886     0.349335
     -9.4873     -23.1843 -8.19143e-05 -3.58637e-14     -0.87914     -18.9564     -3.28291  2.19151e-14      4.67036      8.19903     -6.40041  7.62797e-14      1.92655      16.8474 -7.82704e-05  5.16254e-14      4.67037      8.19887      6.40048 -3.80098e-15    -0.879132     -18.9563      3.28298 -3.93979e-14     -3.45373     0.891921      0.10911      1.44257     0.109109     0.891918
-5.53557e-05 -8.19143e-05     -33.9429  2.04187e-14     -16.6589     -9.76622     -11.4275 -2.44407e-14     -4.88497     -16.6378     -5.10355 -3.41262e-14 -7.43722e-05  7.82704e-05      5.48061  2.97292e-14      4.88482      16.6379     -5.10341  3.37657e-14      16.6588      9.76615     -11.4273  4.53387e-15  4.28081e-05       1.4629     0.248814  4.50716e-05    -0.248724     -1.46281
-5.30719e-15 -3.58637e-14  2.04187e-14     -42.0004  5.58281e-15  2.74473e-14  2.26561e-14          -28 -7.37798e-15  -1.9312e-14  3.96243e-14 -9.41254e-05 -1.78057e-16 -1.36057e-15 -3.38606e-14      14.0001  1.37448e-14   3.9825e-15 -2.63844e-15 -8.78501e-05 -2.41735e-14 -3.83259e-14  2.10844e-14          -28   3.7869e-14  5.82023e-15 -1.28941e-14 -1.89486e-14 -1.73893e-15  2.98234e-15
    -18.2886     -0.87914     -16.6589  5.58281e-15     -27.3815     -4.75006     -8.22209 -1.89262e-14     -18.2896     -13.9782     -9.08937 -3.80391e-14     -7.33297     -4.67036     -4.88497 -3.03612e-14     -5.37177    -0.964945      -1.6632 -4.75543e-15      -7.3364     -1.89388     -6.47753 -3.32514e-15     0.348802     -1.18839     0.348908    0.0782074     0.333564    0.0792602
    -14.8714     -18.9564     -9.76622  2.74473e-14     -4.75006     -31.2519       4.6323 -6.54076e-15      13.9782     -7.65299      3.23902 -1.05383e-14      6.55732      8.19903      16.6378 -2.68994e-14     0.964845      8.33668      4.92536 -3.27413e-14     -1.89398     -11.7714     -5.11483  3.46896e-14      1.71234     -1.72311     -0.81534    -0.157932     0.721485     0.268986
     7.56059     -3.28291     -11.4275  2.26561e-14     -8.22209       4.6323     -25.8805  1.95921e-14     -9.08937     -3.23902     -22.7225  3.90962e-14      1.60618      6.40041     -5.10355  -1.6655e-14      1.66329      4.92527      14.0266 -4.08347e-14      6.47763      5.11492      14.8515 -3.72052e-14    0.0457695      -2.9891      1.50084     0.216736      1.25308   -0.0258036
 5.84916e-15  2.19151e-14 -2.44407e-14          -28 -1.89262e-14 -6.54076e-15  1.95921e-14     -41.9998  2.16272e-14 -1.43763e-14 -1.74156e-15          -28   1.0533e-14  1.41687e-14  5.70501e-14 -9.41254e-05 -3.67293e-14  6.71922e-15  2.19154e-14           14 -2.15878e-14  1.56752e-15  9.11351e-14  0.000181974 -3.02292e-14  -2.1968e-14 -2.28618e-14  1.21793e-14  1.86863e-14  3.65043e-14
    -7.33297      4.67036     -4.88497 -7.37798e-15     -18.2896      13.9782     -9.08937  2.16272e-14     -27.3815      4.75006     -8.22209  5.37431e-15     -18.2886      0.87914     -16.6589  6.72609e-16      -7.3364      1.89388     -6.47753  8.83069e-15     -5.37177     0.964945      -1.6632 -2.85138e-14    0.0782074     0.348908     -1.18839     0.348802    0.0792602     0.333564
    -6.55732      8.19903     -16.6378  -1.9312e-14     -13.9782     -7.65299     -3.23902 -1.43763e-14      4.75006     -31.2519      -4.6323  5.01192e-14      14.8714     -18.9564      9.76622  7.30757e-14      1.89398     -11.7714      5.11483  2.81328e-14    -0.964845      8.33668     -4.92536 -1.92816e-14     0.157932      0.81534      1.72311     -1.71234    -0.268986    -0.721485
     1.60618     -6.40041     -5.10355  3.96243e-14     -9.08937      3.23902     -22.7225 -1.74156e-15     -8.22209      -4.6323     -25.8805 -1.61297e-14      7.56059      3.28291     -11.4275 -3.70213e-14      6.47763     -5.11492      14.8515  1.15481e-14      1.66329     -4.92527      14.0266  2.82895e-14     0.216736      1.50084      -2.9891    0.0457695   -0.0258036      1.25308
 3.72602e-15  7.62797e-14 -3.41262e-14 -9.41254e-05 -3.80391e-14 -1.05383e-14  3.90962e-14          -28  5.37431e-15  5.01192e-14 -1.61297e-14     -41.9998  2.20333e-14  2.20821e-14 -4.41683e-15          -28  2.93936e-14  -3.2991e-14 -6.33301e-14  0.000181974  3.84422e-14 -4.56613e-14 -4.42173e-15           14   5.1248e-15  1.41258e-14  5.21235e-15  2.29221e-15 -1.80803e-14 -3.40062e-14
    -5.37215      1.92655 -7.43722e-05 -1.78057e-16     -7.33297      6.55732      1.60618   1.0533e-14     -18.2886      14.8714      7.56059  2.20333e-14     -27.3833       9.4873 -5.53557e-05  1.06067e-14     -18.2886      14.8712     -7.56053 -3.12273e-15     -7.33296      6.55745     -1.60612  1.80436e-16     0.333809    0.0778898     0.349332     -1.18894     0.349335    0.0778886
    -1.92655      16.8474  7.82704e-05 -1.36057e-15     -4.67036      8.19903      6.40041  1.41687e-14      0.87914     -18.9564      3.28291  2.20821e-14       9.4873     -23.1843  8.19143e-05  2.75904e-14     0.879132     -18.9563     -3.28298  8.42063e-15     -4.67037      8.19887     -6.40048 -1.67348e-14     -1.44257     -0.10911    -0.891921      3.45373    -0.891918    -0.109109
-7.43722e-05 -7.82704e-05      5.48061 -3.38606e-14     -4.88497      16.6378     -5.10355  5.70501e-14     -16.6589      9.76622     -11.4275 -4.41683e-15 -5.53557e-05  8.19143e-05     -33.9429  2.63911e-14      16.6588     -9.76615     -11.4273  5.57202e-14      4.88482     -16.6379     -5.10341 -4.95715e-14  4.50716e-05     0.248814       1.4629  4.28081e-05     -1.46281    -0.248724
-1.04813e-14  5.16254e-14  2.97292e-14      14.0001 -3.03612e-14 -2.68994e-14  -1.6655e-14 -9.41254e-05  6.72609e-16  7.30757e-14 -3.70213e-14          -28  1.06067e-14  2.75904e-14  2.63911e-14     -42.0004  -8.8089e-15 -6.67954e-14  1.02295e-14          -28 -3.17249e-16 -1.26731e-14 -1.40054e-14 -8.78501e-05  7.83367e-15  1.28196e-14 -3.03029e-15 -4.22692e-15 -4.59927e-15  1.43775e-15
    -7.33296      4.67037      4.88482  1.37448e-14     -5.37177     0.964845      1.66329 -3.67293e-14      -7.3364      1.89398      6.47763  2.93936e-14     -18.2886     0.879132      16.6588  -8.8089e-15     -27.3815      4.74996      8.22216 -2.16668e-14     -18.2895      13.9783      9.08945  3.77763e-14    0.0782046     0.333561    0.0792576     0.348805     -1.18839     0.348904
    -6.55745      8.19887      16.6379   3.9825e-15    -0.964945      8.33668      4.92527  6.71922e-15      1.89388     -11.7714     -5.11492  -3.2991e-14      14.8712     -18.9563     -9.76615 -6.67954e-14      4.74996     -31.2517      4.63236 -2.62336e-14     -13.9783     -7.65318      3.23906   4.6671e-15     0.158017    -0.721423    -0.268924     -1.71224      1.72318     0.815403
    -1.60612      6.40048     -5.10341 -2.63844e-15      -1.6632      4.92536      14.0266  2.19154e-14     -6.47753      5.11483      14.8515 -6.33301e-14     -7.56053     -3.28298     -11.4273  1.02295e-14      8.22216      4.63236     -25.8807  4.10452e-14      9.08945     -3.23906     -22.7227  1.51615e-15    -0.216773     -1.25313    0.0257528   -0.0458101      2.98905      -1.5009
-5.10501e-15 -3.80098e-15  3.37657e-14 -8.78501e-05 -4.75543e-15 -3.27413e-14 -4.08347e-14           14  8.83069e-15  2.81328e-14  1.15481e-14  0.000181974 -3.12273e-15  8.42063e-15  5.57202e-14          -28 -2.16668e-14 -2.62336e-14  4.10452e-14     -41.9998 -5.89174e-15  4.02568e-14 -4.62807e-14          -28 -3.82793e-15 -3.79051e-15 -2.86559e-14  4.86775e-15  3.30745e-14  1.16588e-14
    -18.2886    -0.879132      16.6588 -2.41735e-14      -7.3364     -1.89398      6.47763 -2.15878e-14     -5.37177    -0.964845      1.66329  3.84422e-14     -7.33296     -4.67037      4.88482 -3.17249e-16     -18.2895     -13.9783      9.08945 -5.89174e-15     -27.3815     -4.74996      8.22216  1.76356e-14     0.348805    0.0792576     0.333561    0.0782046     0.348904     -1.18839
    -14.8712     -18.9563      9.76615 -3.83259e-14     -1.89388     -11.7714      5.11492  1.56752e-15     0.964945      8.33668     -4.92527 -4.56613e-14      6.55745      8.19887     -16.6379 -1.26731e-14      13.9783     -7.65318     -3.23906  4.02568e-14     -4.74996     -31.2517     -4.63236  3.94526e-15      1.71224     0.268924     0.721423    -0.158017    -0.815403     -1.72318
    -7.56053      3.28298     -11.4273  2.10844e-14     -6.47753     -5.11483      14.8515  9.11351e-14      -1.6632     -4.92536      14.0266 -4.42173e-15     -1.60612     -6.40048     -5.10341 -1.40054e-14      9.08945      3.23906     -22.7227 -4.62807e-14      8.22216     -4.63236     -25.8807 -5.24628e-14   -0.0458101    0.0257528     -1.25313    -0.216773      -1.5009      2.98905
 8.72663e-15 -3.93979e-14  4.53387e-15          -28 -3.32514e-15  3.46896e-14 -3.72052e-14  0.000181974 -2.85138e-14 -1.92816e-14  2.82895e-14           14  1.80436e-16 -1.67348e-14 -4.95715e-14 -8.78501e-05  3.77763e-14   4.6671e-15  1.51615e-15          -28  1.76356e-14  3.94526e-15 -5.24628e-14     -41.9998 -1.54628e-14  2.95749e-14  1.75796e-14  1.19805e-14 -2.60419e-14 -4.38421e-14
    -1.18894     -3.45373  4.28081e-05   3.7869e-14     0.348802      1.71234    0.0457695 -3.02292e-14    0.0782074     0.157932     0.216736   5.1248e-15     0.333809     -1.44257  4.50716e-05  7.83367e-15    0.0782046     0.158017    -0.216773 -3.82793e-15     0.348805      1.71224   -0.0458101 -1.54628e-14     -35.7801   -0.0573886   0.00681977    -0.118405   0.00682037   -0.0573882
    0.349332     0.891921       1.4629  5.82023e-15     -1.18839     -1.72311      -2.9891  -2.1968e-14     0.348908      0.81534      1.50084  1.41258e-14    0.0778898     -0.10911     0.248814  1.28196e-14     0.333561    -0.721423     -1.25313 -3.79051e-15    0.0792576     0.268924    0.0257528  2.95749e-14   -0.0573886     -35.7803   -0.0571454   0.00681977    -0.118588    0.0064506
   0.0778898      0.10911     0.248814 -1.28941e-14     0.348908     -0.81534      1.50084 -2.28618e-14     -1.18839      1.72311      -2.9891  5.21235e-15     0.349332    -0.891921       1.4629 -3.03029e-15    0.0792576    -0.268924    0.0257528 -2.86559e-14     0.333561     0.721423     -1.25313  1.75796e-14   0.00681977   -0.0571454     -35.7803   -0.0573886    0.0064506    -0.118588
    0.333809      1.44257  4.50716e-05 -1.89486e-14    0.0782074    -0.157932     0.216736  1.21793e-14     0.348802     -1.71234    0.0457695  2.29221e-15     -1.18894      3.45373  4.28081e-05 -4.22692e-15     0.348805     -1.71224   -0.0458101  4.86775e-15    0.0782046    -0.158017    -0.216773  1.19805e-14    -0.118405   0.00681977   -0.0573886     -35.7801   -0.0573882   0.00682037
   0.0778886     0.109109    -0.248724 -1.73893e-15     0.333564     0.721485      1.25308  1.86863e-14    0.0792602    -0.268986   -0.0258036 -1.80803e-14     0.349335    -0.891918     -1.46281 -4.59927e-15     -1.18839      1.72318      2.98905  3.30745e-14     0.348904    -0.815403      -1.5009 -2.60419e-14   0.00682037    -0.118588    0.0064506   -0.0573882     -35.7803    -0.057147
    0.349335     0.891918     -1.46281  2.98234e-15    0.0792602     0.268986   -0.0258036  3.65043e-14     0.333564    -0.721485      1.25308 -3.40062e-14    0.0778886    -0.109109    -0.248724  1.43775e-15     0.348904     0.815403      -1.5009  1.16588e-14     -1.18839     -1.72318      2.98905 -4.38421e-14   -0.0573882    0.0064506    -0.118588   0.00682037    -0.057147     -35.7803
y
  -16.2667          0          0          0    -15.668          0          0          0   -15.1819          0          0          0    -15.179          0          0          0   -15.1819          0          0          0    -15.668          0          0          0   -4.98318   -4.97748   -4.97583   -4.97698   -4.97583   -4.97748
         0          0          0          0          0          0          0          0          0          0          0          0          0          0          0          0          0          0          0          0          0          0          0          0          0          0          0          0          0          0
         0          0          0          0          0          0          0          0          0          0          0          0          0          0          0          0          0          0          0          0          0          0          0          0          0          0          0          0          0          0
         0          0          0          0          0          0          0          0          0          0          0          0          0          0          0          0          0          0          0          0          0          0          0          0          0          0          0          0          0          0
   -15.668          0          0          0   -16.2668          0          0          0   -15.6678          0          0          0   -15.1819          0          0          0   -15.1794          0          0          0    -15.182          0          0          0    -4.9774   -4.98311    -4.9774   -4.97574   -4.97694   -4.97576
         0          0          0          0          0          0          0          0          0          0          0          0          0          0          0          0          0          0          0          0          0          0          0          0          0          0          0          0          0          0
         0          0          0          0          0          0          0          0          0          0          0          0          0          0          0          0          0          0          0          0          0          0          0          0          0          0          0          0          0          0
         0          0          0          0          0          0          0          0          0          0          0          0          0          0          0          0          0          0          0          0          0          0          0          0          0          0          0          0          0          0
  -15.1819          0          0          0   -15.6678          0          0          0   -16.2668          0          0          0    -15.668          0          0          0    -15.182          0          0          0   -15.1794          0          0          0   -4.97574    -4.9774   -4.98311    -4.9774   -4.97576   -4.97694
         0          0          0          0          0          0          0          0          0          0          0          0          0          0          0          0          0          0          0          0          0          0          0          0          0          0          0          0          0          0
         0          0          0          0          0          0          0          0          0          0          0          0          0          0          0          0          0          0          0          0          0          0          0          0          0          0          0          0          0          0
         0          0          0          0          0          0          0          0          0          0          0          0          0          0          0          0          0          0          0          0          0          0          0          0          0          0          0          0          0          0
   -15.179          0          0          0   -15.1819          0          0          0    -15.668          0          0          0   -16.2667          0          0          0    -15.668          0          0          0   -15.1819          0          0          0   -4.97698   -4.97583   -4.97748   -4.98318   -4.97748   -4.97583
         0          0          0          0          0          0          0          0          0          0          0          0          0          0          0          0          0          0          0          0          0          0          0          0          0          0          0          0          0          0
         0          0          0          0          0          0          0          0          0          0          0          0          0          0          0          0          0          0          0          0          0          0          0          0          0          0          0          0          0          0
         0          0          0          0          0          0          0          0          0          0          0          0          0          0          0          0          0          0          0          0          0          0          0          0          0          0          0          0          0          0
  -15.1819          0          0          0   -15.1794          0          0          0    -15.182          0          0          0    -15.668          0          0          0   -16.2668          0          0          0   -15.6679          0          0          0   -4.97574   -4.97694   -4.97576    -4.9774   -4.98311    -4.9774
         0          0          0          0          0          0          0          0          0          0          0          0          0          0          0          0          0          0          0          0          0          0          0          0          0          0          0          0          0          0
         0          0          0          0          0          0          0          0          0          0          0          0          0          0          0          0          0          0          0          0          0          0          0          0          0          0          0          0          0          0
         0          0          0          0          0          0          0          0          0          0          0          0          0          0          0          0          0          0          0          0          0          0          0          0          0          0          0          0          0          0
   -15.668          0          0          0    -15.182          0          0          0   -15.1794          0          0          0   -15.1819          0          0          0   -15.6679          0          0          0   -16.2668          0          0          0    -4.9774   -4.97576   -4.97694   -4.97574    -4.9774   -4.98311
         0          0          0          0          0          0          0          0          0          0          0          0          0          0          0          0          0          0          0          0          0          0          0          0          0          0          0          0          0          0
         0          0          0          0          0          0          0          0          0          0          0          0          0          0          0          0          0          0          0          0          0          0          0          0          0          0          0          0          0          0
         0          0          0          0          0          0          0          0          0          0          0          0          0          0          0          0          0          0          0          0          0          0          0          0          0          0          0          0          0          0
  -4.98318          0          0          0    -4.9774          0          0          0   -4.97574          0          0          0   -4.97698          0          0          0   -4.97574          0          0          0    -4.9774          0          0          0   -1.99993 -0.0242777 -0.0242727 -0.0243097 -0.0242727 -0.0242777
  -4.97748          0          0          0   -4.98311          0          0          0    -4.9774          0          0          0   -4.97583          0          0          0   -4.97694          0          0          0   -4.97576          0          0          0 -0.0242777   -1.99993 -0.0242623 -0.0242727 -0.0242789 -0.0242572
  -4.97583          0          0          0    -4.9774          0          0          0   -4.98311          0          0          0   -4.97748          0          0          0   -4.97576          0          0          0   -4.97694          0          0          0 -0.0242727 -0.0242623   -1.99993 -0.0242777 -0.0242572 -0.0242789
  -4.97698          0          0          0   -4.97574          0          0          0    -4.9774          0          0          0   -4.98318          0          0          0    -4.9774          0          0          0   -4.97574          0          0          0 -0.0243097 -0.0242727 -0.0242777   -1.99993 -0.0242777 -0.0242727
  -4.97583          0          0          0   -4.97694          0          0          0   -4.97576          0          0          0   -4.97748          0          0          0   -4.98311          0          0          0    -4.9774          0          0          0 -0.0242727 -0.0242789 -0.0242572 -0.0242777   -1.99993 -0.0242622
  -4.97748          0          0          0   -4.97576          0          0          0   -4.97694          0          0          0   -4.97583          0          0          0    -4.9774          0          0          0   -4.98311          0          0          0 -0.0242777 -0.0242572 -0.0242789 -0.0242727 -0.0242622   -1.99993
Suv_RA (A is the center of u)
s 00/dR_A is: x:+260.0082 y:-1.9200 z: -0.0000
s 01/dR_A is: x:-0.0000 y:-0.0000 z: +0.0000
s 02/dR_A is: x:+17.7998 y:-8.4914 z: -7.8844
s 03/dR_A is: x:-15.0069 y:+6.8715 z: -10.4403
s 04/dR_A is: x:-0.1527 y:+0.2645 z: +0.0000
s 05/dR_A is: x:+0.2922 y:+0.1122 z: +0.0000
s 06/dR_A is: x:+0.1122 y:+0.1626 z: +0.0000
s 07/dR_A is: x:+0.0000 y:+0.0000 z: +0.3570
s 08/dR_A is: x:-0.2490 y:+0.1438 z: +0.0000
s 09/dR_A is: x:-0.0884 y:+0.1531 z: +0.0000
s 010/dR_A is: x:+0.1531 y:+0.0884 z: +0.0000
s 011/dR_A is: x:+0.0000 y:+0.0000 z: +0.1768
s 012/dR_A is: x:-0.2473 y:+0.0000 z: +0.0000
s 013/dR_A is: x:-0.1953 y:+0.0000 z: +0.0000
s 014/dR_A is: x:+0.0000 y:+0.1278 z: +0.0000
s 015/dR_A is: x:+0.0000 y:+0.0000 z: +0.1278
s 016/dR_A is: x:-0.2490 y:-0.1438 z: +0.0000
s 017/dR_A is: x:-0.0884 y:-0.1531 z: +0.0000
s 018/dR_A is: x:-0.1531 y:+0.0884 z: +0.0000
s 019/dR_A is: x:+0.0000 y:+0.0000 z: +0.1768
s 020/dR_A is: x:-0.1527 y:-0.2645 z: +0.0000
s 021/dR_A is: x:+0.2922 y:-0.1122 z: +0.0000
s 022/dR_A is: x:-0.1122 y:+0.1626 z: +0.0000
s 023/dR_A is: x:+0.0000 y:+0.0000 z: +0.3570
s 024/dR_A is: x:+0.2873 y:+0.0000 z: +0.0000
s 025/dR_A is: x:-0.0212 y:+0.2947 z: +0.0000
s 026/dR_A is: x:-0.1193 y:+0.0973 z: +0.0000
s 027/dR_A is: x:-0.1087 y:+0.0000 z: +0.0000
s 028/dR_A is: x:-0.1193 y:-0.0973 z: +0.0000
s 029/dR_A is: x:-0.0212 y:-0.2947 z: +0.0000
s 10/dR_A is: x:-0.0000 y:-35.4791 z: -12.0384
s 11/dR_A is: x:+255.8353 y:+0.0000 z: +0.0000
s 12/dR_A is: x:+0.0000 y:-1.6639 z: +0.9374
s 13/dR_A is: x:-0.0000 y:-21.4335 z: -2.6660
s 14/dR_A is: x:-0.2922 y:-0.1122 z: +0.0000
s 15/dR_A is: x:-0.5362 y:+0.2391 z: +0.0000
s 16/dR_A is: x:+0.2391 y:-0.0161 z: +0.0000
s 17/dR_A is: x:+0.0000 y:+0.0000 z: -0.1991
s 18/dR_A is: x:+0.0884 y:-0.1531 z: +0.0000
s 19/dR_A is: x:-0.1945 y:-0.1296 z: +0.0000
s 110/dR_A is: x:-0.1296 y:-0.0648 z: +0.0000
s 111/dR_A is: x:+0.0000 y:+0.0000 z: -0.2095
s 112/dR_A is: x:+0.1953 y:+0.0000 z: +0.0000
s 113/dR_A is: x:+0.0583 y:+0.0000 z: +0.0000
s 114/dR_A is: x:+0.0000 y:-0.1804 z: +0.0000
s 115/dR_A is: x:+0.0000 y:+0.0000 z: -0.1804
s 116/dR_A is: x:+0.0884 y:+0.1531 z: +0.0000
s 117/dR_A is: x:-0.1945 y:+0.1296 z: +0.0000
s 118/dR_A is: x:+0.1296 y:-0.0648 z: +0.0000
s 119/dR_A is: x:+0.0000 y:+0.0000 z: -0.2095
s 120/dR_A is: x:-0.2922 y:+0.1122 z: +0.0000
s 121/dR_A is: x:-0.5362 y:-0.2391 z: +0.0000
s 122/dR_A is: x:-0.2391 y:-0.0161 z: +0.0000
s 123/dR_A is: x:+0.0000 y:+0.0000 z: -0.1991
s 124/dR_A is: x:-0.1556 y:+0.0000 z: +0.0000
s 125/dR_A is: x:-0.2052 y:-0.0286 z: +0.0000
s 126/dR_A is: x:+0.0681 y:-0.1059 z: +0.0000
s 127/dR_A is: x:+0.1184 y:+0.0000 z: +0.0000
s 128/dR_A is: x:+0.0681 y:+0.1059 z: +0.0000
s 129/dR_A is: x:-0.2052 y:+0.0286 z: +0.0000
s 20/dR_A is: x:+17.7998 y:+0.0000 z: -19.4333
s 21/dR_A is: x:+0.0000 y:-24.4168 z: -0.0000
s 22/dR_A is: x:+260.3542 y:+0.0000 z: -1.5239
s 23/dR_A is: x:-0.5430 y:-0.0000 z: +0.9613
s 24/dR_A is: x:-0.1122 y:-0.1626 z: +0.0000
s 25/dR_A is: x:+0.2391 y:-0.0161 z: +0.0000
s 26/dR_A is: x:-0.0161 y:+0.7173 z: +0.0000
s 27/dR_A is: x:+0.0000 y:+0.0000 z: +0.3448
s 28/dR_A is: x:-0.1531 y:-0.0884 z: +0.0000
s 29/dR_A is: x:-0.1296 y:-0.0648 z: +0.0000
s 210/dR_A is: x:-0.0648 y:+0.2793 z: +0.0000
s 211/dR_A is: x:+0.0000 y:+0.0000 z: +0.1209
s 212/dR_A is: x:+0.0000 y:-0.1278 z: +0.0000
s 213/dR_A is: x:+0.0000 y:-0.1804 z: +0.0000
s 214/dR_A is: x:-0.1804 y:+0.0000 z: +0.0000
s 215/dR_A is: x:+0.0000 y:+0.0000 z: +0.0000
s 216/dR_A is: x:+0.1531 y:-0.0884 z: +0.0000
s 217/dR_A is: x:+0.1296 y:-0.0648 z: +0.0000
s 218/dR_A is: x:-0.0648 y:-0.2793 z: +0.0000
s 219/dR_A is: x:+0.0000 y:+0.0000 z: -0.1209
s 220/dR_A is: x:+0.1122 y:-0.1626 z: +0.0000
s 221/dR_A is: x:-0.2391 y:-0.0161 z: +0.0000
s 222/dR_A is: x:-0.0161 y:-0.7173 z: +0.0000
s 223/dR_A is: x:+0.0000 y:+0.0000 z: -0.3448
s 224/dR_A is: x:+0.0000 y:-0.4732 z: +0.0000
s 225/dR_A is: x:-0.0286 y:+0.1905 z: +0.0000
s 226/dR_A is: x:-0.1059 y:+0.0245 z: +0.0000
s 227/dR_A is: x:+0.0000 y:-0.0376 z: +0.0000
s 228/dR_A is: x:+0.1059 y:+0.0245 z: +0.0000
s 229/dR_A is: x:+0.0286 y:+0.1905 z: +0.0000
s 30/dR_A is: x:-15.0069 y:+8.3909 z: +0.0000
s 31/dR_A is: x:-0.0000 y:+0.0000 z: -8.6286
s 32/dR_A is: x:-0.5430 y:-23.5315 z: +0.0000
s 33/dR_A is: x:+259.2272 y:-0.9374 z: +0.0000
s 34/dR_A is: x:+0.0000 y:+0.0000 z: -0.3570
s 35/dR_A is: x:+0.0000 y:+0.0000 z: -0.1991
s 36/dR_A is: x:+0.0000 y:+0.0000 z: +0.3448
s 37/dR_A is: x:-0.1991 y:+0.3448 z: +0.0000
s 38/dR_A is: x:+0.0000 y:+0.0000 z: -0.1768
s 39/dR_A is: x:+0.0000 y:+0.0000 z: -0.2095
s 310/dR_A is: x:+0.0000 y:+0.0000 z: +0.1209
s 311/dR_A is: x:-0.2095 y:+0.1209 z: +0.0000
s 312/dR_A is: x:+0.0000 y:+0.0000 z: -0.1278
s 313/dR_A is: x:+0.0000 y:+0.0000 z: -0.1804
s 314/dR_A is: x:+0.0000 y:+0.0000 z: +0.0000
s 315/dR_A is: x:-0.1804 y:+0.0000 z: +0.0000
s 316/dR_A is: x:+0.0000 y:+0.0000 z: -0.1768
s 317/dR_A is: x:+0.0000 y:+0.0000 z: -0.2095
s 318/dR_A is: x:+0.0000 y:+0.0000 z: -0.1209
s 319/dR_A is: x:-0.2095 y:-0.1209 z: +0.0000
s 320/dR_A is: x:+0.0000 y:+0.0000 z: -0.3570
s 321/dR_A is: x:+0.0000 y:+0.0000 z: -0.1991
s 322/dR_A is: x:+0.0000 y:+0.0000 z: -0.3448
s 323/dR_A is: x:-0.1991 y:-0.3448 z: +0.0000
s 324/dR_A is: x:+0.0000 y:+0.0000 z: -0.4732
s 325/dR_A is: x:+0.0000 y:+0.0000 z: -0.2073
s 326/dR_A is: x:+0.0000 y:+0.0000 z: -0.0619
s 327/dR_A is: x:+0.0000 y:+0.0000 z: -0.0376
s 328/dR_A is: x:+0.0000 y:+0.0000 z: -0.0619
s 329/dR_A is: x:+0.0000 y:+0.0000 z: -0.2073
s 40/dR_A is: x:+0.1527 y:-0.2645 z: +0.0000
s 41/dR_A is: x:+0.2922 y:+0.1122 z: +0.0000
s 42/dR_A is: x:+0.1122 y:+0.1626 z: +0.0000
s 43/dR_A is: x:+0.0000 y:+0.0000 z: +0.3570
s 44/dR_A is: x:+260.0082 y:+1.9200 z: -0.0000
s 45/dR_A is: x:+0.0000 y:+0.0000 z: +0.0000
s 46/dR_A is: x:-17.7998 y:-8.4914 z: -7.8844
s 47/dR_A is: x:+15.0070 y:+6.8715 z: -10.4403
s 48/dR_A is: x:-0.3055 y:-0.0000 z: +0.0000
s 49/dR_A is: x:+0.0978 y:-0.0000 z: +0.0000
s 410/dR_A is: x:+0.0000 y:+0.3570 z: +0.0000
s 411/dR_A is: x:+0.0000 y:+0.0000 z: +0.3570
s 412/dR_A is: x:-0.2490 y:-0.1438 z: +0.0000
s 413/dR_A is: x:-0.0884 y:-0.1531 z: +0.0000
s 414/dR_A is: x:-0.1531 y:+0.0884 z: +0.0000
s 415/dR_A is: x:+0.0000 y:+0.0000 z: +0.1768
s 416/dR_A is: x:-0.1237 y:-0.2142 z: +0.0000
s 417/dR_A is: x:+0.0470 y:-0.1399 z: +0.0000
s 418/dR_A is: x:-0.1399 y:-0.1145 z: +0.0000
s 419/dR_A is: x:+0.0000 y:+0.0000 z: +0.1278
s 420/dR_A is: x:-0.0000 y:-0.2875 z: +0.0000
s 421/dR_A is: x:+0.1768 y:-0.0000 z: +0.0000
s 422/dR_A is: x:-0.0000 y:-0.1768 z: +0.0000
s 423/dR_A is: x:+0.0000 y:+0.0000 z: +0.1768
s 424/dR_A is: x:+0.2447 y:-0.1657 z: +0.0000
s 425/dR_A is: x:+0.1436 y:+0.2488 z: +0.0000
s 426/dR_A is: x:-0.2658 y:+0.1290 z: +0.0000
s 427/dR_A is: x:-0.1439 y:-0.0547 z: +0.0000
s 428/dR_A is: x:-0.0543 y:-0.0941 z: +0.0000
s 429/dR_A is: x:+0.0246 y:-0.1520 z: +0.0000
s 50/dR_A is: x:-0.2922 y:-0.1122 z: +0.0000
s 51/dR_A is: x:+0.5362 y:-0.2391 z: +0.0000
s 52/dR_A is: x:-0.2391 y:+0.0161 z: +0.0000
s 53/dR_A is: x:+0.0000 y:+0.0000 z: +0.1991
s 54/dR_A is: x:+0.0000 y:-35.4791 z: +12.0384
s 55/dR_A is: x:+255.8353 y:-0.0000 z: -0.0000
s 56/dR_A is: x:+0.0000 y:+1.6639 z: +0.9375
s 57/dR_A is: x:-0.0000 y:+21.4335 z: -2.6660
s 58/dR_A is: x:-0.0978 y:+0.0000 z: +0.0000
s 59/dR_A is: x:-0.7063 y:-0.0000 z: +0.0000
s 510/dR_A is: x:+0.0000 y:-0.3981 z: +0.0000
s 511/dR_A is: x:+0.0000 y:+0.0000 z: -0.3981
s 512/dR_A is: x:+0.0884 y:+0.1531 z: +0.0000
s 513/dR_A is: x:-0.1945 y:+0.1296 z: +0.0000
s 514/dR_A is: x:+0.1296 y:-0.0648 z: +0.0000
s 515/dR_A is: x:+0.0000 y:+0.0000 z: -0.2095
s 516/dR_A is: x:-0.0470 y:+0.1399 z: +0.0000
s 517/dR_A is: x:-0.1957 y:-0.0264 z: +0.0000
s 518/dR_A is: x:-0.0264 y:+0.1346 z: +0.0000
s 519/dR_A is: x:+0.0000 y:+0.0000 z: -0.0902
s 520/dR_A is: x:-0.1768 y:-0.0000 z: +0.0000
s 521/dR_A is: x:+0.0000 y:-0.2419 z: +0.0000
s 522/dR_A is: x:-0.2419 y:-0.0000 z: +0.0000
s 523/dR_A is: x:+0.0000 y:+0.0000 z: +0.0000
s 524/dR_A is: x:+0.0668 y:-0.1856 z: +0.0000
s 525/dR_A is: x:-0.3938 y:+0.1375 z: +0.0000
s 526/dR_A is: x:+0.1163 y:-0.1571 z: +0.0000
s 527/dR_A is: x:+0.1271 y:+0.0718 z: +0.0000
s 528/dR_A is: x:+0.0014 y:+0.0675 z: +0.0000
s 529/dR_A is: x:-0.0563 y:-0.0341 z: +0.0000
s 60/dR_A is: x:-0.1122 y:-0.1626 z: +0.0000
s 61/dR_A is: x:-0.2391 y:+0.0161 z: +0.0000
s 62/dR_A is: x:+0.0161 y:-0.7173 z: +0.0000
s 63/dR_A is: x:+0.0000 y:+0.0000 z: -0.3448
s 64/dR_A is: x:-17.7998 y:-0.0000 z: -19.4333
s 65/dR_A is: x:+0.0000 y:-24.4168 z: -0.0000
s 66/dR_A is: x:+260.3541 y:+0.0000 z: +1.5239
s 67/dR_A is: x:-0.5430 y:+0.0000 z: -0.9613
s 68/dR_A is: x:+0.0000 y:-0.3570 z: +0.0000
s 69/dR_A is: x:-0.0000 y:-0.3981 z: +0.0000
s 610/dR_A is: x:-0.3981 y:-0.0000 z: +0.0000
s 611/dR_A is: x:+0.0000 y:+0.0000 z: -0.0000
s 612/dR_A is: x:+0.1531 y:-0.0884 z: +0.0000
s 613/dR_A is: x:+0.1296 y:-0.0648 z: +0.0000
s 614/dR_A is: x:-0.0648 y:-0.2793 z: +0.0000
s 615/dR_A is: x:+0.0000 y:+0.0000 z: -0.1209
s 616/dR_A is: x:+0.1399 y:+0.1145 z: +0.0000
s 617/dR_A is: x:-0.0264 y:+0.1346 z: +0.0000
s 618/dR_A is: x:+0.1346 y:-0.0793 z: +0.0000
s 619/dR_A is: x:+0.0000 y:+0.0000 z: -0.1562
s 620/dR_A is: x:-0.0000 y:+0.1768 z: +0.0000
s 621/dR_A is: x:-0.2419 y:+0.0000 z: +0.0000
s 622/dR_A is: x:-0.0000 y:-0.0576 z: +0.0000
s 623/dR_A is: x:+0.0000 y:+0.0000 z: -0.2419
s 624/dR_A is: x:-0.1856 y:-0.0815 z: +0.0000
s 625/dR_A is: x:+0.1375 y:-0.2350 z: +0.0000
s 626/dR_A is: x:-0.1571 y:-0.1310 z: +0.0000
s 627/dR_A is: x:+0.0718 y:-0.0346 z: +0.0000
s 628/dR_A is: x:+0.0675 y:+0.0794 z: +0.0000
s 629/dR_A is: x:-0.0341 y:+0.1489 z: +0.0000
s 70/dR_A is: x:+0.0000 y:+0.0000 z: -0.3570
s 71/dR_A is: x:+0.0000 y:+0.0000 z: +0.1991
s 72/dR_A is: x:+0.0000 y:+0.0000 z: -0.3448
s 73/dR_A is: x:+0.1991 y:-0.3448 z: +0.0000
s 74/dR_A is: x:+15.0070 y:-8.3909 z: +0.0000
s 75/dR_A is: x:-0.0000 y:-0.0000 z: -8.6286
s 76/dR_A is: x:-0.5430 y:-23.5316 z: +0.0000
s 77/dR_A is: x:+259.2273 y:-0.9375 z: +0.0000
s 78/dR_A is: x:+0.0000 y:+0.0000 z: -0.3570
s 79/dR_A is: x:+0.0000 y:+0.0000 z: -0.3981
s 710/dR_A is: x:+0.0000 y:+0.0000 z: +0.0000
s 711/dR_A is: x:-0.3981 y:-0.0000 z: +0.0000
s 712/dR_A is: x:+0.0000 y:+0.0000 z: -0.1768
s 713/dR_A is: x:+0.0000 y:+0.0000 z: -0.2095
s 714/dR_A is: x:+0.0000 y:+0.0000 z: -0.1209
s 715/dR_A is: x:-0.2095 y:-0.1209 z: +0.0000
s 716/dR_A is: x:+0.0000 y:+0.0000 z: -0.1278
s 717/dR_A is: x:+0.0000 y:+0.0000 z: -0.0902
s 718/dR_A is: x:+0.0000 y:+0.0000 z: -0.1562
s 719/dR_A is: x:-0.0902 y:-0.1562 z: +0.0000
s 720/dR_A is: x:+0.0000 y:+0.0000 z: -0.1768
s 721/dR_A is: x:+0.0000 y:+0.0000 z: -0.0000
s 722/dR_A is: x:+0.0000 y:+0.0000 z: -0.2419
s 723/dR_A is: x:+0.0000 y:-0.2419 z: +0.0000
s 724/dR_A is: x:+0.0000 y:+0.0000 z: -0.2073
s 725/dR_A is: x:+0.0000 y:+0.0000 z: -0.4732
s 726/dR_A is: x:+0.0000 y:+0.0000 z: -0.2073
s 727/dR_A is: x:+0.0000 y:+0.0000 z: -0.0619
s 728/dR_A is: x:+0.0000 y:+0.0000 z: -0.0376
s 729/dR_A is: x:+0.0000 y:+0.0000 z: -0.0619
s 80/dR_A is: x:+0.2490 y:-0.1438 z: +0.0000
s 81/dR_A is: x:-0.0884 y:+0.1531 z: +0.0000
s 82/dR_A is: x:+0.1531 y:+0.0884 z: +0.0000
s 83/dR_A is: x:+0.0000 y:+0.0000 z: +0.1768
s 84/dR_A is: x:+0.3055 y:-0.0000 z: +0.0000
s 85/dR_A is: x:+0.0978 y:+0.0000 z: +0.0000
s 86/dR_A is: x:-0.0000 y:+0.3570 z: +0.0000
s 87/dR_A is: x:+0.0000 y:+0.0000 z: +0.3570
s 88/dR_A is: x:+207.1477 y:-2.0436 z: -0.4497
s 89/dR_A is: x:-0.2521 y:-0.4497 z: -2.0436
s 810/dR_A is: x:-17.7998 y:+0.0000 z: -16.4484
s 811/dR_A is: x:+0.0000 y:-24.4168 z: +0.0000
s 812/dR_A is: x:-0.1527 y:-0.2645 z: +0.0000
s 813/dR_A is: x:+0.2922 y:-0.1122 z: +0.0000
s 814/dR_A is: x:-0.1122 y:+0.1626 z: +0.0000
s 815/dR_A is: x:+0.0000 y:+0.0000 z: +0.3570
s 816/dR_A is: x:+0.0000 y:-0.2875 z: +0.0000
s 817/dR_A is: x:+0.1768 y:+0.0000 z: +0.0000
s 818/dR_A is: x:+0.0000 y:-0.1768 z: +0.0000
s 819/dR_A is: x:+0.0000 y:+0.0000 z: +0.1768
s 820/dR_A is: x:+0.1237 y:-0.2142 z: +0.0000
s 821/dR_A is: x:+0.0470 y:+0.1399 z: +0.0000
s 822/dR_A is: x:+0.1399 y:-0.1145 z: +0.0000
s 823/dR_A is: x:+0.0000 y:+0.0000 z: +0.1278
s 824/dR_A is: x:+0.1439 y:-0.0547 z: +0.0000
s 825/dR_A is: x:+0.2658 y:+0.1290 z: +0.0000
s 826/dR_A is: x:-0.1436 y:+0.2488 z: +0.0000
s 827/dR_A is: x:-0.2447 y:-0.1657 z: +0.0000
s 828/dR_A is: x:-0.0246 y:-0.1520 z: +0.0000
s 829/dR_A is: x:+0.0543 y:-0.0941 z: +0.0000
s 90/dR_A is: x:+0.0884 y:-0.1531 z: +0.0000
s 91/dR_A is: x:+0.1945 y:+0.1296 z: +0.0000
s 92/dR_A is: x:+0.1296 y:+0.0648 z: +0.0000
s 93/dR_A is: x:+0.0000 y:+0.0000 z: +0.2095
s 94/dR_A is: x:-0.0978 y:-0.0000 z: +0.0000
s 95/dR_A is: x:+0.7063 y:-0.0000 z: +0.0000
s 96/dR_A is: x:+0.0000 y:+0.3981 z: +0.0000
s 97/dR_A is: x:+0.0000 y:+0.0000 z: +0.3981
s 98/dR_A is: x:-0.2521 y:-0.4497 z: -2.0436
s 99/dR_A is: x:+207.1477 y:-2.0436 z: -0.4497
s 910/dR_A is: x:-9.2510 y:-3.5985 z: -2.3084
s 911/dR_A is: x:+0.0000 y:-0.0000 z: -0.0000
s 912/dR_A is: x:-0.2922 y:+0.1122 z: +0.0000
s 913/dR_A is: x:-0.5362 y:-0.2391 z: +0.0000
s 914/dR_A is: x:-0.2391 y:-0.0161 z: +0.0000
s 915/dR_A is: x:+0.0000 y:+0.0000 z: -0.1991
s 916/dR_A is: x:-0.1768 y:+0.0000 z: +0.0000
s 917/dR_A is: x:-0.0000 y:-0.2419 z: +0.0000
s 918/dR_A is: x:-0.2419 y:+0.0000 z: +0.0000
s 919/dR_A is: x:+0.0000 y:+0.0000 z: -0.0000
s 920/dR_A is: x:-0.0470 y:-0.1399 z: +0.0000
s 921/dR_A is: x:+0.1957 y:-0.0264 z: +0.0000
s 922/dR_A is: x:-0.0264 y:-0.1346 z: +0.0000
s 923/dR_A is: x:+0.0000 y:+0.0000 z: +0.0902
s 924/dR_A is: x:+0.1271 y:-0.0718 z: +0.0000
s 925/dR_A is: x:+0.1163 y:+0.1571 z: +0.0000
s 926/dR_A is: x:-0.3938 y:-0.1375 z: +0.0000
s 927/dR_A is: x:+0.0668 y:+0.1856 z: +0.0000
s 928/dR_A is: x:-0.0563 y:+0.0341 z: +0.0000
s 929/dR_A is: x:+0.0014 y:-0.0675 z: +0.0000
s 100/dR_A is: x:-0.1531 y:-0.0884 z: +0.0000
s 101/dR_A is: x:+0.1296 y:+0.0648 z: +0.0000
s 102/dR_A is: x:+0.0648 y:-0.2793 z: +0.0000
s 103/dR_A is: x:+0.0000 y:+0.0000 z: -0.1209
s 104/dR_A is: x:-0.0000 y:-0.3570 z: +0.0000
s 105/dR_A is: x:-0.0000 y:+0.3981 z: +0.0000
s 106/dR_A is: x:+0.3981 y:-0.0000 z: +0.0000
s 107/dR_A is: x:+0.0000 y:+0.0000 z: -0.0000
s 108/dR_A is: x:-9.2510 y:+0.6958 z: -6.9941
s 109/dR_A is: x:-3.5985 y:+2.6783 z: +2.1390
s 1010/dR_A is: x:-3.5985 y:-9.2510 z: -1.9200
s 1011/dR_A is: x:-0.0000 y:+0.0000 z: -35.4791
s 1012/dR_A is: x:+0.1122 y:-0.1626 z: +0.0000
s 1013/dR_A is: x:-0.2391 y:-0.0161 z: +0.0000
s 1014/dR_A is: x:-0.0161 y:-0.7173 z: +0.0000
s 1015/dR_A is: x:+0.0000 y:+0.0000 z: -0.3448
s 1016/dR_A is: x:+0.0000 y:+0.1768 z: +0.0000
s 1017/dR_A is: x:-0.2419 y:-0.0000 z: +0.0000
s 1018/dR_A is: x:+0.0000 y:-0.0576 z: +0.0000
s 1019/dR_A is: x:+0.0000 y:+0.0000 z: -0.2419
s 1020/dR_A is: x:-0.1399 y:+0.1145 z: +0.0000
s 1021/dR_A is: x:-0.0264 y:-0.1346 z: +0.0000
s 1022/dR_A is: x:-0.1346 y:-0.0793 z: +0.0000
s 1023/dR_A is: x:+0.0000 y:+0.0000 z: -0.1562
s 1024/dR_A is: x:-0.0718 y:-0.0346 z: +0.0000
s 1025/dR_A is: x:+0.1571 y:-0.1310 z: +0.0000
s 1026/dR_A is: x:-0.1375 y:-0.2350 z: +0.0000
s 1027/dR_A is: x:+0.1856 y:-0.0815 z: +0.0000
s 1028/dR_A is: x:+0.0341 y:+0.1489 z: +0.0000
s 1029/dR_A is: x:-0.0675 y:+0.0794 z: +0.0000
s 110/dR_A is: x:+0.0000 y:+0.0000 z: -0.1768
s 111/dR_A is: x:+0.0000 y:+0.0000 z: +0.2095
s 112/dR_A is: x:+0.0000 y:+0.0000 z: -0.1209
s 113/dR_A is: x:+0.2095 y:-0.1209 z: +0.0000
s 114/dR_A is: x:+0.0000 y:+0.0000 z: -0.3570
s 115/dR_A is: x:+0.0000 y:+0.0000 z: +0.3981
s 116/dR_A is: x:+0.0000 y:+0.0000 z: +0.0000
s 117/dR_A is: x:+0.3981 y:-0.0000 z: +0.0000
s 118/dR_A is: x:+0.0000 y:-16.4480 z: -4.6599
s 119/dR_A is: x:-0.0000 y:-2.3085 z: +1.2731
s 1110/dR_A is: x:+260.9215 y:-0.0000 z: -0.0000
s 1111/dR_A is: x:+9.3978 y:-19.3252 z: +0.0000
s 1112/dR_A is: x:+0.0000 y:+0.0000 z: -0.3570
s 1113/dR_A is: x:+0.0000 y:+0.0000 z: -0.1991
s 1114/dR_A is: x:+0.0000 y:+0.0000 z: -0.3448
s 1115/dR_A is: x:-0.1991 y:-0.3448 z: +0.0000
s 1116/dR_A is: x:+0.0000 y:+0.0000 z: -0.1768
s 1117/dR_A is: x:+0.0000 y:+0.0000 z: +0.0000
s 1118/dR_A is: x:+0.0000 y:+0.0000 z: -0.2419
s 1119/dR_A is: x:-0.0000 y:-0.2419 z: +0.0000
s 1120/dR_A is: x:+0.0000 y:+0.0000 z: -0.1278
s 1121/dR_A is: x:+0.0000 y:+0.0000 z: +0.0902
s 1122/dR_A is: x:+0.0000 y:+0.0000 z: -0.1562
s 1123/dR_A is: x:+0.0902 y:-0.1562 z: +0.0000
s 1124/dR_A is: x:+0.0000 y:+0.0000 z: -0.0619
s 1125/dR_A is: x:+0.0000 y:+0.0000 z: -0.2073
s 1126/dR_A is: x:+0.0000 y:+0.0000 z: -0.4732
s 1127/dR_A is: x:+0.0000 y:+0.0000 z: -0.2073
s 1128/dR_A is: x:+0.0000 y:+0.0000 z: -0.0619
s 1129/dR_A is: x:+0.0000 y:+0.0000 z: -0.0376
s 120/dR_A is: x:+0.2473 y:+0.0000 z: +0.0000
s 121/dR_A is: x:-0.1953 y:+0.0000 z: +0.0000
s 122/dR_A is: x:+0.0000 y:+0.1278 z: +0.0000
s 123/dR_A is: x:+0.0000 y:+0.0000 z: +0.1278
s 124/dR_A is: x:+0.2490 y:+0.1438 z: +0.0000
s 125/dR_A is: x:-0.0884 y:-0.1531 z: +0.0000
s 126/dR_A is: x:-0.1531 y:+0.0884 z: +0.0000
s 127/dR_A is: x:+0.0000 y:+0.0000 z: +0.1768
s 128/dR_A is: x:+0.1527 y:+0.2645 z: +0.0000
s 129/dR_A is: x:+0.2922 y:-0.1122 z: +0.0000
s 1210/dR_A is: x:-0.1122 y:+0.1626 z: +0.0000
s 1211/dR_A is: x:+0.0000 y:+0.0000 z: +0.3570
s 1212/dR_A is: x:-0.0000 y:-0.0000 z: +0.0000
s 1213/dR_A is: x:-1.5239 y:+0.5430 z: -23.5315
s 1214/dR_A is: x:-14.7705 y:+6.8715 z: +9.1576
s 1215/dR_A is: x:-14.7418 y:+6.9451 z: +12.0280
s 1216/dR_A is: x:+0.1527 y:-0.2645 z: +0.0000
s 1217/dR_A is: x:+0.2922 y:+0.1122 z: +0.0000
s 1218/dR_A is: x:+0.1122 y:+0.1626 z: +0.0000
s 1219/dR_A is: x:+0.0000 y:+0.0000 z: +0.3570
s 1220/dR_A is: x:+0.2490 y:-0.1438 z: +0.0000
s 1221/dR_A is: x:-0.0884 y:+0.1531 z: +0.0000
s 1222/dR_A is: x:+0.1531 y:+0.0884 z: +0.0000
s 1223/dR_A is: x:+0.0000 y:+0.0000 z: +0.1768
s 1224/dR_A is: x:+0.1087 y:+0.0000 z: +0.0000
s 1225/dR_A is: x:+0.1193 y:+0.0973 z: +0.0000
s 1226/dR_A is: x:+0.0212 y:+0.2947 z: +0.0000
s 1227/dR_A is: x:-0.2873 y:+0.0000 z: +0.0000
s 1228/dR_A is: x:+0.0212 y:-0.2947 z: +0.0000
s 1229/dR_A is: x:+0.1193 y:-0.0973 z: +0.0000
s 130/dR_A is: x:+0.1953 y:+0.0000 z: +0.0000
s 131/dR_A is: x:-0.0583 y:+0.0000 z: +0.0000
s 132/dR_A is: x:+0.0000 y:+0.1804 z: +0.0000
s 133/dR_A is: x:+0.0000 y:+0.0000 z: +0.1804
s 134/dR_A is: x:+0.0884 y:+0.1531 z: +0.0000
s 135/dR_A is: x:+0.1945 y:-0.1296 z: +0.0000
s 136/dR_A is: x:-0.1296 y:+0.0648 z: +0.0000
s 137/dR_A is: x:+0.0000 y:+0.0000 z: +0.2095
s 138/dR_A is: x:-0.2922 y:+0.1122 z: +0.0000
s 139/dR_A is: x:+0.5362 y:+0.2391 z: +0.0000
s 1310/dR_A is: x:+0.2391 y:+0.0161 z: +0.0000
s 1311/dR_A is: x:+0.0000 y:+0.0000 z: +0.1991
s 1312/dR_A is: x:+255.8363 y:+0.0000 z: -0.0000
s 1313/dR_A is: x:-0.0000 y:-1.6639 z: -0.9374
s 1314/dR_A is: x:+0.0000 y:-9.3978 z: -18.3157
s 1315/dR_A is: x:-0.0000 y:-19.4344 z: +0.2373
s 1316/dR_A is: x:-0.2922 y:-0.1122 z: +0.0000
s 1317/dR_A is: x:+0.5362 y:-0.2391 z: +0.0000
s 1318/dR_A is: x:-0.2391 y:+0.0161 z: +0.0000
s 1319/dR_A is: x:+0.0000 y:+0.0000 z: +0.1991
s 1320/dR_A is: x:+0.0884 y:-0.1531 z: +0.0000
s 1321/dR_A is: x:+0.1945 y:+0.1296 z: +0.0000
s 1322/dR_A is: x:+0.1296 y:+0.0648 z: +0.0000
s 1323/dR_A is: x:+0.0000 y:+0.0000 z: +0.2095
s 1324/dR_A is: x:+0.1184 y:+0.0000 z: +0.0000
s 1325/dR_A is: x:+0.0681 y:+0.1059 z: +0.0000
s 1326/dR_A is: x:-0.2052 y:+0.0286 z: +0.0000
s 1327/dR_A is: x:-0.1556 y:+0.0000 z: +0.0000
s 1328/dR_A is: x:-0.2052 y:-0.0286 z: +0.0000
s 1329/dR_A is: x:+0.0681 y:-0.1059 z: +0.0000
s 140/dR_A is: x:+0.0000 y:-0.1278 z: +0.0000
s 141/dR_A is: x:+0.0000 y:+0.1804 z: +0.0000
s 142/dR_A is: x:+0.1804 y:+0.0000 z: +0.0000
s 143/dR_A is: x:+0.0000 y:+0.0000 z: +0.0000
s 144/dR_A is: x:+0.1531 y:-0.0884 z: +0.0000
s 145/dR_A is: x:-0.1296 y:+0.0648 z: +0.0000
s 146/dR_A is: x:+0.0648 y:+0.2793 z: +0.0000
s 147/dR_A is: x:+0.0000 y:+0.0000 z: +0.1209
s 148/dR_A is: x:+0.1122 y:-0.1626 z: +0.0000
s 149/dR_A is: x:+0.2391 y:+0.0161 z: +0.0000
s 1410/dR_A is: x:+0.0161 y:+0.7173 z: +0.0000
s 1411/dR_A is: x:+0.0000 y:+0.0000 z: +0.3448
s 1412/dR_A is: x:-0.0000 y:-24.4163 z: +0.0000
s 1413/dR_A is: x:+260.3542 y:-0.0000 z: +17.7998
s 1414/dR_A is: x:+8.4914 y:+0.0000 z: +1.9200
s 1415/dR_A is: x:+17.1917 y:+0.0000 z: -35.4791
s 1416/dR_A is: x:-0.1122 y:-0.1626 z: +0.0000
s 1417/dR_A is: x:-0.2391 y:+0.0161 z: +0.0000
s 1418/dR_A is: x:+0.0161 y:-0.7173 z: +0.0000
s 1419/dR_A is: x:+0.0000 y:+0.0000 z: -0.3448
s 1420/dR_A is: x:-0.1531 y:-0.0884 z: +0.0000
s 1421/dR_A is: x:+0.1296 y:+0.0648 z: +0.0000
s 1422/dR_A is: x:+0.0648 y:-0.2793 z: +0.0000
s 1423/dR_A is: x:+0.0000 y:+0.0000 z: -0.1209
s 1424/dR_A is: x:+0.0000 y:-0.0376 z: +0.0000
s 1425/dR_A is: x:+0.1059 y:+0.0245 z: +0.0000
s 1426/dR_A is: x:+0.0286 y:+0.1905 z: +0.0000
s 1427/dR_A is: x:+0.0000 y:-0.4732 z: +0.0000
s 1428/dR_A is: x:-0.0286 y:+0.1905 z: +0.0000
s 1429/dR_A is: x:-0.1059 y:+0.0245 z: +0.0000
s 150/dR_A is: x:+0.0000 y:+0.0000 z: -0.1278
s 151/dR_A is: x:+0.0000 y:+0.0000 z: +0.1804
s 152/dR_A is: x:+0.0000 y:+0.0000 z: +0.0000
s 153/dR_A is: x:+0.1804 y:+0.0000 z: +0.0000
s 154/dR_A is: x:+0.0000 y:+0.0000 z: -0.1768
s 155/dR_A is: x:+0.0000 y:+0.0000 z: +0.2095
s 156/dR_A is: x:+0.0000 y:+0.0000 z: +0.1209
s 157/dR_A is: x:+0.2095 y:+0.1209 z: +0.0000
s 158/dR_A is: x:+0.0000 y:+0.0000 z: -0.3570
s 159/dR_A is: x:+0.0000 y:+0.0000 z: +0.1991
s 1510/dR_A is: x:+0.0000 y:+0.0000 z: +0.3448
s 1511/dR_A is: x:+0.1991 y:+0.3448 z: +0.0000
s 1512/dR_A is: x:+0.0000 y:+0.0000 z: -8.6286
s 1513/dR_A is: x:+8.4914 y:-7.8844 z: -0.0000
s 1514/dR_A is: x:+260.9215 y:+0.0000 z: +0.0000
s 1515/dR_A is: x:-9.3978 y:+19.3251 z: -0.0000
s 1516/dR_A is: x:+0.0000 y:+0.0000 z: -0.3570
s 1517/dR_A is: x:+0.0000 y:+0.0000 z: +0.1991
s 1518/dR_A is: x:+0.0000 y:+0.0000 z: -0.3448
s 1519/dR_A is: x:+0.1991 y:-0.3448 z: +0.0000
s 1520/dR_A is: x:+0.0000 y:+0.0000 z: -0.1768
s 1521/dR_A is: x:+0.0000 y:+0.0000 z: +0.2095
s 1522/dR_A is: x:+0.0000 y:+0.0000 z: -0.1209
s 1523/dR_A is: x:+0.2095 y:-0.1209 z: +0.0000
s 1524/dR_A is: x:+0.0000 y:+0.0000 z: -0.0376
s 1525/dR_A is: x:+0.0000 y:+0.0000 z: -0.0619
s 1526/dR_A is: x:+0.0000 y:+0.0000 z: -0.2073
s 1527/dR_A is: x:+0.0000 y:+0.0000 z: -0.4732
s 1528/dR_A is: x:+0.0000 y:+0.0000 z: -0.2073
s 1529/dR_A is: x:+0.0000 y:+0.0000 z: -0.0619
s 160/dR_A is: x:+0.2490 y:+0.1438 z: +0.0000
s 161/dR_A is: x:-0.0884 y:-0.1531 z: +0.0000
s 162/dR_A is: x:-0.1531 y:+0.0884 z: +0.0000
s 163/dR_A is: x:+0.0000 y:+0.0000 z: +0.1768
s 164/dR_A is: x:+0.1237 y:+0.2142 z: +0.0000
s 165/dR_A is: x:+0.0470 y:-0.1399 z: +0.0000
s 166/dR_A is: x:-0.1399 y:-0.1145 z: +0.0000
s 167/dR_A is: x:+0.0000 y:+0.0000 z: +0.1278
s 168/dR_A is: x:+0.0000 y:+0.2875 z: +0.0000
s 169/dR_A is: x:+0.1768 y:-0.0000 z: +0.0000
s 1610/dR_A is: x:-0.0000 y:-0.1768 z: +0.0000
s 1611/dR_A is: x:+0.0000 y:+0.0000 z: +0.1768
s 1612/dR_A is: x:-0.1527 y:+0.2645 z: +0.0000
s 1613/dR_A is: x:+0.2922 y:+0.1122 z: +0.0000
s 1614/dR_A is: x:+0.1122 y:+0.1626 z: +0.0000
s 1615/dR_A is: x:+0.0000 y:+0.0000 z: +0.3570
s 1616/dR_A is: x:-0.0000 y:-0.0000 z: +0.0000
s 1617/dR_A is: x:+1.5239 y:+0.5430 z: -23.5316
s 1618/dR_A is: x:-2.3085 y:-1.2731 z: -2.2055
s 1619/dR_A is: x:-16.4480 y:+4.6599 z: +8.0726
s 1620/dR_A is: x:+0.3055 y:+0.0000 z: +0.0000
s 1621/dR_A is: x:+0.0978 y:-0.0000 z: +0.0000
s 1622/dR_A is: x:+0.0000 y:+0.3570 z: +0.0000
s 1623/dR_A is: x:+0.0000 y:+0.0000 z: +0.3570
s 1624/dR_A is: x:+0.1439 y:+0.0547 z: +0.0000
s 1625/dR_A is: x:+0.0543 y:+0.0941 z: +0.0000
s 1626/dR_A is: x:-0.0246 y:+0.1520 z: +0.0000
s 1627/dR_A is: x:-0.2447 y:+0.1657 z: +0.0000
s 1628/dR_A is: x:-0.1436 y:-0.2488 z: +0.0000
s 1629/dR_A is: x:+0.2658 y:-0.1290 z: +0.0000
s 170/dR_A is: x:+0.0884 y:+0.1531 z: +0.0000
s 171/dR_A is: x:+0.1945 y:-0.1296 z: +0.0000
s 172/dR_A is: x:-0.1296 y:+0.0648 z: +0.0000
s 173/dR_A is: x:+0.0000 y:+0.0000 z: +0.2095
s 174/dR_A is: x:-0.0470 y:+0.1399 z: +0.0000
s 175/dR_A is: x:+0.1957 y:+0.0264 z: +0.0000
s 176/dR_A is: x:+0.0264 y:-0.1346 z: +0.0000
s 177/dR_A is: x:+0.0000 y:+0.0000 z: +0.0902
s 178/dR_A is: x:-0.1768 y:-0.0000 z: +0.0000
s 179/dR_A is: x:-0.0000 y:+0.2419 z: +0.0000
s 1710/dR_A is: x:+0.2419 y:+0.0000 z: +0.0000
s 1711/dR_A is: x:+0.0000 y:+0.0000 z: -0.0000
s 1712/dR_A is: x:-0.2922 y:-0.1122 z: +0.0000
s 1713/dR_A is: x:-0.5362 y:+0.2391 z: +0.0000
s 1714/dR_A is: x:+0.2391 y:-0.0161 z: +0.0000
s 1715/dR_A is: x:+0.0000 y:+0.0000 z: -0.1991
s 1716/dR_A is: x:+255.8363 y:-0.0000 z: +0.0000
s 1717/dR_A is: x:-0.0000 y:+1.6639 z: -0.9375
s 1718/dR_A is: x:-0.0000 y:-3.5984 z: -0.5135
s 1719/dR_A is: x:+0.0000 y:-9.2510 z: +6.4059
s 1720/dR_A is: x:-0.0978 y:+0.0000 z: +0.0000
s 1721/dR_A is: x:+0.7063 y:+0.0000 z: +0.0000
s 1722/dR_A is: x:-0.0000 y:+0.3981 z: +0.0000
s 1723/dR_A is: x:+0.0000 y:+0.0000 z: +0.3981
s 1724/dR_A is: x:+0.1271 y:+0.0718 z: +0.0000
s 1725/dR_A is: x:+0.0014 y:+0.0675 z: +0.0000
s 1726/dR_A is: x:-0.0563 y:-0.0341 z: +0.0000
s 1727/dR_A is: x:+0.0668 y:-0.1856 z: +0.0000
s 1728/dR_A is: x:-0.3938 y:+0.1375 z: +0.0000
s 1729/dR_A is: x:+0.1163 y:-0.1571 z: +0.0000
s 180/dR_A is: x:+0.1531 y:-0.0884 z: +0.0000
s 181/dR_A is: x:-0.1296 y:+0.0648 z: +0.0000
s 182/dR_A is: x:+0.0648 y:+0.2793 z: +0.0000
s 183/dR_A is: x:+0.0000 y:+0.0000 z: +0.1209
s 184/dR_A is: x:+0.1399 y:+0.1145 z: +0.0000
s 185/dR_A is: x:+0.0264 y:-0.1346 z: +0.0000
s 186/dR_A is: x:-0.1346 y:+0.0793 z: +0.0000
s 187/dR_A is: x:+0.0000 y:+0.0000 z: +0.1562
s 188/dR_A is: x:-0.0000 y:+0.1768 z: +0.0000
s 189/dR_A is: x:+0.2419 y:-0.0000 z: +0.0000
s 1810/dR_A is: x:+0.0000 y:+0.0576 z: +0.0000
s 1811/dR_A is: x:+0.0000 y:+0.0000 z: +0.2419
s 1812/dR_A is: x:-0.1122 y:-0.1626 z: +0.0000
s 1813/dR_A is: x:+0.2391 y:-0.0161 z: +0.0000
s 1814/dR_A is: x:-0.0161 y:+0.7173 z: +0.0000
s 1815/dR_A is: x:+0.0000 y:+0.0000 z: +0.3448
s 1816/dR_A is: x:-0.0000 y:-24.4163 z: -0.0000
s 1817/dR_A is: x:+260.3541 y:-0.0000 z: -4.1005
s 1818/dR_A is: x:-3.3896 y:+0.0000 z: -2.0436
s 1819/dR_A is: x:+2.8951 y:-0.0000 z: -0.4497
s 1820/dR_A is: x:+0.0000 y:-0.3570 z: +0.0000
s 1821/dR_A is: x:+0.0000 y:+0.3981 z: +0.0000
s 1822/dR_A is: x:+0.3981 y:+0.0000 z: +0.0000
s 1823/dR_A is: x:+0.0000 y:+0.0000 z: +0.0000
s 1824/dR_A is: x:+0.0718 y:-0.0346 z: +0.0000
s 1825/dR_A is: x:+0.0675 y:+0.0794 z: +0.0000
s 1826/dR_A is: x:-0.0341 y:+0.1489 z: +0.0000
s 1827/dR_A is: x:-0.1856 y:-0.0815 z: +0.0000
s 1828/dR_A is: x:+0.1375 y:-0.2350 z: +0.0000
s 1829/dR_A is: x:-0.1571 y:-0.1310 z: +0.0000
s 190/dR_A is: x:+0.0000 y:+0.0000 z: -0.1768
s 191/dR_A is: x:+0.0000 y:+0.0000 z: +0.2095
s 192/dR_A is: x:+0.0000 y:+0.0000 z: +0.1209
s 193/dR_A is: x:+0.2095 y:+0.1209 z: +0.0000
s 194/dR_A is: x:+0.0000 y:+0.0000 z: -0.1278
s 195/dR_A is: x:+0.0000 y:+0.0000 z: +0.0902
s 196/dR_A is: x:+0.0000 y:+0.0000 z: +0.1562
s 197/dR_A is: x:+0.0902 y:+0.1562 z: +0.0000
s 198/dR_A is: x:+0.0000 y:+0.0000 z: -0.1768
s 199/dR_A is: x:+0.0000 y:+0.0000 z: +0.0000
s 1910/dR_A is: x:+0.0000 y:+0.0000 z: +0.2419
s 1911/dR_A is: x:-0.0000 y:+0.2419 z: +0.0000
s 1912/dR_A is: x:+0.0000 y:+0.0000 z: -0.3570
s 1913/dR_A is: x:+0.0000 y:+0.0000 z: -0.1991
s 1914/dR_A is: x:+0.0000 y:+0.0000 z: +0.3448
s 1915/dR_A is: x:-0.1991 y:+0.3448 z: +0.0000
s 1916/dR_A is: x:-0.0000 y:-0.0000 z: +0.0000
s 1917/dR_A is: x:-3.3896 y:-2.2055 z: -1.2497
s 1918/dR_A is: x:+207.1480 y:-2.0435 z: -0.4497
s 1919/dR_A is: x:-0.2521 y:-0.4498 z: -2.0436
s 1920/dR_A is: x:+0.0000 y:+0.0000 z: -0.3570
s 1921/dR_A is: x:+0.0000 y:+0.0000 z: +0.3981
s 1922/dR_A is: x:+0.0000 y:+0.0000 z: -0.0000
s 1923/dR_A is: x:+0.3981 y:+0.0000 z: +0.0000
s 1924/dR_A is: x:+0.0000 y:+0.0000 z: -0.0619
s 1925/dR_A is: x:+0.0000 y:+0.0000 z: -0.0376
s 1926/dR_A is: x:+0.0000 y:+0.0000 z: -0.0619
s 1927/dR_A is: x:+0.0000 y:+0.0000 z: -0.2073
s 1928/dR_A is: x:+0.0000 y:+0.0000 z: -0.4732
s 1929/dR_A is: x:+0.0000 y:+0.0000 z: -0.2073
s 200/dR_A is: x:+0.1527 y:+0.2645 z: +0.0000
s 201/dR_A is: x:+0.2922 y:-0.1122 z: +0.0000
s 202/dR_A is: x:-0.1122 y:+0.1626 z: +0.0000
s 203/dR_A is: x:+0.0000 y:+0.0000 z: +0.3570
s 204/dR_A is: x:-0.0000 y:+0.2875 z: +0.0000
s 205/dR_A is: x:+0.1768 y:+0.0000 z: +0.0000
s 206/dR_A is: x:+0.0000 y:-0.1768 z: +0.0000
s 207/dR_A is: x:+0.0000 y:+0.0000 z: +0.1768
s 208/dR_A is: x:-0.1237 y:+0.2142 z: +0.0000
s 209/dR_A is: x:+0.0470 y:+0.1399 z: +0.0000
s 2010/dR_A is: x:+0.1399 y:-0.1145 z: +0.0000
s 2011/dR_A is: x:+0.0000 y:+0.0000 z: +0.1278
s 2012/dR_A is: x:-0.2490 y:+0.1438 z: +0.0000
s 2013/dR_A is: x:-0.0884 y:+0.1531 z: +0.0000
s 2014/dR_A is: x:+0.1531 y:+0.0884 z: +0.0000
s 2015/dR_A is: x:+0.0000 y:+0.0000 z: +0.1768
s 2016/dR_A is: x:-0.3055 y:+0.0000 z: +0.0000
s 2017/dR_A is: x:+0.0978 y:+0.0000 z: +0.0000
s 2018/dR_A is: x:-0.0000 y:+0.3570 z: +0.0000
s 2019/dR_A is: x:+0.0000 y:+0.0000 z: +0.3570
s 2020/dR_A is: x:-0.4217 y:-0.3765 z: -0.4217
s 2021/dR_A is: x:+1.1859 y:+0.4593 z: +0.2987
s 2022/dR_A is: x:+0.0000 y:+0.0000 z: +0.0000
s 2023/dR_A is: x:+1.1514 y:-0.6478 z: -0.5372
s 2024/dR_A is: x:+0.2447 y:+0.1657 z: +0.0000
s 2025/dR_A is: x:+0.0246 y:+0.1520 z: +0.0000
s 2026/dR_A is: x:-0.0543 y:+0.0941 z: +0.0000
s 2027/dR_A is: x:-0.1439 y:+0.0547 z: +0.0000
s 2028/dR_A is: x:-0.2658 y:-0.1290 z: +0.0000
s 2029/dR_A is: x:+0.1436 y:-0.2488 z: +0.0000
s 210/dR_A is: x:-0.2922 y:+0.1122 z: +0.0000
s 211/dR_A is: x:+0.5362 y:+0.2391 z: +0.0000
s 212/dR_A is: x:+0.2391 y:+0.0161 z: +0.0000
s 213/dR_A is: x:+0.0000 y:+0.0000 z: +0.1991
s 214/dR_A is: x:-0.1768 y:+0.0000 z: +0.0000
s 215/dR_A is: x:+0.0000 y:+0.2419 z: +0.0000
s 216/dR_A is: x:+0.2419 y:-0.0000 z: +0.0000
s 217/dR_A is: x:+0.0000 y:+0.0000 z: +0.0000
s 218/dR_A is: x:-0.0470 y:-0.1399 z: +0.0000
s 219/dR_A is: x:-0.1957 y:+0.0264 z: +0.0000
s 2110/dR_A is: x:+0.0264 y:+0.1346 z: +0.0000
s 2111/dR_A is: x:+0.0000 y:+0.0000 z: -0.0902
s 2112/dR_A is: x:+0.0884 y:-0.1531 z: +0.0000
s 2113/dR_A is: x:-0.1945 y:-0.1296 z: +0.0000
s 2114/dR_A is: x:-0.1296 y:-0.0648 z: +0.0000
s 2115/dR_A is: x:+0.0000 y:+0.0000 z: -0.2095
s 2116/dR_A is: x:-0.0978 y:-0.0000 z: +0.0000
s 2117/dR_A is: x:-0.7063 y:+0.0000 z: +0.0000
s 2118/dR_A is: x:-0.0000 y:-0.3981 z: +0.0000
s 2119/dR_A is: x:+0.0000 y:+0.0000 z: -0.3981
s 2120/dR_A is: x:-0.0828 y:-0.0000 z: -0.0000
s 2121/dR_A is: x:+0.4593 y:-0.0000 z: -0.0000
s 2122/dR_A is: x:+0.0000 y:-0.0000 z: +0.0000
s 2123/dR_A is: x:-0.3261 y:-0.0000 z: -0.0000
s 2124/dR_A is: x:+0.0668 y:+0.1856 z: +0.0000
s 2125/dR_A is: x:-0.0563 y:+0.0341 z: +0.0000
s 2126/dR_A is: x:+0.0014 y:-0.0675 z: +0.0000
s 2127/dR_A is: x:+0.1271 y:-0.0718 z: +0.0000
s 2128/dR_A is: x:+0.1163 y:+0.1571 z: +0.0000
s 2129/dR_A is: x:-0.3938 y:-0.1375 z: +0.0000
s 220/dR_A is: x:+0.1122 y:-0.1626 z: +0.0000
s 221/dR_A is: x:+0.2391 y:+0.0161 z: +0.0000
s 222/dR_A is: x:+0.0161 y:+0.7173 z: +0.0000
s 223/dR_A is: x:+0.0000 y:+0.0000 z: +0.3448
s 224/dR_A is: x:+0.0000 y:+0.1768 z: +0.0000
s 225/dR_A is: x:+0.2419 y:+0.0000 z: +0.0000
s 226/dR_A is: x:-0.0000 y:+0.0576 z: +0.0000
s 227/dR_A is: x:+0.0000 y:+0.0000 z: +0.2419
s 228/dR_A is: x:-0.1399 y:+0.1145 z: +0.0000
s 229/dR_A is: x:+0.0264 y:+0.1346 z: +0.0000
s 2210/dR_A is: x:+0.1346 y:+0.0793 z: +0.0000
s 2211/dR_A is: x:+0.0000 y:+0.0000 z: +0.1562
s 2212/dR_A is: x:-0.1531 y:-0.0884 z: +0.0000
s 2213/dR_A is: x:-0.1296 y:-0.0648 z: +0.0000
s 2214/dR_A is: x:-0.0648 y:+0.2793 z: +0.0000
s 2215/dR_A is: x:+0.0000 y:+0.0000 z: +0.1209
s 2216/dR_A is: x:-0.0000 y:-0.3570 z: +0.0000
s 2217/dR_A is: x:+0.0000 y:-0.3981 z: +0.0000
s 2218/dR_A is: x:-0.3981 y:+0.0000 z: +0.0000
s 2219/dR_A is: x:+0.0000 y:+0.0000 z: +0.0000
s 2220/dR_A is: x:-361.6220 y:-0.0000 z: -0.0000
s 2221/dR_A is: x:-0.0000 y:-0.0000 z: -0.0000
s 2222/dR_A is: x:-0.0000 y:-0.0000 z: -0.0000
s 2223/dR_A is: x:-0.0000 y:-0.0000 z: -0.0000
s 2224/dR_A is: x:+0.1856 y:-0.0815 z: +0.0000
s 2225/dR_A is: x:+0.0341 y:+0.1489 z: +0.0000
s 2226/dR_A is: x:-0.0675 y:+0.0794 z: +0.0000
s 2227/dR_A is: x:-0.0718 y:-0.0346 z: +0.0000
s 2228/dR_A is: x:+0.1571 y:-0.1310 z: +0.0000
s 2229/dR_A is: x:-0.1375 y:-0.2350 z: +0.0000
s 230/dR_A is: x:+0.0000 y:+0.0000 z: -0.3570
s 231/dR_A is: x:+0.0000 y:+0.0000 z: +0.1991
s 232/dR_A is: x:+0.0000 y:+0.0000 z: +0.3448
s 233/dR_A is: x:+0.1991 y:+0.3448 z: +0.0000
s 234/dR_A is: x:+0.0000 y:+0.0000 z: -0.1768
s 235/dR_A is: x:+0.0000 y:+0.0000 z: -0.0000
s 236/dR_A is: x:+0.0000 y:+0.0000 z: +0.2419
s 237/dR_A is: x:+0.0000 y:+0.2419 z: +0.0000
s 238/dR_A is: x:+0.0000 y:+0.0000 z: -0.1278
s 239/dR_A is: x:+0.0000 y:+0.0000 z: -0.0902
s 2310/dR_A is: x:+0.0000 y:+0.0000 z: +0.1562
s 2311/dR_A is: x:-0.0902 y:+0.1562 z: +0.0000
s 2312/dR_A is: x:+0.0000 y:+0.0000 z: -0.1768
s 2313/dR_A is: x:+0.0000 y:+0.0000 z: -0.2095
s 2314/dR_A is: x:+0.0000 y:+0.0000 z: +0.1209
s 2315/dR_A is: x:-0.2095 y:+0.1209 z: +0.0000
s 2316/dR_A is: x:+0.0000 y:+0.0000 z: -0.3570
s 2317/dR_A is: x:+0.0000 y:+0.0000 z: -0.3981
s 2318/dR_A is: x:+0.0000 y:+0.0000 z: -0.0000
s 2319/dR_A is: x:-0.3981 y:+0.0000 z: +0.0000
s 2320/dR_A is: x:-0.0000 y:-0.0000 z: -0.0000
s 2321/dR_A is: x:-361.6230 y:-0.0000 z: -0.0000
s 2322/dR_A is: x:+0.0000 y:+0.0000 z: -0.0000
s 2323/dR_A is: x:-0.0000 y:-0.0000 z: -0.0000
s 2324/dR_A is: x:+0.0000 y:+0.0000 z: -0.2073
s 2325/dR_A is: x:+0.0000 y:+0.0000 z: -0.0619
s 2326/dR_A is: x:+0.0000 y:+0.0000 z: -0.0376
s 2327/dR_A is: x:+0.0000 y:+0.0000 z: -0.0619
s 2328/dR_A is: x:+0.0000 y:+0.0000 z: -0.2073
s 2329/dR_A is: x:+0.0000 y:+0.0000 z: -0.4732
s 240/dR_A is: x:-0.2873 y:+0.0000 z: +0.0000
s 241/dR_A is: x:+0.1556 y:+0.0000 z: +0.0000
s 242/dR_A is: x:+0.0000 y:+0.4732 z: +0.0000
s 243/dR_A is: x:+0.0000 y:+0.0000 z: +0.4732
s 244/dR_A is: x:-0.2447 y:+0.1657 z: +0.0000
s 245/dR_A is: x:-0.0668 y:+0.1856 z: +0.0000
s 246/dR_A is: x:+0.1856 y:+0.0815 z: +0.0000
s 247/dR_A is: x:+0.0000 y:+0.0000 z: +0.2073
s 248/dR_A is: x:-0.1439 y:+0.0547 z: +0.0000
s 249/dR_A is: x:-0.1271 y:+0.0718 z: +0.0000
s 2410/dR_A is: x:+0.0718 y:+0.0346 z: +0.0000
s 2411/dR_A is: x:+0.0000 y:+0.0000 z: +0.0619
s 2412/dR_A is: x:-0.1087 y:+0.0000 z: +0.0000
s 2413/dR_A is: x:-0.1184 y:+0.0000 z: +0.0000
s 2414/dR_A is: x:+0.0000 y:+0.0376 z: +0.0000
s 2415/dR_A is: x:+0.0000 y:+0.0000 z: +0.0376
s 2416/dR_A is: x:-0.1439 y:-0.0547 z: +0.0000
s 2417/dR_A is: x:-0.1271 y:-0.0718 z: +0.0000
s 2418/dR_A is: x:-0.0718 y:+0.0346 z: +0.0000
s 2419/dR_A is: x:+0.0000 y:+0.0000 z: +0.0619
s 2420/dR_A is: x:-0.2447 y:-0.1657 z: +0.0000
s 2421/dR_A is: x:-0.0668 y:-0.1856 z: +0.0000
s 2422/dR_A is: x:-0.1856 y:+0.0815 z: +0.0000
s 2423/dR_A is: x:+0.0000 y:+0.0000 z: +0.2073
s 2424/dR_A is: x:-0.0000 y:+0.0000 z: -0.0000
s 2425/dR_A is: x:-0.1186 y:+0.2055 z: +0.0000
s 2426/dR_A is: x:-0.0598 y:+0.0345 z: +0.0000
s 2427/dR_A is: x:-0.0393 y:+0.0000 z: +0.0000
s 2428/dR_A is: x:-0.0598 y:-0.0345 z: +0.0000
s 2429/dR_A is: x:-0.1186 y:-0.2055 z: +0.0000
s 250/dR_A is: x:+0.0212 y:-0.2947 z: +0.0000
s 251/dR_A is: x:+0.2052 y:+0.0286 z: +0.0000
s 252/dR_A is: x:+0.0286 y:-0.1905 z: +0.0000
s 253/dR_A is: x:+0.0000 y:+0.0000 z: +0.2073
s 254/dR_A is: x:-0.1436 y:-0.2488 z: +0.0000
s 255/dR_A is: x:+0.3938 y:-0.1375 z: +0.0000
s 256/dR_A is: x:-0.1375 y:+0.2350 z: +0.0000
s 257/dR_A is: x:+0.0000 y:+0.0000 z: +0.4732
s 258/dR_A is: x:-0.2658 y:-0.1290 z: +0.0000
s 259/dR_A is: x:-0.1163 y:-0.1571 z: +0.0000
s 2510/dR_A is: x:-0.1571 y:+0.1310 z: +0.0000
s 2511/dR_A is: x:+0.0000 y:+0.0000 z: +0.2073
s 2512/dR_A is: x:-0.1193 y:-0.0973 z: +0.0000
s 2513/dR_A is: x:-0.0681 y:-0.1059 z: +0.0000
s 2514/dR_A is: x:-0.1059 y:-0.0245 z: +0.0000
s 2515/dR_A is: x:+0.0000 y:+0.0000 z: +0.0619
s 2516/dR_A is: x:-0.0543 y:-0.0941 z: +0.0000
s 2517/dR_A is: x:-0.0014 y:-0.0675 z: +0.0000
s 2518/dR_A is: x:-0.0675 y:-0.0794 z: +0.0000
s 2519/dR_A is: x:+0.0000 y:+0.0000 z: +0.0376
s 2520/dR_A is: x:-0.0246 y:-0.1520 z: +0.0000
s 2521/dR_A is: x:+0.0563 y:-0.0341 z: +0.0000
s 2522/dR_A is: x:-0.0341 y:-0.1489 z: +0.0000
s 2523/dR_A is: x:+0.0000 y:+0.0000 z: +0.0619
s 2524/dR_A is: x:+0.1186 y:-0.2055 z: +0.0000
s 2525/dR_A is: x:-0.0000 y:+0.0000 z: -0.0000
s 2526/dR_A is: x:-0.2373 y:+0.0000 z: +0.0000
s 2527/dR_A is: x:-0.0598 y:-0.0345 z: +0.0000
s 2528/dR_A is: x:-0.0196 y:-0.0340 z: +0.0000
s 2529/dR_A is: x:+0.0000 y:-0.0691 z: +0.0000
s 260/dR_A is: x:+0.1193 y:-0.0973 z: +0.0000
s 261/dR_A is: x:-0.0681 y:+0.1059 z: +0.0000
s 262/dR_A is: x:+0.1059 y:-0.0245 z: +0.0000
s 263/dR_A is: x:+0.0000 y:+0.0000 z: +0.0619
s 264/dR_A is: x:+0.2658 y:-0.1290 z: +0.0000
s 265/dR_A is: x:-0.1163 y:+0.1571 z: +0.0000
s 266/dR_A is: x:+0.1571 y:+0.1310 z: +0.0000
s 267/dR_A is: x:+0.0000 y:+0.0000 z: +0.2073
s 268/dR_A is: x:+0.1436 y:-0.2488 z: +0.0000
s 269/dR_A is: x:+0.3938 y:+0.1375 z: +0.0000
s 2610/dR_A is: x:+0.1375 y:+0.2350 z: +0.0000
s 2611/dR_A is: x:+0.0000 y:+0.0000 z: +0.4732
s 2612/dR_A is: x:-0.0212 y:-0.2947 z: +0.0000
s 2613/dR_A is: x:+0.2052 y:-0.0286 z: +0.0000
s 2614/dR_A is: x:-0.0286 y:-0.1905 z: +0.0000
s 2615/dR_A is: x:+0.0000 y:+0.0000 z: +0.2073
s 2616/dR_A is: x:+0.0246 y:-0.1520 z: +0.0000
s 2617/dR_A is: x:+0.0563 y:+0.0341 z: +0.0000
s 2618/dR_A is: x:+0.0341 y:-0.1489 z: +0.0000
s 2619/dR_A is: x:+0.0000 y:+0.0000 z: +0.0619
s 2620/dR_A is: x:+0.0543 y:-0.0941 z: +0.0000
s 2621/dR_A is: x:-0.0014 y:+0.0675 z: +0.0000
s 2622/dR_A is: x:+0.0675 y:-0.0794 z: +0.0000
s 2623/dR_A is: x:+0.0000 y:+0.0000 z: +0.0376
s 2624/dR_A is: x:+0.0598 y:-0.0345 z: +0.0000
s 2625/dR_A is: x:+0.2373 y:+0.0000 z: +0.0000
s 2626/dR_A is: x:+0.0000 y:-0.0000 z: -0.0000
s 2627/dR_A is: x:-0.1186 y:-0.2055 z: +0.0000
s 2628/dR_A is: x:-0.0000 y:-0.0691 z: +0.0000
s 2629/dR_A is: x:+0.0196 y:-0.0340 z: +0.0000
s 270/dR_A is: x:+0.1087 y:+0.0000 z: +0.0000
s 271/dR_A is: x:-0.1184 y:+0.0000 z: +0.0000
s 272/dR_A is: x:+0.0000 y:+0.0376 z: +0.0000
s 273/dR_A is: x:+0.0000 y:+0.0000 z: +0.0376
s 274/dR_A is: x:+0.1439 y:+0.0547 z: +0.0000
s 275/dR_A is: x:-0.1271 y:-0.0718 z: +0.0000
s 276/dR_A is: x:-0.0718 y:+0.0346 z: +0.0000
s 277/dR_A is: x:+0.0000 y:+0.0000 z: +0.0619
s 278/dR_A is: x:+0.2447 y:+0.1657 z: +0.0000
s 279/dR_A is: x:-0.0668 y:-0.1856 z: +0.0000
s 2710/dR_A is: x:-0.1856 y:+0.0815 z: +0.0000
s 2711/dR_A is: x:+0.0000 y:+0.0000 z: +0.2073
s 2712/dR_A is: x:+0.2873 y:+0.0000 z: +0.0000
s 2713/dR_A is: x:+0.1556 y:+0.0000 z: +0.0000
s 2714/dR_A is: x:+0.0000 y:+0.4732 z: +0.0000
s 2715/dR_A is: x:+0.0000 y:+0.0000 z: +0.4732
s 2716/dR_A is: x:+0.2447 y:-0.1657 z: +0.0000
s 2717/dR_A is: x:-0.0668 y:+0.1856 z: +0.0000
s 2718/dR_A is: x:+0.1856 y:+0.0815 z: +0.0000
s 2719/dR_A is: x:+0.0000 y:+0.0000 z: +0.2073
s 2720/dR_A is: x:+0.1439 y:-0.0547 z: +0.0000
s 2721/dR_A is: x:-0.1271 y:+0.0718 z: +0.0000
s 2722/dR_A is: x:+0.0718 y:+0.0346 z: +0.0000
s 2723/dR_A is: x:+0.0000 y:+0.0000 z: +0.0619
s 2724/dR_A is: x:+0.0393 y:+0.0000 z: +0.0000
s 2725/dR_A is: x:+0.0598 y:+0.0345 z: +0.0000
s 2726/dR_A is: x:+0.1186 y:+0.2055 z: +0.0000
s 2727/dR_A is: x:-0.0000 y:-0.0000 z: -0.0000
s 2728/dR_A is: x:+0.1186 y:-0.2055 z: +0.0000
s 2729/dR_A is: x:+0.0598 y:-0.0345 z: +0.0000
s 280/dR_A is: x:+0.1193 y:+0.0973 z: +0.0000
s 281/dR_A is: x:-0.0681 y:-0.1059 z: +0.0000
s 282/dR_A is: x:-0.1059 y:-0.0245 z: +0.0000
s 283/dR_A is: x:+0.0000 y:+0.0000 z: +0.0619
s 284/dR_A is: x:+0.0543 y:+0.0941 z: +0.0000
s 285/dR_A is: x:-0.0014 y:-0.0675 z: +0.0000
s 286/dR_A is: x:-0.0675 y:-0.0794 z: +0.0000
s 287/dR_A is: x:+0.0000 y:+0.0000 z: +0.0376
s 288/dR_A is: x:+0.0246 y:+0.1520 z: +0.0000
s 289/dR_A is: x:+0.0563 y:-0.0341 z: +0.0000
s 2810/dR_A is: x:-0.0341 y:-0.1489 z: +0.0000
s 2811/dR_A is: x:+0.0000 y:+0.0000 z: +0.0619
s 2812/dR_A is: x:-0.0212 y:+0.2947 z: +0.0000
s 2813/dR_A is: x:+0.2052 y:+0.0286 z: +0.0000
s 2814/dR_A is: x:+0.0286 y:-0.1905 z: +0.0000
s 2815/dR_A is: x:+0.0000 y:+0.0000 z: +0.2073
s 2816/dR_A is: x:+0.1436 y:+0.2488 z: +0.0000
s 2817/dR_A is: x:+0.3938 y:-0.1375 z: +0.0000
s 2818/dR_A is: x:-0.1375 y:+0.2350 z: +0.0000
s 2819/dR_A is: x:+0.0000 y:+0.0000 z: +0.4732
s 2820/dR_A is: x:+0.2658 y:+0.1290 z: +0.0000
s 2821/dR_A is: x:-0.1163 y:-0.1571 z: +0.0000
s 2822/dR_A is: x:-0.1571 y:+0.1310 z: +0.0000
s 2823/dR_A is: x:+0.0000 y:+0.0000 z: +0.2073
s 2824/dR_A is: x:+0.0598 y:+0.0345 z: +0.0000
s 2825/dR_A is: x:+0.0196 y:+0.0340 z: +0.0000
s 2826/dR_A is: x:-0.0000 y:+0.0691 z: +0.0000
s 2827/dR_A is: x:-0.1186 y:+0.2055 z: +0.0000
s 2828/dR_A is: x:-0.2987 y:+0.1883 z: -0.3261
s 2829/dR_A is: x:+0.2373 y:-0.0000 z: +0.0000
s 290/dR_A is: x:+0.0212 y:+0.2947 z: +0.0000
s 291/dR_A is: x:+0.2052 y:-0.0286 z: +0.0000
s 292/dR_A is: x:-0.0286 y:-0.1905 z: +0.0000
s 293/dR_A is: x:+0.0000 y:+0.0000 z: +0.2073
s 294/dR_A is: x:-0.0246 y:+0.1520 z: +0.0000
s 295/dR_A is: x:+0.0563 y:+0.0341 z: +0.0000
s 296/dR_A is: x:+0.0341 y:-0.1489 z: +0.0000
s 297/dR_A is: x:+0.0000 y:+0.0000 z: +0.0619
s 298/dR_A is: x:-0.0543 y:+0.0941 z: +0.0000
s 299/dR_A is: x:-0.0014 y:+0.0675 z: +0.0000
s 2910/dR_A is: x:+0.0675 y:-0.0794 z: +0.0000
s 2911/dR_A is: x:+0.0000 y:+0.0000 z: +0.0376
s 2912/dR_A is: x:-0.1193 y:+0.0973 z: +0.0000
s 2913/dR_A is: x:-0.0681 y:+0.1059 z: +0.0000
s 2914/dR_A is: x:+0.1059 y:-0.0245 z: +0.0000
s 2915/dR_A is: x:+0.0000 y:+0.0000 z: +0.0619
s 2916/dR_A is: x:-0.2658 y:+0.1290 z: +0.0000
s 2917/dR_A is: x:-0.1163 y:+0.1571 z: +0.0000
s 2918/dR_A is: x:+0.1571 y:+0.1310 z: +0.0000
s 2919/dR_A is: x:+0.0000 y:+0.0000 z: +0.2073
s 2920/dR_A is: x:-0.1436 y:+0.2488 z: +0.0000
s 2921/dR_A is: x:+0.3938 y:+0.1375 z: +0.0000
s 2922/dR_A is: x:+0.1375 y:+0.2350 z: +0.0000
s 2923/dR_A is: x:+0.0000 y:+0.0000 z: +0.4732
s 2924/dR_A is: x:+0.1186 y:+0.2055 z: +0.0000
s 2925/dR_A is: x:+0.0000 y:+0.0691 z: +0.0000
s 2926/dR_A is: x:-0.0196 y:+0.0340 z: +0.0000
s 2927/dR_A is: x:-0.0598 y:+0.0345 z: +0.0000
s 2928/dR_A is: x:-0.2373 y:-0.0000 z: +0.0000
s 2929/dR_A is: x:-0.0000 y:-0.0000 z: -0.0000
gammaAB_RA
gamma 00/dR_A is: x:+0.0000 y:+0.0000 z: +0.0000
gamma 01/dR_A is: x:-1.7312 y:+2.9984 z: +0.0000
gamma 02/dR_A is: x:-2.7552 y:+1.5907 z: +0.0000
gamma 03/dR_A is: x:-2.7902 y:+0.0000 z: +0.0000
gamma 04/dR_A is: x:-2.7552 y:-1.5907 z: +0.0000
gamma 05/dR_A is: x:-1.7312 y:-2.9984 z: +0.0000
gamma 06/dR_A is: x:+3.9383 y:+0.0000 z: +0.0000
gamma 07/dR_A is: x:-0.2723 y:+3.7880 z: +0.0000
gamma 08/dR_A is: x:-1.6979 y:+1.3842 z: +0.0000
gamma 09/dR_A is: x:-1.7477 y:+0.0000 z: +0.0000
gamma 010/dR_A is: x:-1.6979 y:-1.3842 z: +0.0000
gamma 011/dR_A is: x:-0.2723 y:-3.7880 z: +0.0000
gamma 10/dR_A is: x:+1.7312 y:-2.9984 z: +0.0000
gamma 11/dR_A is: x:+0.0000 y:+0.0000 z: +0.0000
gamma 12/dR_A is: x:+0.0000 y:+0.0000 z: +0.0000
gamma 13/dR_A is: x:+0.0000 y:+0.0000 z: +0.0000
gamma 14/dR_A is: x:+0.0000 y:+0.0000 z: +0.0000
gamma 15/dR_A is: x:+0.0000 y:+0.0000 z: +0.0000
gamma 16/dR_A is: x:+0.0000 y:+0.0000 z: +0.0000
gamma 17/dR_A is: x:+0.0000 y:+0.0000 z: +0.0000
gamma 18/dR_A is: x:+0.0000 y:+0.0000 z: +0.0000
gamma 19/dR_A is: x:+0.0000 y:+0.0000 z: +0.0000
gamma 110/dR_A is: x:+0.0000 y:+0.0000 z: +0.0000
gamma 111/dR_A is: x:+0.0000 y:+0.0000 z: +0.0000
gamma 20/dR_A is: x:+2.7552 y:-1.5907 z: +0.0000
gamma 21/dR_A is: x:+0.0000 y:+0.0000 z: +0.0000
gamma 22/dR_A is: x:+0.0000 y:+0.0000 z: +0.0000
gamma 23/dR_A is: x:+0.0000 y:+0.0000 z: +0.0000
gamma 24/dR_A is: x:+0.0000 y:+0.0000 z: +0.0000
gamma 25/dR_A is: x:+0.0000 y:+0.0000 z: +0.0000
gamma 26/dR_A is: x:+0.0000 y:+0.0000 z: +0.0000
gamma 27/dR_A is: x:+0.0000 y:+0.0000 z: +0.0000
gamma 28/dR_A is: x:+0.0000 y:+0.0000 z: +0.0000
gamma 29/dR_A is: x:+0.0000 y:+0.0000 z: +0.0000
gamma 210/dR_A is: x:+0.0000 y:+0.0000 z: +0.0000
gamma 211/dR_A is: x:+0.0000 y:+0.0000 z: +0.0000
gamma 30/dR_A is: x:+2.7902 y:+0.0000 z: +0.0000
gamma 31/dR_A is: x:+0.0000 y:+0.0000 z: +0.0000
gamma 32/dR_A is: x:+0.0000 y:+0.0000 z: +0.0000
gamma 33/dR_A is: x:+0.0000 y:+0.0000 z: +0.0000
gamma 34/dR_A is: x:+0.0000 y:+0.0000 z: +0.0000
gamma 35/dR_A is: x:+0.0000 y:+0.0000 z: +0.0000
gamma 36/dR_A is: x:+0.0000 y:+0.0000 z: +0.0000
gamma 37/dR_A is: x:+0.0000 y:+0.0000 z: +0.0000
gamma 38/dR_A is: x:+0.0000 y:+0.0000 z: +0.0000
gamma 39/dR_A is: x:+0.0000 y:+0.0000 z: +0.0000
gamma 310/dR_A is: x:+0.0000 y:+0.0000 z: +0.0000
gamma 311/dR_A is: x:+0.0000 y:+0.0000 z: +0.0000
gamma 40/dR_A is: x:+2.7552 y:+1.5907 z: +0.0000
gamma 41/dR_A is: x:+0.0000 y:+0.0000 z: +0.0000
gamma 42/dR_A is: x:+0.0000 y:+0.0000 z: +0.0000
gamma 43/dR_A is: x:+0.0000 y:+0.0000 z: +0.0000
gamma 44/dR_A is: x:+0.0000 y:+0.0000 z: +0.0000
gamma 45/dR_A is: x:+0.0000 y:+0.0000 z: +0.0000
gamma 46/dR_A is: x:+0.0000 y:+0.0000 z: +0.0000
gamma 47/dR_A is: x:+0.0000 y:+0.0000 z: +0.0000
gamma 48/dR_A is: x:+0.0000 y:+0.0000 z: +0.0000
gamma 49/dR_A is: x:+0.0000 y:+0.0000 z: +0.0000
gamma 410/dR_A is: x:+0.0000 y:+0.0000 z: +0.0000
gamma 411/dR_A is: x:+0.0000 y:+0.0000 z: +0.0000
gamma 50/dR_A is: x:+1.7312 y:+2.9984 z: +0.0000
gamma 51/dR_A is: x:+0.0000 y:+0.0000 z: +0.0000
gamma 52/dR_A is: x:+0.0000 y:+0.0000 z: +0.0000
gamma 53/dR_A is: x:+0.0000 y:+0.0000 z: +0.0000
gamma 54/dR_A is: x:+0.0000 y:+0.0000 z: +0.0000
gamma 55/dR_A is: x:+0.0000 y:+0.0000 z: +0.0000
gamma 56/dR_A is: x:+0.0000 y:+0.0000 z: +0.0000
gamma 57/dR_A is: x:+0.0000 y:+0.0000 z: +0.0000
gamma 58/dR_A is: x:+0.0000 y:+0.0000 z: +0.0000
gamma 59/dR_A is: x:+0.0000 y:+0.0000 z: +0.0000
gamma 510/dR_A is: x:+0.0000 y:+0.0000 z: +0.0000
gamma 511/dR_A is: x:+0.0000 y:+0.0000 z: +0.0000
gamma 60/dR_A is: x:-3.9383 y:+0.0000 z: +0.0000
gamma 61/dR_A is: x:+0.0000 y:+0.0000 z: +0.0000
gamma 62/dR_A is: x:+0.0000 y:+0.0000 z: +0.0000
gamma 63/dR_A is: x:+0.0000 y:+0.0000 z: +0.0000
gamma 64/dR_A is: x:+0.0000 y:+0.0000 z: +0.0000
gamma 65/dR_A is: x:+0.0000 y:+0.0000 z: +0.0000
gamma 66/dR_A is: x:+0.0000 y:+0.0000 z: +0.0000
gamma 67/dR_A is: x:+0.0000 y:+0.0000 z: +0.0000
gamma 68/dR_A is: x:+0.0000 y:+0.0000 z: +0.0000
gamma 69/dR_A is: x:+0.0000 y:+0.0000 z: +0.0000
gamma 610/dR_A is: x:+0.0000 y:+0.0000 z: +0.0000
gamma 611/dR_A is: x:+0.0000 y:+0.0000 z: +0.0000
gamma 70/dR_A is: x:+0.2723 y:-3.7880 z: +0.0000
gamma 71/dR_A is: x:+0.0000 y:+0.0000 z: +0.0000
gamma 72/dR_A is: x:+0.0000 y:+0.0000 z: +0.0000
gamma 73/dR_A is: x:+0.0000 y:+0.0000 z: +0.0000
gamma 74/dR_A is: x:+0.0000 y:+0.0000 z: +0.0000
gamma 75/dR_A is: x:+0.0000 y:+0.0000 z: +0.0000
gamma 76/dR_A is: x:+0.0000 y:+0.0000 z: +0.0000
gamma 77/dR_A is: x:+0.0000 y:+0.0000 z: +0.0000
gamma 78/dR_A is: x:+0.0000 y:+0.0000 z: +0.0000
gamma 79/dR_A is: x:+0.0000 y:+0.0000 z: +0.0000
gamma 710/dR_A is: x:+0.0000 y:+0.0000 z: +0.0000
gamma 711/dR_A is: x:+0.0000 y:+0.0000 z: +0.0000
gamma 80/dR_A is: x:+1.6979 y:-1.3842 z: +0.0000
gamma 81/dR_A is: x:+0.0000 y:+0.0000 z: +0.0000
gamma 82/dR_A is: x:+0.0000 y:+0.0000 z: +0.0000
gamma 83/dR_A is: x:+0.0000 y:+0.0000 z: +0.0000
gamma 84/dR_A is: x:+0.0000 y:+0.0000 z: +0.0000
gamma 85/dR_A is: x:+0.0000 y:+0.0000 z: +0.0000
gamma 86/dR_A is: x:+0.0000 y:+0.0000 z: +0.0000
gamma 87/dR_A is: x:+0.0000 y:+0.0000 z: +0.0000
gamma 88/dR_A is: x:+0.0000 y:+0.0000 z: +0.0000
gamma 89/dR_A is: x:+0.0000 y:+0.0000 z: +0.0000
gamma 810/dR_A is: x:+0.0000 y:+0.0000 z: +0.0000
gamma 811/dR_A is: x:+0.0000 y:+0.0000 z: +0.0000
gamma 90/dR_A is: x:+1.7477 y:+0.0000 z: +0.0000
gamma 91/dR_A is: x:+0.0000 y:+0.0000 z: +0.0000
gamma 92/dR_A is: x:+0.0000 y:+0.0000 z: +0.0000
gamma 93/dR_A is: x:+0.0000 y:+0.0000 z: +0.0000
gamma 94/dR_A is: x:+0.0000 y:+0.0000 z: +0.0000
gamma 95/dR_A is: x:+0.0000 y:+0.0000 z: +0.0000
gamma 96/dR_A is: x:+0.0000 y:+0.0000 z: +0.0000
gamma 97/dR_A is: x:+0.0000 y:+0.0000 z: +0.0000
gamma 98/dR_A is: x:+0.0000 y:+0.0000 z: +0.0000
gamma 99/dR_A is: x:+0.0000 y:+0.0000 z: +0.0000
gamma 910/dR_A is: x:+0.0000 y:+0.0000 z: +0.0000
gamma 911/dR_A is: x:+0.0000 y:+0.0000 z: +0.0000
gamma 100/dR_A is: x:+1.6979 y:+1.3842 z: +0.0000
gamma 101/dR_A is: x:+0.0000 y:+0.0000 z: +0.0000
gamma 102/dR_A is: x:+0.0000 y:+0.0000 z: +0.0000
gamma 103/dR_A is: x:+0.0000 y:+0.0000 z: +0.0000
gamma 104/dR_A is: x:+0.0000 y:+0.0000 z: +0.0000
gamma 105/dR_A is: x:+0.0000 y:+0.0000 z: +0.0000
gamma 106/dR_A is: x:+0.0000 y:+0.0000 z: +0.0000
gamma 107/dR_A is: x:+0.0000 y:+0.0000 z: +0.0000
gamma 108/dR_A is: x:+0.0000 y:+0.0000 z: +0.0000
gamma 109/dR_A is: x:+0.0000 y:+0.0000 z: +0.0000
gamma 1010/dR_A is: x:+0.0000 y:+0.0000 z: +0.0000
gamma 1011/dR_A is: x:+0.0000 y:+0.0000 z: +0.0000
gamma 110/dR_A is: x:+0.2723 y:+3.7880 z: +0.0000
gamma 111/dR_A is: x:+0.0000 y:+0.0000 z: +0.0000
gamma 112/dR_A is: x:+0.0000 y:+0.0000 z: +0.0000
gamma 113/dR_A is: x:+0.0000 y:+0.0000 z: +0.0000
gamma 114/dR_A is: x:+0.0000 y:+0.0000 z: +0.0000
gamma 115/dR_A is: x:+0.0000 y:+0.0000 z: +0.0000
gamma 116/dR_A is: x:+0.0000 y:+0.0000 z: +0.0000
gamma 117/dR_A is: x:+0.0000 y:+0.0000 z: +0.0000
gamma 118/dR_A is: x:+0.0000 y:+0.0000 z: +0.0000
gamma 119/dR_A is: x:+0.0000 y:+0.0000 z: +0.0000
gamma 1110/dR_A is: x:+0.0000 y:+0.0000 z: +0.0000
gamma 1111/dR_A is: x:+0.0000 y:+0.0000 z: +0.0000
gradient (Nuclear part)
x: -339.3404 y: -0.0000 z: +0.0000
x: -169.6601 y: -293.8786 z: +0.0000
x: +169.6601 y: -293.8786 z: +0.0000
x: +339.3404 y: -0.0000 z: +0.0000
x: +169.6601 y: +293.8786 z: +0.0000
x: -169.6601 y: +293.8786 z: +0.0000
x: -162.8611 y: +0.0000 z: +0.0000
x: -81.4261 y: -141.0379 z: +0.0000
x: +81.4261 y: -141.0379 z: +0.0000
x: +162.8611 y: +0.0000 z: +0.0000
x: +81.4261 y: +141.0379 z: +0.0000
x: -81.4261 y: +141.0379 z: +0.0000
gradient (Electron part)
x: +118.2560 y: +10.2347 z: -0.0000
x: +19.4382 y: +33.6726 z: +0.0000
x: -19.4382 y: +33.6726 z: -0.0000
x: -38.8748 y: -0.0002 z: +0.0000
x: -51.2150 y: -82.2400 z: +0.0000
x: +19.4386 y: -33.6725 z: +0.0000
x: -0.4580 y: +0.0000 z: +0.0000
x: -0.2276 y: -0.3976 z: -0.0000
x: -30.7688 y: +66.7014 z: -0.0000
x: +0.4580 y: +0.0000 z: +0.0000
x: +0.2276 y: +0.3975 z: +0.0000
x: -0.2276 y: +0.3975 z: -0.0000
gradient
x: -221.0845 y: +10.2347 z: -0.0000
x: -150.2218 y: -260.2060 z: +0.0000
x: +150.2218 y: -260.2060 z: -0.0000
x: +300.4656 y: -0.0002 z: +0.0000
x: +118.4451 y: +211.6386 z: +0.0000
x: -150.2215 y: +260.2061 z: +0.0000
x: -163.3191 y: +0.0000 z: +0.0000
x: -81.6537 y: -141.4354 z: -0.0000
x: +50.6573 y: -74.3364 z: -0.0000
x: +163.3191 y: +0.0000 z: +0.0000
x: +81.6537 y: +141.4354 z: +0.0000
x: -81.6537 y: +141.4354 z: -0.0000
