Loaded molecule: hydrocarbon_structures/C6H6.txt
Number of atoms: 12
Alpha electrons: 15, Beta electrons: 15
[CNDO/S Simplified] Using overlap matrix with simplified model
Starting SCF iterations with fixed-damping DIIS...
Iteration 0 delta: 4.23677 (damping: 0.2, DIIS dim: 1, level shift: 0.01, error: 2732)
Iteration 10 delta: 0.539489 (damping: 0.2, DIIS dim: 5, level shift: 0.11, error: 613.624)
Iteration 20 delta: 0.830505 (damping: 0.2, DIIS dim: 5, level shift: 0.21, error: 868.325)
Applied small perturbation at iteration 29
Iteration 30 delta: 1.08618 (damping: 0.2, DIIS dim: 5, level shift: 0.31, error: 977.997)
Iteration 40 delta: 0.874223 (damping: 0.2, DIIS dim: 5, level shift: 0.41, error: 723.546)
Iteration 50 delta: 1.36617 (damping: 0.2, DIIS dim: 5, level shift: 0.51, error: 626.445)
Applied small perturbation at iteration 59
Iteration 60 delta: 1.11762 (damping: 0.2, DIIS dim: 5, level shift: 0.61, error: 822.012)
Iteration 70 delta: 1.39274 (damping: 0.2, DIIS dim: 5, level shift: 0.71, error: 849.438)
Iteration 80 delta: 1.26474 (damping: 0.2, DIIS dim: 5, level shift: 0.81, error: 901.869)
Applied small perturbation at iteration 89
Iteration 90 delta: 1.04946 (damping: 0.2, DIIS dim: 5, level shift: 0.91, error: 958.516)
Iteration 100 delta: 1.28534 (damping: 0.2, DIIS dim: 5, level shift: 1, error: 857.734)
Iteration 110 delta: 0.832626 (damping: 0.2, DIIS dim: 5, level shift: 1, error: 849.183)
Applied small perturbation at iteration 119
Iteration 120 delta: 1.04421 (damping: 0.2, DIIS dim: 5, level shift: 1, error: 855.043)
Iteration 130 delta: 0.889868 (damping: 0.2, DIIS dim: 5, level shift: 1, error: 1223.85)
Iteration 140 delta: 0.648471 (damping: 0.2, DIIS dim: 5, level shift: 1, error: 914.86)
Applied small perturbation at iteration 149
WARNING: SCF did not converge after 150 iterations.
Returning best approximate solution.

Energy Results:
-------------------------------
Nuclear Repulsion Energy: 5283.403724 eV
Electronic Energy: -14227.034194 eV
Total Energy: -8943.630470 eV
-------------------------------
x
  -0.500426   -0.252972    0.151043   -0.087038    0.171450    0.483753   -0.807383    0.202856    0.065629    0.604437   -0.254953   -0.179611   -0.140874   -0.094164   -0.315415    0.263358   -0.001240    0.827309   -0.210327   -0.108127    0.278787    1.211131    1.270095    0.247437    3.291688    0.375258    1.047188    0.454084    1.722992    1.069194
  -0.263734   -6.497663   -2.993376    0.351599    0.028612   13.382763    7.312304   -0.479549    3.127921   -5.940612   -4.157060   -0.210309   -4.901848   -2.762309    0.479542    0.149277   -2.369866   -8.789096    0.085387   -0.287046   -1.186409   -4.643840   -3.782179   -0.389427   11.950547   -2.027931    0.543978    0.710642   -1.420883   -5.489058
   0.147429   -3.006967   -4.158730    0.393578    3.307689   13.376344   -5.749731   -0.751277    2.014500    1.011247   -1.114876    0.158809   -1.578180   -2.130796    5.597954   -0.091617    0.024244   -7.336343    3.063548   -0.190397   -4.989750   -9.979883   -8.510390   -0.702338   -1.205836    3.571931    1.497272   -1.319539   -1.971362    0.598390
  -0.079610    0.360218    0.392418  -13.787288   -0.420419   -1.464666   -0.143825   18.672510   -0.289012    0.685983    0.768004    4.623205    0.382834    0.168427    0.357189   -3.277339   -0.087640    0.580692    0.446947    3.843363    0.143316    0.613086    0.146721   36.614710    0.093111   -0.311594   -0.126938    0.663192    1.967463    0.083145
   0.159089    0.021145    3.287059   -0.437548   -7.456426  -12.744869   14.813802    0.785920   -0.052425    1.112346    0.774416    0.219025   -1.902937   -1.525451   -5.468625   -0.374968   -1.295214   -0.313028   -3.152874    0.492941    5.025554    2.378465    2.476814    0.422576    8.268526   -1.061506   -0.297767    2.470114   -4.693368   -5.472931
   0.501851   13.380108   13.357849   -1.467345  -12.725397  -59.559272    2.881874    2.084337  -14.764455   -3.873610   15.617742    2.097497   11.891500    7.849821  -22.099486   -1.920144    3.224689   26.074254   -5.650494    1.838101   12.227912   15.838098    7.166557    0.788208    0.620849    4.562410   -7.036547   -0.131785   -6.829245   -3.760045
  -0.818014    7.320311   -5.752733   -0.121524   14.805387    2.878782  -75.182734    0.252466  -13.324442    9.985351   24.743894    1.313556   17.910384    8.194093   10.576186   -1.340203    7.032307   11.606617    7.604819    1.061689  -18.710368  -17.271723  -32.603480   -1.212658  -20.023474   25.145425    2.058958    1.845583   -0.922301    1.158852
   0.187785   -0.483877   -0.741213   18.667323    0.799815    2.077246    0.247569  -46.402446    0.547422   -1.200370   -1.433012   37.441645   -0.556106   -0.127324   -0.851786  -24.020507    0.321843   -1.050222   -0.830013    0.439868   -0.123752   -1.213540   -0.752565  -46.809468   -0.067269    0.565485    0.101435   -1.607877   -4.356137   -0.539633
   0.059652    3.142686    2.022496   -0.298336   -0.053678  -14.749173  -13.324408    0.544806  -12.643695  -21.010002    7.776284    0.689105    9.375639    8.506857   -7.040411   -0.776213    0.592268   11.349003   -2.206733    0.704355    0.535207    3.593864   -3.308313   -0.372121   -0.079053    9.450586    2.342988   -1.700370   -1.662548   -3.351693
   0.592488   -5.952722    1.014105    0.679977    1.126757   -3.881476    9.965767   -1.201203  -21.020983  -97.603277   -4.213214    0.339397    9.987708   24.511376  -26.207333   -0.194079   -8.880366   18.837993  -17.904011   -0.197355    8.356167   24.904046   25.386542   -1.368080    9.382635   19.978900  -19.682293   -3.016572    4.398731   -4.555337
  -0.238253   -4.176601   -1.100682    0.789004    0.784789   15.610401   24.750966   -1.422004    7.778668   -4.211886  -20.436873   -0.951985  -12.882401   -9.286383  -11.649955    1.282823   -2.012740   -1.212378   -4.458895   -1.173175    1.408556   12.302504   21.216615   -0.151229    0.502644  -10.509187   14.926813   -9.906021   10.257895    8.081429
  -0.204431   -0.212182    0.141197    4.632031    0.207737    2.098593    1.316622   37.434900    0.685172    0.321708   -0.952738  -93.107328   -0.348832   -0.115268    2.125540   61.331798   -0.578581    0.165725    1.351479  -13.829242    0.022793    1.582918    1.184726  -16.886419   -0.417965   -0.427093   -0.287317    1.333362    6.613003    2.367368
  -0.174382   -4.913743   -1.608452    0.385308   -1.913682   11.873106   17.914378   -0.556508    9.347473    9.991264  -12.893081   -0.363088  -20.165899  -16.267928  -27.538776    0.424933    2.403662   -4.714184    4.075087   -0.405982   -3.319499    4.802793    8.055489   -0.305178    6.230834   -8.105539   11.483562    7.840703   -2.057240   -0.170386
  -0.085793   -2.778168   -2.126723    0.179756   -1.512346    7.862603    8.204081   -0.131531    8.495044   24.495354   -9.294520   -0.109599  -16.270851  -25.458960  -23.099059    0.057634    8.347674   -4.739906   21.642603   -0.069486   -6.449184   -6.857609   -6.681217   -0.360668    4.196438   -6.774859   20.670446  -20.304065    2.205100   -1.269256
  -0.322379    0.459095    5.587711    0.362171   -5.474980  -22.103827   10.572908   -0.854629   -7.044325  -26.206701  -11.661973    2.130988  -27.536174  -23.102216 -115.361228   -1.975632    7.543628   40.576550   -9.162538    1.155619   -6.570669   41.506954   36.152808   -2.606332    7.750356    6.455922   16.730359   -2.001278   -3.255985   -5.888704
   0.250839    0.157913   -0.096351   -3.294716   -0.361126   -1.926277   -1.326674  -24.044657   -0.773693   -0.197283    1.282363   61.343889    0.441093    0.055449   -1.979591  -41.100088    0.437578    0.009465   -1.368603    9.616725   -0.120181   -1.547988   -0.797514   11.400078    0.413198    0.382555    0.392825   -0.809832   -5.996919   -2.179149
  -0.012036   -2.376903   -0.009598   -0.083984   -1.287834    3.224238    7.030890    0.293721    0.592684   -8.886559   -2.022347   -0.590356    2.416452    8.334255    7.540854    0.420278  -15.924771    3.424505  -41.241888   -0.184836    4.797599   -3.042723   11.146076    0.543525    4.031181    0.620845   -2.641236    6.796902    9.638603   -5.154881
   0.822559   -8.783107   -7.341714    0.579307   -0.302408   26.058958   11.624391   -1.067435   11.345211   18.834000   -1.215206    0.170441   -4.703434   -4.753244   40.563428    0.005827    3.413455  -43.420594   28.492406   -0.330329   -0.882288  -43.985063  -30.739679   -0.644082   10.762397   -9.996076   -3.371341    9.986625  -23.443218    4.265071
  -0.207697    0.103391    3.074216    0.454984   -3.161853   -5.623250    7.594476   -0.815346   -2.190598  -17.891416   -4.447374    1.364900    4.061481   21.666039   -9.156595   -1.352858  -41.260123   28.490658 -141.761228    0.835141    5.677384    9.713274   66.778540   -2.123061   -2.045093    0.467519    4.292326   20.368179   -6.650006    2.442898
  -0.119563   -0.274384   -0.186915    3.853777    0.472239    1.826634    1.043310    0.419683    0.738443   -0.200790   -1.174342  -13.815543   -0.388963   -0.072147    1.163158    9.640364   -0.199835   -0.319535    0.850315   -3.237074    0.153558    0.722998    0.306936  -10.187626   -0.349497   -0.094612   -0.313279   -0.046062    3.109288    1.407067
   0.276779   -1.172265   -4.989476    0.154756    5.020320   12.232728  -18.696807   -0.103765    0.528246    8.349521    1.402494    0.018253   -3.338811   -6.454494   -6.570126   -0.152162    4.794220   -0.890728    5.671996    0.161631  -28.973081   15.009961  -31.932320   -0.600638   -7.673380    7.065947    9.292832   -1.253022  -10.001927   16.511898
   1.242956   -4.662602   -9.981962    0.624548    2.376433   15.806922  -17.275338   -1.203498    3.569379   24.907685   12.315452    1.592872    4.795539   -6.868172   41.522139   -1.546456   -3.059561  -43.970607    9.717610    0.738936   15.004672 -141.316899  -30.534347   -2.557890    7.059961    5.294728   -1.657087  -11.506457  -27.230851   18.726921
   1.255771   -3.782271   -8.522087    0.160962    2.489121    7.194253  -32.616313   -0.752881   -3.283201   25.376737   21.198550    1.179404    8.061094   -6.679725   36.166129   -0.786506   11.171209  -30.758949   66.778937    0.299752  -31.922207  -30.540480 -152.747451   -0.834783   17.880042   14.411371    1.544217    7.508828   17.344241  -14.511630
   0.253468   -0.378058   -0.698167   36.618502    0.448961    0.788864   -1.210131  -46.790164   -0.372329   -1.386361   -0.157908  -16.901517   -0.293528   -0.351476   -2.585357   11.412992    0.553233   -0.632850   -2.108371  -10.185335   -0.603907   -2.563890   -0.821140  -99.112629    0.315432    0.901946    0.747780   -1.563145   -8.950115   -2.026213
   3.298663   11.953810   -1.220310    0.082981    8.270071    0.638766  -20.028608   -0.085669   -0.082754    9.372096    0.520173   -0.424062    6.237259    4.199469    7.750631    0.420120    4.038242   10.764043   -2.031992   -0.334688   -7.680514    7.062404   17.872819    0.300801  -53.963454   10.699364   -2.897122   -4.392061    2.406608   17.079058
   0.386653   -2.049170    3.571729   -0.303103   -1.067272    4.558933   25.143345    0.567678    9.442924   19.987273  -10.508123   -0.429228   -8.111956   -6.765508    6.469878    0.369324    0.608498   -9.976561    0.462428   -0.091974    7.062168    5.301146   14.413260    0.896829   10.715482  -51.463316   12.366857    0.013225   -9.018377   -5.472125
   1.041840    0.542566    1.483691   -0.127302   -0.293528   -7.041591    2.059592    0.094180    2.337801  -19.677907   14.930564   -0.279726   11.468992   20.681439   16.728863    0.396662   -2.658112   -3.363770    4.284208   -0.304315    9.299772   -1.654108    1.560731    0.725716   -2.904676   12.379841  -65.296759   15.625307   -4.345759    0.564542
   0.459923    0.720198   -1.313248    0.661566    2.465081   -0.140531    1.842761   -1.614568   -1.701230   -3.017174   -9.907906    1.326316    7.827137  -20.300140   -1.998865   -0.812817    6.788881    9.981978   20.362373   -0.051377   -1.243228  -11.501972    7.503601   -1.552927   -4.386555    0.011667   15.635630  -86.314435   12.866508    6.662137
   1.715882   -1.412312   -1.978047    1.966777   -4.684665   -6.830025   -0.919550   -4.348334   -1.658058    4.399971   10.251914    6.618969   -2.051656    2.196840   -3.272691   -5.997640    9.640798  -23.455193   -6.639046    3.097167   -9.986497  -27.245937   17.351820   -8.936973    2.415044   -9.011392   -4.342040   12.863328  -93.421368   20.914825
   1.058434   -5.493620    0.609315    0.097294   -5.465941   -3.769339    1.172654   -0.527070   -3.353615   -4.558690    8.082216    2.358015   -0.166175   -1.282876   -5.883484   -2.183755   -5.147504    4.277376    2.437620    1.397608   16.500321   18.739668  -14.510884   -2.030870   17.072105   -5.464904    0.569870    6.657499   20.914688  -91.700754
y
 -4.474917   0.000000   0.000000   0.000000 -17.905745   0.000000   0.000000   0.000000 -20.552644   0.000000   0.000000   0.000000 -18.788716   0.000000   0.000000   0.000000 -18.993803   0.000000   0.000000   0.000000 -37.060003   0.000000   0.000000   0.000000 -10.891850 -10.341815 -12.952192 -16.928853 -18.293186 -17.967181
  0.000000   0.000000   0.000000   0.000000   0.000000   0.000000   0.000000   0.000000   0.000000   0.000000   0.000000   0.000000   0.000000   0.000000   0.000000   0.000000   0.000000   0.000000   0.000000   0.000000   0.000000   0.000000   0.000000   0.000000   0.000000   0.000000   0.000000   0.000000   0.000000   0.000000
  0.000000   0.000000   0.000000   0.000000   0.000000   0.000000   0.000000   0.000000   0.000000   0.000000   0.000000   0.000000   0.000000   0.000000   0.000000   0.000000   0.000000   0.000000   0.000000   0.000000   0.000000   0.000000   0.000000   0.000000   0.000000   0.000000   0.000000   0.000000   0.000000   0.000000
  0.000000   0.000000   0.000000   0.000000   0.000000   0.000000   0.000000   0.000000   0.000000   0.000000   0.000000   0.000000   0.000000   0.000000   0.000000   0.000000   0.000000   0.000000   0.000000   0.000000   0.000000   0.000000   0.000000   0.000000   0.000000   0.000000   0.000000   0.000000   0.000000   0.000000
-17.905576   0.000000   0.000000   0.000000 -19.277759   0.000000   0.000000   0.000000 -16.150991   0.000000   0.000000   0.000000 -16.127633   0.000000   0.000000   0.000000 -15.861938   0.000000   0.000000   0.000000 -14.303645   0.000000   0.000000   0.000000  -3.284609  -3.454658  -2.743215  -2.146519  -2.064708  -2.042545
  0.000000   0.000000   0.000000   0.000000   0.000000   0.000000   0.000000   0.000000   0.000000   0.000000   0.000000   0.000000   0.000000   0.000000   0.000000   0.000000   0.000000   0.000000   0.000000   0.000000   0.000000   0.000000   0.000000   0.000000   0.000000   0.000000   0.000000   0.000000   0.000000   0.000000
  0.000000   0.000000   0.000000   0.000000   0.000000   0.000000   0.000000   0.000000   0.000000   0.000000   0.000000   0.000000   0.000000   0.000000   0.000000   0.000000   0.000000   0.000000   0.000000   0.000000   0.000000   0.000000   0.000000   0.000000   0.000000   0.000000   0.000000   0.000000   0.000000   0.000000
  0.000000   0.000000   0.000000   0.000000   0.000000   0.000000   0.000000   0.000000   0.000000   0.000000   0.000000   0.000000   0.000000   0.000000   0.000000   0.000000   0.000000   0.000000   0.000000   0.000000   0.000000   0.000000   0.000000   0.000000   0.000000   0.000000   0.000000   0.000000   0.000000   0.000000
-20.552780   0.000000   0.000000   0.000000 -16.150704   0.000000   0.000000   0.000000 -19.865312   0.000000   0.000000   0.000000 -16.573022   0.000000   0.000000   0.000000 -15.170538   0.000000   0.000000   0.000000  -8.630486   0.000000   0.000000   0.000000  -1.396211  -1.865098  -0.852509   0.978193   1.456670   1.375731
  0.000000   0.000000   0.000000   0.000000   0.000000   0.000000   0.000000   0.000000   0.000000   0.000000   0.000000   0.000000   0.000000   0.000000   0.000000   0.000000   0.000000   0.000000   0.000000   0.000000   0.000000   0.000000   0.000000   0.000000   0.000000   0.000000   0.000000   0.000000   0.000000   0.000000
  0.000000   0.000000   0.000000   0.000000   0.000000   0.000000   0.000000   0.000000   0.000000   0.000000   0.000000   0.000000   0.000000   0.000000   0.000000   0.000000   0.000000   0.000000   0.000000   0.000000   0.000000   0.000000   0.000000   0.000000   0.000000   0.000000   0.000000   0.000000   0.000000   0.000000
  0.000000   0.000000   0.000000   0.000000   0.000000   0.000000   0.000000   0.000000   0.000000   0.000000   0.000000   0.000000   0.000000   0.000000   0.000000   0.000000   0.000000   0.000000   0.000000   0.000000   0.000000   0.000000   0.000000   0.000000   0.000000   0.000000   0.000000   0.000000   0.000000   0.000000
-18.788785   0.000000   0.000000   0.000000 -16.128099   0.000000   0.000000   0.000000 -16.573249   0.000000   0.000000   0.000000 -20.804207   0.000000   0.000000   0.000000 -16.006168   0.000000   0.000000   0.000000 -12.105999   0.000000   0.000000   0.000000  -2.445846  -2.578768  -2.335127  -1.198320  -0.645473  -0.707663
  0.000000   0.000000   0.000000   0.000000   0.000000   0.000000   0.000000   0.000000   0.000000   0.000000   0.000000   0.000000   0.000000   0.000000   0.000000   0.000000   0.000000   0.000000   0.000000   0.000000   0.000000   0.000000   0.000000   0.000000   0.000000   0.000000   0.000000   0.000000   0.000000   0.000000
  0.000000   0.000000   0.000000   0.000000   0.000000   0.000000   0.000000   0.000000   0.000000   0.000000   0.000000   0.000000   0.000000   0.000000   0.000000   0.000000   0.000000   0.000000   0.000000   0.000000   0.000000   0.000000   0.000000   0.000000   0.000000   0.000000   0.000000   0.000000   0.000000   0.000000
  0.000000   0.000000   0.000000   0.000000   0.000000   0.000000   0.000000   0.000000   0.000000   0.000000   0.000000   0.000000   0.000000   0.000000   0.000000   0.000000   0.000000   0.000000   0.000000   0.000000   0.000000   0.000000   0.000000   0.000000   0.000000   0.000000   0.000000   0.000000   0.000000   0.000000
-18.993843   0.000000   0.000000   0.000000 -15.861692   0.000000   0.000000   0.000000 -15.170258   0.000000   0.000000   0.000000 -16.006149   0.000000   0.000000   0.000000 -23.006313   0.000000   0.000000   0.000000 -12.964864   0.000000   0.000000   0.000000  -2.356503  -2.449367  -1.748080  -1.030803  -0.787341  -0.488158
  0.000000   0.000000   0.000000   0.000000   0.000000   0.000000   0.000000   0.000000   0.000000   0.000000   0.000000   0.000000   0.000000   0.000000   0.000000   0.000000   0.000000   0.000000   0.000000   0.000000   0.000000   0.000000   0.000000   0.000000   0.000000   0.000000   0.000000   0.000000   0.000000   0.000000
  0.000000   0.000000   0.000000   0.000000   0.000000   0.000000   0.000000   0.000000   0.000000   0.000000   0.000000   0.000000   0.000000   0.000000   0.000000   0.000000   0.000000   0.000000   0.000000   0.000000   0.000000   0.000000   0.000000   0.000000   0.000000   0.000000   0.000000   0.000000   0.000000   0.000000
  0.000000   0.000000   0.000000   0.000000   0.000000   0.000000   0.000000   0.000000   0.000000   0.000000   0.000000   0.000000   0.000000   0.000000   0.000000   0.000000   0.000000   0.000000   0.000000   0.000000   0.000000   0.000000   0.000000   0.000000   0.000000   0.000000   0.000000   0.000000   0.000000   0.000000
-37.060183   0.000000   0.000000   0.000000 -14.303098   0.000000   0.000000   0.000000  -8.630393   0.000000   0.000000   0.000000 -12.106834   0.000000   0.000000   0.000000 -12.965094   0.000000   0.000000   0.000000   4.048780   0.000000   0.000000   0.000000   7.851699   7.088578  11.848870  18.831894  20.639950  20.291565
  0.000000   0.000000   0.000000   0.000000   0.000000   0.000000   0.000000   0.000000   0.000000   0.000000   0.000000   0.000000   0.000000   0.000000   0.000000   0.000000   0.000000   0.000000   0.000000   0.000000   0.000000   0.000000   0.000000   0.000000   0.000000   0.000000   0.000000   0.000000   0.000000   0.000000
  0.000000   0.000000   0.000000   0.000000   0.000000   0.000000   0.000000   0.000000   0.000000   0.000000   0.000000   0.000000   0.000000   0.000000   0.000000   0.000000   0.000000   0.000000   0.000000   0.000000   0.000000   0.000000   0.000000   0.000000   0.000000   0.000000   0.000000   0.000000   0.000000   0.000000
  0.000000   0.000000   0.000000   0.000000   0.000000   0.000000   0.000000   0.000000   0.000000   0.000000   0.000000   0.000000   0.000000   0.000000   0.000000   0.000000   0.000000   0.000000   0.000000   0.000000   0.000000   0.000000   0.000000   0.000000   0.000000   0.000000   0.000000   0.000000   0.000000   0.000000
-10.891941   0.000000   0.000000   0.000000  -3.284759   0.000000   0.000000   0.000000  -1.396105   0.000000   0.000000   0.000000  -2.445918   0.000000   0.000000   0.000000  -2.356491   0.000000   0.000000   0.000000   7.851770   0.000000   0.000000   0.000000  -1.502079   2.528806   4.235856   6.552995   7.362183   6.729659
-10.341865   0.000000   0.000000   0.000000  -3.454614   0.000000   0.000000   0.000000  -1.865168   0.000000   0.000000   0.000000  -2.578846   0.000000   0.000000   0.000000  -2.449142   0.000000   0.000000   0.000000   7.088575   0.000000   0.000000   0.000000   2.528284  -1.634790   3.642607   6.055451   6.663807   6.564185
-12.952165   0.000000   0.000000   0.000000  -2.743245   0.000000   0.000000   0.000000  -0.852467   0.000000   0.000000   0.000000  -2.335163   0.000000   0.000000   0.000000  -1.748032   0.000000   0.000000   0.000000  11.848796   0.000000   0.000000   0.000000   4.235781   3.642117  -0.675964   8.595588   9.980050   9.754506
-16.928857   0.000000   0.000000   0.000000  -2.146516   0.000000   0.000000   0.000000   0.978204   0.000000   0.000000   0.000000  -1.198124   0.000000   0.000000   0.000000  -1.030541   0.000000   0.000000   0.000000  18.832101   0.000000   0.000000   0.000000   6.553067   6.055459   8.595091   1.883002  14.643685  14.470055
-18.293163   0.000000   0.000000   0.000000  -2.064768   0.000000   0.000000   0.000000   1.456748   0.000000   0.000000   0.000000  -0.645546   0.000000   0.000000   0.000000  -0.787511   0.000000   0.000000   0.000000  20.639566   0.000000   0.000000   0.000000   7.362129   6.663997   9.980110  14.643835   3.072935  15.462889
-17.967204   0.000000   0.000000   0.000000  -2.042509   0.000000   0.000000   0.000000   1.375728   0.000000   0.000000   0.000000  -0.707666   0.000000   0.000000   0.000000  -0.488147   0.000000   0.000000   0.000000  20.291613   0.000000   0.000000   0.000000   6.730027   6.564314   9.754511  14.470137  15.462884   2.735661
Suv_RA (A is the center of u)
s 00/dR_A is: x:+0.0000 y:+0.0000 z: +0.0000
s 01/dR_A is: x:+0.0000 y:+0.0000 z: +0.0000
s 02/dR_A is: x:+0.0000 y:+0.0000 z: +0.0000
s 03/dR_A is: x:+0.0000 y:+0.0000 z: +0.0000
s 04/dR_A is: x:-0.1527 y:+0.2645 z: +0.0000
s 05/dR_A is: x:+0.2922 y:+0.1122 z: +0.0000
s 06/dR_A is: x:+0.1122 y:+0.1626 z: +0.0000
s 07/dR_A is: x:+0.0000 y:+0.0000 z: +0.3570
s 08/dR_A is: x:-0.2490 y:+0.1438 z: +0.0000
s 09/dR_A is: x:-0.0884 y:+0.1531 z: +0.0000
s 010/dR_A is: x:+0.1531 y:+0.0884 z: +0.0000
s 011/dR_A is: x:+0.0000 y:+0.0000 z: +0.1768
s 012/dR_A is: x:-0.2473 y:+0.0000 z: +0.0000
s 013/dR_A is: x:-0.1953 y:+0.0000 z: +0.0000
s 014/dR_A is: x:+0.0000 y:+0.1278 z: +0.0000
s 015/dR_A is: x:+0.0000 y:+0.0000 z: +0.1278
s 016/dR_A is: x:-0.2490 y:-0.1438 z: +0.0000
s 017/dR_A is: x:-0.0884 y:-0.1531 z: +0.0000
s 018/dR_A is: x:-0.1531 y:+0.0884 z: +0.0000
s 019/dR_A is: x:+0.0000 y:+0.0000 z: +0.1768
s 020/dR_A is: x:-0.1527 y:-0.2645 z: +0.0000
s 021/dR_A is: x:+0.2922 y:-0.1122 z: +0.0000
s 022/dR_A is: x:-0.1122 y:+0.1626 z: +0.0000
s 023/dR_A is: x:+0.0000 y:+0.0000 z: +0.3570
s 024/dR_A is: x:+0.2873 y:+0.0000 z: +0.0000
s 025/dR_A is: x:-0.0212 y:+0.2947 z: +0.0000
s 026/dR_A is: x:-0.1193 y:+0.0973 z: +0.0000
s 027/dR_A is: x:-0.1087 y:+0.0000 z: +0.0000
s 028/dR_A is: x:-0.1193 y:-0.0973 z: +0.0000
s 029/dR_A is: x:-0.0212 y:-0.2947 z: +0.0000
s 10/dR_A is: x:+0.0000 y:+0.7452 z: +0.2499
s 11/dR_A is: x:+1.0000 y:+0.0000 z: +0.0000
s 12/dR_A is: x:+0.0000 y:+0.0000 z: +0.0000
s 13/dR_A is: x:+0.0000 y:+0.0000 z: +0.0000
s 14/dR_A is: x:-0.2922 y:-0.1122 z: +0.0000
s 15/dR_A is: x:-0.5362 y:+0.2391 z: +0.0000
s 16/dR_A is: x:+0.2391 y:-0.0161 z: +0.0000
s 17/dR_A is: x:+0.0000 y:+0.0000 z: -0.1991
s 18/dR_A is: x:+0.0884 y:-0.1531 z: +0.0000
s 19/dR_A is: x:-0.1945 y:-0.1296 z: +0.0000
s 110/dR_A is: x:-0.1296 y:-0.0648 z: +0.0000
s 111/dR_A is: x:+0.0000 y:+0.0000 z: -0.2095
s 112/dR_A is: x:+0.1953 y:+0.0000 z: +0.0000
s 113/dR_A is: x:+0.0583 y:+0.0000 z: +0.0000
s 114/dR_A is: x:+0.0000 y:-0.1804 z: +0.0000
s 115/dR_A is: x:+0.0000 y:+0.0000 z: -0.1804
s 116/dR_A is: x:+0.0884 y:+0.1531 z: +0.0000
s 117/dR_A is: x:-0.1945 y:+0.1296 z: +0.0000
s 118/dR_A is: x:+0.1296 y:-0.0648 z: +0.0000
s 119/dR_A is: x:+0.0000 y:+0.0000 z: -0.2095
s 120/dR_A is: x:-0.2922 y:+0.1122 z: +0.0000
s 121/dR_A is: x:-0.5362 y:-0.2391 z: +0.0000
s 122/dR_A is: x:-0.2391 y:-0.0161 z: +0.0000
s 123/dR_A is: x:+0.0000 y:+0.0000 z: -0.1991
s 124/dR_A is: x:-0.1556 y:+0.0000 z: +0.0000
s 125/dR_A is: x:-0.2052 y:-0.0286 z: +0.0000
s 126/dR_A is: x:+0.0681 y:-0.1059 z: +0.0000
s 127/dR_A is: x:+0.1184 y:+0.0000 z: +0.0000
s 128/dR_A is: x:+0.0681 y:+0.1059 z: +0.0000
s 129/dR_A is: x:-0.2052 y:+0.0286 z: +0.0000
s 20/dR_A is: x:-0.4328 y:+0.0000 z: +0.4257
s 21/dR_A is: x:+0.0000 y:+0.5994 z: +0.0000
s 22/dR_A is: x:+0.3801 y:+0.0000 z: -0.0619
s 23/dR_A is: x:+0.0000 y:+0.0000 z: +0.0000
s 24/dR_A is: x:-0.1122 y:-0.1626 z: +0.0000
s 25/dR_A is: x:+0.2391 y:-0.0161 z: +0.0000
s 26/dR_A is: x:-0.0161 y:+0.7173 z: +0.0000
s 27/dR_A is: x:+0.0000 y:+0.0000 z: +0.3448
s 28/dR_A is: x:-0.1531 y:-0.0884 z: +0.0000
s 29/dR_A is: x:-0.1296 y:-0.0648 z: +0.0000
s 210/dR_A is: x:-0.0648 y:+0.2793 z: +0.0000
s 211/dR_A is: x:+0.0000 y:+0.0000 z: +0.1209
s 212/dR_A is: x:+0.0000 y:-0.1278 z: +0.0000
s 213/dR_A is: x:+0.0000 y:-0.1804 z: +0.0000
s 214/dR_A is: x:-0.1804 y:+0.0000 z: +0.0000
s 215/dR_A is: x:+0.0000 y:+0.0000 z: +0.0000
s 216/dR_A is: x:+0.1531 y:-0.0884 z: +0.0000
s 217/dR_A is: x:+0.1296 y:-0.0648 z: +0.0000
s 218/dR_A is: x:-0.0648 y:-0.2793 z: +0.0000
s 219/dR_A is: x:+0.0000 y:+0.0000 z: -0.1209
s 220/dR_A is: x:+0.1122 y:-0.1626 z: +0.0000
s 221/dR_A is: x:-0.2391 y:-0.0161 z: +0.0000
s 222/dR_A is: x:-0.0161 y:-0.7173 z: +0.0000
s 223/dR_A is: x:+0.0000 y:+0.0000 z: -0.3448
s 224/dR_A is: x:+0.0000 y:-0.4732 z: +0.0000
s 225/dR_A is: x:-0.0286 y:+0.1905 z: +0.0000
s 226/dR_A is: x:-0.1059 y:+0.0245 z: +0.0000
s 227/dR_A is: x:+0.0000 y:-0.0376 z: +0.0000
s 228/dR_A is: x:+0.1059 y:+0.0245 z: +0.0000
s 229/dR_A is: x:+0.0286 y:+0.1905 z: +0.0000
s 30/dR_A is: x:+0.3714 y:-0.2144 z: +0.0000
s 31/dR_A is: x:+0.0000 y:+0.0000 z: +0.2622
s 32/dR_A is: x:+0.0949 y:+0.3284 z: +0.0000
s 33/dR_A is: x:+0.3332 y:-0.0030 z: +0.0000
s 34/dR_A is: x:+0.0000 y:+0.0000 z: -0.3570
s 35/dR_A is: x:+0.0000 y:+0.0000 z: -0.1991
s 36/dR_A is: x:+0.0000 y:+0.0000 z: +0.3448
s 37/dR_A is: x:-0.1991 y:+0.3448 z: +0.0000
s 38/dR_A is: x:+0.0000 y:+0.0000 z: -0.1768
s 39/dR_A is: x:+0.0000 y:+0.0000 z: -0.2095
s 310/dR_A is: x:+0.0000 y:+0.0000 z: +0.1209
s 311/dR_A is: x:-0.2095 y:+0.1209 z: +0.0000
s 312/dR_A is: x:+0.0000 y:+0.0000 z: -0.1278
s 313/dR_A is: x:+0.0000 y:+0.0000 z: -0.1804
s 314/dR_A is: x:+0.0000 y:+0.0000 z: +0.0000
s 315/dR_A is: x:-0.1804 y:+0.0000 z: +0.0000
s 316/dR_A is: x:+0.0000 y:+0.0000 z: -0.1768
s 317/dR_A is: x:+0.0000 y:+0.0000 z: -0.2095
s 318/dR_A is: x:+0.0000 y:+0.0000 z: -0.1209
s 319/dR_A is: x:-0.2095 y:-0.1209 z: +0.0000
s 320/dR_A is: x:+0.0000 y:+0.0000 z: -0.3570
s 321/dR_A is: x:+0.0000 y:+0.0000 z: -0.1991
s 322/dR_A is: x:+0.0000 y:+0.0000 z: -0.3448
s 323/dR_A is: x:-0.1991 y:-0.3448 z: +0.0000
s 324/dR_A is: x:+0.0000 y:+0.0000 z: -0.4732
s 325/dR_A is: x:+0.0000 y:+0.0000 z: -0.2073
s 326/dR_A is: x:+0.0000 y:+0.0000 z: -0.0619
s 327/dR_A is: x:+0.0000 y:+0.0000 z: -0.0376
s 328/dR_A is: x:+0.0000 y:+0.0000 z: -0.0619
s 329/dR_A is: x:+0.0000 y:+0.0000 z: -0.2073
s 40/dR_A is: x:+0.1527 y:-0.2645 z: +0.0000
s 41/dR_A is: x:+0.2922 y:+0.1122 z: +0.0000
s 42/dR_A is: x:+0.1122 y:+0.1626 z: +0.0000
s 43/dR_A is: x:+0.0000 y:+0.0000 z: +0.3570
s 44/dR_A is: x:+0.4148 y:-0.4469 z: -0.6335
s 45/dR_A is: x:+0.0000 y:+0.0000 z: +0.0000
s 46/dR_A is: x:+0.0000 y:+0.0000 z: +0.0000
s 47/dR_A is: x:+0.0000 y:+0.0000 z: +0.0000
s 48/dR_A is: x:-0.3055 y:-0.0000 z: +0.0000
s 49/dR_A is: x:+0.0978 y:-0.0000 z: +0.0000
s 410/dR_A is: x:+0.0000 y:+0.3570 z: +0.0000
s 411/dR_A is: x:+0.0000 y:+0.0000 z: +0.3570
s 412/dR_A is: x:-0.2490 y:-0.1438 z: +0.0000
s 413/dR_A is: x:-0.0884 y:-0.1531 z: +0.0000
s 414/dR_A is: x:-0.1531 y:+0.0884 z: +0.0000
s 415/dR_A is: x:+0.0000 y:+0.0000 z: +0.1768
s 416/dR_A is: x:-0.1237 y:-0.2142 z: +0.0000
s 417/dR_A is: x:+0.0470 y:-0.1399 z: +0.0000
s 418/dR_A is: x:-0.1399 y:-0.1145 z: +0.0000
s 419/dR_A is: x:+0.0000 y:+0.0000 z: +0.1278
s 420/dR_A is: x:-0.0000 y:-0.2875 z: +0.0000
s 421/dR_A is: x:+0.1768 y:-0.0000 z: +0.0000
s 422/dR_A is: x:-0.0000 y:-0.1768 z: +0.0000
s 423/dR_A is: x:+0.0000 y:+0.0000 z: +0.1768
s 424/dR_A is: x:+0.2447 y:-0.1657 z: +0.0000
s 425/dR_A is: x:+0.1436 y:+0.2488 z: +0.0000
s 426/dR_A is: x:-0.2658 y:+0.1290 z: +0.0000
s 427/dR_A is: x:-0.1439 y:-0.0547 z: +0.0000
s 428/dR_A is: x:-0.0543 y:-0.0941 z: +0.0000
s 429/dR_A is: x:+0.0246 y:-0.1520 z: +0.0000
s 50/dR_A is: x:-0.2922 y:-0.1122 z: +0.0000
s 51/dR_A is: x:+0.5362 y:-0.2391 z: +0.0000
s 52/dR_A is: x:-0.2391 y:+0.0161 z: +0.0000
s 53/dR_A is: x:+0.0000 y:+0.0000 z: +0.1991
s 54/dR_A is: x:+0.0000 y:+0.4635 z: -0.4945
s 55/dR_A is: x:+0.7824 y:+0.0000 z: +0.0000
s 56/dR_A is: x:+0.0000 y:+0.0000 z: +0.0000
s 57/dR_A is: x:+0.0000 y:+0.0000 z: +0.0000
s 58/dR_A is: x:-0.0978 y:+0.0000 z: +0.0000
s 59/dR_A is: x:-0.7063 y:-0.0000 z: +0.0000
s 510/dR_A is: x:+0.0000 y:-0.3981 z: +0.0000
s 511/dR_A is: x:+0.0000 y:+0.0000 z: -0.3981
s 512/dR_A is: x:+0.0884 y:+0.1531 z: +0.0000
s 513/dR_A is: x:-0.1945 y:+0.1296 z: +0.0000
s 514/dR_A is: x:+0.1296 y:-0.0648 z: +0.0000
s 515/dR_A is: x:+0.0000 y:+0.0000 z: -0.2095
s 516/dR_A is: x:-0.0470 y:+0.1399 z: +0.0000
s 517/dR_A is: x:-0.1957 y:-0.0264 z: +0.0000
s 518/dR_A is: x:-0.0264 y:+0.1346 z: +0.0000
s 519/dR_A is: x:+0.0000 y:+0.0000 z: -0.0902
s 520/dR_A is: x:-0.1768 y:-0.0000 z: +0.0000
s 521/dR_A is: x:+0.0000 y:-0.2419 z: +0.0000
s 522/dR_A is: x:-0.2419 y:-0.0000 z: +0.0000
s 523/dR_A is: x:+0.0000 y:+0.0000 z: +0.0000
s 524/dR_A is: x:+0.0668 y:-0.1856 z: +0.0000
s 525/dR_A is: x:-0.3938 y:+0.1375 z: +0.0000
s 526/dR_A is: x:+0.1163 y:-0.1571 z: +0.0000
s 527/dR_A is: x:+0.1271 y:+0.0718 z: +0.0000
s 528/dR_A is: x:+0.0014 y:+0.0675 z: +0.0000
s 529/dR_A is: x:-0.0563 y:-0.0341 z: +0.0000
s 60/dR_A is: x:-0.1122 y:-0.1626 z: +0.0000
s 61/dR_A is: x:-0.2391 y:+0.0161 z: +0.0000
s 62/dR_A is: x:+0.0161 y:-0.7173 z: +0.0000
s 63/dR_A is: x:+0.0000 y:+0.0000 z: -0.3448
s 64/dR_A is: x:-0.0598 y:+0.0000 z: +0.1075
s 65/dR_A is: x:+0.0000 y:+0.5369 z: +0.0000
s 66/dR_A is: x:+0.3419 y:+0.0000 z: -0.0220
s 67/dR_A is: x:+0.0000 y:+0.0000 z: +0.0000
s 68/dR_A is: x:+0.0000 y:-0.3570 z: +0.0000
s 69/dR_A is: x:-0.0000 y:-0.3981 z: +0.0000
s 610/dR_A is: x:-0.3981 y:-0.0000 z: +0.0000
s 611/dR_A is: x:+0.0000 y:+0.0000 z: -0.0000
s 612/dR_A is: x:+0.1531 y:-0.0884 z: +0.0000
s 613/dR_A is: x:+0.1296 y:-0.0648 z: +0.0000
s 614/dR_A is: x:-0.0648 y:-0.2793 z: +0.0000
s 615/dR_A is: x:+0.0000 y:+0.0000 z: -0.1209
s 616/dR_A is: x:+0.1399 y:+0.1145 z: +0.0000
s 617/dR_A is: x:-0.0264 y:+0.1346 z: +0.0000
s 618/dR_A is: x:+0.1346 y:-0.0793 z: +0.0000
s 619/dR_A is: x:+0.0000 y:+0.0000 z: -0.1562
s 620/dR_A is: x:-0.0000 y:+0.1768 z: +0.0000
s 621/dR_A is: x:-0.2419 y:+0.0000 z: +0.0000
s 622/dR_A is: x:-0.0000 y:-0.0576 z: +0.0000
s 623/dR_A is: x:+0.0000 y:+0.0000 z: -0.2419
s 624/dR_A is: x:-0.1856 y:-0.0815 z: +0.0000
s 625/dR_A is: x:+0.1375 y:-0.2350 z: +0.0000
s 626/dR_A is: x:-0.1571 y:-0.1310 z: +0.0000
s 627/dR_A is: x:+0.0718 y:-0.0346 z: +0.0000
s 628/dR_A is: x:+0.0675 y:+0.0794 z: +0.0000
s 629/dR_A is: x:-0.0341 y:+0.1489 z: +0.0000
s 70/dR_A is: x:+0.0000 y:+0.0000 z: -0.3570
s 71/dR_A is: x:+0.0000 y:+0.0000 z: +0.1991
s 72/dR_A is: x:+0.0000 y:+0.0000 z: -0.3448
s 73/dR_A is: x:+0.1991 y:-0.3448 z: +0.0000
s 74/dR_A is: x:-0.2593 y:-0.0689 z: +0.0000
s 75/dR_A is: x:+0.0000 y:+0.0000 z: +0.1394
s 76/dR_A is: x:-0.0530 y:+0.1892 z: +0.0000
s 77/dR_A is: x:+0.2836 y:-0.0699 z: +0.0000
s 78/dR_A is: x:+0.0000 y:+0.0000 z: -0.3570
s 79/dR_A is: x:+0.0000 y:+0.0000 z: -0.3981
s 710/dR_A is: x:+0.0000 y:+0.0000 z: +0.0000
s 711/dR_A is: x:-0.3981 y:-0.0000 z: +0.0000
s 712/dR_A is: x:+0.0000 y:+0.0000 z: -0.1768
s 713/dR_A is: x:+0.0000 y:+0.0000 z: -0.2095
s 714/dR_A is: x:+0.0000 y:+0.0000 z: -0.1209
s 715/dR_A is: x:-0.2095 y:-0.1209 z: +0.0000
s 716/dR_A is: x:+0.0000 y:+0.0000 z: -0.1278
s 717/dR_A is: x:+0.0000 y:+0.0000 z: -0.0902
s 718/dR_A is: x:+0.0000 y:+0.0000 z: -0.1562
s 719/dR_A is: x:-0.0902 y:-0.1562 z: +0.0000
s 720/dR_A is: x:+0.0000 y:+0.0000 z: -0.1768
s 721/dR_A is: x:+0.0000 y:+0.0000 z: -0.0000
s 722/dR_A is: x:+0.0000 y:+0.0000 z: -0.2419
s 723/dR_A is: x:+0.0000 y:-0.2419 z: +0.0000
s 724/dR_A is: x:+0.0000 y:+0.0000 z: -0.2073
s 725/dR_A is: x:+0.0000 y:+0.0000 z: -0.4732
s 726/dR_A is: x:+0.0000 y:+0.0000 z: -0.2073
s 727/dR_A is: x:+0.0000 y:+0.0000 z: -0.0619
s 728/dR_A is: x:+0.0000 y:+0.0000 z: -0.0376
s 729/dR_A is: x:+0.0000 y:+0.0000 z: -0.0619
s 80/dR_A is: x:+0.2490 y:-0.1438 z: +0.0000
s 81/dR_A is: x:-0.0884 y:+0.1531 z: +0.0000
s 82/dR_A is: x:+0.1531 y:+0.0884 z: +0.0000
s 83/dR_A is: x:+0.0000 y:+0.0000 z: +0.1768
s 84/dR_A is: x:+0.3055 y:-0.0000 z: +0.0000
s 85/dR_A is: x:+0.0978 y:+0.0000 z: +0.0000
s 86/dR_A is: x:-0.0000 y:+0.3570 z: +0.0000
s 87/dR_A is: x:+0.0000 y:+0.0000 z: +0.3570
s 88/dR_A is: x:+0.2876 y:+0.0617 z: +0.0165
s 89/dR_A is: x:+0.0000 y:+0.0000 z: +0.0000
s 810/dR_A is: x:-6.4414 y:+0.0000 z: -4.1763
s 811/dR_A is: x:+0.0000 y:-0.9307 z: +0.0000
s 812/dR_A is: x:-0.1527 y:-0.2645 z: +0.0000
s 813/dR_A is: x:+0.2922 y:-0.1122 z: +0.0000
s 814/dR_A is: x:-0.1122 y:+0.1626 z: +0.0000
s 815/dR_A is: x:+0.0000 y:+0.0000 z: +0.3570
s 816/dR_A is: x:+0.0000 y:-0.2875 z: +0.0000
s 817/dR_A is: x:+0.1768 y:+0.0000 z: +0.0000
s 818/dR_A is: x:+0.0000 y:-0.1768 z: +0.0000
s 819/dR_A is: x:+0.0000 y:+0.0000 z: +0.1768
s 820/dR_A is: x:+0.1237 y:-0.2142 z: +0.0000
s 821/dR_A is: x:+0.0470 y:+0.1399 z: +0.0000
s 822/dR_A is: x:+0.1399 y:-0.1145 z: +0.0000
s 823/dR_A is: x:+0.0000 y:+0.0000 z: +0.1278
s 824/dR_A is: x:+0.1439 y:-0.0547 z: +0.0000
s 825/dR_A is: x:+0.2658 y:+0.1290 z: +0.0000
s 826/dR_A is: x:-0.1436 y:+0.2488 z: +0.0000
s 827/dR_A is: x:-0.2447 y:-0.1657 z: +0.0000
s 828/dR_A is: x:-0.0246 y:-0.1520 z: +0.0000
s 829/dR_A is: x:+0.0543 y:-0.0941 z: +0.0000
s 90/dR_A is: x:+0.0884 y:-0.1531 z: +0.0000
s 91/dR_A is: x:+0.1945 y:+0.1296 z: +0.0000
s 92/dR_A is: x:+0.1296 y:+0.0648 z: +0.0000
s 93/dR_A is: x:+0.0000 y:+0.0000 z: +0.2095
s 94/dR_A is: x:-0.0978 y:-0.0000 z: +0.0000
s 95/dR_A is: x:+0.7063 y:-0.0000 z: +0.0000
s 96/dR_A is: x:+0.0000 y:+0.3981 z: +0.0000
s 97/dR_A is: x:+0.0000 y:+0.0000 z: +0.3981
s 98/dR_A is: x:+0.0074 y:+0.0165 z: +0.0617
s 99/dR_A is: x:+0.2809 y:+0.0593 z: +0.0144
s 910/dR_A is: x:+1.5540 y:-0.1156 z: +0.3070
s 911/dR_A is: x:+0.0000 y:+0.0000 z: +0.0000
s 912/dR_A is: x:-0.2922 y:+0.1122 z: +0.0000
s 913/dR_A is: x:-0.5362 y:-0.2391 z: +0.0000
s 914/dR_A is: x:-0.2391 y:-0.0161 z: +0.0000
s 915/dR_A is: x:+0.0000 y:+0.0000 z: -0.1991
s 916/dR_A is: x:-0.1768 y:+0.0000 z: +0.0000
s 917/dR_A is: x:-0.0000 y:-0.2419 z: +0.0000
s 918/dR_A is: x:-0.2419 y:+0.0000 z: +0.0000
s 919/dR_A is: x:+0.0000 y:+0.0000 z: -0.0000
s 920/dR_A is: x:-0.0470 y:-0.1399 z: +0.0000
s 921/dR_A is: x:+0.1957 y:-0.0264 z: +0.0000
s 922/dR_A is: x:-0.0264 y:-0.1346 z: +0.0000
s 923/dR_A is: x:+0.0000 y:+0.0000 z: +0.0902
s 924/dR_A is: x:+0.1271 y:-0.0718 z: +0.0000
s 925/dR_A is: x:+0.1163 y:+0.1571 z: +0.0000
s 926/dR_A is: x:-0.3938 y:-0.1375 z: +0.0000
s 927/dR_A is: x:+0.0668 y:+0.1856 z: +0.0000
s 928/dR_A is: x:-0.0563 y:+0.0341 z: +0.0000
s 929/dR_A is: x:+0.0014 y:-0.0675 z: +0.0000
s 100/dR_A is: x:-0.1531 y:-0.0884 z: +0.0000
s 101/dR_A is: x:+0.1296 y:+0.0648 z: +0.0000
s 102/dR_A is: x:+0.0648 y:-0.2793 z: +0.0000
s 103/dR_A is: x:+0.0000 y:+0.0000 z: -0.1209
s 104/dR_A is: x:-0.0000 y:-0.3570 z: +0.0000
s 105/dR_A is: x:-0.0000 y:+0.3981 z: +0.0000
s 106/dR_A is: x:+0.3981 y:-0.0000 z: +0.0000
s 107/dR_A is: x:+0.0000 y:+0.0000 z: -0.0000
s 108/dR_A is: x:+0.0000 y:+0.0000 z: +0.0000
s 109/dR_A is: x:+0.0000 y:+0.0000 z: +0.0000
s 1010/dR_A is: x:+0.1334 y:+1.5273 z: +0.0000
s 1011/dR_A is: x:+0.0000 y:+0.0000 z: +0.0000
s 1012/dR_A is: x:+0.1122 y:-0.1626 z: +0.0000
s 1013/dR_A is: x:-0.2391 y:-0.0161 z: +0.0000
s 1014/dR_A is: x:-0.0161 y:-0.7173 z: +0.0000
s 1015/dR_A is: x:+0.0000 y:+0.0000 z: -0.3448
s 1016/dR_A is: x:+0.0000 y:+0.1768 z: +0.0000
s 1017/dR_A is: x:-0.2419 y:-0.0000 z: +0.0000
s 1018/dR_A is: x:+0.0000 y:-0.0576 z: +0.0000
s 1019/dR_A is: x:+0.0000 y:+0.0000 z: -0.2419
s 1020/dR_A is: x:-0.1399 y:+0.1145 z: +0.0000
s 1021/dR_A is: x:-0.0264 y:-0.1346 z: +0.0000
s 1022/dR_A is: x:-0.1346 y:-0.0793 z: +0.0000
s 1023/dR_A is: x:+0.0000 y:+0.0000 z: -0.1562
s 1024/dR_A is: x:-0.0718 y:-0.0346 z: +0.0000
s 1025/dR_A is: x:+0.1571 y:-0.1310 z: +0.0000
s 1026/dR_A is: x:-0.1375 y:-0.2350 z: +0.0000
s 1027/dR_A is: x:+0.1856 y:-0.0815 z: +0.0000
s 1028/dR_A is: x:+0.0341 y:+0.1489 z: +0.0000
s 1029/dR_A is: x:-0.0675 y:+0.0794 z: +0.0000
s 110/dR_A is: x:+0.0000 y:+0.0000 z: -0.1768
s 111/dR_A is: x:+0.0000 y:+0.0000 z: +0.2095
s 112/dR_A is: x:+0.0000 y:+0.0000 z: -0.1209
s 113/dR_A is: x:+0.2095 y:-0.1209 z: +0.0000
s 114/dR_A is: x:+0.0000 y:+0.0000 z: -0.3570
s 115/dR_A is: x:+0.0000 y:+0.0000 z: +0.3981
s 116/dR_A is: x:+0.0000 y:+0.0000 z: +0.0000
s 117/dR_A is: x:+0.3981 y:-0.0000 z: +0.0000
s 118/dR_A is: x:+0.0000 y:+0.0000 z: +0.0000
s 119/dR_A is: x:+0.0000 y:+0.0000 z: +0.0000
s 1110/dR_A is: x:+1.0000 y:+0.0000 z: +0.0000
s 1111/dR_A is: x:+0.0000 y:+0.0000 z: +0.0000
s 1112/dR_A is: x:+0.0000 y:+0.0000 z: -0.3570
s 1113/dR_A is: x:+0.0000 y:+0.0000 z: -0.1991
s 1114/dR_A is: x:+0.0000 y:+0.0000 z: -0.3448
s 1115/dR_A is: x:-0.1991 y:-0.3448 z: +0.0000
s 1116/dR_A is: x:+0.0000 y:+0.0000 z: -0.1768
s 1117/dR_A is: x:+0.0000 y:+0.0000 z: +0.0000
s 1118/dR_A is: x:+0.0000 y:+0.0000 z: -0.2419
s 1119/dR_A is: x:-0.0000 y:-0.2419 z: +0.0000
s 1120/dR_A is: x:+0.0000 y:+0.0000 z: -0.1278
s 1121/dR_A is: x:+0.0000 y:+0.0000 z: +0.0902
s 1122/dR_A is: x:+0.0000 y:+0.0000 z: -0.1562
s 1123/dR_A is: x:+0.0902 y:-0.1562 z: +0.0000
s 1124/dR_A is: x:+0.0000 y:+0.0000 z: -0.0619
s 1125/dR_A is: x:+0.0000 y:+0.0000 z: -0.2073
s 1126/dR_A is: x:+0.0000 y:+0.0000 z: -0.4732
s 1127/dR_A is: x:+0.0000 y:+0.0000 z: -0.2073
s 1128/dR_A is: x:+0.0000 y:+0.0000 z: -0.0619
s 1129/dR_A is: x:+0.0000 y:+0.0000 z: -0.0376
s 120/dR_A is: x:+0.2473 y:+0.0000 z: +0.0000
s 121/dR_A is: x:-0.1953 y:+0.0000 z: +0.0000
s 122/dR_A is: x:+0.0000 y:+0.1278 z: +0.0000
s 123/dR_A is: x:+0.0000 y:+0.0000 z: +0.1278
s 124/dR_A is: x:+0.2490 y:+0.1438 z: +0.0000
s 125/dR_A is: x:-0.0884 y:-0.1531 z: +0.0000
s 126/dR_A is: x:-0.1531 y:+0.0884 z: +0.0000
s 127/dR_A is: x:+0.0000 y:+0.0000 z: +0.1768
s 128/dR_A is: x:+0.1527 y:+0.2645 z: +0.0000
s 129/dR_A is: x:+0.2922 y:-0.1122 z: +0.0000
s 1210/dR_A is: x:-0.1122 y:+0.1626 z: +0.0000
s 1211/dR_A is: x:+0.0000 y:+0.0000 z: +0.3570
s 1212/dR_A is: x:+0.0000 y:+0.0000 z: +0.0000
s 1213/dR_A is: x:+0.0000 y:+0.0000 z: +0.0000
s 1214/dR_A is: x:+0.0000 y:+0.0000 z: +0.0000
s 1215/dR_A is: x:+0.0000 y:+0.0000 z: +0.0000
s 1216/dR_A is: x:+0.1527 y:-0.2645 z: +0.0000
s 1217/dR_A is: x:+0.2922 y:+0.1122 z: +0.0000
s 1218/dR_A is: x:+0.1122 y:+0.1626 z: +0.0000
s 1219/dR_A is: x:+0.0000 y:+0.0000 z: +0.3570
s 1220/dR_A is: x:+0.2490 y:-0.1438 z: +0.0000
s 1221/dR_A is: x:-0.0884 y:+0.1531 z: +0.0000
s 1222/dR_A is: x:+0.1531 y:+0.0884 z: +0.0000
s 1223/dR_A is: x:+0.0000 y:+0.0000 z: +0.1768
s 1224/dR_A is: x:+0.1087 y:+0.0000 z: +0.0000
s 1225/dR_A is: x:+0.1193 y:+0.0973 z: +0.0000
s 1226/dR_A is: x:+0.0212 y:+0.2947 z: +0.0000
s 1227/dR_A is: x:-0.2873 y:+0.0000 z: +0.0000
s 1228/dR_A is: x:+0.0212 y:-0.2947 z: +0.0000
s 1229/dR_A is: x:+0.1193 y:-0.0973 z: +0.0000
s 130/dR_A is: x:+0.1953 y:+0.0000 z: +0.0000
s 131/dR_A is: x:-0.0583 y:+0.0000 z: +0.0000
s 132/dR_A is: x:+0.0000 y:+0.1804 z: +0.0000
s 133/dR_A is: x:+0.0000 y:+0.0000 z: +0.1804
s 134/dR_A is: x:+0.0884 y:+0.1531 z: +0.0000
s 135/dR_A is: x:+0.1945 y:-0.1296 z: +0.0000
s 136/dR_A is: x:-0.1296 y:+0.0648 z: +0.0000
s 137/dR_A is: x:+0.0000 y:+0.0000 z: +0.2095
s 138/dR_A is: x:-0.2922 y:+0.1122 z: +0.0000
s 139/dR_A is: x:+0.5362 y:+0.2391 z: +0.0000
s 1310/dR_A is: x:+0.2391 y:+0.0161 z: +0.0000
s 1311/dR_A is: x:+0.0000 y:+0.0000 z: +0.1991
s 1312/dR_A is: x:+1.2493 y:+0.0000 z: +0.0000
s 1313/dR_A is: x:+0.0000 y:+0.0000 z: +0.0000
s 1314/dR_A is: x:+0.0000 y:+0.0000 z: +0.0000
s 1315/dR_A is: x:+0.0000 y:+0.0000 z: +0.0000
s 1316/dR_A is: x:-0.2922 y:-0.1122 z: +0.0000
s 1317/dR_A is: x:+0.5362 y:-0.2391 z: +0.0000
s 1318/dR_A is: x:-0.2391 y:+0.0161 z: +0.0000
s 1319/dR_A is: x:+0.0000 y:+0.0000 z: +0.1991
s 1320/dR_A is: x:+0.0884 y:-0.1531 z: +0.0000
s 1321/dR_A is: x:+0.1945 y:+0.1296 z: +0.0000
s 1322/dR_A is: x:+0.1296 y:+0.0648 z: +0.0000
s 1323/dR_A is: x:+0.0000 y:+0.0000 z: +0.2095
s 1324/dR_A is: x:+0.1184 y:+0.0000 z: +0.0000
s 1325/dR_A is: x:+0.0681 y:+0.1059 z: +0.0000
s 1326/dR_A is: x:-0.2052 y:+0.0286 z: +0.0000
s 1327/dR_A is: x:-0.1556 y:+0.0000 z: +0.0000
s 1328/dR_A is: x:-0.2052 y:-0.0286 z: +0.0000
s 1329/dR_A is: x:+0.0681 y:-0.1059 z: +0.0000
s 140/dR_A is: x:+0.0000 y:-0.1278 z: +0.0000
s 141/dR_A is: x:+0.0000 y:+0.1804 z: +0.0000
s 142/dR_A is: x:+0.1804 y:+0.0000 z: +0.0000
s 143/dR_A is: x:+0.0000 y:+0.0000 z: +0.0000
s 144/dR_A is: x:+0.1531 y:-0.0884 z: +0.0000
s 145/dR_A is: x:-0.1296 y:+0.0648 z: +0.0000
s 146/dR_A is: x:+0.0648 y:+0.2793 z: +0.0000
s 147/dR_A is: x:+0.0000 y:+0.0000 z: +0.1209
s 148/dR_A is: x:+0.1122 y:-0.1626 z: +0.0000
s 149/dR_A is: x:+0.2391 y:+0.0161 z: +0.0000
s 1410/dR_A is: x:+0.0161 y:+0.7173 z: +0.0000
s 1411/dR_A is: x:+0.0000 y:+0.0000 z: +0.3448
s 1412/dR_A is: x:+0.0000 y:-0.8722 z: +0.0000
s 1413/dR_A is: x:+1.2845 y:+0.0000 z: +1.1631
s 1414/dR_A is: x:+0.0000 y:+0.0000 z: +0.0000
s 1415/dR_A is: x:+0.0000 y:+0.0000 z: +0.0000
s 1416/dR_A is: x:-0.1122 y:-0.1626 z: +0.0000
s 1417/dR_A is: x:-0.2391 y:+0.0161 z: +0.0000
s 1418/dR_A is: x:+0.0161 y:-0.7173 z: +0.0000
s 1419/dR_A is: x:+0.0000 y:+0.0000 z: -0.3448
s 1420/dR_A is: x:-0.1531 y:-0.0884 z: +0.0000
s 1421/dR_A is: x:+0.1296 y:+0.0648 z: +0.0000
s 1422/dR_A is: x:+0.0648 y:-0.2793 z: +0.0000
s 1423/dR_A is: x:+0.0000 y:+0.0000 z: -0.1209
s 1424/dR_A is: x:+0.0000 y:-0.0376 z: +0.0000
s 1425/dR_A is: x:+0.1059 y:+0.0245 z: +0.0000
s 1426/dR_A is: x:+0.0286 y:+0.1905 z: +0.0000
s 1427/dR_A is: x:+0.0000 y:-0.4732 z: +0.0000
s 1428/dR_A is: x:-0.0286 y:+0.1905 z: +0.0000
s 1429/dR_A is: x:-0.1059 y:+0.0245 z: +0.0000
s 150/dR_A is: x:+0.0000 y:+0.0000 z: -0.1278
s 151/dR_A is: x:+0.0000 y:+0.0000 z: +0.1804
s 152/dR_A is: x:+0.0000 y:+0.0000 z: +0.0000
s 153/dR_A is: x:+0.1804 y:+0.0000 z: +0.0000
s 154/dR_A is: x:+0.0000 y:+0.0000 z: -0.1768
s 155/dR_A is: x:+0.0000 y:+0.0000 z: +0.2095
s 156/dR_A is: x:+0.0000 y:+0.0000 z: +0.1209
s 157/dR_A is: x:+0.2095 y:+0.1209 z: +0.0000
s 158/dR_A is: x:+0.0000 y:+0.0000 z: -0.3570
s 159/dR_A is: x:+0.0000 y:+0.0000 z: +0.1991
s 1510/dR_A is: x:+0.0000 y:+0.0000 z: +0.3448
s 1511/dR_A is: x:+0.1991 y:+0.3448 z: +0.0000
s 1512/dR_A is: x:+0.0000 y:+0.0000 z: +0.3248
s 1513/dR_A is: x:+1.0007 y:+2.3402 z: +0.0000
s 1514/dR_A is: x:+1.5442 y:+1.2529 z: +0.0000
s 1515/dR_A is: x:+0.0000 y:+0.0000 z: +0.0000
s 1516/dR_A is: x:+0.0000 y:+0.0000 z: -0.3570
s 1517/dR_A is: x:+0.0000 y:+0.0000 z: +0.1991
s 1518/dR_A is: x:+0.0000 y:+0.0000 z: -0.3448
s 1519/dR_A is: x:+0.1991 y:-0.3448 z: +0.0000
s 1520/dR_A is: x:+0.0000 y:+0.0000 z: -0.1768
s 1521/dR_A is: x:+0.0000 y:+0.0000 z: +0.2095
s 1522/dR_A is: x:+0.0000 y:+0.0000 z: -0.1209
s 1523/dR_A is: x:+0.2095 y:-0.1209 z: +0.0000
s 1524/dR_A is: x:+0.0000 y:+0.0000 z: -0.0376
s 1525/dR_A is: x:+0.0000 y:+0.0000 z: -0.0619
s 1526/dR_A is: x:+0.0000 y:+0.0000 z: -0.2073
s 1527/dR_A is: x:+0.0000 y:+0.0000 z: -0.4732
s 1528/dR_A is: x:+0.0000 y:+0.0000 z: -0.2073
s 1529/dR_A is: x:+0.0000 y:+0.0000 z: -0.0619
s 160/dR_A is: x:+0.2490 y:+0.1438 z: +0.0000
s 161/dR_A is: x:-0.0884 y:-0.1531 z: +0.0000
s 162/dR_A is: x:-0.1531 y:+0.0884 z: +0.0000
s 163/dR_A is: x:+0.0000 y:+0.0000 z: +0.1768
s 164/dR_A is: x:+0.1237 y:+0.2142 z: +0.0000
s 165/dR_A is: x:+0.0470 y:-0.1399 z: +0.0000
s 166/dR_A is: x:-0.1399 y:-0.1145 z: +0.0000
s 167/dR_A is: x:+0.0000 y:+0.0000 z: +0.1278
s 168/dR_A is: x:+0.0000 y:+0.2875 z: +0.0000
s 169/dR_A is: x:+0.1768 y:-0.0000 z: +0.0000
s 1610/dR_A is: x:-0.0000 y:-0.1768 z: +0.0000
s 1611/dR_A is: x:+0.0000 y:+0.0000 z: +0.1768
s 1612/dR_A is: x:-0.1527 y:+0.2645 z: +0.0000
s 1613/dR_A is: x:+0.2922 y:+0.1122 z: +0.0000
s 1614/dR_A is: x:+0.1122 y:+0.1626 z: +0.0000
s 1615/dR_A is: x:+0.0000 y:+0.0000 z: +0.3570
s 1616/dR_A is: x:+0.0000 y:+0.0000 z: +0.0000
s 1617/dR_A is: x:+0.0000 y:+0.0000 z: +0.0000
s 1618/dR_A is: x:+0.0000 y:+0.0000 z: +0.0000
s 1619/dR_A is: x:+0.0000 y:+0.0000 z: +0.0000
s 1620/dR_A is: x:+0.3055 y:+0.0000 z: +0.0000
s 1621/dR_A is: x:+0.0978 y:-0.0000 z: +0.0000
s 1622/dR_A is: x:+0.0000 y:+0.3570 z: +0.0000
s 1623/dR_A is: x:+0.0000 y:+0.0000 z: +0.3570
s 1624/dR_A is: x:+0.1439 y:+0.0547 z: +0.0000
s 1625/dR_A is: x:+0.0543 y:+0.0941 z: +0.0000
s 1626/dR_A is: x:-0.0246 y:+0.1520 z: +0.0000
s 1627/dR_A is: x:-0.2447 y:+0.1657 z: +0.0000
s 1628/dR_A is: x:-0.1436 y:-0.2488 z: +0.0000
s 1629/dR_A is: x:+0.2658 y:-0.1290 z: +0.0000
s 170/dR_A is: x:+0.0884 y:+0.1531 z: +0.0000
s 171/dR_A is: x:+0.1945 y:-0.1296 z: +0.0000
s 172/dR_A is: x:-0.1296 y:+0.0648 z: +0.0000
s 173/dR_A is: x:+0.0000 y:+0.0000 z: +0.2095
s 174/dR_A is: x:-0.0470 y:+0.1399 z: +0.0000
s 175/dR_A is: x:+0.1957 y:+0.0264 z: +0.0000
s 176/dR_A is: x:+0.0264 y:-0.1346 z: +0.0000
s 177/dR_A is: x:+0.0000 y:+0.0000 z: +0.0902
s 178/dR_A is: x:-0.1768 y:-0.0000 z: +0.0000
s 179/dR_A is: x:-0.0000 y:+0.2419 z: +0.0000
s 1710/dR_A is: x:+0.2419 y:+0.0000 z: +0.0000
s 1711/dR_A is: x:+0.0000 y:+0.0000 z: -0.0000
s 1712/dR_A is: x:-0.2922 y:-0.1122 z: +0.0000
s 1713/dR_A is: x:-0.5362 y:+0.2391 z: +0.0000
s 1714/dR_A is: x:+0.2391 y:-0.0161 z: +0.0000
s 1715/dR_A is: x:+0.0000 y:+0.0000 z: -0.1991
s 1716/dR_A is: x:+1.2989 y:+0.0000 z: +0.0000
s 1717/dR_A is: x:+0.0000 y:+0.0000 z: +0.0000
s 1718/dR_A is: x:+0.0000 y:+0.0000 z: +0.0000
s 1719/dR_A is: x:+0.0000 y:+0.0000 z: +0.0000
s 1720/dR_A is: x:-0.0978 y:+0.0000 z: +0.0000
s 1721/dR_A is: x:+0.7063 y:+0.0000 z: +0.0000
s 1722/dR_A is: x:-0.0000 y:+0.3981 z: +0.0000
s 1723/dR_A is: x:+0.0000 y:+0.0000 z: +0.3981
s 1724/dR_A is: x:+0.1271 y:+0.0718 z: +0.0000
s 1725/dR_A is: x:+0.0014 y:+0.0675 z: +0.0000
s 1726/dR_A is: x:-0.0563 y:-0.0341 z: +0.0000
s 1727/dR_A is: x:+0.0668 y:-0.1856 z: +0.0000
s 1728/dR_A is: x:-0.3938 y:+0.1375 z: +0.0000
s 1729/dR_A is: x:+0.1163 y:-0.1571 z: +0.0000
s 180/dR_A is: x:+0.1531 y:-0.0884 z: +0.0000
s 181/dR_A is: x:-0.1296 y:+0.0648 z: +0.0000
s 182/dR_A is: x:+0.0648 y:+0.2793 z: +0.0000
s 183/dR_A is: x:+0.0000 y:+0.0000 z: +0.1209
s 184/dR_A is: x:+0.1399 y:+0.1145 z: +0.0000
s 185/dR_A is: x:+0.0264 y:-0.1346 z: +0.0000
s 186/dR_A is: x:-0.1346 y:+0.0793 z: +0.0000
s 187/dR_A is: x:+0.0000 y:+0.0000 z: +0.1562
s 188/dR_A is: x:-0.0000 y:+0.1768 z: +0.0000
s 189/dR_A is: x:+0.2419 y:-0.0000 z: +0.0000
s 1810/dR_A is: x:+0.0000 y:+0.0576 z: +0.0000
s 1811/dR_A is: x:+0.0000 y:+0.0000 z: +0.2419
s 1812/dR_A is: x:-0.1122 y:-0.1626 z: +0.0000
s 1813/dR_A is: x:+0.2391 y:-0.0161 z: +0.0000
s 1814/dR_A is: x:-0.0161 y:+0.7173 z: +0.0000
s 1815/dR_A is: x:+0.0000 y:+0.0000 z: +0.3448
s 1816/dR_A is: x:+0.0000 y:-0.9306 z: +0.0000
s 1817/dR_A is: x:+3.1873 y:+0.0000 z: +0.2014
s 1818/dR_A is: x:+0.0000 y:+0.0000 z: +0.0000
s 1819/dR_A is: x:+0.0000 y:+0.0000 z: +0.0000
s 1820/dR_A is: x:+0.0000 y:-0.3570 z: +0.0000
s 1821/dR_A is: x:+0.0000 y:+0.3981 z: +0.0000
s 1822/dR_A is: x:+0.3981 y:+0.0000 z: +0.0000
s 1823/dR_A is: x:+0.0000 y:+0.0000 z: +0.0000
s 1824/dR_A is: x:+0.0718 y:-0.0346 z: +0.0000
s 1825/dR_A is: x:+0.0675 y:+0.0794 z: +0.0000
s 1826/dR_A is: x:-0.0341 y:+0.1489 z: +0.0000
s 1827/dR_A is: x:-0.1856 y:-0.0815 z: +0.0000
s 1828/dR_A is: x:+0.1375 y:-0.2350 z: +0.0000
s 1829/dR_A is: x:-0.1571 y:-0.1310 z: +0.0000
s 190/dR_A is: x:+0.0000 y:+0.0000 z: -0.1768
s 191/dR_A is: x:+0.0000 y:+0.0000 z: +0.2095
s 192/dR_A is: x:+0.0000 y:+0.0000 z: +0.1209
s 193/dR_A is: x:+0.2095 y:+0.1209 z: +0.0000
s 194/dR_A is: x:+0.0000 y:+0.0000 z: -0.1278
s 195/dR_A is: x:+0.0000 y:+0.0000 z: +0.0902
s 196/dR_A is: x:+0.0000 y:+0.0000 z: +0.1562
s 197/dR_A is: x:+0.0902 y:+0.1562 z: +0.0000
s 198/dR_A is: x:+0.0000 y:+0.0000 z: -0.1768
s 199/dR_A is: x:+0.0000 y:+0.0000 z: +0.0000
s 1910/dR_A is: x:+0.0000 y:+0.0000 z: +0.2419
s 1911/dR_A is: x:-0.0000 y:+0.2419 z: +0.0000
s 1912/dR_A is: x:+0.0000 y:+0.0000 z: -0.3570
s 1913/dR_A is: x:+0.0000 y:+0.0000 z: -0.1991
s 1914/dR_A is: x:+0.0000 y:+0.0000 z: +0.3448
s 1915/dR_A is: x:-0.1991 y:+0.3448 z: +0.0000
s 1916/dR_A is: x:+0.0000 y:+0.0000 z: +0.0000
s 1917/dR_A is: x:-0.0653 y:+0.0451 z: -0.1474
s 1918/dR_A is: x:+3.5597 y:-0.7543 z: -0.0342
s 1919/dR_A is: x:+0.0000 y:+0.0000 z: +0.0000
s 1920/dR_A is: x:+0.0000 y:+0.0000 z: -0.3570
s 1921/dR_A is: x:+0.0000 y:+0.0000 z: +0.3981
s 1922/dR_A is: x:+0.0000 y:+0.0000 z: -0.0000
s 1923/dR_A is: x:+0.3981 y:+0.0000 z: +0.0000
s 1924/dR_A is: x:+0.0000 y:+0.0000 z: -0.0619
s 1925/dR_A is: x:+0.0000 y:+0.0000 z: -0.0376
s 1926/dR_A is: x:+0.0000 y:+0.0000 z: -0.0619
s 1927/dR_A is: x:+0.0000 y:+0.0000 z: -0.2073
s 1928/dR_A is: x:+0.0000 y:+0.0000 z: -0.4732
s 1929/dR_A is: x:+0.0000 y:+0.0000 z: -0.2073
s 200/dR_A is: x:+0.1527 y:+0.2645 z: +0.0000
s 201/dR_A is: x:+0.2922 y:-0.1122 z: +0.0000
s 202/dR_A is: x:-0.1122 y:+0.1626 z: +0.0000
s 203/dR_A is: x:+0.0000 y:+0.0000 z: +0.3570
s 204/dR_A is: x:-0.0000 y:+0.2875 z: +0.0000
s 205/dR_A is: x:+0.1768 y:+0.0000 z: +0.0000
s 206/dR_A is: x:+0.0000 y:-0.1768 z: +0.0000
s 207/dR_A is: x:+0.0000 y:+0.0000 z: +0.1768
s 208/dR_A is: x:-0.1237 y:+0.2142 z: +0.0000
s 209/dR_A is: x:+0.0470 y:+0.1399 z: +0.0000
s 2010/dR_A is: x:+0.1399 y:-0.1145 z: +0.0000
s 2011/dR_A is: x:+0.0000 y:+0.0000 z: +0.1278
s 2012/dR_A is: x:-0.2490 y:+0.1438 z: +0.0000
s 2013/dR_A is: x:-0.0884 y:+0.1531 z: +0.0000
s 2014/dR_A is: x:+0.1531 y:+0.0884 z: +0.0000
s 2015/dR_A is: x:+0.0000 y:+0.0000 z: +0.1768
s 2016/dR_A is: x:-0.3055 y:+0.0000 z: +0.0000
s 2017/dR_A is: x:+0.0978 y:+0.0000 z: +0.0000
s 2018/dR_A is: x:-0.0000 y:+0.3570 z: +0.0000
s 2019/dR_A is: x:+0.0000 y:+0.0000 z: +0.3570
s 2020/dR_A is: x:-37.9310 y:-33.3189 z: +25.1776
s 2021/dR_A is: x:-210.0687 y:-151.3301 z: -95.3431
s 2022/dR_A is: x:-0.7639 y:-2.3575 z: -4.2969
s 2023/dR_A is: x:+210.0413 y:-64.2699 z: +48.7837
s 2024/dR_A is: x:+0.2447 y:+0.1657 z: +0.0000
s 2025/dR_A is: x:+0.0246 y:+0.1520 z: +0.0000
s 2026/dR_A is: x:-0.0543 y:+0.0941 z: +0.0000
s 2027/dR_A is: x:-0.1439 y:+0.0547 z: +0.0000
s 2028/dR_A is: x:-0.2658 y:-0.1290 z: +0.0000
s 2029/dR_A is: x:+0.1436 y:-0.2488 z: +0.0000
s 210/dR_A is: x:-0.2922 y:+0.1122 z: +0.0000
s 211/dR_A is: x:+0.5362 y:+0.2391 z: +0.0000
s 212/dR_A is: x:+0.2391 y:+0.0161 z: +0.0000
s 213/dR_A is: x:+0.0000 y:+0.0000 z: +0.1991
s 214/dR_A is: x:-0.1768 y:+0.0000 z: +0.0000
s 215/dR_A is: x:+0.0000 y:+0.2419 z: +0.0000
s 216/dR_A is: x:+0.2419 y:-0.0000 z: +0.0000
s 217/dR_A is: x:+0.0000 y:+0.0000 z: +0.0000
s 218/dR_A is: x:-0.0470 y:-0.1399 z: +0.0000
s 219/dR_A is: x:-0.1957 y:+0.0264 z: +0.0000
s 2110/dR_A is: x:+0.0264 y:+0.1346 z: +0.0000
s 2111/dR_A is: x:+0.0000 y:+0.0000 z: -0.0902
s 2112/dR_A is: x:+0.0884 y:-0.1531 z: +0.0000
s 2113/dR_A is: x:-0.1945 y:-0.1296 z: +0.0000
s 2114/dR_A is: x:-0.1296 y:-0.0648 z: +0.0000
s 2115/dR_A is: x:+0.0000 y:+0.0000 z: -0.2095
s 2116/dR_A is: x:-0.0978 y:-0.0000 z: +0.0000
s 2117/dR_A is: x:-0.7063 y:+0.0000 z: +0.0000
s 2118/dR_A is: x:-0.0000 y:-0.3981 z: +0.0000
s 2119/dR_A is: x:+0.0000 y:+0.0000 z: -0.3981
s 2120/dR_A is: x:-103.2362 y:-546.7712 z: +127.3898
s 2121/dR_A is: x:-155.0894 y:+1006.1668 z: +12.8887
s 2122/dR_A is: x:-3.4133 y:-649.4420 z: +190.0976
s 2123/dR_A is: x:+53.1907 y:+0.8849 z: +0.6786
s 2124/dR_A is: x:+0.0668 y:+0.1856 z: +0.0000
s 2125/dR_A is: x:-0.0563 y:+0.0341 z: +0.0000
s 2126/dR_A is: x:+0.0014 y:-0.0675 z: +0.0000
s 2127/dR_A is: x:+0.1271 y:-0.0718 z: +0.0000
s 2128/dR_A is: x:+0.1163 y:+0.1571 z: +0.0000
s 2129/dR_A is: x:-0.3938 y:-0.1375 z: +0.0000
s 220/dR_A is: x:+0.1122 y:-0.1626 z: +0.0000
s 221/dR_A is: x:+0.2391 y:+0.0161 z: +0.0000
s 222/dR_A is: x:+0.0161 y:+0.7173 z: +0.0000
s 223/dR_A is: x:+0.0000 y:+0.0000 z: +0.3448
s 224/dR_A is: x:+0.0000 y:+0.1768 z: +0.0000
s 225/dR_A is: x:+0.2419 y:+0.0000 z: +0.0000
s 226/dR_A is: x:-0.0000 y:+0.0576 z: +0.0000
s 227/dR_A is: x:+0.0000 y:+0.0000 z: +0.2419
s 228/dR_A is: x:-0.1399 y:+0.1145 z: +0.0000
s 229/dR_A is: x:+0.0264 y:+0.1346 z: +0.0000
s 2210/dR_A is: x:+0.1346 y:+0.0793 z: +0.0000
s 2211/dR_A is: x:+0.0000 y:+0.0000 z: +0.1562
s 2212/dR_A is: x:-0.1531 y:-0.0884 z: +0.0000
s 2213/dR_A is: x:-0.1296 y:-0.0648 z: +0.0000
s 2214/dR_A is: x:-0.0648 y:+0.2793 z: +0.0000
s 2215/dR_A is: x:+0.0000 y:+0.0000 z: +0.1209
s 2216/dR_A is: x:-0.0000 y:-0.3570 z: +0.0000
s 2217/dR_A is: x:+0.0000 y:-0.3981 z: +0.0000
s 2218/dR_A is: x:-0.3981 y:+0.0000 z: +0.0000
s 2219/dR_A is: x:+0.0000 y:+0.0000 z: +0.0000
s 2220/dR_A is: x:-618.9160 y:+1.6511 z: +1203.3069
s 2221/dR_A is: x:+262.5525 y:-1.2974 z: +29.4362
s 2222/dR_A is: x:-27.4345 y:+2.3893 z: +3458.0603
s 2223/dR_A is: x:+0.0588 y:-10.4866 z: -1.3246
s 2224/dR_A is: x:+0.1856 y:-0.0815 z: +0.0000
s 2225/dR_A is: x:+0.0341 y:+0.1489 z: +0.0000
s 2226/dR_A is: x:-0.0675 y:+0.0794 z: +0.0000
s 2227/dR_A is: x:-0.0718 y:-0.0346 z: +0.0000
s 2228/dR_A is: x:+0.1571 y:-0.1310 z: +0.0000
s 2229/dR_A is: x:-0.1375 y:-0.2350 z: +0.0000
s 230/dR_A is: x:+0.0000 y:+0.0000 z: -0.3570
s 231/dR_A is: x:+0.0000 y:+0.0000 z: +0.1991
s 232/dR_A is: x:+0.0000 y:+0.0000 z: +0.3448
s 233/dR_A is: x:+0.1991 y:+0.3448 z: +0.0000
s 234/dR_A is: x:+0.0000 y:+0.0000 z: -0.1768
s 235/dR_A is: x:+0.0000 y:+0.0000 z: -0.0000
s 236/dR_A is: x:+0.0000 y:+0.0000 z: +0.2419
s 237/dR_A is: x:+0.0000 y:+0.2419 z: +0.0000
s 238/dR_A is: x:+0.0000 y:+0.0000 z: -0.1278
s 239/dR_A is: x:+0.0000 y:+0.0000 z: -0.0902
s 2310/dR_A is: x:+0.0000 y:+0.0000 z: +0.1562
s 2311/dR_A is: x:-0.0902 y:+0.1562 z: +0.0000
s 2312/dR_A is: x:+0.0000 y:+0.0000 z: -0.1768
s 2313/dR_A is: x:+0.0000 y:+0.0000 z: -0.2095
s 2314/dR_A is: x:+0.0000 y:+0.0000 z: +0.1209
s 2315/dR_A is: x:-0.2095 y:+0.1209 z: +0.0000
s 2316/dR_A is: x:+0.0000 y:+0.0000 z: -0.3570
s 2317/dR_A is: x:+0.0000 y:+0.0000 z: -0.3981
s 2318/dR_A is: x:+0.0000 y:+0.0000 z: -0.0000
s 2319/dR_A is: x:-0.3981 y:+0.0000 z: +0.0000
s 2320/dR_A is: x:+262.5527 y:-348.8631 z: -1.1981
s 2321/dR_A is: x:-762.5078 y:+105.1252 z: +0.5903
s 2322/dR_A is: x:-1110.1943 y:-84.9849 z: -1.4033
s 2323/dR_A is: x:+0.5521 y:+1.8208 z: +52.8569
s 2324/dR_A is: x:+0.0000 y:+0.0000 z: -0.2073
s 2325/dR_A is: x:+0.0000 y:+0.0000 z: -0.0619
s 2326/dR_A is: x:+0.0000 y:+0.0000 z: -0.0376
s 2327/dR_A is: x:+0.0000 y:+0.0000 z: -0.0619
s 2328/dR_A is: x:+0.0000 y:+0.0000 z: -0.2073
s 2329/dR_A is: x:+0.0000 y:+0.0000 z: -0.4732
s 240/dR_A is: x:-0.2873 y:+0.0000 z: +0.0000
s 241/dR_A is: x:+0.1556 y:+0.0000 z: +0.0000
s 242/dR_A is: x:+0.0000 y:+0.4732 z: +0.0000
s 243/dR_A is: x:+0.0000 y:+0.0000 z: +0.4732
s 244/dR_A is: x:-0.2447 y:+0.1657 z: +0.0000
s 245/dR_A is: x:-0.0668 y:+0.1856 z: +0.0000
s 246/dR_A is: x:+0.1856 y:+0.0815 z: +0.0000
s 247/dR_A is: x:+0.0000 y:+0.0000 z: +0.2073
s 248/dR_A is: x:-0.1439 y:+0.0547 z: +0.0000
s 249/dR_A is: x:-0.1271 y:+0.0718 z: +0.0000
s 2410/dR_A is: x:+0.0718 y:+0.0346 z: +0.0000
s 2411/dR_A is: x:+0.0000 y:+0.0000 z: +0.0619
s 2412/dR_A is: x:-0.1087 y:+0.0000 z: +0.0000
s 2413/dR_A is: x:-0.1184 y:+0.0000 z: +0.0000
s 2414/dR_A is: x:+0.0000 y:+0.0376 z: +0.0000
s 2415/dR_A is: x:+0.0000 y:+0.0000 z: +0.0376
s 2416/dR_A is: x:-0.1439 y:-0.0547 z: +0.0000
s 2417/dR_A is: x:-0.1271 y:-0.0718 z: +0.0000
s 2418/dR_A is: x:-0.0718 y:+0.0346 z: +0.0000
s 2419/dR_A is: x:+0.0000 y:+0.0000 z: +0.0619
s 2420/dR_A is: x:-0.2447 y:-0.1657 z: +0.0000
s 2421/dR_A is: x:-0.0668 y:-0.1856 z: +0.0000
s 2422/dR_A is: x:-0.1856 y:+0.0815 z: +0.0000
s 2423/dR_A is: x:+0.0000 y:+0.0000 z: +0.2073
s 2424/dR_A is: x:+932.6209 y:-125.5944 z: -198.8142
s 2425/dR_A is: x:-0.1186 y:+0.2055 z: +0.0000
s 2426/dR_A is: x:-0.0598 y:+0.0345 z: +0.0000
s 2427/dR_A is: x:-0.0393 y:+0.0000 z: +0.0000
s 2428/dR_A is: x:-0.0598 y:-0.0345 z: +0.0000
s 2429/dR_A is: x:-0.1186 y:-0.2055 z: +0.0000
s 250/dR_A is: x:+0.0212 y:-0.2947 z: +0.0000
s 251/dR_A is: x:+0.2052 y:+0.0286 z: +0.0000
s 252/dR_A is: x:+0.0286 y:-0.1905 z: +0.0000
s 253/dR_A is: x:+0.0000 y:+0.0000 z: +0.2073
s 254/dR_A is: x:-0.1436 y:-0.2488 z: +0.0000
s 255/dR_A is: x:+0.3938 y:-0.1375 z: +0.0000
s 256/dR_A is: x:-0.1375 y:+0.2350 z: +0.0000
s 257/dR_A is: x:+0.0000 y:+0.0000 z: +0.4732
s 258/dR_A is: x:-0.2658 y:-0.1290 z: +0.0000
s 259/dR_A is: x:-0.1163 y:-0.1571 z: +0.0000
s 2510/dR_A is: x:-0.1571 y:+0.1310 z: +0.0000
s 2511/dR_A is: x:+0.0000 y:+0.0000 z: +0.2073
s 2512/dR_A is: x:-0.1193 y:-0.0973 z: +0.0000
s 2513/dR_A is: x:-0.0681 y:-0.1059 z: +0.0000
s 2514/dR_A is: x:-0.1059 y:-0.0245 z: +0.0000
s 2515/dR_A is: x:+0.0000 y:+0.0000 z: +0.0619
s 2516/dR_A is: x:-0.0543 y:-0.0941 z: +0.0000
s 2517/dR_A is: x:-0.0014 y:-0.0675 z: +0.0000
s 2518/dR_A is: x:-0.0675 y:-0.0794 z: +0.0000
s 2519/dR_A is: x:+0.0000 y:+0.0000 z: +0.0376
s 2520/dR_A is: x:-0.0246 y:-0.1520 z: +0.0000
s 2521/dR_A is: x:+0.0563 y:-0.0341 z: +0.0000
s 2522/dR_A is: x:-0.0341 y:-0.1489 z: +0.0000
s 2523/dR_A is: x:+0.0000 y:+0.0000 z: +0.0619
s 2524/dR_A is: x:+0.1186 y:-0.2055 z: +0.0000
s 2525/dR_A is: x:+3.2079 y:-387.5233 z: -7.1944
s 2526/dR_A is: x:-0.2373 y:+0.0000 z: +0.0000
s 2527/dR_A is: x:-0.0598 y:-0.0345 z: +0.0000
s 2528/dR_A is: x:-0.0196 y:-0.0340 z: +0.0000
s 2529/dR_A is: x:+0.0000 y:-0.0691 z: +0.0000
s 260/dR_A is: x:+0.1193 y:-0.0973 z: +0.0000
s 261/dR_A is: x:-0.0681 y:+0.1059 z: +0.0000
s 262/dR_A is: x:+0.1059 y:-0.0245 z: +0.0000
s 263/dR_A is: x:+0.0000 y:+0.0000 z: +0.0619
s 264/dR_A is: x:+0.2658 y:-0.1290 z: +0.0000
s 265/dR_A is: x:-0.1163 y:+0.1571 z: +0.0000
s 266/dR_A is: x:+0.1571 y:+0.1310 z: +0.0000
s 267/dR_A is: x:+0.0000 y:+0.0000 z: +0.2073
s 268/dR_A is: x:+0.1436 y:-0.2488 z: +0.0000
s 269/dR_A is: x:+0.3938 y:+0.1375 z: +0.0000
s 2610/dR_A is: x:+0.1375 y:+0.2350 z: +0.0000
s 2611/dR_A is: x:+0.0000 y:+0.0000 z: +0.4732
s 2612/dR_A is: x:-0.0212 y:-0.2947 z: +0.0000
s 2613/dR_A is: x:+0.2052 y:-0.0286 z: +0.0000
s 2614/dR_A is: x:-0.0286 y:-0.1905 z: +0.0000
s 2615/dR_A is: x:+0.0000 y:+0.0000 z: +0.2073
s 2616/dR_A is: x:+0.0246 y:-0.1520 z: +0.0000
s 2617/dR_A is: x:+0.0563 y:+0.0341 z: +0.0000
s 2618/dR_A is: x:+0.0341 y:-0.1489 z: +0.0000
s 2619/dR_A is: x:+0.0000 y:+0.0000 z: +0.0619
s 2620/dR_A is: x:+0.0543 y:-0.0941 z: +0.0000
s 2621/dR_A is: x:-0.0014 y:+0.0675 z: +0.0000
s 2622/dR_A is: x:+0.0675 y:-0.0794 z: +0.0000
s 2623/dR_A is: x:+0.0000 y:+0.0000 z: +0.0376
s 2624/dR_A is: x:+0.0598 y:-0.0345 z: +0.0000
s 2625/dR_A is: x:+0.2373 y:+0.0000 z: +0.0000
s 2626/dR_A is: x:-137.9613 y:+5.5633 z: +2203.2451
s 2627/dR_A is: x:-0.1186 y:-0.2055 z: +0.0000
s 2628/dR_A is: x:-0.0000 y:-0.0691 z: +0.0000
s 2629/dR_A is: x:+0.0196 y:-0.0340 z: +0.0000
s 270/dR_A is: x:+0.1087 y:+0.0000 z: +0.0000
s 271/dR_A is: x:-0.1184 y:+0.0000 z: +0.0000
s 272/dR_A is: x:+0.0000 y:+0.0376 z: +0.0000
s 273/dR_A is: x:+0.0000 y:+0.0000 z: +0.0376
s 274/dR_A is: x:+0.1439 y:+0.0547 z: +0.0000
s 275/dR_A is: x:-0.1271 y:-0.0718 z: +0.0000
s 276/dR_A is: x:-0.0718 y:+0.0346 z: +0.0000
s 277/dR_A is: x:+0.0000 y:+0.0000 z: +0.0619
s 278/dR_A is: x:+0.2447 y:+0.1657 z: +0.0000
s 279/dR_A is: x:-0.0668 y:-0.1856 z: +0.0000
s 2710/dR_A is: x:-0.1856 y:+0.0815 z: +0.0000
s 2711/dR_A is: x:+0.0000 y:+0.0000 z: +0.2073
s 2712/dR_A is: x:+0.2873 y:+0.0000 z: +0.0000
s 2713/dR_A is: x:+0.1556 y:+0.0000 z: +0.0000
s 2714/dR_A is: x:+0.0000 y:+0.4732 z: +0.0000
s 2715/dR_A is: x:+0.0000 y:+0.0000 z: +0.4732
s 2716/dR_A is: x:+0.2447 y:-0.1657 z: +0.0000
s 2717/dR_A is: x:-0.0668 y:+0.1856 z: +0.0000
s 2718/dR_A is: x:+0.1856 y:+0.0815 z: +0.0000
s 2719/dR_A is: x:+0.0000 y:+0.0000 z: +0.2073
s 2720/dR_A is: x:+0.1439 y:-0.0547 z: +0.0000
s 2721/dR_A is: x:-0.1271 y:+0.0718 z: +0.0000
s 2722/dR_A is: x:+0.0718 y:+0.0346 z: +0.0000
s 2723/dR_A is: x:+0.0000 y:+0.0000 z: +0.0619
s 2724/dR_A is: x:+0.0393 y:+0.0000 z: +0.0000
s 2725/dR_A is: x:+0.0598 y:+0.0345 z: +0.0000
s 2726/dR_A is: x:+0.1186 y:+0.2055 z: +0.0000
s 2727/dR_A is: x:-1.3044 y:+2.9644 z: -6.9135
s 2728/dR_A is: x:+0.1186 y:-0.2055 z: +0.0000
s 2729/dR_A is: x:+0.0598 y:-0.0345 z: +0.0000
s 280/dR_A is: x:+0.1193 y:+0.0973 z: +0.0000
s 281/dR_A is: x:-0.0681 y:-0.1059 z: +0.0000
s 282/dR_A is: x:-0.1059 y:-0.0245 z: +0.0000
s 283/dR_A is: x:+0.0000 y:+0.0000 z: +0.0619
s 284/dR_A is: x:+0.0543 y:+0.0941 z: +0.0000
s 285/dR_A is: x:-0.0014 y:-0.0675 z: +0.0000
s 286/dR_A is: x:-0.0675 y:-0.0794 z: +0.0000
s 287/dR_A is: x:+0.0000 y:+0.0000 z: +0.0376
s 288/dR_A is: x:+0.0246 y:+0.1520 z: +0.0000
s 289/dR_A is: x:+0.0563 y:-0.0341 z: +0.0000
s 2810/dR_A is: x:-0.0341 y:-0.1489 z: +0.0000
s 2811/dR_A is: x:+0.0000 y:+0.0000 z: +0.0619
s 2812/dR_A is: x:-0.0212 y:+0.2947 z: +0.0000
s 2813/dR_A is: x:+0.2052 y:+0.0286 z: +0.0000
s 2814/dR_A is: x:+0.0286 y:-0.1905 z: +0.0000
s 2815/dR_A is: x:+0.0000 y:+0.0000 z: +0.2073
s 2816/dR_A is: x:+0.1436 y:+0.2488 z: +0.0000
s 2817/dR_A is: x:+0.3938 y:-0.1375 z: +0.0000
s 2818/dR_A is: x:-0.1375 y:+0.2350 z: +0.0000
s 2819/dR_A is: x:+0.0000 y:+0.0000 z: +0.4732
s 2820/dR_A is: x:+0.2658 y:+0.1290 z: +0.0000
s 2821/dR_A is: x:-0.1163 y:-0.1571 z: +0.0000
s 2822/dR_A is: x:-0.1571 y:+0.1310 z: +0.0000
s 2823/dR_A is: x:+0.0000 y:+0.0000 z: +0.2073
s 2824/dR_A is: x:+0.0598 y:+0.0345 z: +0.0000
s 2825/dR_A is: x:+0.0196 y:+0.0340 z: +0.0000
s 2826/dR_A is: x:-0.0000 y:+0.0691 z: +0.0000
s 2827/dR_A is: x:-0.1186 y:+0.2055 z: +0.0000
s 2828/dR_A is: x:-149.4525 y:+4.6380 z: -52.8159
s 2829/dR_A is: x:+0.2373 y:-0.0000 z: +0.0000
s 290/dR_A is: x:+0.0212 y:+0.2947 z: +0.0000
s 291/dR_A is: x:+0.2052 y:-0.0286 z: +0.0000
s 292/dR_A is: x:-0.0286 y:-0.1905 z: +0.0000
s 293/dR_A is: x:+0.0000 y:+0.0000 z: +0.2073
s 294/dR_A is: x:-0.0246 y:+0.1520 z: +0.0000
s 295/dR_A is: x:+0.0563 y:+0.0341 z: +0.0000
s 296/dR_A is: x:+0.0341 y:-0.1489 z: +0.0000
s 297/dR_A is: x:+0.0000 y:+0.0000 z: +0.0619
s 298/dR_A is: x:-0.0543 y:+0.0941 z: +0.0000
s 299/dR_A is: x:-0.0014 y:+0.0675 z: +0.0000
s 2910/dR_A is: x:+0.0675 y:-0.0794 z: +0.0000
s 2911/dR_A is: x:+0.0000 y:+0.0000 z: +0.0376
s 2912/dR_A is: x:-0.1193 y:+0.0973 z: +0.0000
s 2913/dR_A is: x:-0.0681 y:+0.1059 z: +0.0000
s 2914/dR_A is: x:+0.1059 y:-0.0245 z: +0.0000
s 2915/dR_A is: x:+0.0000 y:+0.0000 z: +0.0619
s 2916/dR_A is: x:-0.2658 y:+0.1290 z: +0.0000
s 2917/dR_A is: x:-0.1163 y:+0.1571 z: +0.0000
s 2918/dR_A is: x:+0.1571 y:+0.1310 z: +0.0000
s 2919/dR_A is: x:+0.0000 y:+0.0000 z: +0.2073
s 2920/dR_A is: x:-0.1436 y:+0.2488 z: +0.0000
s 2921/dR_A is: x:+0.3938 y:+0.1375 z: +0.0000
s 2922/dR_A is: x:+0.1375 y:+0.2350 z: +0.0000
s 2923/dR_A is: x:+0.0000 y:+0.0000 z: +0.4732
s 2924/dR_A is: x:+0.1186 y:+0.2055 z: +0.0000
s 2925/dR_A is: x:+0.0000 y:+0.0691 z: +0.0000
s 2926/dR_A is: x:-0.0196 y:+0.0340 z: +0.0000
s 2927/dR_A is: x:-0.0598 y:+0.0345 z: +0.0000
s 2928/dR_A is: x:-0.2373 y:-0.0000 z: +0.0000
s 2929/dR_A is: x:-7.1010 y:+88.9364 z: -27.2386
gammaAB_RA
gamma 00/dR_A is: x:+0.0000 y:+0.0000 z: +0.0000
gamma 01/dR_A is: x:-1.7312 y:+2.9984 z: +0.0000
gamma 02/dR_A is: x:-2.7552 y:+1.5907 z: +0.0000
gamma 03/dR_A is: x:-2.7902 y:+0.0000 z: +0.0000
gamma 04/dR_A is: x:-2.7552 y:-1.5907 z: +0.0000
gamma 05/dR_A is: x:-1.7312 y:-2.9984 z: +0.0000
gamma 06/dR_A is: x:+3.9383 y:+0.0000 z: +0.0000
gamma 07/dR_A is: x:-0.2723 y:+3.7879 z: +0.0000
gamma 08/dR_A is: x:-1.6979 y:+1.3842 z: +0.0000
gamma 09/dR_A is: x:-1.7477 y:+0.0000 z: +0.0000
gamma 010/dR_A is: x:-1.6979 y:-1.3842 z: +0.0000
gamma 011/dR_A is: x:-0.2723 y:-3.7879 z: +0.0000
gamma 10/dR_A is: x:+1.7312 y:-2.9984 z: +0.0000
gamma 11/dR_A is: x:+0.0000 y:+0.0000 z: +0.0000
gamma 12/dR_A is: x:+0.0000 y:+0.0000 z: +0.0000
gamma 13/dR_A is: x:+0.0000 y:+0.0000 z: +0.0000
gamma 14/dR_A is: x:+0.0000 y:+0.0000 z: +0.0000
gamma 15/dR_A is: x:+0.0000 y:+0.0000 z: +0.0000
gamma 16/dR_A is: x:+0.0000 y:+0.0000 z: +0.0000
gamma 17/dR_A is: x:+0.0000 y:+0.0000 z: +0.0000
gamma 18/dR_A is: x:+0.0000 y:+0.0000 z: +0.0000
gamma 19/dR_A is: x:+0.0000 y:+0.0000 z: +0.0000
gamma 110/dR_A is: x:+0.0000 y:+0.0000 z: +0.0000
gamma 111/dR_A is: x:+0.0000 y:+0.0000 z: +0.0000
gamma 20/dR_A is: x:+2.7552 y:-1.5907 z: +0.0000
gamma 21/dR_A is: x:+0.0000 y:+0.0000 z: +0.0000
gamma 22/dR_A is: x:+0.0000 y:+0.0000 z: +0.0000
gamma 23/dR_A is: x:+0.0000 y:+0.0000 z: +0.0000
gamma 24/dR_A is: x:+0.0000 y:+0.0000 z: +0.0000
gamma 25/dR_A is: x:+0.0000 y:+0.0000 z: +0.0000
gamma 26/dR_A is: x:+0.0000 y:+0.0000 z: +0.0000
gamma 27/dR_A is: x:+0.0000 y:+0.0000 z: +0.0000
gamma 28/dR_A is: x:+0.0000 y:+0.0000 z: +0.0000
gamma 29/dR_A is: x:+0.0000 y:+0.0000 z: +0.0000
gamma 210/dR_A is: x:+0.0000 y:+0.0000 z: +0.0000
gamma 211/dR_A is: x:+0.0000 y:+0.0000 z: +0.0000
gamma 30/dR_A is: x:+2.7902 y:+0.0000 z: +0.0000
gamma 31/dR_A is: x:+0.0000 y:+0.0000 z: +0.0000
gamma 32/dR_A is: x:+0.0000 y:+0.0000 z: +0.0000
gamma 33/dR_A is: x:+0.0000 y:+0.0000 z: +0.0000
gamma 34/dR_A is: x:+0.0000 y:+0.0000 z: +0.0000
gamma 35/dR_A is: x:+0.0000 y:+0.0000 z: +0.0000
gamma 36/dR_A is: x:+0.0000 y:+0.0000 z: +0.0000
gamma 37/dR_A is: x:+0.0000 y:+0.0000 z: +0.0000
gamma 38/dR_A is: x:+0.0000 y:+0.0000 z: +0.0000
gamma 39/dR_A is: x:+0.0000 y:+0.0000 z: +0.0000
gamma 310/dR_A is: x:+0.0000 y:+0.0000 z: +0.0000
gamma 311/dR_A is: x:+0.0000 y:+0.0000 z: +0.0000
gamma 40/dR_A is: x:+2.7552 y:+1.5907 z: +0.0000
gamma 41/dR_A is: x:+0.0000 y:+0.0000 z: +0.0000
gamma 42/dR_A is: x:+0.0000 y:+0.0000 z: +0.0000
gamma 43/dR_A is: x:+0.0000 y:+0.0000 z: +0.0000
gamma 44/dR_A is: x:+0.0000 y:+0.0000 z: +0.0000
gamma 45/dR_A is: x:+0.0000 y:+0.0000 z: +0.0000
gamma 46/dR_A is: x:+0.0000 y:+0.0000 z: +0.0000
gamma 47/dR_A is: x:+0.0000 y:+0.0000 z: +0.0000
gamma 48/dR_A is: x:+0.0000 y:+0.0000 z: +0.0000
gamma 49/dR_A is: x:+0.0000 y:+0.0000 z: +0.0000
gamma 410/dR_A is: x:+0.0000 y:+0.0000 z: +0.0000
gamma 411/dR_A is: x:+0.0000 y:+0.0000 z: +0.0000
gamma 50/dR_A is: x:+1.7312 y:+2.9984 z: +0.0000
gamma 51/dR_A is: x:+0.0000 y:+0.0000 z: +0.0000
gamma 52/dR_A is: x:+0.0000 y:+0.0000 z: +0.0000
gamma 53/dR_A is: x:+0.0000 y:+0.0000 z: +0.0000
gamma 54/dR_A is: x:+0.0000 y:+0.0000 z: +0.0000
gamma 55/dR_A is: x:+0.0000 y:+0.0000 z: +0.0000
gamma 56/dR_A is: x:+0.0000 y:+0.0000 z: +0.0000
gamma 57/dR_A is: x:+0.0000 y:+0.0000 z: +0.0000
gamma 58/dR_A is: x:+0.0000 y:+0.0000 z: +0.0000
gamma 59/dR_A is: x:+0.0000 y:+0.0000 z: +0.0000
gamma 510/dR_A is: x:+0.0000 y:+0.0000 z: +0.0000
gamma 511/dR_A is: x:+0.0000 y:+0.0000 z: +0.0000
gamma 60/dR_A is: x:-3.9383 y:+0.0000 z: +0.0000
gamma 61/dR_A is: x:+0.0000 y:+0.0000 z: +0.0000
gamma 62/dR_A is: x:+0.0000 y:+0.0000 z: +0.0000
gamma 63/dR_A is: x:+0.0000 y:+0.0000 z: +0.0000
gamma 64/dR_A is: x:+0.0000 y:+0.0000 z: +0.0000
gamma 65/dR_A is: x:+0.0000 y:+0.0000 z: +0.0000
gamma 66/dR_A is: x:+0.0000 y:+0.0000 z: +0.0000
gamma 67/dR_A is: x:+0.0000 y:+0.0000 z: +0.0000
gamma 68/dR_A is: x:+0.0000 y:+0.0000 z: +0.0000
gamma 69/dR_A is: x:+0.0000 y:+0.0000 z: +0.0000
gamma 610/dR_A is: x:+0.0000 y:+0.0000 z: +0.0000
gamma 611/dR_A is: x:+0.0000 y:+0.0000 z: +0.0000
gamma 70/dR_A is: x:+0.2723 y:-3.7879 z: +0.0000
gamma 71/dR_A is: x:+0.0000 y:+0.0000 z: +0.0000
gamma 72/dR_A is: x:+0.0000 y:+0.0000 z: +0.0000
gamma 73/dR_A is: x:+0.0000 y:+0.0000 z: +0.0000
gamma 74/dR_A is: x:+0.0000 y:+0.0000 z: +0.0000
gamma 75/dR_A is: x:+0.0000 y:+0.0000 z: +0.0000
gamma 76/dR_A is: x:+0.0000 y:+0.0000 z: +0.0000
gamma 77/dR_A is: x:+0.0000 y:+0.0000 z: +0.0000
gamma 78/dR_A is: x:+0.0000 y:+0.0000 z: +0.0000
gamma 79/dR_A is: x:+0.0000 y:+0.0000 z: +0.0000
gamma 710/dR_A is: x:+0.0000 y:+0.0000 z: +0.0000
gamma 711/dR_A is: x:+0.0000 y:+0.0000 z: +0.0000
gamma 80/dR_A is: x:+1.6979 y:-1.3842 z: +0.0000
gamma 81/dR_A is: x:+0.0000 y:+0.0000 z: +0.0000
gamma 82/dR_A is: x:+0.0000 y:+0.0000 z: +0.0000
gamma 83/dR_A is: x:+0.0000 y:+0.0000 z: +0.0000
gamma 84/dR_A is: x:+0.0000 y:+0.0000 z: +0.0000
gamma 85/dR_A is: x:+0.0000 y:+0.0000 z: +0.0000
gamma 86/dR_A is: x:+0.0000 y:+0.0000 z: +0.0000
gamma 87/dR_A is: x:+0.0000 y:+0.0000 z: +0.0000
gamma 88/dR_A is: x:+0.0000 y:+0.0000 z: +0.0000
gamma 89/dR_A is: x:+0.0000 y:+0.0000 z: +0.0000
gamma 810/dR_A is: x:+0.0000 y:+0.0000 z: +0.0000
gamma 811/dR_A is: x:+0.0000 y:+0.0000 z: +0.0000
gamma 90/dR_A is: x:+1.7477 y:+0.0000 z: +0.0000
gamma 91/dR_A is: x:+0.0000 y:+0.0000 z: +0.0000
gamma 92/dR_A is: x:+0.0000 y:+0.0000 z: +0.0000
gamma 93/dR_A is: x:+0.0000 y:+0.0000 z: +0.0000
gamma 94/dR_A is: x:+0.0000 y:+0.0000 z: +0.0000
gamma 95/dR_A is: x:+0.0000 y:+0.0000 z: +0.0000
gamma 96/dR_A is: x:+0.0000 y:+0.0000 z: +0.0000
gamma 97/dR_A is: x:+0.0000 y:+0.0000 z: +0.0000
gamma 98/dR_A is: x:+0.0000 y:+0.0000 z: +0.0000
gamma 99/dR_A is: x:+0.0000 y:+0.0000 z: +0.0000
gamma 910/dR_A is: x:+0.0000 y:+0.0000 z: +0.0000
gamma 911/dR_A is: x:+0.0000 y:+0.0000 z: +0.0000
gamma 100/dR_A is: x:+1.6979 y:+1.3842 z: +0.0000
gamma 101/dR_A is: x:+0.0000 y:+0.0000 z: +0.0000
gamma 102/dR_A is: x:+0.0000 y:+0.0000 z: +0.0000
gamma 103/dR_A is: x:+0.0000 y:+0.0000 z: +0.0000
gamma 104/dR_A is: x:+0.0000 y:+0.0000 z: +0.0000
gamma 105/dR_A is: x:+0.0000 y:+0.0000 z: +0.0000
gamma 106/dR_A is: x:+0.0000 y:+0.0000 z: +0.0000
gamma 107/dR_A is: x:+0.0000 y:+0.0000 z: +0.0000
gamma 108/dR_A is: x:+0.0000 y:+0.0000 z: +0.0000
gamma 109/dR_A is: x:+0.0000 y:+0.0000 z: +0.0000
gamma 1010/dR_A is: x:+0.0000 y:+0.0000 z: +0.0000
gamma 1011/dR_A is: x:+0.0000 y:+0.0000 z: +0.0000
gamma 110/dR_A is: x:+0.2723 y:+3.7879 z: +0.0000
gamma 111/dR_A is: x:+0.0000 y:+0.0000 z: +0.0000
gamma 112/dR_A is: x:+0.0000 y:+0.0000 z: +0.0000
gamma 113/dR_A is: x:+0.0000 y:+0.0000 z: +0.0000
gamma 114/dR_A is: x:+0.0000 y:+0.0000 z: +0.0000
gamma 115/dR_A is: x:+0.0000 y:+0.0000 z: +0.0000
gamma 116/dR_A is: x:+0.0000 y:+0.0000 z: +0.0000
gamma 117/dR_A is: x:+0.0000 y:+0.0000 z: +0.0000
gamma 118/dR_A is: x:+0.0000 y:+0.0000 z: +0.0000
gamma 119/dR_A is: x:+0.0000 y:+0.0000 z: +0.0000
gamma 1110/dR_A is: x:+0.0000 y:+0.0000 z: +0.0000
gamma 1111/dR_A is: x:+0.0000 y:+0.0000 z: +0.0000
gradient (Nuclear part)
x: -339.3354 y: +0.0000 z: +0.0000
x: -169.6576 y: -293.8743 z: +0.0000
x: +169.6576 y: -293.8743 z: +0.0000
x: +339.3354 y: -0.0000 z: +0.0000
x: +169.6576 y: +293.8743 z: +0.0000
x: -169.6576 y: +293.8743 z: +0.0000
x: -162.8587 y: -0.0000 z: +0.0000
x: -81.4249 y: -141.0358 z: +0.0000
x: +81.4249 y: -141.0358 z: +0.0000
x: +162.8587 y: -0.0000 z: +0.0000
x: +81.4249 y: +141.0358 z: +0.0000
x: -81.4249 y: +141.0358 z: +0.0000
gradient (Electron part)
x: +93.0319 y: +14.8594 z: +0.2127
x: -3.9424 y: -5.8491 z: +0.4457
x: +15.0734 y: -12.4997 z: -1.3525
x: +1.1739 y: +19.3403 z: +1.9910
x: -27.7019 y: -66.4834 z: -1.3066
x: +0.0189 y: +13.4269 z: +2.0411
x: -13.9969 y: -0.8832 z: +0.0527
x: -6.1643 y: -4.0310 z: +0.1917
x: -38.9597 y: +60.9764 z: -0.0301
x: +11.1238 y: +0.9127 z: -0.2915
x: -5.1598 y: +10.0598 z: -1.2622
x: -0.0204 y: +4.9250 z: -0.7303
gradient
x: -246.3036 y: +14.8594 z: +0.2127
x: -173.6000 y: -299.7233 z: +0.4457
x: +184.7310 y: -306.3740 z: -1.3525
x: +340.5093 y: +19.3403 z: +1.9910
x: +141.9557 y: +227.3909 z: -1.3066
x: -169.6387 y: +307.3012 z: +2.0411
x: -176.8556 y: -0.8832 z: +0.0527
x: -87.5892 y: -145.0668 z: +0.1917
x: +42.4652 y: -80.0594 z: -0.0301
x: +173.9825 y: +0.9127 z: -0.2915
x: +76.2651 y: +151.0956 z: -1.2622
x: -81.4453 y: +145.9607 z: -0.7303
