Wrote 4 bonds to ../bond_distances_MINDO_CH4.csv
[MINDO/3]
Nuclear Repulsion Energy is 491.324 eV.
Electron Energy is -346.944 eV.
x
   -30.9189          -0          -0          -0    -14.4685    -14.4685    -14.4685    -14.4685
         -0    -13.3352 5.82867e-16 1.28231e-14    -10.9633     10.9633     10.9633    -10.9633
         -0 5.82867e-16    -13.3352  1.7486e-15    -10.9633     10.9633    -10.9633     10.9633
         -0 1.28231e-14  1.7486e-15    -13.3352    -10.9633    -10.9633     10.9633     10.9633
   -14.4685    -10.9633    -10.9633    -10.9633     -28.401     1.88397     1.88397     1.88397
   -14.4685     10.9633     10.9633    -10.9633     1.88397     -28.401     1.88397     1.88397
   -14.4685     10.9633    -10.9633     10.9633     1.88397     1.88397     -28.401     1.88397
   -14.4685    -10.9633     10.9633     10.9633     1.88397     1.88397     1.88397     -28.401
y
   -11.08         0         0         0  -5.65218  -5.65218  -5.65218  -5.65218
        0         0         0         0         0         0         0         0
        0         0         0         0         0         0         0         0
        0         0         0         0         0         0         0         0
 -5.65218         0         0         0  -1.91089 -0.671588 -0.671588 -0.671588
 -5.65218         0         0         0 -0.671588  -1.91089 -0.671588 -0.671588
 -5.65218         0         0         0 -0.671588 -0.671588  -1.91089 -0.671588
 -5.65218         0         0         0 -0.671588 -0.671588 -0.671588  -1.91089
Suv_RA (A is the center of u)
s 00/dR_A is: x:+0.0000 y:+0.0000 z: +0.0000
s 01/dR_A is: x:+0.0000 y:+0.0000 z: +0.0000
s 02/dR_A is: x:+0.0000 y:+0.0000 z: +0.0000
s 03/dR_A is: x:+0.0000 y:+0.0000 z: +0.0000
s 04/dR_A is: x:+0.1658 y:+0.1658 z: +0.1658
s 05/dR_A is: x:-0.1658 y:-0.1658 z: +0.1658
s 06/dR_A is: x:-0.1658 y:+0.1658 z: -0.1658
s 07/dR_A is: x:+0.1658 y:-0.1658 z: -0.1658
s 10/dR_A is: x:+0.0000 y:+0.0000 z: +0.0000
s 11/dR_A is: x:+0.0000 y:+0.0000 z: +0.0000
s 12/dR_A is: x:+0.0000 y:+0.0000 z: +0.0000
s 13/dR_A is: x:+0.0000 y:+0.0000 z: +0.0000
s 14/dR_A is: x:-0.3675 y:+0.1058 z: +0.1058
s 15/dR_A is: x:-0.3675 y:+0.1058 z: -0.1058
s 16/dR_A is: x:-0.3675 y:-0.1058 z: +0.1058
s 17/dR_A is: x:-0.3675 y:-0.1058 z: -0.1058
s 20/dR_A is: x:+0.0000 y:+0.0000 z: +0.0000
s 21/dR_A is: x:+0.0000 y:+0.0000 z: +0.0000
s 22/dR_A is: x:+0.0000 y:+0.0000 z: +0.0000
s 23/dR_A is: x:+0.0000 y:+0.0000 z: +0.0000
s 24/dR_A is: x:+0.1058 y:-0.3675 z: +0.1058
s 25/dR_A is: x:+0.1058 y:-0.3675 z: -0.1058
s 26/dR_A is: x:-0.1058 y:-0.3675 z: -0.1058
s 27/dR_A is: x:-0.1058 y:-0.3675 z: +0.1058
s 30/dR_A is: x:+0.0000 y:+0.0000 z: +0.0000
s 31/dR_A is: x:+0.0000 y:+0.0000 z: +0.0000
s 32/dR_A is: x:+0.0000 y:+0.0000 z: +0.0000
s 33/dR_A is: x:+0.0000 y:+0.0000 z: +0.0000
s 34/dR_A is: x:+0.1058 y:+0.1058 z: -0.3675
s 35/dR_A is: x:-0.1058 y:-0.1058 z: -0.3675
s 36/dR_A is: x:+0.1058 y:-0.1058 z: -0.3675
s 37/dR_A is: x:-0.1058 y:+0.1058 z: -0.3675
s 40/dR_A is: x:-0.1658 y:-0.1658 z: -0.1658
s 41/dR_A is: x:+0.3675 y:-0.1058 z: -0.1058
s 42/dR_A is: x:-0.1058 y:+0.3675 z: -0.1058
s 43/dR_A is: x:-0.1058 y:-0.1058 z: +0.3675
s 44/dR_A is: x:+0.0000 y:+0.0000 z: +0.0000
s 45/dR_A is: x:-0.2283 y:-0.2283 z: -0.0000
s 46/dR_A is: x:-0.2283 y:-0.0000 z: -0.2283
s 47/dR_A is: x:-0.0000 y:-0.2283 z: -0.2283
s 50/dR_A is: x:+0.1658 y:+0.1658 z: -0.1658
s 51/dR_A is: x:+0.3675 y:-0.1058 z: +0.1058
s 52/dR_A is: x:-0.1058 y:+0.3675 z: +0.1058
s 53/dR_A is: x:+0.1058 y:+0.1058 z: +0.3675
s 54/dR_A is: x:+0.2283 y:+0.2283 z: -0.0000
s 55/dR_A is: x:+0.0000 y:+0.0000 z: +0.0000
s 56/dR_A is: x:+0.0000 y:+0.2283 z: -0.2283
s 57/dR_A is: x:+0.2283 y:+0.0000 z: -0.2283
s 60/dR_A is: x:+0.1658 y:-0.1658 z: +0.1658
s 61/dR_A is: x:+0.3675 y:+0.1058 z: -0.1058
s 62/dR_A is: x:+0.1058 y:+0.3675 z: +0.1058
s 63/dR_A is: x:-0.1058 y:+0.1058 z: +0.3675
s 64/dR_A is: x:+0.2283 y:-0.0000 z: +0.2283
s 65/dR_A is: x:+0.0000 y:-0.2283 z: +0.2283
s 66/dR_A is: x:+0.0000 y:+0.0000 z: +0.0000
s 67/dR_A is: x:+0.2283 y:-0.2283 z: +0.0000
s 70/dR_A is: x:-0.1658 y:+0.1658 z: +0.1658
s 71/dR_A is: x:+0.3675 y:+0.1058 z: +0.1058
s 72/dR_A is: x:+0.1058 y:+0.3675 z: -0.1058
s 73/dR_A is: x:+0.1058 y:-0.1058 z: +0.3675
s 74/dR_A is: x:-0.0000 y:+0.2283 z: +0.2283
s 75/dR_A is: x:-0.2283 y:+0.0000 z: +0.2283
s 76/dR_A is: x:-0.2283 y:+0.2283 z: +0.0000
s 77/dR_A is: x:+0.0000 y:+0.0000 z: +0.0000
gammaAB_RA
gamma 00/dR_A is: x:+0.0000 y:+0.0000 z: +0.0000
gamma 01/dR_A is: x:+2.2734 y:+2.2734 z: +2.2734
gamma 02/dR_A is: x:-2.2734 y:-2.2734 z: +2.2734
gamma 03/dR_A is: x:-2.2734 y:+2.2734 z: -2.2734
gamma 04/dR_A is: x:+2.2734 y:-2.2734 z: -2.2734
gamma 10/dR_A is: x:-2.2734 y:-2.2734 z: -2.2734
gamma 11/dR_A is: x:+0.0000 y:+0.0000 z: +0.0000
gamma 12/dR_A is: x:+0.0000 y:+0.0000 z: +0.0000
gamma 13/dR_A is: x:+0.0000 y:+0.0000 z: +0.0000
gamma 14/dR_A is: x:+0.0000 y:+0.0000 z: +0.0000
gamma 20/dR_A is: x:+2.2734 y:+2.2734 z: -2.2734
gamma 21/dR_A is: x:+0.0000 y:+0.0000 z: +0.0000
gamma 22/dR_A is: x:+0.0000 y:+0.0000 z: +0.0000
gamma 23/dR_A is: x:+0.0000 y:+0.0000 z: +0.0000
gamma 24/dR_A is: x:+0.0000 y:+0.0000 z: +0.0000
gamma 30/dR_A is: x:+2.2734 y:-2.2734 z: +2.2734
gamma 31/dR_A is: x:+0.0000 y:+0.0000 z: +0.0000
gamma 32/dR_A is: x:+0.0000 y:+0.0000 z: +0.0000
gamma 33/dR_A is: x:+0.0000 y:+0.0000 z: +0.0000
gamma 34/dR_A is: x:+0.0000 y:+0.0000 z: +0.0000
gamma 40/dR_A is: x:-2.2734 y:+2.2734 z: +2.2734
gamma 41/dR_A is: x:+0.0000 y:+0.0000 z: +0.0000
gamma 42/dR_A is: x:+0.0000 y:+0.0000 z: +0.0000
gamma 43/dR_A is: x:+0.0000 y:+0.0000 z: +0.0000
gamma 44/dR_A is: x:+0.0000 y:+0.0000 z: +0.0000
gradient (Nuclear part)
x: +0.0000 y: +0.0000 z: +0.0000
x: -65.0830 y: -65.0830 z: -65.0830
x: +65.0830 y: +65.0830 z: -65.0830
x: +65.0830 y: -65.0830 z: +65.0830
x: -65.0830 y: +65.0830 z: +65.0830
gradient (Electron part)
x: -11.9125 y: +13.7871 z: +13.7871
x: -0.1697 y: -0.1697 z: -0.1697
x: +0.1697 y: +0.1697 z: -0.1697
x: +0.1697 y: -0.1697 z: +0.1697
x: +12.9868 y: -12.3733 z: -12.3733
gradient
x: -11.9125 y: +13.7871 z: +13.7871
x: -65.2527 y: -65.2527 z: -65.2527
x: +65.2527 y: +65.2527 z: -65.2527
x: +65.2527 y: -65.2527 z: +65.2527
x: -52.0962 y: +52.7096 z: +52.7096
