Loaded molecule: hydrocarbon_structures/CH4.txt
Number of atoms: 5
Alpha electrons: 4, Beta electrons: 4
[CNDO/2] Using orthonormal basis (S = I)

Energy Results:
-------------------------------
Nuclear Repulsion Energy: 491.317277 eV
Electronic Energy: -672.520146 eV
Total Energy: -181.202869 eV
-------------------------------
x
-35.817264  -0.000000  -0.000000   0.000000 -14.836583 -14.836583 -14.836583 -14.836583
 -0.000000 -49.596646   0.000000   0.000000 -14.752598  14.752598  14.752598 -14.752598
 -0.000000   0.000000 -49.596646   0.000000 -14.752598  14.752598 -14.752598  14.752598
  0.000000   0.000000   0.000000 -49.596646 -14.752598 -14.752598  14.752598  14.752598
-14.836583 -14.752598 -14.752598 -14.752598 -16.220657  -1.476362  -1.476362  -1.476362
-14.836583  14.752598  14.752598 -14.752598  -1.476362 -16.220657  -1.476362  -1.476362
-14.836583  14.752598 -14.752598  14.752598  -1.476362  -1.476362 -16.220657  -1.476362
-14.836583 -14.752598  14.752598  14.752598  -1.476362  -1.476362  -1.476362 -16.220657
y
-18.298968   0.000000   0.000000   0.000000  -4.524110  -4.524110  -4.524110  -4.524110
  0.000000   0.000000   0.000000   0.000000   0.000000   0.000000   0.000000   0.000000
  0.000000   0.000000   0.000000   0.000000   0.000000   0.000000   0.000000   0.000000
  0.000000   0.000000   0.000000   0.000000   0.000000   0.000000   0.000000   0.000000
 -4.524110   0.000000   0.000000   0.000000  -1.396262  -0.993592  -0.993592  -0.993592
 -4.524110   0.000000   0.000000   0.000000  -0.993592  -1.396262  -0.993592  -0.993592
 -4.524110   0.000000   0.000000   0.000000  -0.993592  -0.993592  -1.396262  -0.993592
 -4.524110   0.000000   0.000000   0.000000  -0.993592  -0.993592  -0.993592  -1.396262
Suv_RA (A is the center of u)
s 00/dR_A is: x:+0.0000 y:+0.0000 z: +0.0000
s 01/dR_A is: x:-0.0000 y:-0.0000 z: -0.0000
s 02/dR_A is: x:-15.9172 y:+8.4134 z: -8.4134
s 03/dR_A is: x:+0.4946 y:+0.4946 z: +0.0000
s 04/dR_A is: x:+0.1658 y:+0.1658 z: +0.1658
s 05/dR_A is: x:-0.1658 y:-0.1658 z: +0.1658
s 06/dR_A is: x:-0.1658 y:+0.1658 z: -0.1658
s 07/dR_A is: x:+0.1658 y:-0.1658 z: -0.1658
s 10/dR_A is: x:+0.0000 y:-15.9172 z: -15.9172
s 11/dR_A is: x:-6.7351 y:-8.4134 z: -8.4134
s 12/dR_A is: x:+8.4134 y:-5.3388 z: -5.3388
s 13/dR_A is: x:+1.1809 y:+0.0000 z: +0.0000
s 14/dR_A is: x:-0.3675 y:+0.1058 z: +0.1058
s 15/dR_A is: x:-0.3675 y:+0.1058 z: -0.1058
s 16/dR_A is: x:-0.3675 y:-0.1058 z: +0.1058
s 17/dR_A is: x:-0.3675 y:-0.1058 z: -0.1058
s 20/dR_A is: x:-15.9172 y:-15.9172 z: -0.0000
s 21/dR_A is: x:+8.4134 y:+8.4134 z: -15.9172
s 22/dR_A is: x:-5.8849 y:-5.3388 z: -15.9172
s 23/dR_A is: x:+0.4918 y:-0.4918 z: -0.4918
s 24/dR_A is: x:+0.1058 y:-0.3675 z: +0.1058
s 25/dR_A is: x:+0.1058 y:-0.3675 z: -0.1058
s 26/dR_A is: x:-0.1058 y:-0.3675 z: -0.1058
s 27/dR_A is: x:-0.1058 y:-0.3675 z: +0.1058
s 30/dR_A is: x:-6.7351 y:-0.0000 z: -0.0000
s 31/dR_A is: x:-8.4134 y:-8.4134 z: -8.4134
s 32/dR_A is: x:-8.4134 y:+8.4134 z: +8.4134
s 33/dR_A is: x:+0.4918 y:-0.0000 z: +0.0000
s 34/dR_A is: x:+0.1058 y:+0.1058 z: -0.3675
s 35/dR_A is: x:-0.1058 y:-0.1058 z: -0.3675
s 36/dR_A is: x:+0.1058 y:-0.1058 z: -0.3675
s 37/dR_A is: x:-0.1058 y:+0.1058 z: -0.3675
s 40/dR_A is: x:-0.1658 y:-0.1658 z: -0.1658
s 41/dR_A is: x:+0.3675 y:-0.1058 z: -0.1058
s 42/dR_A is: x:-0.1058 y:+0.3675 z: -0.1058
s 43/dR_A is: x:-0.1058 y:-0.1058 z: +0.3675
s 44/dR_A is: x:-0.4918 y:+0.4918 z: +0.0820
s 45/dR_A is: x:-0.2283 y:-0.2283 z: -0.0000
s 46/dR_A is: x:-0.2283 y:-0.0000 z: -0.2283
s 47/dR_A is: x:-0.0000 y:-0.2283 z: -0.2283
s 50/dR_A is: x:+0.1658 y:+0.1658 z: -0.1658
s 51/dR_A is: x:+0.3675 y:-0.1058 z: +0.1058
s 52/dR_A is: x:-0.1058 y:+0.3675 z: +0.1058
s 53/dR_A is: x:+0.1058 y:+0.1058 z: +0.3675
s 54/dR_A is: x:+0.2283 y:+0.2283 z: -0.0000
s 55/dR_A is: x:-0.0000 y:-15.9172 z: -15.9172
s 56/dR_A is: x:+0.0000 y:+0.2283 z: -0.2283
s 57/dR_A is: x:+0.2283 y:+0.0000 z: -0.2283
s 60/dR_A is: x:+0.1658 y:-0.1658 z: +0.1658
s 61/dR_A is: x:+0.3675 y:+0.1058 z: -0.1058
s 62/dR_A is: x:+0.1058 y:+0.3675 z: +0.1058
s 63/dR_A is: x:-0.1058 y:+0.1058 z: +0.3675
s 64/dR_A is: x:+0.2283 y:-0.0000 z: +0.2283
s 65/dR_A is: x:+0.0000 y:-0.2283 z: +0.2283
s 66/dR_A is: x:+8.4134 y:+8.4134 z: -15.9172
s 67/dR_A is: x:+0.2283 y:-0.2283 z: +0.0000
s 70/dR_A is: x:-0.1658 y:+0.1658 z: +0.1658
s 71/dR_A is: x:+0.3675 y:+0.1058 z: +0.1058
s 72/dR_A is: x:+0.1058 y:+0.3675 z: -0.1058
s 73/dR_A is: x:+0.1058 y:-0.1058 z: +0.3675
s 74/dR_A is: x:-0.0000 y:+0.2283 z: +0.2283
s 75/dR_A is: x:-0.2283 y:+0.0000 z: +0.2283
s 76/dR_A is: x:-0.2283 y:+0.2283 z: +0.0000
s 77/dR_A is: x:-8.4134 y:+8.4134 z: +8.4134
gammaAB_RA
gamma 00/dR_A is: x:+0.0000 y:+0.0000 z: +0.0000
gamma 01/dR_A is: x:+2.2734 y:+2.2734 z: +2.2734
gamma 02/dR_A is: x:-2.2734 y:-2.2734 z: +2.2734
gamma 03/dR_A is: x:-2.2734 y:+2.2734 z: -2.2734
gamma 04/dR_A is: x:+2.2734 y:-2.2734 z: -2.2734
gamma 10/dR_A is: x:-2.2734 y:-2.2734 z: -2.2734
gamma 11/dR_A is: x:+0.0000 y:+0.0000 z: +0.0000
gamma 12/dR_A is: x:+0.0000 y:+0.0000 z: +0.0000
gamma 13/dR_A is: x:+0.0000 y:+0.0000 z: +0.0000
gamma 14/dR_A is: x:+0.0000 y:+0.0000 z: +0.0000
gamma 20/dR_A is: x:+2.2734 y:+2.2734 z: -2.2734
gamma 21/dR_A is: x:+0.0000 y:+0.0000 z: +0.0000
gamma 22/dR_A is: x:+0.0000 y:+0.0000 z: +0.0000
gamma 23/dR_A is: x:+0.0000 y:+0.0000 z: +0.0000
gamma 24/dR_A is: x:+0.0000 y:+0.0000 z: +0.0000
gamma 30/dR_A is: x:+2.2734 y:-2.2734 z: +2.2734
gamma 31/dR_A is: x:+0.0000 y:+0.0000 z: +0.0000
gamma 32/dR_A is: x:+0.0000 y:+0.0000 z: +0.0000
gamma 33/dR_A is: x:+0.0000 y:+0.0000 z: +0.0000
gamma 34/dR_A is: x:+0.0000 y:+0.0000 z: +0.0000
gamma 40/dR_A is: x:-2.2734 y:+2.2734 z: +2.2734
gamma 41/dR_A is: x:+0.0000 y:+0.0000 z: +0.0000
gamma 42/dR_A is: x:+0.0000 y:+0.0000 z: +0.0000
gamma 43/dR_A is: x:+0.0000 y:+0.0000 z: +0.0000
gamma 44/dR_A is: x:+0.0000 y:+0.0000 z: +0.0000
gradient (Nuclear part)
x: +0.0000 y: +0.0000 z: +0.0000
x: -65.0820 y: -65.0820 z: -65.0820
x: +65.0820 y: +65.0820 z: -65.0820
x: +65.0820 y: -65.0820 z: +65.0820
x: -65.0820 y: +65.0820 z: +65.0820
gradient (Electron part)
x: -9.5348 y: +11.0353 z: +11.0353
x: +0.8354 y: +0.8354 z: +0.8354
x: -0.8354 y: -0.8354 z: +0.8354
x: -0.8354 y: +0.8354 z: -0.8354
x: +11.5742 y: -10.6667 z: -10.6667
gradient
x: -9.5348 y: +11.0353 z: +11.0353
x: -64.2466 y: -64.2466 z: -64.2466
x: +64.2466 y: +64.2466 z: -64.2466
x: +64.2466 y: -64.2466 z: +64.2466
x: -53.5078 y: +54.4153 z: +54.4153
